[2016-12-23 02:46:24][error] errCode:42000
errMsg:SQLSTATE[42000]: Syntax error or access violation: 1064 You have an error in your SQL syntax; check the manual that corresponds to your MySQL server version for the right syntax to use near 'and status=1' at line 1
trace:
#0 /ichukdata1/html/project/labring/core/util/DBAgent.php(56): PDOStatement->execute(Array)
#1 /ichukdata1/html/project/labring/core/service/ProductServ.php(416): DBAgent->queryRecords('select * from l...', Array)
#2 /ichukdata1/html/project/labring/core/module/pc/goods/ProductList.php(79): ProductServ->GetProperty('76')
#3 /ichukdata1/html/project/labring/core/FileLoader.php(115): ProductList->action()
#4 /ichukdata1/html/project/labring/core/FileLoader.php(58): FileLoader->load('/ichukdata1/htm...', 'goods.productLi...', '/goods/productL...', 'ProductList', false)
#5 /ichukdata1/html/project/labring/index.php(36): FileLoader->loadfile()
#6 {main}
[2016-12-23 06:00:38][error] errCode:42000
errMsg:SQLSTATE[42000]: Syntax error or access violation: 1064 You have an error in your SQL syntax; check the manual that corresponds to your MySQL server version for the right syntax to use near 'and status=1' at line 1
trace:
#0 /ichukdata1/html/project/labring/core/util/DBAgent.php(56): PDOStatement->execute(Array)
#1 /ichukdata1/html/project/labring/core/service/ProductServ.php(416): DBAgent->queryRecords('select * from l...', Array)
#2 /ichukdata1/html/project/labring/core/module/pc/goods/ProductList.php(79): ProductServ->GetProperty('87')
#3 /ichukdata1/html/project/labring/core/FileLoader.php(115): ProductList->action()
#4 /ichukdata1/html/project/labring/core/FileLoader.php(58): FileLoader->load('/ichukdata1/htm...', 'goods.productLi...', '/goods/productL...', 'ProductList', false)
#5 /ichukdata1/html/project/labring/index.php(36): FileLoader->loadfile()
#6 {main}
[2016-12-23 07:59:39][error] errCode:42000
errMsg:SQLSTATE[42000]: Syntax error or access violation: 1064 You have an error in your SQL syntax; check the manual that corresponds to your MySQL server version for the right syntax to use near 'and status=1' at line 1
trace:
#0 /ichukdata1/html/project/labring/core/util/DBAgent.php(56): PDOStatement->execute(Array)
#1 /ichukdata1/html/project/labring/core/service/ProductServ.php(416): DBAgent->queryRecords('select * from l...', Array)
#2 /ichukdata1/html/project/labring/core/module/pc/goods/ProductList.php(79): ProductServ->GetProperty('29')
#3 /ichukdata1/html/project/labring/core/FileLoader.php(115): ProductList->action()
#4 /ichukdata1/html/project/labring/core/FileLoader.php(58): FileLoader->load('/ichukdata1/htm...', 'goods.productLi...', '/goods/productL...', 'ProductList', false)
#5 /ichukdata1/html/project/labring/index.php(36): FileLoader->loadfile()
#6 {main}
[2016-12-23 09:31:29][error] errCode:42000
errMsg:SQLSTATE[42000]: Syntax error or access violation: 1064 You have an error in your SQL syntax; check the manual that corresponds to your MySQL server version for the right syntax to use near 'and status=1' at line 1
trace:
#0 /ichukdata1/html/project/labring/core/util/DBAgent.php(56): PDOStatement->execute(Array)
#1 /ichukdata1/html/project/labring/core/service/ProductServ.php(416): DBAgent->queryRecords('select * from l...', Array)
#2 /ichukdata1/html/project/labring/core/module/pc/goods/ProductList.php(79): ProductServ->GetProperty('2')
#3 /ichukdata1/html/project/labring/core/FileLoader.php(115): ProductList->action()
#4 /ichukdata1/html/project/labring/core/FileLoader.php(58): FileLoader->load('/ichukdata1/htm...', 'goods.productLi...', '/goods/productL...', 'ProductList', false)
#5 /ichukdata1/html/project/labring/index.php(36): FileLoader->loadfile()
#6 {main}
[2016-12-23 09:40:57][error] errCode:23000
errMsg:SQLSTATE[23000]: Integrity constraint violation: 1048 Column 'mid' cannot be null
trace:
#0 /ichukdata1/html/project/labring/core/util/DBAgent.php(102): PDOStatement->execute(Array)
#1 /ichukdata1/html/project/labring/core/util/DBAgent.php(272): DBAgent->query('insert into lab...', Array)
#2 /ichukdata1/html/project/labring/core/service/ProductServ.php(157): DBAgent->insertRecord('cart', Array, Array)
#3 /ichukdata1/html/project/labring/core/module/pc/_api/service/AddCartServ.php(43): ProductServ->AddCart(NULL, '1', '1', '5', '3')
#4 /ichukdata1/html/project/labring/core/FileLoader.php(115): AddCartServ->action()
#5 /ichukdata1/html/project/labring/core/FileLoader.php(58): FileLoader->load('/ichukdata1/htm...', 'service.addCart...', '/service/addCar...', 'AddCartServ', true)
#6 /ichukdata1/html/project/labring/index.php(36): FileLoader->loadfile()
#7 {main}
[2016-12-23 09:41:20][error] errCode:42000
errMsg:SQLSTATE[42000]: Syntax error or access violation: 1064 You have an error in your SQL syntax; check the manual that corresponds to your MySQL server version for the right syntax to use near 'and status=1' at line 1
trace:
#0 /ichukdata1/html/project/labring/core/util/DBAgent.php(56): PDOStatement->execute(Array)
#1 /ichukdata1/html/project/labring/core/service/ProductServ.php(416): DBAgent->queryRecords('select * from l...', Array)
#2 /ichukdata1/html/project/labring/core/module/pc/goods/ProductList.php(79): ProductServ->GetProperty('1')
#3 /ichukdata1/html/project/labring/core/FileLoader.php(115): ProductList->action()
#4 /ichukdata1/html/project/labring/core/FileLoader.php(58): FileLoader->load('/ichukdata1/htm...', 'goods.productLi...', '/goods/productL...', 'ProductList', false)
#5 /ichukdata1/html/project/labring/index.php(36): FileLoader->loadfile()
#6 {main}
[2016-12-23 09:41:25][error] errCode:42000
errMsg:SQLSTATE[42000]: Syntax error or access violation: 1064 You have an error in your SQL syntax; check the manual that corresponds to your MySQL server version for the right syntax to use near 'and status=1' at line 1
trace:
#0 /ichukdata1/html/project/labring/core/util/DBAgent.php(56): PDOStatement->execute(Array)
#1 /ichukdata1/html/project/labring/core/service/ProductServ.php(416): DBAgent->queryRecords('select * from l...', Array)
#2 /ichukdata1/html/project/labring/core/module/pc/goods/ProductList.php(79): ProductServ->GetProperty('1')
#3 /ichukdata1/html/project/labring/core/FileLoader.php(115): ProductList->action()
#4 /ichukdata1/html/project/labring/core/FileLoader.php(58): FileLoader->load('/ichukdata1/htm...', 'goods.productLi...', '/goods/productL...', 'ProductList', false)
#5 /ichukdata1/html/project/labring/index.php(36): FileLoader->loadfile()
#6 {main}
[2016-12-23 09:41:26][error] errCode:42000
errMsg:SQLSTATE[42000]: Syntax error or access violation: 1064 You have an error in your SQL syntax; check the manual that corresponds to your MySQL server version for the right syntax to use near 'and status=1' at line 1
trace:
#0 /ichukdata1/html/project/labring/core/util/DBAgent.php(56): PDOStatement->execute(Array)
#1 /ichukdata1/html/project/labring/core/service/ProductServ.php(416): DBAgent->queryRecords('select * from l...', Array)
#2 /ichukdata1/html/project/labring/core/module/pc/goods/ProductList.php(79): ProductServ->GetProperty('7')
#3 /ichukdata1/html/project/labring/core/FileLoader.php(115): ProductList->action()
#4 /ichukdata1/html/project/labring/core/FileLoader.php(58): FileLoader->load('/ichukdata1/htm...', 'goods.productLi...', '/goods/productL...', 'ProductList', false)
#5 /ichukdata1/html/project/labring/index.php(36): FileLoader->loadfile()
#6 {main}
[2016-12-23 09:41:33][error] errCode:42000
errMsg:SQLSTATE[42000]: Syntax error or access violation: 1064 You have an error in your SQL syntax; check the manual that corresponds to your MySQL server version for the right syntax to use near 'and status=1' at line 1
trace:
#0 /ichukdata1/html/project/labring/core/util/DBAgent.php(56): PDOStatement->execute(Array)
#1 /ichukdata1/html/project/labring/core/service/ProductServ.php(416): DBAgent->queryRecords('select * from l...', Array)
#2 /ichukdata1/html/project/labring/core/module/pc/goods/ProductList.php(79): ProductServ->GetProperty('7')
#3 /ichukdata1/html/project/labring/core/FileLoader.php(115): ProductList->action()
#4 /ichukdata1/html/project/labring/core/FileLoader.php(58): FileLoader->load('/ichukdata1/htm...', 'goods.productLi...', '/goods/productL...', 'ProductList', false)
#5 /ichukdata1/html/project/labring/index.php(36): FileLoader->loadfile()
#6 {main}
[2016-12-23 09:41:34][error] errCode:42000
errMsg:SQLSTATE[42000]: Syntax error or access violation: 1064 You have an error in your SQL syntax; check the manual that corresponds to your MySQL server version for the right syntax to use near 'and status=1' at line 1
trace:
#0 /ichukdata1/html/project/labring/core/util/DBAgent.php(56): PDOStatement->execute(Array)
#1 /ichukdata1/html/project/labring/core/service/ProductServ.php(416): DBAgent->queryRecords('select * from l...', Array)
#2 /ichukdata1/html/project/labring/core/module/pc/goods/ProductList.php(79): ProductServ->GetProperty('7')
#3 /ichukdata1/html/project/labring/core/FileLoader.php(115): ProductList->action()
#4 /ichukdata1/html/project/labring/core/FileLoader.php(58): FileLoader->load('/ichukdata1/htm...', 'goods.productLi...', '/goods/productL...', 'ProductList', false)
#5 /ichukdata1/html/project/labring/index.php(36): FileLoader->loadfile()
#6 {main}
[2016-12-23 09:41:35][error] errCode:42000
errMsg:SQLSTATE[42000]: Syntax error or access violation: 1064 You have an error in your SQL syntax; check the manual that corresponds to your MySQL server version for the right syntax to use near 'and status=1' at line 1
trace:
#0 /ichukdata1/html/project/labring/core/util/DBAgent.php(56): PDOStatement->execute(Array)
#1 /ichukdata1/html/project/labring/core/service/ProductServ.php(416): DBAgent->queryRecords('select * from l...', Array)
#2 /ichukdata1/html/project/labring/core/module/pc/goods/ProductList.php(79): ProductServ->GetProperty('7')
#3 /ichukdata1/html/project/labring/core/FileLoader.php(115): ProductList->action()
#4 /ichukdata1/html/project/labring/core/FileLoader.php(58): FileLoader->load('/ichukdata1/htm...', 'goods.productLi...', '/goods/productL...', 'ProductList', false)
#5 /ichukdata1/html/project/labring/index.php(36): FileLoader->loadfile()
#6 {main}
[2016-12-23 09:41:36][error] errCode:42000
errMsg:SQLSTATE[42000]: Syntax error or access violation: 1064 You have an error in your SQL syntax; check the manual that corresponds to your MySQL server version for the right syntax to use near 'and status=1' at line 1
trace:
#0 /ichukdata1/html/project/labring/core/util/DBAgent.php(56): PDOStatement->execute(Array)
#1 /ichukdata1/html/project/labring/core/service/ProductServ.php(416): DBAgent->queryRecords('select * from l...', Array)
#2 /ichukdata1/html/project/labring/core/module/pc/goods/ProductList.php(79): ProductServ->GetProperty('7')
#3 /ichukdata1/html/project/labring/core/FileLoader.php(115): ProductList->action()
#4 /ichukdata1/html/project/labring/core/FileLoader.php(58): FileLoader->load('/ichukdata1/htm...', 'goods.productLi...', '/goods/productL...', 'ProductList', false)
#5 /ichukdata1/html/project/labring/index.php(36): FileLoader->loadfile()
#6 {main}
[2016-12-23 09:41:38][error] errCode:42000
errMsg:SQLSTATE[42000]: Syntax error or access violation: 1064 You have an error in your SQL syntax; check the manual that corresponds to your MySQL server version for the right syntax to use near 'and status=1' at line 1
trace:
#0 /ichukdata1/html/project/labring/core/util/DBAgent.php(56): PDOStatement->execute(Array)
#1 /ichukdata1/html/project/labring/core/service/ProductServ.php(416): DBAgent->queryRecords('select * from l...', Array)
#2 /ichukdata1/html/project/labring/core/module/pc/goods/ProductList.php(79): ProductServ->GetProperty('7')
#3 /ichukdata1/html/project/labring/core/FileLoader.php(115): ProductList->action()
#4 /ichukdata1/html/project/labring/core/FileLoader.php(58): FileLoader->load('/ichukdata1/htm...', 'goods.productLi...', '/goods/productL...', 'ProductList', false)
#5 /ichukdata1/html/project/labring/index.php(36): FileLoader->loadfile()
#6 {main}
[2016-12-23 09:41:38][error] errCode:42000
errMsg:SQLSTATE[42000]: Syntax error or access violation: 1064 You have an error in your SQL syntax; check the manual that corresponds to your MySQL server version for the right syntax to use near 'and status=1' at line 1
trace:
#0 /ichukdata1/html/project/labring/core/util/DBAgent.php(56): PDOStatement->execute(Array)
#1 /ichukdata1/html/project/labring/core/service/ProductServ.php(416): DBAgent->queryRecords('select * from l...', Array)
#2 /ichukdata1/html/project/labring/core/module/pc/goods/ProductList.php(79): ProductServ->GetProperty('7')
#3 /ichukdata1/html/project/labring/core/FileLoader.php(115): ProductList->action()
#4 /ichukdata1/html/project/labring/core/FileLoader.php(58): FileLoader->load('/ichukdata1/htm...', 'goods.productLi...', '/goods/productL...', 'ProductList', false)
#5 /ichukdata1/html/project/labring/index.php(36): FileLoader->loadfile()
#6 {main}
[2016-12-23 09:41:40][error] errCode:42000
errMsg:SQLSTATE[42000]: Syntax error or access violation: 1064 You have an error in your SQL syntax; check the manual that corresponds to your MySQL server version for the right syntax to use near 'and status=1' at line 1
trace:
#0 /ichukdata1/html/project/labring/core/util/DBAgent.php(56): PDOStatement->execute(Array)
#1 /ichukdata1/html/project/labring/core/service/ProductServ.php(416): DBAgent->queryRecords('select * from l...', Array)
#2 /ichukdata1/html/project/labring/core/module/pc/goods/ProductList.php(79): ProductServ->GetProperty('3')
#3 /ichukdata1/html/project/labring/core/FileLoader.php(115): ProductList->action()
#4 /ichukdata1/html/project/labring/core/FileLoader.php(58): FileLoader->load('/ichukdata1/htm...', 'goods.productLi...', '/goods/productL...', 'ProductList', false)
#5 /ichukdata1/html/project/labring/index.php(36): FileLoader->loadfile()
#6 {main}
[2016-12-23 09:41:43][error] errCode:42000
errMsg:SQLSTATE[42000]: Syntax error or access violation: 1064 You have an error in your SQL syntax; check the manual that corresponds to your MySQL server version for the right syntax to use near 'and status=1' at line 1
trace:
#0 /ichukdata1/html/project/labring/core/util/DBAgent.php(56): PDOStatement->execute(Array)
#1 /ichukdata1/html/project/labring/core/service/ProductServ.php(416): DBAgent->queryRecords('select * from l...', Array)
#2 /ichukdata1/html/project/labring/core/module/pc/goods/ProductList.php(79): ProductServ->GetProperty('4')
#3 /ichukdata1/html/project/labring/core/FileLoader.php(115): ProductList->action()
#4 /ichukdata1/html/project/labring/core/FileLoader.php(58): FileLoader->load('/ichukdata1/htm...', 'goods.productLi...', '/goods/productL...', 'ProductList', false)
#5 /ichukdata1/html/project/labring/index.php(36): FileLoader->loadfile()
#6 {main}
[2016-12-23 09:41:43][error] errCode:42000
errMsg:SQLSTATE[42000]: Syntax error or access violation: 1064 You have an error in your SQL syntax; check the manual that corresponds to your MySQL server version for the right syntax to use near 'and status=1' at line 1
trace:
#0 /ichukdata1/html/project/labring/core/util/DBAgent.php(56): PDOStatement->execute(Array)
#1 /ichukdata1/html/project/labring/core/service/ProductServ.php(416): DBAgent->queryRecords('select * from l...', Array)
#2 /ichukdata1/html/project/labring/core/module/pc/goods/ProductList.php(79): ProductServ->GetProperty('5')
#3 /ichukdata1/html/project/labring/core/FileLoader.php(115): ProductList->action()
#4 /ichukdata1/html/project/labring/core/FileLoader.php(58): FileLoader->load('/ichukdata1/htm...', 'goods.productLi...', '/goods/productL...', 'ProductList', false)
#5 /ichukdata1/html/project/labring/index.php(36): FileLoader->loadfile()
#6 {main}
[2016-12-23 09:41:44][error] errCode:42000
errMsg:SQLSTATE[42000]: Syntax error or access violation: 1064 You have an error in your SQL syntax; check the manual that corresponds to your MySQL server version for the right syntax to use near 'and status=1' at line 1
trace:
#0 /ichukdata1/html/project/labring/core/util/DBAgent.php(56): PDOStatement->execute(Array)
#1 /ichukdata1/html/project/labring/core/service/ProductServ.php(416): DBAgent->queryRecords('select * from l...', Array)
#2 /ichukdata1/html/project/labring/core/module/pc/goods/ProductList.php(79): ProductServ->GetProperty('6')
#3 /ichukdata1/html/project/labring/core/FileLoader.php(115): ProductList->action()
#4 /ichukdata1/html/project/labring/core/FileLoader.php(58): FileLoader->load('/ichukdata1/htm...', 'goods.productLi...', '/goods/productL...', 'ProductList', false)
#5 /ichukdata1/html/project/labring/index.php(36): FileLoader->loadfile()
#6 {main}
[2016-12-23 09:41:44][error] errCode:42000
errMsg:SQLSTATE[42000]: Syntax error or access violation: 1064 You have an error in your SQL syntax; check the manual that corresponds to your MySQL server version for the right syntax to use near 'and status=1' at line 1
trace:
#0 /ichukdata1/html/project/labring/core/util/DBAgent.php(56): PDOStatement->execute(Array)
#1 /ichukdata1/html/project/labring/core/service/ProductServ.php(416): DBAgent->queryRecords('select * from l...', Array)
#2 /ichukdata1/html/project/labring/core/module/pc/goods/ProductList.php(79): ProductServ->GetProperty('7')
#3 /ichukdata1/html/project/labring/core/FileLoader.php(115): ProductList->action()
#4 /ichukdata1/html/project/labring/core/FileLoader.php(58): FileLoader->load('/ichukdata1/htm...', 'goods.productLi...', '/goods/productL...', 'ProductList', false)
#5 /ichukdata1/html/project/labring/index.php(36): FileLoader->loadfile()
#6 {main}
[2016-12-23 09:41:45][error] errCode:42000
errMsg:SQLSTATE[42000]: Syntax error or access violation: 1064 You have an error in your SQL syntax; check the manual that corresponds to your MySQL server version for the right syntax to use near 'and status=1' at line 1
trace:
#0 /ichukdata1/html/project/labring/core/util/DBAgent.php(56): PDOStatement->execute(Array)
#1 /ichukdata1/html/project/labring/core/service/ProductServ.php(416): DBAgent->queryRecords('select * from l...', Array)
#2 /ichukdata1/html/project/labring/core/module/pc/goods/ProductList.php(79): ProductServ->GetProperty('8')
#3 /ichukdata1/html/project/labring/core/FileLoader.php(115): ProductList->action()
#4 /ichukdata1/html/project/labring/core/FileLoader.php(58): FileLoader->load('/ichukdata1/htm...', 'goods.productLi...', '/goods/productL...', 'ProductList', false)
#5 /ichukdata1/html/project/labring/index.php(36): FileLoader->loadfile()
#6 {main}
[2016-12-23 09:41:49][error] errCode:42000
errMsg:SQLSTATE[42000]: Syntax error or access violation: 1064 You have an error in your SQL syntax; check the manual that corresponds to your MySQL server version for the right syntax to use near 'and status=1' at line 1
trace:
#0 /ichukdata1/html/project/labring/core/util/DBAgent.php(56): PDOStatement->execute(Array)
#1 /ichukdata1/html/project/labring/core/service/ProductServ.php(416): DBAgent->queryRecords('select * from l...', Array)
#2 /ichukdata1/html/project/labring/core/module/pc/goods/ProductList.php(79): ProductServ->GetProperty('9')
#3 /ichukdata1/html/project/labring/core/FileLoader.php(115): ProductList->action()
#4 /ichukdata1/html/project/labring/core/FileLoader.php(58): FileLoader->load('/ichukdata1/htm...', 'goods.productLi...', '/goods/productL...', 'ProductList', false)
#5 /ichukdata1/html/project/labring/index.php(36): FileLoader->loadfile()
#6 {main}
[2016-12-23 09:41:49][error] errCode:42000
errMsg:SQLSTATE[42000]: Syntax error or access violation: 1064 You have an error in your SQL syntax; check the manual that corresponds to your MySQL server version for the right syntax to use near 'and status=1' at line 1
trace:
#0 /ichukdata1/html/project/labring/core/util/DBAgent.php(56): PDOStatement->execute(Array)
#1 /ichukdata1/html/project/labring/core/service/ProductServ.php(416): DBAgent->queryRecords('select * from l...', Array)
#2 /ichukdata1/html/project/labring/core/module/pc/goods/ProductList.php(79): ProductServ->GetProperty('10')
#3 /ichukdata1/html/project/labring/core/FileLoader.php(115): ProductList->action()
#4 /ichukdata1/html/project/labring/core/FileLoader.php(58): FileLoader->load('/ichukdata1/htm...', 'goods.productLi...', '/goods/productL...', 'ProductList', false)
#5 /ichukdata1/html/project/labring/index.php(36): FileLoader->loadfile()
#6 {main}
[2016-12-23 09:41:51][error] errCode:42000
errMsg:SQLSTATE[42000]: Syntax error or access violation: 1064 You have an error in your SQL syntax; check the manual that corresponds to your MySQL server version for the right syntax to use near 'and status=1' at line 1
trace:
#0 /ichukdata1/html/project/labring/core/util/DBAgent.php(56): PDOStatement->execute(Array)
#1 /ichukdata1/html/project/labring/core/service/ProductServ.php(416): DBAgent->queryRecords('select * from l...', Array)
#2 /ichukdata1/html/project/labring/core/module/pc/goods/ProductList.php(79): ProductServ->GetProperty('11')
#3 /ichukdata1/html/project/labring/core/FileLoader.php(115): ProductList->action()
#4 /ichukdata1/html/project/labring/core/FileLoader.php(58): FileLoader->load('/ichukdata1/htm...', 'goods.productLi...', '/goods/productL...', 'ProductList', false)
#5 /ichukdata1/html/project/labring/index.php(36): FileLoader->loadfile()
#6 {main}
[2016-12-23 09:41:52][error] errCode:42000
errMsg:SQLSTATE[42000]: Syntax error or access violation: 1064 You have an error in your SQL syntax; check the manual that corresponds to your MySQL server version for the right syntax to use near 'and status=1' at line 1
trace:
#0 /ichukdata1/html/project/labring/core/util/DBAgent.php(56): PDOStatement->execute(Array)
#1 /ichukdata1/html/project/labring/core/service/ProductServ.php(416): DBAgent->queryRecords('select * from l...', Array)
#2 /ichukdata1/html/project/labring/core/module/pc/goods/ProductList.php(79): ProductServ->GetProperty('11')
#3 /ichukdata1/html/project/labring/core/FileLoader.php(115): ProductList->action()
#4 /ichukdata1/html/project/labring/core/FileLoader.php(58): FileLoader->load('/ichukdata1/htm...', 'goods.productLi...', '/goods/productL...', 'ProductList', false)
#5 /ichukdata1/html/project/labring/index.php(36): FileLoader->loadfile()
#6 {main}
[2016-12-23 10:01:37][error] errCode:42000
errMsg:SQLSTATE[42000]: Syntax error or access violation: 1064 You have an error in your SQL syntax; check the manual that corresponds to your MySQL server version for the right syntax to use near 'and status=1' at line 1
trace:
#0 /ichukdata1/html/project/labring/core/util/DBAgent.php(56): PDOStatement->execute(Array)
#1 /ichukdata1/html/project/labring/core/service/ProductServ.php(416): DBAgent->queryRecords('select * from l...', Array)
#2 /ichukdata1/html/project/labring/core/module/pc/goods/ProductList.php(79): ProductServ->GetProperty('73')
#3 /ichukdata1/html/project/labring/core/FileLoader.php(115): ProductList->action()
#4 /ichukdata1/html/project/labring/core/FileLoader.php(58): FileLoader->load('/ichukdata1/htm...', 'goods.productLi...', '/goods/productL...', 'ProductList', false)
#5 /ichukdata1/html/project/labring/index.php(36): FileLoader->loadfile()
#6 {main}
[2016-12-23 10:01:58][error] errCode:42000
errMsg:SQLSTATE[42000]: Syntax error or access violation: 1064 You have an error in your SQL syntax; check the manual that corresponds to your MySQL server version for the right syntax to use near 'and status=1' at line 1
trace:
#0 /ichukdata1/html/project/labring/core/util/DBAgent.php(56): PDOStatement->execute(Array)
#1 /ichukdata1/html/project/labring/core/service/ProductServ.php(416): DBAgent->queryRecords('select * from l...', Array)
#2 /ichukdata1/html/project/labring/core/module/pc/goods/ProductList.php(79): ProductServ->GetProperty('3')
#3 /ichukdata1/html/project/labring/core/FileLoader.php(115): ProductList->action()
#4 /ichukdata1/html/project/labring/core/FileLoader.php(58): FileLoader->load('/ichukdata1/htm...', 'goods.productLi...', '/goods/productL...', 'ProductList', false)
#5 /ichukdata1/html/project/labring/index.php(36): FileLoader->loadfile()
#6 {main}
[2016-12-23 10:03:14][error] errCode:42000
errMsg:SQLSTATE[42000]: Syntax error or access violation: 1064 You have an error in your SQL syntax; check the manual that corresponds to your MySQL server version for the right syntax to use near 'and status=1' at line 1
trace:
#0 /ichukdata1/html/project/labring/core/util/DBAgent.php(56): PDOStatement->execute(Array)
#1 /ichukdata1/html/project/labring/core/service/ProductServ.php(416): DBAgent->queryRecords('select * from l...', Array)
#2 /ichukdata1/html/project/labring/core/module/pc/goods/ProductList.php(79): ProductServ->GetProperty('3')
#3 /ichukdata1/html/project/labring/core/FileLoader.php(115): ProductList->action()
#4 /ichukdata1/html/project/labring/core/FileLoader.php(58): FileLoader->load('/ichukdata1/htm...', 'goods.productLi...', '/goods/productL...', 'ProductList', false)
#5 /ichukdata1/html/project/labring/index.php(36): FileLoader->loadfile()
#6 {main}
[2016-12-23 10:21:11][error] errCode:42000
errMsg:SQLSTATE[42000]: Syntax error or access violation: 1064 You have an error in your SQL syntax; check the manual that corresponds to your MySQL server version for the right syntax to use near 'and status=1' at line 1
trace:
#0 /ichukdata1/html/project/labring/core/util/DBAgent.php(56): PDOStatement->execute(Array)
#1 /ichukdata1/html/project/labring/core/service/ProductServ.php(416): DBAgent->queryRecords('select * from l...', Array)
#2 /ichukdata1/html/project/labring/core/module/pc/goods/ProductList.php(79): ProductServ->GetProperty('3')
#3 /ichukdata1/html/project/labring/core/FileLoader.php(115): ProductList->action()
#4 /ichukdata1/html/project/labring/core/FileLoader.php(58): FileLoader->load('/ichukdata1/htm...', 'goods.productLi...', '/goods/productL...', 'ProductList', false)
#5 /ichukdata1/html/project/labring/index.php(36): FileLoader->loadfile()
#6 {main}
[2016-12-23 10:24:28][error] errCode:42000
errMsg:SQLSTATE[42000]: Syntax error or access violation: 1064 You have an error in your SQL syntax; check the manual that corresponds to your MySQL server version for the right syntax to use near 'and status=1' at line 1
trace:
#0 /ichukdata1/html/project/labring/core/util/DBAgent.php(56): PDOStatement->execute(Array)
#1 /ichukdata1/html/project/labring/core/service/ProductServ.php(416): DBAgent->queryRecords('select * from l...', Array)
#2 /ichukdata1/html/project/labring/core/module/pc/goods/ProductList.php(79): ProductServ->GetProperty('17')
#3 /ichukdata1/html/project/labring/core/FileLoader.php(115): ProductList->action()
#4 /ichukdata1/html/project/labring/core/FileLoader.php(58): FileLoader->load('/ichukdata1/htm...', 'goods.productLi...', '/goods/productL...', 'ProductList', false)
#5 /ichukdata1/html/project/labring/index.php(36): FileLoader->loadfile()
#6 {main}
[2016-12-23 10:47:20][error] errCode:42000
errMsg:SQLSTATE[42000]: Syntax error or access violation: 1064 You have an error in your SQL syntax; check the manual that corresponds to your MySQL server version for the right syntax to use near 'and status=1' at line 1
trace:
#0 /ichukdata1/html/project/labring/core/util/DBAgent.php(56): PDOStatement->execute(Array)
#1 /ichukdata1/html/project/labring/core/service/ProductServ.php(416): DBAgent->queryRecords('select * from l...', Array)
#2 /ichukdata1/html/project/labring/core/module/pc/goods/ProductList.php(79): ProductServ->GetProperty('68')
#3 /ichukdata1/html/project/labring/core/FileLoader.php(115): ProductList->action()
#4 /ichukdata1/html/project/labring/core/FileLoader.php(58): FileLoader->load('/ichukdata1/htm...', 'goods.productLi...', '/goods/productL...', 'ProductList', false)
#5 /ichukdata1/html/project/labring/index.php(36): FileLoader->loadfile()
#6 {main}
[2016-12-23 11:52:26][error] errCode:42000
errMsg:SQLSTATE[42000]: Syntax error or access violation: 1064 You have an error in your SQL syntax; check the manual that corresponds to your MySQL server version for the right syntax to use near 'and status=1' at line 1
trace:
#0 /ichukdata1/html/project/labring/core/util/DBAgent.php(56): PDOStatement->execute(Array)
#1 /ichukdata1/html/project/labring/core/service/ProductServ.php(416): DBAgent->queryRecords('select * from l...', Array)
#2 /ichukdata1/html/project/labring/core/module/pc/goods/ProductList.php(79): ProductServ->GetProperty('72')
#3 /ichukdata1/html/project/labring/core/FileLoader.php(115): ProductList->action()
#4 /ichukdata1/html/project/labring/core/FileLoader.php(58): FileLoader->load('/ichukdata1/htm...', 'goods.productLi...', '/goods/productL...', 'ProductList', false)
#5 /ichukdata1/html/project/labring/index.php(36): FileLoader->loadfile()
#6 {main}
[2016-12-23 12:24:55][error] errCode:42000
errMsg:SQLSTATE[42000]: Syntax error or access violation: 1064 You have an error in your SQL syntax; check the manual that corresponds to your MySQL server version for the right syntax to use near 'and status=1' at line 1
trace:
#0 /ichukdata1/html/project/labring/core/util/DBAgent.php(56): PDOStatement->execute(Array)
#1 /ichukdata1/html/project/labring/core/service/ProductServ.php(416): DBAgent->queryRecords('select * from l...', Array)
#2 /ichukdata1/html/project/labring/core/module/pc/goods/ProductList.php(79): ProductServ->GetProperty('55')
#3 /ichukdata1/html/project/labring/core/FileLoader.php(115): ProductList->action()
#4 /ichukdata1/html/project/labring/core/FileLoader.php(58): FileLoader->load('/ichukdata1/htm...', 'goods.productLi...', '/goods/productL...', 'ProductList', false)
#5 /ichukdata1/html/project/labring/index.php(36): FileLoader->loadfile()
#6 {main}
[2016-12-23 15:01:17][error] errCode:42000
errMsg:SQLSTATE[42000]: Syntax error or access violation: 1064 You have an error in your SQL syntax; check the manual that corresponds to your MySQL server version for the right syntax to use near '' at line 1
trace:
#0 /ichukdata1/html/project/labring/core/util/DBAgent.php(56): PDOStatement->execute(Array)
#1 /ichukdata1/html/project/labring/core/module/pc/_api/service/GetProductBroServ.php(28): DBAgent->queryRecords('select id from ...', Array)
#2 /ichukdata1/html/project/labring/core/module/pc/_api/service/GetProductBroServ.php(19): GetProductBroServ->getAll('')
#3 /ichukdata1/html/project/labring/core/FileLoader.php(115): GetProductBroServ->action()
#4 /ichukdata1/html/project/labring/core/FileLoader.php(58): FileLoader->load('/ichukdata1/htm...', 'service.GetProd...', '/service/GetPro...', 'GetProductBroSe...', true)
#5 /ichukdata1/html/project/labring/index.php(36): FileLoader->loadfile()
#6 {main}
[2016-12-23 15:01:19][error] errCode:42000
errMsg:SQLSTATE[42000]: Syntax error or access violation: 1064 You have an error in your SQL syntax; check the manual that corresponds to your MySQL server version for the right syntax to use near '' at line 1
trace:
#0 /ichukdata1/html/project/labring/core/util/DBAgent.php(56): PDOStatement->execute(Array)
#1 /ichukdata1/html/project/labring/core/module/pc/_api/service/GetProductBroServ.php(28): DBAgent->queryRecords('select id from ...', Array)
#2 /ichukdata1/html/project/labring/core/module/pc/_api/service/GetProductBroServ.php(19): GetProductBroServ->getAll('')
#3 /ichukdata1/html/project/labring/core/FileLoader.php(115): GetProductBroServ->action()
#4 /ichukdata1/html/project/labring/core/FileLoader.php(58): FileLoader->load('/ichukdata1/htm...', 'service.GetProd...', '/service/GetPro...', 'GetProductBroSe...', true)
#5 /ichukdata1/html/project/labring/index.php(36): FileLoader->loadfile()
#6 {main}
[2016-12-23 15:01:59][error] errCode:42000
errMsg:SQLSTATE[42000]: Syntax error or access violation: 1064 You have an error in your SQL syntax; check the manual that corresponds to your MySQL server version for the right syntax to use near '' at line 1
trace:
#0 /ichukdata1/html/project/labring/core/util/DBAgent.php(56): PDOStatement->execute(Array)
#1 /ichukdata1/html/project/labring/core/module/pc/_api/service/GetProductBroServ.php(28): DBAgent->queryRecords('select id from ...', Array)
#2 /ichukdata1/html/project/labring/core/module/pc/_api/service/GetProductBroServ.php(19): GetProductBroServ->getAll('')
#3 /ichukdata1/html/project/labring/core/FileLoader.php(115): GetProductBroServ->action()
#4 /ichukdata1/html/project/labring/core/FileLoader.php(58): FileLoader->load('/ichukdata1/htm...', 'service.GetProd...', '/service/GetPro...', 'GetProductBroSe...', true)
#5 /ichukdata1/html/project/labring/index.php(36): FileLoader->loadfile()
#6 {main}
[2016-12-23 15:02:44][error] errCode:42000
errMsg:SQLSTATE[42000]: Syntax error or access violation: 1064 You have an error in your SQL syntax; check the manual that corresponds to your MySQL server version for the right syntax to use near '' at line 1
trace:
#0 /ichukdata1/html/project/labring/core/util/DBAgent.php(56): PDOStatement->execute(Array)
#1 /ichukdata1/html/project/labring/core/module/pc/_api/service/GetProductBroServ.php(28): DBAgent->queryRecords('select id from ...', Array)
#2 /ichukdata1/html/project/labring/core/module/pc/_api/service/GetProductBroServ.php(19): GetProductBroServ->getAll('')
#3 /ichukdata1/html/project/labring/core/FileLoader.php(115): GetProductBroServ->action()
#4 /ichukdata1/html/project/labring/core/FileLoader.php(58): FileLoader->load('/ichukdata1/htm...', 'service.GetProd...', '/service/GetPro...', 'GetProductBroSe...', true)
#5 /ichukdata1/html/project/labring/index.php(36): FileLoader->loadfile()
#6 {main}
[2016-12-23 15:10:13][error] errCode:42000
errMsg:SQLSTATE[42000]: Syntax error or access violation: 1064 You have an error in your SQL syntax; check the manual that corresponds to your MySQL server version for the right syntax to use near '' at line 1
trace:
#0 /ichukdata1/html/project/labring/core/util/DBAgent.php(56): PDOStatement->execute(Array)
#1 /ichukdata1/html/project/labring/core/module/pc/_api/service/GetProductBroServ.php(28): DBAgent->queryRecords('select id from ...', Array)
#2 /ichukdata1/html/project/labring/core/module/pc/_api/service/GetProductBroServ.php(19): GetProductBroServ->getAll('')
#3 /ichukdata1/html/project/labring/core/FileLoader.php(115): GetProductBroServ->action()
#4 /ichukdata1/html/project/labring/core/FileLoader.php(58): FileLoader->load('/ichukdata1/htm...', 'service.GetProd...', '/service/GetPro...', 'GetProductBroSe...', true)
#5 /ichukdata1/html/project/labring/index.php(36): FileLoader->loadfile()
#6 {main}
[2016-12-23 16:20:52][error] errCode:42000
errMsg:SQLSTATE[42000]: Syntax error or access violation: 1064 You have an error in your SQL syntax; check the manual that corresponds to your MySQL server version for the right syntax to use near 'and status=1' at line 1
trace:
#0 /ichukdata1/html/project/labring/core/util/DBAgent.php(56): PDOStatement->execute(Array)
#1 /ichukdata1/html/project/labring/core/service/ProductServ.php(416): DBAgent->queryRecords('select * from l...', Array)
#2 /ichukdata1/html/project/labring/core/module/pc/goods/ProductList.php(79): ProductServ->GetProperty('82')
#3 /ichukdata1/html/project/labring/core/FileLoader.php(115): ProductList->action()
#4 /ichukdata1/html/project/labring/core/FileLoader.php(58): FileLoader->load('/ichukdata1/htm...', 'goods.productLi...', '/goods/productL...', 'ProductList', false)
#5 /ichukdata1/html/project/labring/index.php(36): FileLoader->loadfile()
#6 {main}
[2016-12-23 16:55:07][error] errCode:42000
errMsg:SQLSTATE[42000]: Syntax error or access violation: 1064 You have an error in your SQL syntax; check the manual that corresponds to your MySQL server version for the right syntax to use near '' at line 1
trace:
#0 /ichukdata1/html/project/labring/core/util/DBAgent.php(56): PDOStatement->execute(Array)
#1 /ichukdata1/html/project/labring/core/module/pc/_api/service/GetProductAllServ.php(10): DBAgent->queryRecords('select id from ...', Array)
#2 /ichukdata1/html/project/labring/core/FileLoader.php(115): GetProductAllServ->action()
#3 /ichukdata1/html/project/labring/core/FileLoader.php(58): FileLoader->load('/ichukdata1/htm...', 'service.GetProd...', '/service/GetPro...', 'GetProductAllSe...', true)
#4 /ichukdata1/html/project/labring/index.php(36): FileLoader->loadfile()
#5 {main}
[2016-12-23 16:56:05][error] errCode:42S22
errMsg:SQLSTATE[42S22]: Column not found: 1054 Unknown column 'a.from_mid' in 'on clause'
trace:
#0 /ichukdata1/html/project/labring/core/util/DBAgent.php(56): PDOStatement->execute(Array)
#1 /ichukdata1/html/project/labring/core/service/OrderServ.php(49): DBAgent->queryRecords('select a.*,b.na...', Array)
#2 /ichukdata1/html/project/labring/core/module/pc/user/Purchase.php(42): OrderServ->getCompanyOrder('1', '100', '1', '', 2)
#3 /ichukdata1/html/project/labring/core/FileLoader.php(115): Purchase->action()
#4 /ichukdata1/html/project/labring/core/FileLoader.php(58): FileLoader->load('/ichukdata1/htm...', 'user.purchase.h...', '/user/purchase....', 'Purchase', false)
#5 /ichukdata1/html/project/labring/index.php(36): FileLoader->loadfile()
#6 {main}
[2016-12-23 16:56:32][error] errCode:42S22
errMsg:SQLSTATE[42S22]: Column not found: 1054 Unknown column 'a.from_mid' in 'on clause'
trace:
#0 /ichukdata1/html/project/labring/core/util/DBAgent.php(56): PDOStatement->execute(Array)
#1 /ichukdata1/html/project/labring/core/service/OrderServ.php(49): DBAgent->queryRecords('select a.*,b.na...', Array)
#2 /ichukdata1/html/project/labring/core/module/pc/user/Purchase.php(42): OrderServ->getCompanyOrder('1', '100', '1', '', 2)
#3 /ichukdata1/html/project/labring/core/FileLoader.php(115): Purchase->action()
#4 /ichukdata1/html/project/labring/core/FileLoader.php(58): FileLoader->load('/ichukdata1/htm...', 'user.purchase.h...', '/user/purchase....', 'Purchase', false)
#5 /ichukdata1/html/project/labring/index.php(36): FileLoader->loadfile()
#6 {main}
[2016-12-23 16:56:34][error] errCode:42S22
errMsg:SQLSTATE[42S22]: Column not found: 1054 Unknown column 'a.from_mid' in 'on clause'
trace:
#0 /ichukdata1/html/project/labring/core/util/DBAgent.php(56): PDOStatement->execute(Array)
#1 /ichukdata1/html/project/labring/core/service/OrderServ.php(49): DBAgent->queryRecords('select a.*,b.na...', Array)
#2 /ichukdata1/html/project/labring/core/module/pc/user/Purchase.php(42): OrderServ->getCompanyOrder('1', '100', '1', '', 2)
#3 /ichukdata1/html/project/labring/core/FileLoader.php(115): Purchase->action()
#4 /ichukdata1/html/project/labring/core/FileLoader.php(58): FileLoader->load('/ichukdata1/htm...', 'user.purchase.h...', '/user/purchase....', 'Purchase', false)
#5 /ichukdata1/html/project/labring/index.php(36): FileLoader->loadfile()
#6 {main}
[2016-12-23 17:46:09][error] errCode:42000
errMsg:SQLSTATE[42000]: Syntax error or access violation: 1064 You have an error in your SQL syntax; check the manual that corresponds to your MySQL server version for the right syntax to use near 'properties)' at line 1
trace:
#0 /ichukdata1/html/project/labring/core/util/DBAgent.php(56): PDOStatement->execute(Array)
#1 /ichukdata1/html/project/labring/core/module/pc/_api/service/GetProductBroServ.php(11): DBAgent->queryRecords('select properti...', Array)
#2 /ichukdata1/html/project/labring/core/FileLoader.php(115): GetProductBroServ->action()
#3 /ichukdata1/html/project/labring/core/FileLoader.php(58): FileLoader->load('/ichukdata1/htm...', 'service.GetProd...', '/service/GetPro...', 'GetProductBroSe...', true)
#4 /ichukdata1/html/project/labring/index.php(36): FileLoader->loadfile()
#5 {main}
[2016-12-23 17:46:09][error] errCode:42000
errMsg:SQLSTATE[42000]: Syntax error or access violation: 1064 You have an error in your SQL syntax; check the manual that corresponds to your MySQL server version for the right syntax to use near '' at line 1
trace:
#0 /ichukdata1/html/project/labring/core/util/DBAgent.php(56): PDOStatement->execute(Array)
#1 /ichukdata1/html/project/labring/core/module/pc/_api/service/GetProductAllServ.php(10): DBAgent->queryRecords('select id from ...', Array)
#2 /ichukdata1/html/project/labring/core/FileLoader.php(115): GetProductAllServ->action()
#3 /ichukdata1/html/project/labring/core/FileLoader.php(58): FileLoader->load('/ichukdata1/htm...', 'service.GetProd...', '/service/GetPro...', 'GetProductAllSe...', true)
#4 /ichukdata1/html/project/labring/index.php(36): FileLoader->loadfile()
#5 {main}
[2016-12-23 17:46:11][error] errCode:42000
errMsg:SQLSTATE[42000]: Syntax error or access violation: 1064 You have an error in your SQL syntax; check the manual that corresponds to your MySQL server version for the right syntax to use near 'properties)' at line 1
trace:
#0 /ichukdata1/html/project/labring/core/util/DBAgent.php(56): PDOStatement->execute(Array)
#1 /ichukdata1/html/project/labring/core/module/pc/_api/service/GetProductBroServ.php(11): DBAgent->queryRecords('select properti...', Array)
#2 /ichukdata1/html/project/labring/core/FileLoader.php(115): GetProductBroServ->action()
#3 /ichukdata1/html/project/labring/core/FileLoader.php(58): FileLoader->load('/ichukdata1/htm...', 'service.GetProd...', '/service/GetPro...', 'GetProductBroSe...', true)
#4 /ichukdata1/html/project/labring/index.php(36): FileLoader->loadfile()
#5 {main}
[2016-12-23 17:46:11][error] errCode:42000
errMsg:SQLSTATE[42000]: Syntax error or access violation: 1064 You have an error in your SQL syntax; check the manual that corresponds to your MySQL server version for the right syntax to use near '' at line 1
trace:
#0 /ichukdata1/html/project/labring/core/util/DBAgent.php(56): PDOStatement->execute(Array)
#1 /ichukdata1/html/project/labring/core/module/pc/_api/service/GetProductAllServ.php(10): DBAgent->queryRecords('select id from ...', Array)
#2 /ichukdata1/html/project/labring/core/FileLoader.php(115): GetProductAllServ->action()
#3 /ichukdata1/html/project/labring/core/FileLoader.php(58): FileLoader->load('/ichukdata1/htm...', 'service.GetProd...', '/service/GetPro...', 'GetProductAllSe...', true)
#4 /ichukdata1/html/project/labring/index.php(36): FileLoader->loadfile()
#5 {main}
[2016-12-23 17:47:36][error] errCode:42000
errMsg:SQLSTATE[42000]: Syntax error or access violation: 1064 You have an error in your SQL syntax; check the manual that corresponds to your MySQL server version for the right syntax to use near 'properties)' at line 1
trace:
#0 /ichukdata1/html/project/labring/core/util/DBAgent.php(56): PDOStatement->execute(Array)
#1 /ichukdata1/html/project/labring/core/module/pc/_api/service/GetProductBroServ.php(11): DBAgent->queryRecords('select properti...', Array)
#2 /ichukdata1/html/project/labring/core/FileLoader.php(115): GetProductBroServ->action()
#3 /ichukdata1/html/project/labring/core/FileLoader.php(58): FileLoader->load('/ichukdata1/htm...', 'service.GetProd...', '/service/GetPro...', 'GetProductBroSe...', true)
#4 /ichukdata1/html/project/labring/index.php(36): FileLoader->loadfile()
#5 {main}
[2016-12-23 17:47:36][error] errCode:42000
errMsg:SQLSTATE[42000]: Syntax error or access violation: 1064 You have an error in your SQL syntax; check the manual that corresponds to your MySQL server version for the right syntax to use near '' at line 1
trace:
#0 /ichukdata1/html/project/labring/core/util/DBAgent.php(56): PDOStatement->execute(Array)
#1 /ichukdata1/html/project/labring/core/module/pc/_api/service/GetProductAllServ.php(10): DBAgent->queryRecords('select id from ...', Array)
#2 /ichukdata1/html/project/labring/core/FileLoader.php(115): GetProductAllServ->action()
#3 /ichukdata1/html/project/labring/core/FileLoader.php(58): FileLoader->load('/ichukdata1/htm...', 'service.GetProd...', '/service/GetPro...', 'GetProductAllSe...', true)
#4 /ichukdata1/html/project/labring/index.php(36): FileLoader->loadfile()
#5 {main}
[2016-12-23 17:47:37][error] errCode:42000
errMsg:SQLSTATE[42000]: Syntax error or access violation: 1064 You have an error in your SQL syntax; check the manual that corresponds to your MySQL server version for the right syntax to use near 'properties)' at line 1
trace:
#0 /ichukdata1/html/project/labring/core/util/DBAgent.php(56): PDOStatement->execute(Array)
#1 /ichukdata1/html/project/labring/core/module/pc/_api/service/GetProductBroServ.php(11): DBAgent->queryRecords('select properti...', Array)
#2 /ichukdata1/html/project/labring/core/FileLoader.php(115): GetProductBroServ->action()
#3 /ichukdata1/html/project/labring/core/FileLoader.php(58): FileLoader->load('/ichukdata1/htm...', 'service.GetProd...', '/service/GetPro...', 'GetProductBroSe...', true)
#4 /ichukdata1/html/project/labring/index.php(36): FileLoader->loadfile()
#5 {main}
[2016-12-23 17:47:37][error] errCode:42000
errMsg:SQLSTATE[42000]: Syntax error or access violation: 1064 You have an error in your SQL syntax; check the manual that corresponds to your MySQL server version for the right syntax to use near '' at line 1
trace:
#0 /ichukdata1/html/project/labring/core/util/DBAgent.php(56): PDOStatement->execute(Array)
#1 /ichukdata1/html/project/labring/core/module/pc/_api/service/GetProductAllServ.php(10): DBAgent->queryRecords('select id from ...', Array)
#2 /ichukdata1/html/project/labring/core/FileLoader.php(115): GetProductAllServ->action()
#3 /ichukdata1/html/project/labring/core/FileLoader.php(58): FileLoader->load('/ichukdata1/htm...', 'service.GetProd...', '/service/GetPro...', 'GetProductAllSe...', true)
#4 /ichukdata1/html/project/labring/index.php(36): FileLoader->loadfile()
#5 {main}
[2016-12-23 17:55:09][error] errCode:42000
errMsg:SQLSTATE[42000]: Syntax error or access violation: 1064 You have an error in your SQL syntax; check the manual that corresponds to your MySQL server version for the right syntax to use near '' at line 1
trace:
#0 /ichukdata1/html/project/labring/core/util/DBAgent.php(56): PDOStatement->execute(Array)
#1 /ichukdata1/html/project/labring/core/module/pc/_api/service/GetProductAllServ.php(10): DBAgent->queryRecords('select id from ...', Array)
#2 /ichukdata1/html/project/labring/core/FileLoader.php(115): GetProductAllServ->action()
#3 /ichukdata1/html/project/labring/core/FileLoader.php(58): FileLoader->load('/ichukdata1/htm...', 'service.GetProd...', '/service/GetPro...', 'GetProductAllSe...', true)
#4 /ichukdata1/html/project/labring/index.php(36): FileLoader->loadfile()
#5 {main}
[2016-12-23 17:55:10][error] errCode:42000
errMsg:SQLSTATE[42000]: Syntax error or access violation: 1064 You have an error in your SQL syntax; check the manual that corresponds to your MySQL server version for the right syntax to use near '' at line 1
trace:
#0 /ichukdata1/html/project/labring/core/util/DBAgent.php(56): PDOStatement->execute(Array)
#1 /ichukdata1/html/project/labring/core/module/pc/_api/service/GetProductAllServ.php(10): DBAgent->queryRecords('select id from ...', Array)
#2 /ichukdata1/html/project/labring/core/FileLoader.php(115): GetProductAllServ->action()
#3 /ichukdata1/html/project/labring/core/FileLoader.php(58): FileLoader->load('/ichukdata1/htm...', 'service.GetProd...', '/service/GetPro...', 'GetProductAllSe...', true)
#4 /ichukdata1/html/project/labring/index.php(36): FileLoader->loadfile()
#5 {main}
[2016-12-23 18:10:12][error] errCode:42000
errMsg:SQLSTATE[42000]: Syntax error or access violation: 1064 You have an error in your SQL syntax; check the manual that corresponds to your MySQL server version for the right syntax to use near 'and status=1' at line 1
trace:
#0 /ichukdata1/html/project/labring/core/util/DBAgent.php(56): PDOStatement->execute(Array)
#1 /ichukdata1/html/project/labring/core/service/ProductServ.php(416): DBAgent->queryRecords('select * from l...', Array)
#2 /ichukdata1/html/project/labring/core/module/pc/goods/ProductList.php(79): ProductServ->GetProperty('53')
#3 /ichukdata1/html/project/labring/core/FileLoader.php(115): ProductList->action()
#4 /ichukdata1/html/project/labring/core/FileLoader.php(58): FileLoader->load('/ichukdata1/htm...', 'goods.productLi...', '/goods/productL...', 'ProductList', false)
#5 /ichukdata1/html/project/labring/index.php(36): FileLoader->loadfile()
#6 {main}
[2016-12-23 21:48:34][error] errCode:42000
errMsg:SQLSTATE[42000]: Syntax error or access violation: 1064 You have an error in your SQL syntax; check the manual that corresponds to your MySQL server version for the right syntax to use near 'and status=1' at line 1
trace:
#0 /ichukdata1/html/project/labring/core/util/DBAgent.php(56): PDOStatement->execute(Array)
#1 /ichukdata1/html/project/labring/core/service/ProductServ.php(416): DBAgent->queryRecords('select * from l...', Array)
#2 /ichukdata1/html/project/labring/core/module/pc/goods/ProductList.php(79): ProductServ->GetProperty('5')
#3 /ichukdata1/html/project/labring/core/FileLoader.php(115): ProductList->action()
#4 /ichukdata1/html/project/labring/core/FileLoader.php(58): FileLoader->load('/ichukdata1/htm...', 'goods.productLi...', '/goods/productL...', 'ProductList', false)
#5 /ichukdata1/html/project/labring/index.php(36): FileLoader->loadfile()
#6 {main}
[2016-12-23 23:19:54][error] errCode:42000
errMsg:SQLSTATE[42000]: Syntax error or access violation: 1064 You have an error in your SQL syntax; check the manual that corresponds to your MySQL server version for the right syntax to use near 'as product from labring_order a join labring_order_product b on a.order_code = b' at line 1
trace:
#0 /ichukdata1/html/project/labring/core/util/DBAgent.php(79): PDOStatement->execute(Array)
#1 /ichukdata1/html/project/labring/core/service/OrderServ.php(12): DBAgent->querySingleRecord('select a.*,b.* ...', Array)
#2 /ichukdata1/html/project/labring/core/module/pc/user/Purchase.php(52): OrderServ->getOrderByOrderCode('123', '2', '100', '2', 2)
#3 /ichukdata1/html/project/labring/core/FileLoader.php(115): Purchase->action()
#4 /ichukdata1/html/project/labring/core/FileLoader.php(58): FileLoader->load('/ichukdata1/htm...', 'user.purchase.h...', '/user/purchase....', 'Purchase', false)
#5 /ichukdata1/html/project/labring/index.php(36): FileLoader->loadfile()
#6 {main}
[2016-12-23 23:20:59][error] errCode:42000
errMsg:SQLSTATE[42000]: Syntax error or access violation: 1064 You have an error in your SQL syntax; check the manual that corresponds to your MySQL server version for the right syntax to use near 'as product from labring_order a join labring_order_product b on a.order_code = b' at line 1
trace:
#0 /ichukdata1/html/project/labring/core/util/DBAgent.php(79): PDOStatement->execute(Array)
#1 /ichukdata1/html/project/labring/core/service/OrderServ.php(12): DBAgent->querySingleRecord('select a.*,b.* ...', Array)
#2 /ichukdata1/html/project/labring/core/module/pc/user/Purchase.php(52): OrderServ->getOrderByOrderCode('123', '2', '100', '2', 2)
#3 /ichukdata1/html/project/labring/core/FileLoader.php(115): Purchase->action()
#4 /ichukdata1/html/project/labring/core/FileLoader.php(58): FileLoader->load('/ichukdata1/htm...', 'user.purchase.h...', '/user/purchase....', 'Purchase', false)
#5 /ichukdata1/html/project/labring/index.php(36): FileLoader->loadfile()
#6 {main}
[2016-12-23 23:21:02][error] errCode:42000
errMsg:SQLSTATE[42000]: Syntax error or access violation: 1064 You have an error in your SQL syntax; check the manual that corresponds to your MySQL server version for the right syntax to use near 'as product from labring_order a join labring_order_product b on a.order_code = b' at line 1
trace:
#0 /ichukdata1/html/project/labring/core/util/DBAgent.php(79): PDOStatement->execute(Array)
#1 /ichukdata1/html/project/labring/core/service/OrderServ.php(12): DBAgent->querySingleRecord('select a.*,b.* ...', Array)
#2 /ichukdata1/html/project/labring/core/module/pc/user/Purchase.php(52): OrderServ->getOrderByOrderCode('123', '2', '100', '2', 2)
#3 /ichukdata1/html/project/labring/core/FileLoader.php(115): Purchase->action()
#4 /ichukdata1/html/project/labring/core/FileLoader.php(58): FileLoader->load('/ichukdata1/htm...', 'user.purchase.h...', '/user/purchase....', 'Purchase', false)
#5 /ichukdata1/html/project/labring/index.php(36): FileLoader->loadfile()
#6 {main}
[2016-12-23 23:21:38][error] errCode:42000
errMsg:SQLSTATE[42000]: Syntax error or access violation: 1064 You have an error in your SQL syntax; check the manual that corresponds to your MySQL server version for the right syntax to use near 'as product from labring_order a join labring_order_product b on a.order_code = b' at line 1
trace:
#0 /ichukdata1/html/project/labring/core/util/DBAgent.php(79): PDOStatement->execute(Array)
#1 /ichukdata1/html/project/labring/core/service/OrderServ.php(12): DBAgent->querySingleRecord('select a.*,b.* ...', Array)
#2 /ichukdata1/html/project/labring/core/module/pc/user/Purchase.php(52): OrderServ->getOrderByOrderCode('123', '2', '100', '2', 2)
#3 /ichukdata1/html/project/labring/core/FileLoader.php(115): Purchase->action()
#4 /ichukdata1/html/project/labring/core/FileLoader.php(58): FileLoader->load('/ichukdata1/htm...', 'user.purchase.h...', '/user/purchase....', 'Purchase', false)
#5 /ichukdata1/html/project/labring/index.php(36): FileLoader->loadfile()
#6 {main}
[2016-12-23 23:21:57][error] errCode:42000
errMsg:SQLSTATE[42000]: Syntax error or access violation: 1064 You have an error in your SQL syntax; check the manual that corresponds to your MySQL server version for the right syntax to use near 'as product from labring_order a join labring_order_product b on a.order_code = b' at line 1
trace:
#0 /ichukdata1/html/project/labring/core/util/DBAgent.php(79): PDOStatement->execute(Array)
#1 /ichukdata1/html/project/labring/core/service/OrderServ.php(12): DBAgent->querySingleRecord('select a.*,b.* ...', Array)
#2 /ichukdata1/html/project/labring/core/module/pc/user/Purchase.php(52): OrderServ->getOrderByOrderCode('123', '2', '100', '2', 2)
#3 /ichukdata1/html/project/labring/core/FileLoader.php(115): Purchase->action()
#4 /ichukdata1/html/project/labring/core/FileLoader.php(58): FileLoader->load('/ichukdata1/htm...', 'user.purchase.h...', '/user/purchase....', 'Purchase', false)
#5 /ichukdata1/html/project/labring/index.php(36): FileLoader->loadfile()
#6 {main}
[2016-12-23 23:24:40][error] errCode:42000
errMsg:SQLSTATE[42000]: Syntax error or access violation: 1064 You have an error in your SQL syntax; check the manual that corresponds to your MySQL server version for the right syntax to use near 'as product from labring_order a join labring_order_product b on a.order_code = b' at line 1
trace:
#0 /ichukdata1/html/project/labring/core/util/DBAgent.php(79): PDOStatement->execute(Array)
#1 /ichukdata1/html/project/labring/core/service/OrderServ.php(12): DBAgent->querySingleRecord('select a.*,b.* ...', Array)
#2 /ichukdata1/html/project/labring/core/module/pc/user/Purchase.php(52): OrderServ->getOrderByOrderCode('123', '2', '100', '2', 2)
#3 /ichukdata1/html/project/labring/core/FileLoader.php(115): Purchase->action()
#4 /ichukdata1/html/project/labring/core/FileLoader.php(58): FileLoader->load('/ichukdata1/htm...', 'user.purchase.h...', '/user/purchase....', 'Purchase', false)
#5 /ichukdata1/html/project/labring/index.php(36): FileLoader->loadfile()
#6 {main}
[2016-12-23 23:24:54][error] errCode:42000
errMsg:SQLSTATE[42000]: Syntax error or access violation: 1064 You have an error in your SQL syntax; check the manual that corresponds to your MySQL server version for the right syntax to use near 'as product from labring_order a join labring_order_product b on a.order_code = b' at line 1
trace:
#0 /ichukdata1/html/project/labring/core/util/DBAgent.php(79): PDOStatement->execute(Array)
#1 /ichukdata1/html/project/labring/core/service/OrderServ.php(12): DBAgent->querySingleRecord('select a.*,b.* ...', Array)
#2 /ichukdata1/html/project/labring/core/module/pc/user/Purchase.php(52): OrderServ->getOrderByOrderCode('123', '2', '100', '2', 2)
#3 /ichukdata1/html/project/labring/core/FileLoader.php(115): Purchase->action()
#4 /ichukdata1/html/project/labring/core/FileLoader.php(58): FileLoader->load('/ichukdata1/htm...', 'user.purchase.h...', '/user/purchase....', 'Purchase', false)
#5 /ichukdata1/html/project/labring/index.php(36): FileLoader->loadfile()
#6 {main}
[2016-12-23 23:24:56][error] errCode:42000
errMsg:SQLSTATE[42000]: Syntax error or access violation: 1064 You have an error in your SQL syntax; check the manual that corresponds to your MySQL server version for the right syntax to use near '' at line 1
trace:
#0 /ichukdata1/html/project/labring/core/util/DBAgent.php(56): PDOStatement->execute(Array)
#1 /ichukdata1/html/project/labring/core/service/OrderServ.php(110): DBAgent->queryRecords('select a.*,b.na...', Array)
#2 /ichukdata1/html/project/labring/core/service/OrderServ.php(78): OrderServ->searchByCondition('', Array, 'select a.*,b.na...', 2, NULL, NULL)
#3 /ichukdata1/html/project/labring/core/module/pc/user/Order.php(41): OrderServ->getCompanyOrder('2', '100', '2', '', 1)
#4 /ichukdata1/html/project/labring/core/FileLoader.php(115): Order->action()
#5 /ichukdata1/html/project/labring/core/FileLoader.php(58): FileLoader->load('/ichukdata1/htm...', 'user.order.html', '/user/order.htm...', 'Order', false)
#6 /ichukdata1/html/project/labring/index.php(36): FileLoader->loadfile()
#7 {main}
[2016-12-23 23:25:04][error] errCode:42000
errMsg:SQLSTATE[42000]: Syntax error or access violation: 1064 You have an error in your SQL syntax; check the manual that corresponds to your MySQL server version for the right syntax to use near 'as product from labring_order a join labring_order_product b on a.order_code = b' at line 1
trace:
#0 /ichukdata1/html/project/labring/core/util/DBAgent.php(79): PDOStatement->execute(Array)
#1 /ichukdata1/html/project/labring/core/service/OrderServ.php(12): DBAgent->querySingleRecord('select a.*,b.* ...', Array)
#2 /ichukdata1/html/project/labring/core/module/pc/user/Purchase.php(52): OrderServ->getOrderByOrderCode('1482399505380', '2', '100', '2', 2)
#3 /ichukdata1/html/project/labring/core/FileLoader.php(115): Purchase->action()
#4 /ichukdata1/html/project/labring/core/FileLoader.php(58): FileLoader->load('/ichukdata1/htm...', 'user.purchase.h...', '/user/purchase....', 'Purchase', false)
#5 /ichukdata1/html/project/labring/index.php(36): FileLoader->loadfile()
#6 {main}
[2016-12-23 23:25:20][error] errCode:42000
errMsg:SQLSTATE[42000]: Syntax error or access violation: 1064 You have an error in your SQL syntax; check the manual that corresponds to your MySQL server version for the right syntax to use near 'as product from labring_order a join labring_order_product b on a.order_code = b' at line 1
trace:
#0 /ichukdata1/html/project/labring/core/util/DBAgent.php(79): PDOStatement->execute(Array)
#1 /ichukdata1/html/project/labring/core/service/OrderServ.php(12): DBAgent->querySingleRecord('select a.*,b.* ...', Array)
#2 /ichukdata1/html/project/labring/core/module/pc/user/Purchase.php(52): OrderServ->getOrderByOrderCode('1482399505380', '2', '100', '2', 2)
#3 /ichukdata1/html/project/labring/core/FileLoader.php(115): Purchase->action()
#4 /ichukdata1/html/project/labring/core/FileLoader.php(58): FileLoader->load('/ichukdata1/htm...', 'user.purchase.h...', '/user/purchase....', 'Purchase', false)
#5 /ichukdata1/html/project/labring/index.php(36): FileLoader->loadfile()
#6 {main}
[2016-12-23 23:25:21][error] errCode:42000
errMsg:SQLSTATE[42000]: Syntax error or access violation: 1064 You have an error in your SQL syntax; check the manual that corresponds to your MySQL server version for the right syntax to use near 'as product from labring_order a join labring_order_product b on a.order_code = b' at line 1
trace:
#0 /ichukdata1/html/project/labring/core/util/DBAgent.php(79): PDOStatement->execute(Array)
#1 /ichukdata1/html/project/labring/core/service/OrderServ.php(12): DBAgent->querySingleRecord('select a.*,b.* ...', Array)
#2 /ichukdata1/html/project/labring/core/module/pc/user/Purchase.php(52): OrderServ->getOrderByOrderCode('1482399505380', '2', '100', '2', 2)
#3 /ichukdata1/html/project/labring/core/FileLoader.php(115): Purchase->action()
#4 /ichukdata1/html/project/labring/core/FileLoader.php(58): FileLoader->load('/ichukdata1/htm...', 'user.purchase.h...', '/user/purchase....', 'Purchase', false)
#5 /ichukdata1/html/project/labring/index.php(36): FileLoader->loadfile()
#6 {main}
[2016-12-23 23:51:54][error] errCode:42000
errMsg:SQLSTATE[42000]: Syntax error or access violation: 1064 You have an error in your SQL syntax; check the manual that corresponds to your MySQL server version for the right syntax to use near '' at line 1
trace:
#0 /ichukdata1/html/project/labring/core/util/DBAgent.php(56): PDOStatement->execute(Array)
#1 /ichukdata1/html/project/labring/core/service/OrderServ.php(111): DBAgent->queryRecords('select a.*,b.na...', Array)
#2 /ichukdata1/html/project/labring/core/service/OrderServ.php(79): OrderServ->searchByCondition('', Array, 'select a.*,b.na...', 2, NULL, NULL)
#3 /ichukdata1/html/project/labring/core/module/pc/user/Order.php(41): OrderServ->getCompanyOrder('2', '100', '2', '', 1)
#4 /ichukdata1/html/project/labring/core/FileLoader.php(115): Order->action()
#5 /ichukdata1/html/project/labring/core/FileLoader.php(58): FileLoader->load('/ichukdata1/htm...', 'user.order.html', '/user/order.htm...', 'Order', false)
#6 /ichukdata1/html/project/labring/index.php(36): FileLoader->loadfile()
#7 {main}
