[2016-12-19 09:42:18][error] errCode:42S22
errMsg:SQLSTATE[42S22]: Column not found: 1054 Unknown column 'aid' in 'where clause'
trace:
#0 /ichukdata1/html/project/labring/core/util/DBAgent.php(102): PDOStatement->execute(Array)
#1 /ichukdata1/html/project/labring/core/service/AddressServ.php(119): DBAgent->query('update #__addre...', Array)
#2 /ichukdata1/html/project/labring/core/module/pc/_api/service/TestServ.php(9): AddressServ->setAddressDefault('1', 4)
#3 /ichukdata1/html/project/labring/core/FileLoader.php(115): TestServ->action()
#4 /ichukdata1/html/project/labring/core/FileLoader.php(58): FileLoader->load('/ichukdata1/htm...', 'service.testSer...', '/service/testSe...', 'TestServ', true)
#5 /ichukdata1/html/project/labring/index.php(36): FileLoader->loadfile()
#6 {main}
[2016-12-19 09:51:36][error] errCode:42000
errMsg:SQLSTATE[42000]: Syntax error or access violation: 1064 You have an error in your SQL syntax; check the manual that corresponds to your MySQL server version for the right syntax to use near '(and id = '4' or is_default = 1)' at line 1
trace:
#0 /ichukdata1/html/project/labring/core/util/DBAgent.php(102): PDOStatement->execute(Array)
#1 /ichukdata1/html/project/labring/core/service/AddressServ.php(119): DBAgent->query('update #__addre...', Array)
#2 /ichukdata1/html/project/labring/core/module/pc/_api/service/TestServ.php(9): AddressServ->setAddressDefault('1', 4)
#3 /ichukdata1/html/project/labring/core/FileLoader.php(115): TestServ->action()
#4 /ichukdata1/html/project/labring/core/FileLoader.php(58): FileLoader->load('/ichukdata1/htm...', 'service.testSer...', '/service/testSe...', 'TestServ', true)
#5 /ichukdata1/html/project/labring/index.php(36): FileLoader->loadfile()
#6 {main}
[2016-12-19 10:10:19][error] errCode:HY093
errMsg:SQLSTATE[HY093]: Invalid parameter number: number of bound variables does not match number of tokens
trace:
#0 /ichukdata1/html/project/labring/core/util/DBAgent.php(102): PDOStatement->execute(Array)
#1 /ichukdata1/html/project/labring/core/service/AddressServ.php(135): DBAgent->query('update #__addre...', Array)
#2 /ichukdata1/html/project/labring/core/module/pc/_api/service/TestServ.php(9): AddressServ->unsetAddressDefault('1')
#3 /ichukdata1/html/project/labring/core/FileLoader.php(115): TestServ->action()
#4 /ichukdata1/html/project/labring/core/FileLoader.php(58): FileLoader->load('/ichukdata1/htm...', 'service.testSer...', '/service/testSe...', 'TestServ', true)
#5 /ichukdata1/html/project/labring/index.php(36): FileLoader->loadfile()
#6 {main}
[2016-12-19 16:28:14][error] errCode:42S22
errMsg:SQLSTATE[42S22]: Column not found: 1054 Unknown column 'pid' in 'where clause'
trace:
#0 /ichukdata1/html/project/labring/core/util/DBAgent.php(56): PDOStatement->execute(Array)
#1 /ichukdata1/html/project/labring/core/service/ProductServ.php(139): DBAgent->queryRecords('select * from #...', Array)
#2 /ichukdata1/html/project/labring/core/module/pc/goods/Detail.php(35): ProductServ->getProductProperty('2')
#3 /ichukdata1/html/project/labring/core/FileLoader.php(115): Detail->action()
#4 /ichukdata1/html/project/labring/core/FileLoader.php(58): FileLoader->load('/ichukdata1/htm...', 'goods.detail.ht...', '/goods/detail.h...', 'Detail', false)
#5 /ichukdata1/html/project/labring/index.php(36): FileLoader->loadfile()
#6 {main}
[2016-12-19 16:28:18][error] errCode:42S22
errMsg:SQLSTATE[42S22]: Column not found: 1054 Unknown column 'pid' in 'where clause'
trace:
#0 /ichukdata1/html/project/labring/core/util/DBAgent.php(56): PDOStatement->execute(Array)
#1 /ichukdata1/html/project/labring/core/service/ProductServ.php(139): DBAgent->queryRecords('select * from #...', Array)
#2 /ichukdata1/html/project/labring/core/module/pc/goods/Detail.php(35): ProductServ->getProductProperty('1')
#3 /ichukdata1/html/project/labring/core/FileLoader.php(115): Detail->action()
#4 /ichukdata1/html/project/labring/core/FileLoader.php(58): FileLoader->load('/ichukdata1/htm...', 'goods.detail.ht...', '/goods/detail.h...', 'Detail', false)
#5 /ichukdata1/html/project/labring/index.php(36): FileLoader->loadfile()
#6 {main}
[2016-12-19 16:28:18][error] errCode:42S22
errMsg:SQLSTATE[42S22]: Column not found: 1054 Unknown column 'pid' in 'where clause'
trace:
#0 /ichukdata1/html/project/labring/core/util/DBAgent.php(56): PDOStatement->execute(Array)
#1 /ichukdata1/html/project/labring/core/service/ProductServ.php(139): DBAgent->queryRecords('select * from #...', Array)
#2 /ichukdata1/html/project/labring/core/module/pc/goods/Detail.php(35): ProductServ->getProductProperty('1')
#3 /ichukdata1/html/project/labring/core/FileLoader.php(115): Detail->action()
#4 /ichukdata1/html/project/labring/core/FileLoader.php(58): FileLoader->load('/ichukdata1/htm...', 'goods.detail.ht...', '/goods/detail.h...', 'Detail', false)
#5 /ichukdata1/html/project/labring/index.php(36): FileLoader->loadfile()
#6 {main}
[2016-12-19 16:29:59][error] errCode:42S22
errMsg:SQLSTATE[42S22]: Column not found: 1054 Unknown column 'pid' in 'where clause'
trace:
#0 /ichukdata1/html/project/labring/core/util/DBAgent.php(56): PDOStatement->execute(Array)
#1 /ichukdata1/html/project/labring/core/service/ProductServ.php(139): DBAgent->queryRecords('select * from #...', Array)
#2 /ichukdata1/html/project/labring/core/module/pc/goods/Detail.php(35): ProductServ->getProductProperty('1')
#3 /ichukdata1/html/project/labring/core/FileLoader.php(115): Detail->action()
#4 /ichukdata1/html/project/labring/core/FileLoader.php(58): FileLoader->load('/ichukdata1/htm...', 'goods.detail.ht...', '/goods/detail.h...', 'Detail', false)
#5 /ichukdata1/html/project/labring/index.php(36): FileLoader->loadfile()
#6 {main}
[2016-12-19 16:31:44][error] errCode:42S22
errMsg:SQLSTATE[42S22]: Column not found: 1054 Unknown column 'pid' in 'where clause'
trace:
#0 /ichukdata1/html/project/labring/core/util/DBAgent.php(56): PDOStatement->execute(Array)
#1 /ichukdata1/html/project/labring/core/service/ProductServ.php(139): DBAgent->queryRecords('select * from #...', Array)
#2 /ichukdata1/html/project/labring/core/module/pc/goods/Detail.php(35): ProductServ->getProductProperty('1')
#3 /ichukdata1/html/project/labring/core/FileLoader.php(115): Detail->action()
#4 /ichukdata1/html/project/labring/core/FileLoader.php(58): FileLoader->load('/ichukdata1/htm...', 'goods.detail.ht...', '/goods/detail.h...', 'Detail', false)
#5 /ichukdata1/html/project/labring/index.php(36): FileLoader->loadfile()
#6 {main}
[2016-12-19 17:31:04][error] errCode:42S22
errMsg:SQLSTATE[42S22]: Column not found: 1054 Unknown column 'pid' in 'where clause'
trace:
#0 /ichukdata1/html/project/labring/core/util/DBAgent.php(56): PDOStatement->execute(Array)
#1 /ichukdata1/html/project/labring/core/service/ProductServ.php(139): DBAgent->queryRecords('select * from #...', Array)
#2 /ichukdata1/html/project/labring/core/module/pc/goods/Detail.php(35): ProductServ->getProductProperty('1')
#3 /ichukdata1/html/project/labring/core/FileLoader.php(115): Detail->action()
#4 /ichukdata1/html/project/labring/core/FileLoader.php(58): FileLoader->load('/ichukdata1/htm...', 'goods.detail.ht...', '/goods/detail.h...', 'Detail', false)
#5 /ichukdata1/html/project/labring/index.php(36): FileLoader->loadfile()
#6 {main}
[2016-12-19 17:44:21][error] errCode:42S22
errMsg:SQLSTATE[42S22]: Column not found: 1054 Unknown column 'pid' in 'where clause'
trace:
#0 /ichukdata1/html/project/labring/core/util/DBAgent.php(56): PDOStatement->execute(Array)
#1 /ichukdata1/html/project/labring/core/service/ProductServ.php(139): DBAgent->queryRecords('select * from #...', Array)
#2 /ichukdata1/html/project/labring/core/module/pc/goods/Detail.php(35): ProductServ->getProductProperty('1')
#3 /ichukdata1/html/project/labring/core/FileLoader.php(115): Detail->action()
#4 /ichukdata1/html/project/labring/core/FileLoader.php(58): FileLoader->load('/ichukdata1/htm...', 'goods.detail.ht...', '/goods/detail.h...', 'Detail', false)
#5 /ichukdata1/html/project/labring/index.php(36): FileLoader->loadfile()
#6 {main}
[2016-12-19 18:12:30][error] errCode:42S22
errMsg:SQLSTATE[42S22]: Column not found: 1054 Unknown column 'pid' in 'where clause'
trace:
#0 /ichukdata1/html/project/labring/core/util/DBAgent.php(56): PDOStatement->execute(Array)
#1 /ichukdata1/html/project/labring/core/service/ProductServ.php(139): DBAgent->queryRecords('select * from #...', Array)
#2 /ichukdata1/html/project/labring/core/module/pc/goods/Detail.php(35): ProductServ->getProductProperty('1')
#3 /ichukdata1/html/project/labring/core/FileLoader.php(115): Detail->action()
#4 /ichukdata1/html/project/labring/core/FileLoader.php(58): FileLoader->load('/ichukdata1/htm...', 'goods.detail.ht...', '/goods/detail.h...', 'Detail', false)
#5 /ichukdata1/html/project/labring/index.php(36): FileLoader->loadfile()
#6 {main}
[2016-12-19 18:31:06][error] errCode:42S22
errMsg:SQLSTATE[42S22]: Column not found: 1054 Unknown column 'pid' in 'where clause'
trace:
#0 /ichukdata1/html/project/labring/core/util/DBAgent.php(56): PDOStatement->execute(Array)
#1 /ichukdata1/html/project/labring/core/service/ProductServ.php(139): DBAgent->queryRecords('select * from #...', Array)
#2 /ichukdata1/html/project/labring/core/module/pc/goods/Detail.php(35): ProductServ->getProductProperty('1')
#3 /ichukdata1/html/project/labring/core/FileLoader.php(115): Detail->action()
#4 /ichukdata1/html/project/labring/core/FileLoader.php(58): FileLoader->load('/ichukdata1/htm...', 'goods.detail.ht...', '/goods/detail.h...', 'Detail', false)
#5 /ichukdata1/html/project/labring/index.php(36): FileLoader->loadfile()
#6 {main}
[2016-12-19 18:36:32][error] errCode:42000
errMsg:SQLSTATE[42000]: Syntax error or access violation: 1064 You have an error in your SQL syntax; check the manual that corresponds to your MySQL server version for the right syntax to use near ') order by id DESC' at line 2
trace:
#0 /ichukdata1/html/project/labring/core/util/DBAgent.php(56): PDOStatement->execute(Array)
#1 /ichukdata1/html/project/labring/core/module/pc/user/Order.php(45): DBAgent->queryRecords('select labring_...', Array)
#2 /ichukdata1/html/project/labring/core/FileLoader.php(115): Order->action()
#3 /ichukdata1/html/project/labring/core/FileLoader.php(58): FileLoader->load('/ichukdata1/htm...', 'user.order.html', '/user/order.htm...', 'Order', false)
#4 /ichukdata1/html/project/labring/index.php(36): FileLoader->loadfile()
#5 {main}
[2016-12-19 18:36:40][error] errCode:42000
errMsg:SQLSTATE[42000]: Syntax error or access violation: 1064 You have an error in your SQL syntax; check the manual that corresponds to your MySQL server version for the right syntax to use near ') and labring_order.type=2 order by id DESC' at line 2
trace:
#0 /ichukdata1/html/project/labring/core/util/DBAgent.php(56): PDOStatement->execute(Array)
#1 /ichukdata1/html/project/labring/core/module/pc/user/Purchase.php(43): DBAgent->queryRecords('select labring_...', Array)
#2 /ichukdata1/html/project/labring/core/FileLoader.php(115): Purchase->action()
#3 /ichukdata1/html/project/labring/core/FileLoader.php(58): FileLoader->load('/ichukdata1/htm...', 'user.purchase.h...', '/user/purchase....', 'Purchase', false)
#4 /ichukdata1/html/project/labring/index.php(36): FileLoader->loadfile()
#5 {main}
[2016-12-19 19:03:48][error] errCode:42S22
errMsg:SQLSTATE[42S22]: Column not found: 1054 Unknown column 'prperties' in 'field list'
trace:
#0 /ichukdata1/html/project/labring/core/util/DBAgent.php(56): PDOStatement->execute(Array)
#1 /ichukdata1/html/project/labring/core/service/ProductServ.php(148): DBAgent->queryRecords('select prpertie...', Array)
#2 /ichukdata1/html/project/labring/core/module/pc/goods/Detail.php(37): ProductServ->getProductProperties('1')
#3 /ichukdata1/html/project/labring/core/FileLoader.php(115): Detail->action()
#4 /ichukdata1/html/project/labring/core/FileLoader.php(58): FileLoader->load('/ichukdata1/htm...', 'goods.detail.ht...', '/goods/detail.h...', 'Detail', false)
#5 /ichukdata1/html/project/labring/index.php(36): FileLoader->loadfile()
#6 {main}
[2016-12-19 19:04:43][error] errCode:42S22
errMsg:SQLSTATE[42S22]: Column not found: 1054 Unknown column 'prperties' in 'field list'
trace:
#0 /ichukdata1/html/project/labring/core/util/DBAgent.php(56): PDOStatement->execute(Array)
#1 /ichukdata1/html/project/labring/core/service/ProductServ.php(148): DBAgent->queryRecords('select prpertie...', Array)
#2 /ichukdata1/html/project/labring/core/module/pc/goods/Detail.php(37): ProductServ->getProductProperties('1')
#3 /ichukdata1/html/project/labring/core/FileLoader.php(115): Detail->action()
#4 /ichukdata1/html/project/labring/core/FileLoader.php(58): FileLoader->load('/ichukdata1/htm...', 'goods.detail.ht...', '/goods/detail.h...', 'Detail', false)
#5 /ichukdata1/html/project/labring/index.php(36): FileLoader->loadfile()
#6 {main}
[2016-12-19 19:04:44][error] errCode:42S22
errMsg:SQLSTATE[42S22]: Column not found: 1054 Unknown column 'prperties' in 'field list'
trace:
#0 /ichukdata1/html/project/labring/core/util/DBAgent.php(56): PDOStatement->execute(Array)
#1 /ichukdata1/html/project/labring/core/service/ProductServ.php(148): DBAgent->queryRecords('select prpertie...', Array)
#2 /ichukdata1/html/project/labring/core/module/pc/goods/Detail.php(37): ProductServ->getProductProperties('1')
#3 /ichukdata1/html/project/labring/core/FileLoader.php(115): Detail->action()
#4 /ichukdata1/html/project/labring/core/FileLoader.php(58): FileLoader->load('/ichukdata1/htm...', 'goods.detail.ht...', '/goods/detail.h...', 'Detail', false)
#5 /ichukdata1/html/project/labring/index.php(36): FileLoader->loadfile()
#6 {main}
[2016-12-19 19:04:45][error] errCode:42S22
errMsg:SQLSTATE[42S22]: Column not found: 1054 Unknown column 'prperties' in 'field list'
trace:
#0 /ichukdata1/html/project/labring/core/util/DBAgent.php(56): PDOStatement->execute(Array)
#1 /ichukdata1/html/project/labring/core/service/ProductServ.php(148): DBAgent->queryRecords('select prpertie...', Array)
#2 /ichukdata1/html/project/labring/core/module/pc/goods/Detail.php(37): ProductServ->getProductProperties('1')
#3 /ichukdata1/html/project/labring/core/FileLoader.php(115): Detail->action()
#4 /ichukdata1/html/project/labring/core/FileLoader.php(58): FileLoader->load('/ichukdata1/htm...', 'goods.detail.ht...', '/goods/detail.h...', 'Detail', false)
#5 /ichukdata1/html/project/labring/index.php(36): FileLoader->loadfile()
#6 {main}
[2016-12-19 19:04:47][error] errCode:42S22
errMsg:SQLSTATE[42S22]: Column not found: 1054 Unknown column 'prperties' in 'field list'
trace:
#0 /ichukdata1/html/project/labring/core/util/DBAgent.php(56): PDOStatement->execute(Array)
#1 /ichukdata1/html/project/labring/core/service/ProductServ.php(148): DBAgent->queryRecords('select prpertie...', Array)
#2 /ichukdata1/html/project/labring/core/module/pc/goods/Detail.php(37): ProductServ->getProductProperties('1')
#3 /ichukdata1/html/project/labring/core/FileLoader.php(115): Detail->action()
#4 /ichukdata1/html/project/labring/core/FileLoader.php(58): FileLoader->load('/ichukdata1/htm...', 'goods.detail.ht...', '/goods/detail.h...', 'Detail', false)
#5 /ichukdata1/html/project/labring/index.php(36): FileLoader->loadfile()
#6 {main}
[2016-12-19 19:05:00][error] errCode:42S22
errMsg:SQLSTATE[42S22]: Column not found: 1054 Unknown column 'prperties' in 'field list'
trace:
#0 /ichukdata1/html/project/labring/core/util/DBAgent.php(56): PDOStatement->execute(Array)
#1 /ichukdata1/html/project/labring/core/service/ProductServ.php(148): DBAgent->queryRecords('select prpertie...', Array)
#2 /ichukdata1/html/project/labring/core/module/pc/goods/Detail.php(37): ProductServ->getProductProperties('1')
#3 /ichukdata1/html/project/labring/core/FileLoader.php(115): Detail->action()
#4 /ichukdata1/html/project/labring/core/FileLoader.php(58): FileLoader->load('/ichukdata1/htm...', 'goods.detail.ht...', '/goods/detail.h...', 'Detail', false)
#5 /ichukdata1/html/project/labring/index.php(36): FileLoader->loadfile()
#6 {main}
[2016-12-19 19:05:18][error] errCode:42S22
errMsg:SQLSTATE[42S22]: Column not found: 1054 Unknown column 'prperties' in 'field list'
trace:
#0 /ichukdata1/html/project/labring/core/util/DBAgent.php(56): PDOStatement->execute(Array)
#1 /ichukdata1/html/project/labring/core/service/ProductServ.php(148): DBAgent->queryRecords('select prpertie...', Array)
#2 /ichukdata1/html/project/labring/core/module/pc/goods/Detail.php(37): ProductServ->getProductProperties('1')
#3 /ichukdata1/html/project/labring/core/FileLoader.php(115): Detail->action()
#4 /ichukdata1/html/project/labring/core/FileLoader.php(58): FileLoader->load('/ichukdata1/htm...', 'goods.detail.ht...', '/goods/detail.h...', 'Detail', false)
#5 /ichukdata1/html/project/labring/index.php(36): FileLoader->loadfile()
#6 {main}
[2016-12-19 19:05:19][error] errCode:42S22
errMsg:SQLSTATE[42S22]: Column not found: 1054 Unknown column 'prperties' in 'field list'
trace:
#0 /ichukdata1/html/project/labring/core/util/DBAgent.php(56): PDOStatement->execute(Array)
#1 /ichukdata1/html/project/labring/core/service/ProductServ.php(148): DBAgent->queryRecords('select prpertie...', Array)
#2 /ichukdata1/html/project/labring/core/module/pc/goods/Detail.php(37): ProductServ->getProductProperties('1')
#3 /ichukdata1/html/project/labring/core/FileLoader.php(115): Detail->action()
#4 /ichukdata1/html/project/labring/core/FileLoader.php(58): FileLoader->load('/ichukdata1/htm...', 'goods.detail.ht...', '/goods/detail.h...', 'Detail', false)
#5 /ichukdata1/html/project/labring/index.php(36): FileLoader->loadfile()
#6 {main}
