[2017-02-18 06:38:04][error] errCode:42000
errMsg:SQLSTATE[42000]: Syntax error or access violation: 1064 You have an error in your SQL syntax; check the manual that corresponds to your MySQL server version for the right syntax to use near 'status=1' at line 1
trace:
#0 /ichukdata1/html/project/labring/core/util/DBAgent.php(102): PDOStatement->execute(Array)
#1 /ichukdata1/html/project/labring/core/service/ProductServ.php(48): DBAgent->query('update #__produ...', Array)
#2 /ichukdata1/html/project/labring/core/module/pc/goods/Detail.php(13): ProductServ->updateSee(0)
#3 /ichukdata1/html/project/labring/core/FileLoader.php(116): Detail->action()
#4 /ichukdata1/html/project/labring/core/FileLoader.php(58): FileLoader->load('/ichukdata1/htm...', 'goods.detail.ht...', '/goods/detail.h...', 'Detail', false)
#5 /ichukdata1/html/project/labring/index.php(36): FileLoader->loadfile()
#6 {main}
[2017-02-18 06:51:24][error] errCode:22001
errMsg:SQLSTATE[22001]: String data, right truncated: 1406 Data too long for column 'from_url' at row 1
trace:
#0 /ichukdata1/html/project/labring/core/util/DBAgent.php(102): PDOStatement->execute(Array)
#1 /ichukdata1/html/project/labring/core/util/AccessCommon.php(16): DBAgent->query('insert into #__...', Array)
#2 /ichukdata1/html/project/labring/core/FileLoader.php(115): AccessCommon::addAccessLog('/login.html')
#3 /ichukdata1/html/project/labring/core/FileLoader.php(43): FileLoader->load('/ichukdata1/htm...', 'login.html', '/login.html', 'Login')
#4 /ichukdata1/html/project/labring/index_admin.php(36): FileLoader->loadfile()
#5 {main}
[2017-02-18 07:17:19][error] errCode:22001
errMsg:SQLSTATE[22001]: String data, right truncated: 1406 Data too long for column 'from_url' at row 1
trace:
#0 /ichukdata1/html/project/labring/core/util/DBAgent.php(102): PDOStatement->execute(Array)
#1 /ichukdata1/html/project/labring/core/util/AccessCommon.php(16): DBAgent->query('insert into #__...', Array)
#2 /ichukdata1/html/project/labring/core/FileLoader.php(115): AccessCommon::addAccessLog('/login.html')
#3 /ichukdata1/html/project/labring/core/FileLoader.php(43): FileLoader->load('/ichukdata1/htm...', 'login.html', '/login.html', 'Login')
#4 /ichukdata1/html/project/labring/index_admin.php(36): FileLoader->loadfile()
#5 {main}
[2017-02-18 13:53:13][error] errCode:42000
errMsg:SQLSTATE[42000]: Syntax error or access violation: 1064 You have an error in your SQL syntax; check the manual that corresponds to your MySQL server version for the right syntax to use near 'status=1' at line 1
trace:
#0 /ichukdata1/html/project/labring/core/util/DBAgent.php(102): PDOStatement->execute(Array)
#1 /ichukdata1/html/project/labring/core/service/ProductServ.php(48): DBAgent->query('update #__produ...', Array)
#2 /ichukdata1/html/project/labring/core/module/pc/goods/Detail.php(13): ProductServ->updateSee('dd77279f7d325ee...')
#3 /ichukdata1/html/project/labring/core/FileLoader.php(116): Detail->action()
#4 /ichukdata1/html/project/labring/core/FileLoader.php(58): FileLoader->load('/ichukdata1/htm...', 'goods.detail.ht...', '/goods/detail.h...', 'Detail', false)
#5 /ichukdata1/html/project/labring/index.php(36): FileLoader->loadfile()
#6 {main}
[2017-02-18 14:54:46][error] errCode:42000
errMsg:SQLSTATE[42000]: Syntax error or access violation: 1064 You have an error in your SQL syntax; check the manual that corresponds to your MySQL server version for the right syntax to use near 'status=1' at line 1
trace:
#0 /ichukdata1/html/project/labring/core/util/DBAgent.php(102): PDOStatement->execute(Array)
#1 /ichukdata1/html/project/labring/core/service/ProductServ.php(48): DBAgent->query('update #__produ...', Array)
#2 /ichukdata1/html/project/labring/core/module/pc/goods/Detail.php(13): ProductServ->updateSee('aeefb0509113348...')
#3 /ichukdata1/html/project/labring/core/FileLoader.php(116): Detail->action()
#4 /ichukdata1/html/project/labring/core/FileLoader.php(58): FileLoader->load('/ichukdata1/htm...', 'goods.detail.ht...', '/goods/detail.h...', 'Detail', false)
#5 /ichukdata1/html/project/labring/index.php(36): FileLoader->loadfile()
#6 {main}
[2017-02-18 15:05:49][error] errCode:42000
errMsg:SQLSTATE[42000]: Syntax error or access violation: 1064 You have an error in your SQL syntax; check the manual that corresponds to your MySQL server version for the right syntax to use near 'status=1' at line 1
trace:
#0 /ichukdata1/html/project/labring/core/util/DBAgent.php(102): PDOStatement->execute(Array)
#1 /ichukdata1/html/project/labring/core/service/ProductServ.php(48): DBAgent->query('update #__produ...', Array)
#2 /ichukdata1/html/project/labring/core/module/pc/goods/Detail.php(13): ProductServ->updateSee('aeefb0509113348...')
#3 /ichukdata1/html/project/labring/core/FileLoader.php(116): Detail->action()
#4 /ichukdata1/html/project/labring/core/FileLoader.php(58): FileLoader->load('/ichukdata1/htm...', 'goods.detail.ht...', '/goods/detail.h...', 'Detail', false)
#5 /ichukdata1/html/project/labring/index.php(36): FileLoader->loadfile()
#6 {main}
[2017-02-18 16:50:09][error] errCode:42000
errMsg:SQLSTATE[42000]: Syntax error or access violation: 1064 You have an error in your SQL syntax; check the manual that corresponds to your MySQL server version for the right syntax to use near 'status=1' at line 1
trace:
#0 /ichukdata1/html/project/labring/core/util/DBAgent.php(102): PDOStatement->execute(Array)
#1 /ichukdata1/html/project/labring/core/service/ProductServ.php(48): DBAgent->query('update #__produ...', Array)
#2 /ichukdata1/html/project/labring/core/module/pc/goods/Detail.php(13): ProductServ->updateSee('228bbc2f87caeb2...')
#3 /ichukdata1/html/project/labring/core/FileLoader.php(116): Detail->action()
#4 /ichukdata1/html/project/labring/core/FileLoader.php(58): FileLoader->load('/ichukdata1/htm...', 'goods.detail.ht...', '/goods/detail.h...', 'Detail', false)
#5 /ichukdata1/html/project/labring/index.php(36): FileLoader->loadfile()
#6 {main}
[2017-02-18 16:50:10][error] errCode:42S22
errMsg:SQLSTATE[42S22]: Column not found: 1054 Unknown column '228bbc2f87caeb21bb7f6949fddcb91d' in 'where clause'
trace:
#0 /ichukdata1/html/project/labring/core/util/DBAgent.php(56): PDOStatement->execute(Array)
#1 /ichukdata1/html/project/labring/core/module/pc/_api/service/GetProductBroServ.php(11): DBAgent->queryRecords('select property...', Array)
#2 /ichukdata1/html/project/labring/core/FileLoader.php(116): GetProductBroServ->action()
#3 /ichukdata1/html/project/labring/core/FileLoader.php(58): FileLoader->load('/ichukdata1/htm...', 'service.GetProd...', '/service/GetPro...', 'GetProductBroSe...', true)
#4 /ichukdata1/html/project/labring/index.php(36): FileLoader->loadfile()
#5 {main}
[2017-02-18 17:00:25][error] errCode:42000
errMsg:SQLSTATE[42000]: Syntax error or access violation: 1064 You have an error in your SQL syntax; check the manual that corresponds to your MySQL server version for the right syntax to use near 'status=1' at line 1
trace:
#0 /ichukdata1/html/project/labring/core/util/DBAgent.php(102): PDOStatement->execute(Array)
#1 /ichukdata1/html/project/labring/core/service/ProductServ.php(48): DBAgent->query('update #__produ...', Array)
#2 /ichukdata1/html/project/labring/core/module/pc/goods/Detail.php(13): ProductServ->updateSee('353de26971b93af...')
#3 /ichukdata1/html/project/labring/core/FileLoader.php(116): Detail->action()
#4 /ichukdata1/html/project/labring/core/FileLoader.php(58): FileLoader->load('/ichukdata1/htm...', 'goods.detail.ht...', '/goods/detail.h...', 'Detail', false)
#5 /ichukdata1/html/project/labring/index.php(36): FileLoader->loadfile()
#6 {main}
[2017-02-18 17:00:37][error] errCode:42000
errMsg:SQLSTATE[42000]: Syntax error or access violation: 1064 You have an error in your SQL syntax; check the manual that corresponds to your MySQL server version for the right syntax to use near 'status=1' at line 1
trace:
#0 /ichukdata1/html/project/labring/core/util/DBAgent.php(102): PDOStatement->execute(Array)
#1 /ichukdata1/html/project/labring/core/service/ProductServ.php(48): DBAgent->query('update #__produ...', Array)
#2 /ichukdata1/html/project/labring/core/module/pc/goods/Detail.php(13): ProductServ->updateSee('353de26971b93af...')
#3 /ichukdata1/html/project/labring/core/FileLoader.php(116): Detail->action()
#4 /ichukdata1/html/project/labring/core/FileLoader.php(58): FileLoader->load('/ichukdata1/htm...', 'goods.detail.ht...', '/goods/detail.h...', 'Detail', false)
#5 /ichukdata1/html/project/labring/index.php(36): FileLoader->loadfile()
#6 {main}
[2017-02-18 17:44:35][error] errCode:42000
errMsg:SQLSTATE[42000]: Syntax error or access violation: 1064 You have an error in your SQL syntax; check the manual that corresponds to your MySQL server version for the right syntax to use near 'status=1' at line 1
trace:
#0 /ichukdata1/html/project/labring/core/util/DBAgent.php(102): PDOStatement->execute(Array)
#1 /ichukdata1/html/project/labring/core/service/ProductServ.php(48): DBAgent->query('update #__produ...', Array)
#2 /ichukdata1/html/project/labring/core/module/pc/goods/Detail.php(13): ProductServ->updateSee('b3f61131b6eceeb...')
#3 /ichukdata1/html/project/labring/core/FileLoader.php(116): Detail->action()
#4 /ichukdata1/html/project/labring/core/FileLoader.php(58): FileLoader->load('/ichukdata1/htm...', 'goods.detail.ht...', '/goods/detail.h...', 'Detail', false)
#5 /ichukdata1/html/project/labring/index.php(36): FileLoader->loadfile()
#6 {main}
[2017-02-18 17:44:35][error] errCode:42000
errMsg:SQLSTATE[42000]: Syntax error or access violation: 1064 You have an error in your SQL syntax; check the manual that corresponds to your MySQL server version for the right syntax to use near 'status=1' at line 1
trace:
#0 /ichukdata1/html/project/labring/core/util/DBAgent.php(102): PDOStatement->execute(Array)
#1 /ichukdata1/html/project/labring/core/service/ProductServ.php(48): DBAgent->query('update #__produ...', Array)
#2 /ichukdata1/html/project/labring/core/module/pc/goods/Detail.php(13): ProductServ->updateSee('b3f61131b6eceeb...')
#3 /ichukdata1/html/project/labring/core/FileLoader.php(116): Detail->action()
#4 /ichukdata1/html/project/labring/core/FileLoader.php(58): FileLoader->load('/ichukdata1/htm...', 'goods.detail.ht...', '/goods/detail.h...', 'Detail', false)
#5 /ichukdata1/html/project/labring/index.php(36): FileLoader->loadfile()
#6 {main}
[2017-02-18 17:44:44][error] errCode:42000
errMsg:SQLSTATE[42000]: Syntax error or access violation: 1064 You have an error in your SQL syntax; check the manual that corresponds to your MySQL server version for the right syntax to use near 'status=1' at line 1
trace:
#0 /ichukdata1/html/project/labring/core/util/DBAgent.php(102): PDOStatement->execute(Array)
#1 /ichukdata1/html/project/labring/core/service/ProductServ.php(48): DBAgent->query('update #__produ...', Array)
#2 /ichukdata1/html/project/labring/core/module/pc/goods/Detail.php(13): ProductServ->updateSee('b3f61131b6eceeb...')
#3 /ichukdata1/html/project/labring/core/FileLoader.php(116): Detail->action()
#4 /ichukdata1/html/project/labring/core/FileLoader.php(58): FileLoader->load('/ichukdata1/htm...', 'goods.detail.ht...', '/goods/detail.h...', 'Detail', false)
#5 /ichukdata1/html/project/labring/index.php(36): FileLoader->loadfile()
#6 {main}
[2017-02-18 18:02:22][error] errCode:42000
errMsg:SQLSTATE[42000]: Syntax error or access violation: 1064 You have an error in your SQL syntax; check the manual that corresponds to your MySQL server version for the right syntax to use near 'status=1' at line 1
trace:
#0 /ichukdata1/html/project/labring/core/util/DBAgent.php(102): PDOStatement->execute(Array)
#1 /ichukdata1/html/project/labring/core/service/ProductServ.php(48): DBAgent->query('update #__produ...', Array)
#2 /ichukdata1/html/project/labring/core/module/pc/goods/Detail.php(13): ProductServ->updateSee('a501bebf79d5706...')
#3 /ichukdata1/html/project/labring/core/FileLoader.php(116): Detail->action()
#4 /ichukdata1/html/project/labring/core/FileLoader.php(58): FileLoader->load('/ichukdata1/htm...', 'goods.detail.ht...', '/goods/detail.h...', 'Detail', false)
#5 /ichukdata1/html/project/labring/index.php(36): FileLoader->loadfile()
#6 {main}
[2017-02-18 18:02:22][error] errCode:42000
errMsg:SQLSTATE[42000]: Syntax error or access violation: 1064 You have an error in your SQL syntax; check the manual that corresponds to your MySQL server version for the right syntax to use near 'status=1' at line 1
trace:
#0 /ichukdata1/html/project/labring/core/util/DBAgent.php(102): PDOStatement->execute(Array)
#1 /ichukdata1/html/project/labring/core/service/ProductServ.php(48): DBAgent->query('update #__produ...', Array)
#2 /ichukdata1/html/project/labring/core/module/pc/goods/Detail.php(13): ProductServ->updateSee('a501bebf79d5706...')
#3 /ichukdata1/html/project/labring/core/FileLoader.php(116): Detail->action()
#4 /ichukdata1/html/project/labring/core/FileLoader.php(58): FileLoader->load('/ichukdata1/htm...', 'goods.detail.ht...', '/goods/detail.h...', 'Detail', false)
#5 /ichukdata1/html/project/labring/index.php(36): FileLoader->loadfile()
#6 {main}
[2017-02-18 18:02:23][error] errCode:42S22
errMsg:SQLSTATE[42S22]: Column not found: 1054 Unknown column 'a501bebf79d570651ff601788ea9d16d' in 'where clause'
trace:
#0 /ichukdata1/html/project/labring/core/util/DBAgent.php(56): PDOStatement->execute(Array)
#1 /ichukdata1/html/project/labring/core/module/pc/_api/service/GetProductBroServ.php(11): DBAgent->queryRecords('select property...', Array)
#2 /ichukdata1/html/project/labring/core/FileLoader.php(116): GetProductBroServ->action()
#3 /ichukdata1/html/project/labring/core/FileLoader.php(58): FileLoader->load('/ichukdata1/htm...', 'service.GetProd...', '/service/GetPro...', 'GetProductBroSe...', true)
#4 /ichukdata1/html/project/labring/index.php(36): FileLoader->loadfile()
#5 {main}
[2017-02-18 18:15:11][error] errCode:42000
errMsg:SQLSTATE[42000]: Syntax error or access violation: 1064 You have an error in your SQL syntax; check the manual that corresponds to your MySQL server version for the right syntax to use near 'status=1' at line 1
trace:
#0 /ichukdata1/html/project/labring/core/util/DBAgent.php(102): PDOStatement->execute(Array)
#1 /ichukdata1/html/project/labring/core/service/ProductServ.php(48): DBAgent->query('update #__produ...', Array)
#2 /ichukdata1/html/project/labring/core/module/pc/goods/Detail.php(13): ProductServ->updateSee('8b3bac12926cc1d...')
#3 /ichukdata1/html/project/labring/core/FileLoader.php(116): Detail->action()
#4 /ichukdata1/html/project/labring/core/FileLoader.php(58): FileLoader->load('/ichukdata1/htm...', 'goods.detail.ht...', '/goods/detail.h...', 'Detail', false)
#5 /ichukdata1/html/project/labring/index.php(36): FileLoader->loadfile()
#6 {main}
[2017-02-18 18:15:29][error] errCode:42000
errMsg:SQLSTATE[42000]: Syntax error or access violation: 1064 You have an error in your SQL syntax; check the manual that corresponds to your MySQL server version for the right syntax to use near 'status=1' at line 1
trace:
#0 /ichukdata1/html/project/labring/core/util/DBAgent.php(102): PDOStatement->execute(Array)
#1 /ichukdata1/html/project/labring/core/service/ProductServ.php(48): DBAgent->query('update #__produ...', Array)
#2 /ichukdata1/html/project/labring/core/module/pc/goods/Detail.php(13): ProductServ->updateSee('8b3bac12926cc1d...')
#3 /ichukdata1/html/project/labring/core/FileLoader.php(116): Detail->action()
#4 /ichukdata1/html/project/labring/core/FileLoader.php(58): FileLoader->load('/ichukdata1/htm...', 'goods.detail.ht...', '/goods/detail.h...', 'Detail', false)
#5 /ichukdata1/html/project/labring/index.php(36): FileLoader->loadfile()
#6 {main}
[2017-02-18 18:15:41][error] errCode:42000
errMsg:SQLSTATE[42000]: Syntax error or access violation: 1064 You have an error in your SQL syntax; check the manual that corresponds to your MySQL server version for the right syntax to use near 'status=1' at line 1
trace:
#0 /ichukdata1/html/project/labring/core/util/DBAgent.php(102): PDOStatement->execute(Array)
#1 /ichukdata1/html/project/labring/core/service/ProductServ.php(48): DBAgent->query('update #__produ...', Array)
#2 /ichukdata1/html/project/labring/core/module/pc/goods/Detail.php(13): ProductServ->updateSee('471c75ee6643a10...')
#3 /ichukdata1/html/project/labring/core/FileLoader.php(116): Detail->action()
#4 /ichukdata1/html/project/labring/core/FileLoader.php(58): FileLoader->load('/ichukdata1/htm...', 'goods.detail.ht...', '/goods/detail.h...', 'Detail', false)
#5 /ichukdata1/html/project/labring/index.php(36): FileLoader->loadfile()
#6 {main}
[2017-02-18 18:15:43][error] errCode:42S22
errMsg:SQLSTATE[42S22]: Column not found: 1054 Unknown column '471c75ee6643a10934502bdafee198fb' in 'where clause'
trace:
#0 /ichukdata1/html/project/labring/core/util/DBAgent.php(56): PDOStatement->execute(Array)
#1 /ichukdata1/html/project/labring/core/module/pc/_api/service/GetProductBroServ.php(11): DBAgent->queryRecords('select property...', Array)
#2 /ichukdata1/html/project/labring/core/FileLoader.php(116): GetProductBroServ->action()
#3 /ichukdata1/html/project/labring/core/FileLoader.php(58): FileLoader->load('/ichukdata1/htm...', 'service.GetProd...', '/service/GetPro...', 'GetProductBroSe...', true)
#4 /ichukdata1/html/project/labring/index.php(36): FileLoader->loadfile()
#5 {main}
[2017-02-18 18:16:28][error] errCode:42000
errMsg:SQLSTATE[42000]: Syntax error or access violation: 1064 You have an error in your SQL syntax; check the manual that corresponds to your MySQL server version for the right syntax to use near 'status=1' at line 1
trace:
#0 /ichukdata1/html/project/labring/core/util/DBAgent.php(102): PDOStatement->execute(Array)
#1 /ichukdata1/html/project/labring/core/service/ProductServ.php(48): DBAgent->query('update #__produ...', Array)
#2 /ichukdata1/html/project/labring/core/module/pc/goods/Detail.php(13): ProductServ->updateSee('06eb61b839a0cef...')
#3 /ichukdata1/html/project/labring/core/FileLoader.php(116): Detail->action()
#4 /ichukdata1/html/project/labring/core/FileLoader.php(58): FileLoader->load('/ichukdata1/htm...', 'goods.detail.ht...', '/goods/detail.h...', 'Detail', false)
#5 /ichukdata1/html/project/labring/index.php(36): FileLoader->loadfile()
#6 {main}
[2017-02-18 18:16:30][error] errCode:42S22
errMsg:SQLSTATE[42S22]: Column not found: 1054 Unknown column '06eb61b839a0cefee4967c67ccb099dc' in 'where clause'
trace:
#0 /ichukdata1/html/project/labring/core/util/DBAgent.php(56): PDOStatement->execute(Array)
#1 /ichukdata1/html/project/labring/core/module/pc/_api/service/GetProductBroServ.php(11): DBAgent->queryRecords('select property...', Array)
#2 /ichukdata1/html/project/labring/core/FileLoader.php(116): GetProductBroServ->action()
#3 /ichukdata1/html/project/labring/core/FileLoader.php(58): FileLoader->load('/ichukdata1/htm...', 'service.GetProd...', '/service/GetPro...', 'GetProductBroSe...', true)
#4 /ichukdata1/html/project/labring/index.php(36): FileLoader->loadfile()
#5 {main}
[2017-02-18 18:16:52][error] errCode:42000
errMsg:SQLSTATE[42000]: Syntax error or access violation: 1064 You have an error in your SQL syntax; check the manual that corresponds to your MySQL server version for the right syntax to use near 'status=1' at line 1
trace:
#0 /ichukdata1/html/project/labring/core/util/DBAgent.php(102): PDOStatement->execute(Array)
#1 /ichukdata1/html/project/labring/core/service/ProductServ.php(48): DBAgent->query('update #__produ...', Array)
#2 /ichukdata1/html/project/labring/core/module/pc/goods/Detail.php(13): ProductServ->updateSee('018b59ce1fd616d...')
#3 /ichukdata1/html/project/labring/core/FileLoader.php(116): Detail->action()
#4 /ichukdata1/html/project/labring/core/FileLoader.php(58): FileLoader->load('/ichukdata1/htm...', 'goods.detail.ht...', '/goods/detail.h...', 'Detail', false)
#5 /ichukdata1/html/project/labring/index.php(36): FileLoader->loadfile()
#6 {main}
[2017-02-18 18:16:54][error] errCode:42S22
errMsg:SQLSTATE[42S22]: Column not found: 1054 Unknown column '018b59ce1fd616d874afad0f44ba338d' in 'where clause'
trace:
#0 /ichukdata1/html/project/labring/core/util/DBAgent.php(56): PDOStatement->execute(Array)
#1 /ichukdata1/html/project/labring/core/module/pc/_api/service/GetProductBroServ.php(11): DBAgent->queryRecords('select property...', Array)
#2 /ichukdata1/html/project/labring/core/FileLoader.php(116): GetProductBroServ->action()
#3 /ichukdata1/html/project/labring/core/FileLoader.php(58): FileLoader->load('/ichukdata1/htm...', 'service.GetProd...', '/service/GetPro...', 'GetProductBroSe...', true)
#4 /ichukdata1/html/project/labring/index.php(36): FileLoader->loadfile()
#5 {main}
[2017-02-18 18:17:05][error] errCode:42000
errMsg:SQLSTATE[42000]: Syntax error or access violation: 1064 You have an error in your SQL syntax; check the manual that corresponds to your MySQL server version for the right syntax to use near 'status=1' at line 1
trace:
#0 /ichukdata1/html/project/labring/core/util/DBAgent.php(102): PDOStatement->execute(Array)
#1 /ichukdata1/html/project/labring/core/service/ProductServ.php(48): DBAgent->query('update #__produ...', Array)
#2 /ichukdata1/html/project/labring/core/module/pc/goods/Detail.php(13): ProductServ->updateSee('471c75ee6643a10...')
#3 /ichukdata1/html/project/labring/core/FileLoader.php(116): Detail->action()
#4 /ichukdata1/html/project/labring/core/FileLoader.php(58): FileLoader->load('/ichukdata1/htm...', 'goods.detail.ht...', '/goods/detail.h...', 'Detail', false)
#5 /ichukdata1/html/project/labring/index.php(36): FileLoader->loadfile()
#6 {main}
[2017-02-18 18:17:07][error] errCode:42S22
errMsg:SQLSTATE[42S22]: Column not found: 1054 Unknown column '471c75ee6643a10934502bdafee198fb' in 'where clause'
trace:
#0 /ichukdata1/html/project/labring/core/util/DBAgent.php(56): PDOStatement->execute(Array)
#1 /ichukdata1/html/project/labring/core/module/pc/_api/service/GetProductBroServ.php(11): DBAgent->queryRecords('select property...', Array)
#2 /ichukdata1/html/project/labring/core/FileLoader.php(116): GetProductBroServ->action()
#3 /ichukdata1/html/project/labring/core/FileLoader.php(58): FileLoader->load('/ichukdata1/htm...', 'service.GetProd...', '/service/GetPro...', 'GetProductBroSe...', true)
#4 /ichukdata1/html/project/labring/index.php(36): FileLoader->loadfile()
#5 {main}
[2017-02-18 18:17:20][error] errCode:42000
errMsg:SQLSTATE[42000]: Syntax error or access violation: 1064 You have an error in your SQL syntax; check the manual that corresponds to your MySQL server version for the right syntax to use near 'status=1' at line 1
trace:
#0 /ichukdata1/html/project/labring/core/util/DBAgent.php(102): PDOStatement->execute(Array)
#1 /ichukdata1/html/project/labring/core/service/ProductServ.php(48): DBAgent->query('update #__produ...', Array)
#2 /ichukdata1/html/project/labring/core/module/pc/goods/Detail.php(13): ProductServ->updateSee('193002e668758ea...')
#3 /ichukdata1/html/project/labring/core/FileLoader.php(116): Detail->action()
#4 /ichukdata1/html/project/labring/core/FileLoader.php(58): FileLoader->load('/ichukdata1/htm...', 'goods.detail.ht...', '/goods/detail.h...', 'Detail', false)
#5 /ichukdata1/html/project/labring/index.php(36): FileLoader->loadfile()
#6 {main}
[2017-02-18 18:17:22][error] errCode:22007
errMsg:SQLSTATE[22007]: Invalid datetime format: 1367 Illegal double '193002e668758' value found during parsing
trace:
#0 /ichukdata1/html/project/labring/core/util/DBAgent.php(56): PDOStatement->execute(Array)
#1 /ichukdata1/html/project/labring/core/module/pc/_api/service/GetProductBroServ.php(11): DBAgent->queryRecords('select property...', Array)
#2 /ichukdata1/html/project/labring/core/FileLoader.php(116): GetProductBroServ->action()
#3 /ichukdata1/html/project/labring/core/FileLoader.php(58): FileLoader->load('/ichukdata1/htm...', 'service.GetProd...', '/service/GetPro...', 'GetProductBroSe...', true)
#4 /ichukdata1/html/project/labring/index.php(36): FileLoader->loadfile()
#5 {main}
[2017-02-18 21:45:39][error] errCode:22001
errMsg:SQLSTATE[22001]: String data, right truncated: 1406 Data too long for column 'from_url' at row 1
trace:
#0 /ichukdata1/html/project/labring/core/util/DBAgent.php(102): PDOStatement->execute(Array)
#1 /ichukdata1/html/project/labring/core/util/AccessCommon.php(16): DBAgent->query('insert into #__...', Array)
#2 /ichukdata1/html/project/labring/core/FileLoader.php(115): AccessCommon::addAccessLog('/login.html')
#3 /ichukdata1/html/project/labring/core/FileLoader.php(43): FileLoader->load('/ichukdata1/htm...', 'login.html', '/login.html', 'Login')
#4 /ichukdata1/html/project/labring/index_admin.php(36): FileLoader->loadfile()
#5 {main}
[2017-02-18 22:26:28][error] errCode:22001
errMsg:SQLSTATE[22001]: String data, right truncated: 1406 Data too long for column 'from_url' at row 1
trace:
#0 /ichukdata1/html/project/labring/core/util/DBAgent.php(102): PDOStatement->execute(Array)
#1 /ichukdata1/html/project/labring/core/util/AccessCommon.php(16): DBAgent->query('insert into #__...', Array)
#2 /ichukdata1/html/project/labring/core/FileLoader.php(115): AccessCommon::addAccessLog('/member/login.h...')
#3 /ichukdata1/html/project/labring/core/FileLoader.php(58): FileLoader->load('/ichukdata1/htm...', 'member.login.ht...', '/member/login.h...', 'Login', false)
#4 /ichukdata1/html/project/labring/index.php(36): FileLoader->loadfile()
#5 {main}
