[2017-01-04 10:10:37][error] errCode:42S22
errMsg:SQLSTATE[42S22]: Column not found: 1054 Unknown column 'id' in 'where clause'
trace:
#0 /ichukdata1/html/project/labring/core/util/DBAgent.php(102): PDOStatement->execute(Array)
#1 /ichukdata1/html/project/labring/core/util/DBAgent.php(245): DBAgent->query('update labring_...', Array)
#2 /ichukdata1/html/project/labring/core/service/LabServiceServ.php(107): DBAgent->updateRecords('lab_service', Array, Array, Array, Array)
#3 /ichukdata1/html/project/labring/core/module/manager/_api/service/EditLabServiceServ.php(20): LabServiceServ->updateService('56', Array)
#4 /ichukdata1/html/project/labring/core/FileLoader.php(115): EditLabServiceServ->action()
#5 /ichukdata1/html/project/labring/core/FileLoader.php(58): FileLoader->load('/ichukdata1/htm...', 'service.EditLab...', '/service/EditLa...', 'EditLabServiceS...', true)
#6 /ichukdata1/html/project/labring/index_admin.php(36): FileLoader->loadfile()
#7 {main}
[2017-01-04 10:10:51][error] errCode:42S22
errMsg:SQLSTATE[42S22]: Column not found: 1054 Unknown column 'id' in 'where clause'
trace:
#0 /ichukdata1/html/project/labring/core/util/DBAgent.php(102): PDOStatement->execute(Array)
#1 /ichukdata1/html/project/labring/core/util/DBAgent.php(245): DBAgent->query('update labring_...', Array)
#2 /ichukdata1/html/project/labring/core/service/LabServiceServ.php(107): DBAgent->updateRecords('lab_service', Array, Array, Array, Array)
#3 /ichukdata1/html/project/labring/core/module/manager/_api/service/EditLabServiceServ.php(20): LabServiceServ->updateService('56', Array)
#4 /ichukdata1/html/project/labring/core/FileLoader.php(115): EditLabServiceServ->action()
#5 /ichukdata1/html/project/labring/core/FileLoader.php(58): FileLoader->load('/ichukdata1/htm...', 'service.EditLab...', '/service/EditLa...', 'EditLabServiceS...', true)
#6 /ichukdata1/html/project/labring/index_admin.php(36): FileLoader->loadfile()
#7 {main}
[2017-01-04 10:12:49][error] errCode:42S22
errMsg:SQLSTATE[42S22]: Column not found: 1054 Unknown column 'id' in 'where clause'
trace:
#0 /ichukdata1/html/project/labring/core/util/DBAgent.php(102): PDOStatement->execute(Array)
#1 /ichukdata1/html/project/labring/core/util/DBAgent.php(245): DBAgent->query('update labring_...', Array)
#2 /ichukdata1/html/project/labring/core/service/LabServiceServ.php(107): DBAgent->updateRecords('lab_service', Array, Array, Array, Array)
#3 /ichukdata1/html/project/labring/core/module/manager/_api/service/EditLabServiceServ.php(21): LabServiceServ->updateService('11', Array)
#4 /ichukdata1/html/project/labring/core/FileLoader.php(115): EditLabServiceServ->action()
#5 /ichukdata1/html/project/labring/core/FileLoader.php(58): FileLoader->load('/ichukdata1/htm...', 'service.EditLab...', '/service/EditLa...', 'EditLabServiceS...', true)
#6 /ichukdata1/html/project/labring/index_admin.php(36): FileLoader->loadfile()
#7 {main}
[2017-01-04 10:12:59][error] errCode:42S22
errMsg:SQLSTATE[42S22]: Column not found: 1054 Unknown column 'id' in 'where clause'
trace:
#0 /ichukdata1/html/project/labring/core/util/DBAgent.php(102): PDOStatement->execute(Array)
#1 /ichukdata1/html/project/labring/core/util/DBAgent.php(245): DBAgent->query('update labring_...', Array)
#2 /ichukdata1/html/project/labring/core/service/LabServiceServ.php(107): DBAgent->updateRecords('lab_service', Array, Array, Array, Array)
#3 /ichukdata1/html/project/labring/core/module/manager/_api/service/EditLabServiceServ.php(21): LabServiceServ->updateService('11', Array)
#4 /ichukdata1/html/project/labring/core/FileLoader.php(115): EditLabServiceServ->action()
#5 /ichukdata1/html/project/labring/core/FileLoader.php(58): FileLoader->load('/ichukdata1/htm...', 'service.EditLab...', '/service/EditLa...', 'EditLabServiceS...', true)
#6 /ichukdata1/html/project/labring/index_admin.php(36): FileLoader->loadfile()
#7 {main}
[2017-01-04 12:50:11][error] errCode:HY093
errMsg:SQLSTATE[HY093]: Invalid parameter number: number of bound variables does not match number of tokens
trace:
#0 /ichukdata1/html/project/labring/core/util/DBAgent.php(102): PDOStatement->execute(Array)
#1 /ichukdata1/html/project/labring/core/util/DBAgent.php(272): DBAgent->query('insert into lab...', Array)
#2 /ichukdata1/html/project/labring/core/module/manager/_api/service/AddcircleServ.php(14): DBAgent->insertRecord('interest_circle', Array, Array, true)
#3 /ichukdata1/html/project/labring/core/FileLoader.php(115): AddcircleServ->action()
#4 /ichukdata1/html/project/labring/core/FileLoader.php(58): FileLoader->load('/ichukdata1/htm...', 'service.addcirc...', '/service/addcir...', 'AddcircleServ', true)
#5 /ichukdata1/html/project/labring/index_admin.php(36): FileLoader->loadfile()
#6 {main}
[2017-01-04 12:52:00][error] errCode:HY093
errMsg:SQLSTATE[HY093]: Invalid parameter number: number of bound variables does not match number of tokens
trace:
#0 /ichukdata1/html/project/labring/core/util/DBAgent.php(102): PDOStatement->execute(Array)
#1 /ichukdata1/html/project/labring/core/util/DBAgent.php(272): DBAgent->query('insert into lab...', Array)
#2 /ichukdata1/html/project/labring/core/module/manager/_api/service/AddcircleServ.php(15): DBAgent->insertRecord('interest_circle', Array, Array, true)
#3 /ichukdata1/html/project/labring/core/FileLoader.php(115): AddcircleServ->action()
#4 /ichukdata1/html/project/labring/core/FileLoader.php(58): FileLoader->load('/ichukdata1/htm...', 'service.addcirc...', '/service/addcir...', 'AddcircleServ', true)
#5 /ichukdata1/html/project/labring/index_admin.php(36): FileLoader->loadfile()
#6 {main}
[2017-01-04 12:52:59][error] errCode:HY093
errMsg:SQLSTATE[HY093]: Invalid parameter number: number of bound variables does not match number of tokens
trace:
#0 /ichukdata1/html/project/labring/core/util/DBAgent.php(102): PDOStatement->execute(Array)
#1 /ichukdata1/html/project/labring/core/util/DBAgent.php(272): DBAgent->query('insert into lab...', Array)
#2 /ichukdata1/html/project/labring/core/module/manager/_api/service/AddcircleServ.php(15): DBAgent->insertRecord('interest_circle', Array, Array, true)
#3 /ichukdata1/html/project/labring/core/FileLoader.php(115): AddcircleServ->action()
#4 /ichukdata1/html/project/labring/core/FileLoader.php(58): FileLoader->load('/ichukdata1/htm...', 'service.addcirc...', '/service/addcir...', 'AddcircleServ', true)
#5 /ichukdata1/html/project/labring/index_admin.php(36): FileLoader->loadfile()
#6 {main}
[2017-01-04 12:53:11][error] errCode:HY093
errMsg:SQLSTATE[HY093]: Invalid parameter number: number of bound variables does not match number of tokens
trace:
#0 /ichukdata1/html/project/labring/core/util/DBAgent.php(102): PDOStatement->execute(Array)
#1 /ichukdata1/html/project/labring/core/util/DBAgent.php(272): DBAgent->query('insert into lab...', Array)
#2 /ichukdata1/html/project/labring/core/module/manager/_api/service/AddcircleServ.php(15): DBAgent->insertRecord('interest_circle', Array, Array, true)
#3 /ichukdata1/html/project/labring/core/FileLoader.php(115): AddcircleServ->action()
#4 /ichukdata1/html/project/labring/core/FileLoader.php(58): FileLoader->load('/ichukdata1/htm...', 'service.addcirc...', '/service/addcir...', 'AddcircleServ', true)
#5 /ichukdata1/html/project/labring/index_admin.php(36): FileLoader->loadfile()
#6 {main}
[2017-01-04 14:52:38][error] errCode:42S22
errMsg:SQLSTATE[42S22]: Column not found: 1054 Unknown column 'm.name' in 'field list'
trace:
#0 /ichukdata1/html/project/labring/core/util/DBAgent.php(79): PDOStatement->execute(Array)
#1 /ichukdata1/html/project/labring/core/service/ShopServ.php(40): DBAgent->querySingleRecord('select m.name f...', Array)
#2 /ichukdata1/html/project/labring/core/module/manager/goodsmanager/Shop.php(24): ShopServ->getShopBossById('1')
#3 /ichukdata1/html/project/labring/core/FileLoader.php(115): Shop->action()
#4 /ichukdata1/html/project/labring/core/FileLoader.php(58): FileLoader->load('/ichukdata1/htm...', 'goodsmanager.sh...', '/goodsmanager/s...', 'Shop', false)
#5 /ichukdata1/html/project/labring/index_admin.php(36): FileLoader->loadfile()
#6 {main}
[2017-01-04 14:52:38][error] errCode:42S22
errMsg:SQLSTATE[42S22]: Column not found: 1054 Unknown column 'm.name' in 'field list'
trace:
#0 /ichukdata1/html/project/labring/core/util/DBAgent.php(79): PDOStatement->execute(Array)
#1 /ichukdata1/html/project/labring/core/service/ShopServ.php(40): DBAgent->querySingleRecord('select m.name f...', Array)
#2 /ichukdata1/html/project/labring/core/module/manager/goodsmanager/Shop.php(24): ShopServ->getShopBossById('2')
#3 /ichukdata1/html/project/labring/core/FileLoader.php(115): Shop->action()
#4 /ichukdata1/html/project/labring/core/FileLoader.php(58): FileLoader->load('/ichukdata1/htm...', 'goodsmanager.sh...', '/goodsmanager/s...', 'Shop', false)
#5 /ichukdata1/html/project/labring/index_admin.php(36): FileLoader->loadfile()
#6 {main}
[2017-01-04 14:58:24][error] errCode:42S22
errMsg:SQLSTATE[42S22]: Column not found: 1054 Unknown column 'm.name' in 'field list'
trace:
#0 /ichukdata1/html/project/labring/core/util/DBAgent.php(79): PDOStatement->execute(Array)
#1 /ichukdata1/html/project/labring/core/service/ShopServ.php(40): DBAgent->querySingleRecord('select m.name f...', Array)
#2 /ichukdata1/html/project/labring/core/module/manager/goodsmanager/Shop.php(24): ShopServ->getShopBossById('1')
#3 /ichukdata1/html/project/labring/core/FileLoader.php(115): Shop->action()
#4 /ichukdata1/html/project/labring/core/FileLoader.php(58): FileLoader->load('/ichukdata1/htm...', 'goodsmanager.sh...', '/goodsmanager/s...', 'Shop', false)
#5 /ichukdata1/html/project/labring/index_admin.php(36): FileLoader->loadfile()
#6 {main}
[2017-01-04 14:58:24][error] errCode:42S22
errMsg:SQLSTATE[42S22]: Column not found: 1054 Unknown column 'm.name' in 'field list'
trace:
#0 /ichukdata1/html/project/labring/core/util/DBAgent.php(79): PDOStatement->execute(Array)
#1 /ichukdata1/html/project/labring/core/service/ShopServ.php(40): DBAgent->querySingleRecord('select m.name f...', Array)
#2 /ichukdata1/html/project/labring/core/module/manager/goodsmanager/Shop.php(24): ShopServ->getShopBossById('2')
#3 /ichukdata1/html/project/labring/core/FileLoader.php(115): Shop->action()
#4 /ichukdata1/html/project/labring/core/FileLoader.php(58): FileLoader->load('/ichukdata1/htm...', 'goodsmanager.sh...', '/goodsmanager/s...', 'Shop', false)
#5 /ichukdata1/html/project/labring/index_admin.php(36): FileLoader->loadfile()
#6 {main}
[2017-01-04 14:58:35][error] errCode:42S22
errMsg:SQLSTATE[42S22]: Column not found: 1054 Unknown column 'm.name' in 'field list'
trace:
#0 /ichukdata1/html/project/labring/core/util/DBAgent.php(79): PDOStatement->execute(Array)
#1 /ichukdata1/html/project/labring/core/service/ShopServ.php(40): DBAgent->querySingleRecord('select m.name f...', Array)
#2 /ichukdata1/html/project/labring/core/module/manager/goodsmanager/Shop.php(24): ShopServ->getShopBossById('1')
#3 /ichukdata1/html/project/labring/core/FileLoader.php(115): Shop->action()
#4 /ichukdata1/html/project/labring/core/FileLoader.php(58): FileLoader->load('/ichukdata1/htm...', 'goodsmanager.sh...', '/goodsmanager/s...', 'Shop', false)
#5 /ichukdata1/html/project/labring/index_admin.php(36): FileLoader->loadfile()
#6 {main}
[2017-01-04 14:58:35][error] errCode:42S22
errMsg:SQLSTATE[42S22]: Column not found: 1054 Unknown column 'm.name' in 'field list'
trace:
#0 /ichukdata1/html/project/labring/core/util/DBAgent.php(79): PDOStatement->execute(Array)
#1 /ichukdata1/html/project/labring/core/service/ShopServ.php(40): DBAgent->querySingleRecord('select m.name f...', Array)
#2 /ichukdata1/html/project/labring/core/module/manager/goodsmanager/Shop.php(24): ShopServ->getShopBossById('2')
#3 /ichukdata1/html/project/labring/core/FileLoader.php(115): Shop->action()
#4 /ichukdata1/html/project/labring/core/FileLoader.php(58): FileLoader->load('/ichukdata1/htm...', 'goodsmanager.sh...', '/goodsmanager/s...', 'Shop', false)
#5 /ichukdata1/html/project/labring/index_admin.php(36): FileLoader->loadfile()
#6 {main}
[2017-01-04 14:59:28][error] errCode:42S22
errMsg:SQLSTATE[42S22]: Column not found: 1054 Unknown column 'm.name' in 'field list'
trace:
#0 /ichukdata1/html/project/labring/core/util/DBAgent.php(79): PDOStatement->execute(Array)
#1 /ichukdata1/html/project/labring/core/service/ShopServ.php(40): DBAgent->querySingleRecord('select m.name f...', Array)
#2 /ichukdata1/html/project/labring/core/module/manager/goodsmanager/Shop.php(24): ShopServ->getShopBossById('1')
#3 /ichukdata1/html/project/labring/core/FileLoader.php(115): Shop->action()
#4 /ichukdata1/html/project/labring/core/FileLoader.php(58): FileLoader->load('/ichukdata1/htm...', 'goodsmanager.sh...', '/goodsmanager/s...', 'Shop', false)
#5 /ichukdata1/html/project/labring/index_admin.php(36): FileLoader->loadfile()
#6 {main}
[2017-01-04 14:59:28][error] errCode:42S22
errMsg:SQLSTATE[42S22]: Column not found: 1054 Unknown column 'm.name' in 'field list'
trace:
#0 /ichukdata1/html/project/labring/core/util/DBAgent.php(79): PDOStatement->execute(Array)
#1 /ichukdata1/html/project/labring/core/service/ShopServ.php(40): DBAgent->querySingleRecord('select m.name f...', Array)
#2 /ichukdata1/html/project/labring/core/module/manager/goodsmanager/Shop.php(24): ShopServ->getShopBossById('2')
#3 /ichukdata1/html/project/labring/core/FileLoader.php(115): Shop->action()
#4 /ichukdata1/html/project/labring/core/FileLoader.php(58): FileLoader->load('/ichukdata1/htm...', 'goodsmanager.sh...', '/goodsmanager/s...', 'Shop', false)
#5 /ichukdata1/html/project/labring/index_admin.php(36): FileLoader->loadfile()
#6 {main}
[2017-01-04 15:00:06][error] errCode:42S22
errMsg:SQLSTATE[42S22]: Column not found: 1054 Unknown column 'm.name' in 'field list'
trace:
#0 /ichukdata1/html/project/labring/core/util/DBAgent.php(79): PDOStatement->execute(Array)
#1 /ichukdata1/html/project/labring/core/service/ShopServ.php(40): DBAgent->querySingleRecord('select m.name f...', Array)
#2 /ichukdata1/html/project/labring/core/module/manager/goodsmanager/Shop.php(24): ShopServ->getShopBossById('1')
#3 /ichukdata1/html/project/labring/core/FileLoader.php(115): Shop->action()
#4 /ichukdata1/html/project/labring/core/FileLoader.php(58): FileLoader->load('/ichukdata1/htm...', 'goodsmanager.sh...', '/goodsmanager/s...', 'Shop', false)
#5 /ichukdata1/html/project/labring/index_admin.php(36): FileLoader->loadfile()
#6 {main}
[2017-01-04 15:00:06][error] errCode:42S22
errMsg:SQLSTATE[42S22]: Column not found: 1054 Unknown column 'm.name' in 'field list'
trace:
#0 /ichukdata1/html/project/labring/core/util/DBAgent.php(79): PDOStatement->execute(Array)
#1 /ichukdata1/html/project/labring/core/service/ShopServ.php(40): DBAgent->querySingleRecord('select m.name f...', Array)
#2 /ichukdata1/html/project/labring/core/module/manager/goodsmanager/Shop.php(24): ShopServ->getShopBossById('2')
#3 /ichukdata1/html/project/labring/core/FileLoader.php(115): Shop->action()
#4 /ichukdata1/html/project/labring/core/FileLoader.php(58): FileLoader->load('/ichukdata1/htm...', 'goodsmanager.sh...', '/goodsmanager/s...', 'Shop', false)
#5 /ichukdata1/html/project/labring/index_admin.php(36): FileLoader->loadfile()
#6 {main}
[2017-01-04 15:01:31][error] errCode:42S22
errMsg:SQLSTATE[42S22]: Column not found: 1054 Unknown column 'm.name' in 'field list'
trace:
#0 /ichukdata1/html/project/labring/core/util/DBAgent.php(79): PDOStatement->execute(Array)
#1 /ichukdata1/html/project/labring/core/service/ShopServ.php(40): DBAgent->querySingleRecord('select m.name f...', Array)
#2 /ichukdata1/html/project/labring/core/module/manager/goodsmanager/Shop.php(24): ShopServ->getShopBossById('1')
#3 /ichukdata1/html/project/labring/core/FileLoader.php(115): Shop->action()
#4 /ichukdata1/html/project/labring/core/FileLoader.php(58): FileLoader->load('/ichukdata1/htm...', 'goodsmanager.sh...', '/goodsmanager/s...', 'Shop', false)
#5 /ichukdata1/html/project/labring/index_admin.php(36): FileLoader->loadfile()
#6 {main}
[2017-01-04 15:01:31][error] errCode:42S22
errMsg:SQLSTATE[42S22]: Column not found: 1054 Unknown column 'm.name' in 'field list'
trace:
#0 /ichukdata1/html/project/labring/core/util/DBAgent.php(79): PDOStatement->execute(Array)
#1 /ichukdata1/html/project/labring/core/service/ShopServ.php(40): DBAgent->querySingleRecord('select m.name f...', Array)
#2 /ichukdata1/html/project/labring/core/module/manager/goodsmanager/Shop.php(24): ShopServ->getShopBossById('2')
#3 /ichukdata1/html/project/labring/core/FileLoader.php(115): Shop->action()
#4 /ichukdata1/html/project/labring/core/FileLoader.php(58): FileLoader->load('/ichukdata1/htm...', 'goodsmanager.sh...', '/goodsmanager/s...', 'Shop', false)
#5 /ichukdata1/html/project/labring/index_admin.php(36): FileLoader->loadfile()
#6 {main}
[2017-01-04 15:01:39][error] errCode:42S22
errMsg:SQLSTATE[42S22]: Column not found: 1054 Unknown column 'm.name' in 'field list'
trace:
#0 /ichukdata1/html/project/labring/core/util/DBAgent.php(79): PDOStatement->execute(Array)
#1 /ichukdata1/html/project/labring/core/service/ShopServ.php(40): DBAgent->querySingleRecord('select m.name f...', Array)
#2 /ichukdata1/html/project/labring/core/module/manager/goodsmanager/Shop.php(24): ShopServ->getShopBossById('1')
#3 /ichukdata1/html/project/labring/core/FileLoader.php(115): Shop->action()
#4 /ichukdata1/html/project/labring/core/FileLoader.php(58): FileLoader->load('/ichukdata1/htm...', 'goodsmanager.sh...', '/goodsmanager/s...', 'Shop', false)
#5 /ichukdata1/html/project/labring/index_admin.php(36): FileLoader->loadfile()
#6 {main}
[2017-01-04 15:01:40][error] errCode:42S22
errMsg:SQLSTATE[42S22]: Column not found: 1054 Unknown column 'm.name' in 'field list'
trace:
#0 /ichukdata1/html/project/labring/core/util/DBAgent.php(79): PDOStatement->execute(Array)
#1 /ichukdata1/html/project/labring/core/service/ShopServ.php(40): DBAgent->querySingleRecord('select m.name f...', Array)
#2 /ichukdata1/html/project/labring/core/module/manager/goodsmanager/Shop.php(24): ShopServ->getShopBossById('2')
#3 /ichukdata1/html/project/labring/core/FileLoader.php(115): Shop->action()
#4 /ichukdata1/html/project/labring/core/FileLoader.php(58): FileLoader->load('/ichukdata1/htm...', 'goodsmanager.sh...', '/goodsmanager/s...', 'Shop', false)
#5 /ichukdata1/html/project/labring/index_admin.php(36): FileLoader->loadfile()
#6 {main}
[2017-01-04 15:03:18][error] errCode:42S22
errMsg:SQLSTATE[42S22]: Column not found: 1054 Unknown column 'm.name' in 'field list'
trace:
#0 /ichukdata1/html/project/labring/core/util/DBAgent.php(79): PDOStatement->execute(Array)
#1 /ichukdata1/html/project/labring/core/service/ShopServ.php(40): DBAgent->querySingleRecord('select m.name f...', Array)
#2 /ichukdata1/html/project/labring/core/module/manager/goodsmanager/Shop.php(24): ShopServ->getShopBossById('1')
#3 /ichukdata1/html/project/labring/core/FileLoader.php(115): Shop->action()
#4 /ichukdata1/html/project/labring/core/FileLoader.php(58): FileLoader->load('/ichukdata1/htm...', 'goodsmanager.sh...', '/goodsmanager/s...', 'Shop', false)
#5 /ichukdata1/html/project/labring/index_admin.php(36): FileLoader->loadfile()
#6 {main}
[2017-01-04 15:03:18][error] errCode:42S22
errMsg:SQLSTATE[42S22]: Column not found: 1054 Unknown column 'm.name' in 'field list'
trace:
#0 /ichukdata1/html/project/labring/core/util/DBAgent.php(79): PDOStatement->execute(Array)
#1 /ichukdata1/html/project/labring/core/service/ShopServ.php(40): DBAgent->querySingleRecord('select m.name f...', Array)
#2 /ichukdata1/html/project/labring/core/module/manager/goodsmanager/Shop.php(24): ShopServ->getShopBossById('2')
#3 /ichukdata1/html/project/labring/core/FileLoader.php(115): Shop->action()
#4 /ichukdata1/html/project/labring/core/FileLoader.php(58): FileLoader->load('/ichukdata1/htm...', 'goodsmanager.sh...', '/goodsmanager/s...', 'Shop', false)
#5 /ichukdata1/html/project/labring/index_admin.php(36): FileLoader->loadfile()
#6 {main}
[2017-01-04 15:51:59][error] errCode:42000
errMsg:SQLSTATE[42000]: Syntax error or access violation: 1064 You have an error in your SQL syntax; check the manual that corresponds to your MySQL server version for the right syntax to use near '' at line 1
trace:
#0 /ichukdata1/html/project/labring/core/util/DBAgent.php(102): PDOStatement->execute(Array)
#1 /ichukdata1/html/project/labring/core/service/InterestServ.php(82): DBAgent->query('update labring_...', Array)
#2 /ichukdata1/html/project/labring/core/module/pc/info/Interesting.php(13): InterestServ->Addnum('')
#3 /ichukdata1/html/project/labring/core/FileLoader.php(115): Interesting->action()
#4 /ichukdata1/html/project/labring/core/FileLoader.php(58): FileLoader->load('/ichukdata1/htm...', 'info.interestin...', '/info/interesti...', 'Interesting', false)
#5 /ichukdata1/html/project/labring/index.php(36): FileLoader->loadfile()
#6 {main}
[2017-01-04 15:52:00][error] errCode:42000
errMsg:SQLSTATE[42000]: Syntax error or access violation: 1064 You have an error in your SQL syntax; check the manual that corresponds to your MySQL server version for the right syntax to use near ') and mid!= order by mid limit 8' at line 1
trace:
#0 /ichukdata1/html/project/labring/core/util/DBAgent.php(56): PDOStatement->execute(Array)
#1 /ichukdata1/html/project/labring/core/service/CircleServ.php(57): DBAgent->queryRecords('select * from l...', Array)
#2 /ichukdata1/html/project/labring/core/module/pc/info/Interesting.php(57): CircleServ->getFriendByCid('1', NULL, 8)
#3 /ichukdata1/html/project/labring/core/FileLoader.php(115): Interesting->action()
#4 /ichukdata1/html/project/labring/core/FileLoader.php(58): FileLoader->load('/ichukdata1/htm...', 'info.interestin...', '/info/interesti...', 'Interesting', false)
#5 /ichukdata1/html/project/labring/index.php(36): FileLoader->loadfile()
#6 {main}
[2017-01-04 15:52:00][error] errCode:42000
errMsg:SQLSTATE[42000]: Syntax error or access violation: 1064 You have an error in your SQL syntax; check the manual that corresponds to your MySQL server version for the right syntax to use near 'and circle_id=1' at line 1
trace:
#0 /ichukdata1/html/project/labring/core/util/DBAgent.php(79): PDOStatement->execute(Array)
#1 /ichukdata1/html/project/labring/core/service/CircleServ.php(70): DBAgent->querySingleRecord('select * from l...', Array)
#2 /ichukdata1/html/project/labring/core/module/pc/info/Interesting.php(63): CircleServ->Checkcircle(NULL, '1')
#3 /ichukdata1/html/project/labring/core/FileLoader.php(115): Interesting->action()
#4 /ichukdata1/html/project/labring/core/FileLoader.php(58): FileLoader->load('/ichukdata1/htm...', 'info.interestin...', '/info/interesti...', 'Interesting', false)
#5 /ichukdata1/html/project/labring/index.php(36): FileLoader->loadfile()
#6 {main}
[2017-01-04 15:52:10][error] errCode:42000
errMsg:SQLSTATE[42000]: Syntax error or access violation: 1064 You have an error in your SQL syntax; check the manual that corresponds to your MySQL server version for the right syntax to use near ') and mid!= order by mid limit 8' at line 1
trace:
#0 /ichukdata1/html/project/labring/core/util/DBAgent.php(56): PDOStatement->execute(Array)
#1 /ichukdata1/html/project/labring/core/service/CircleServ.php(57): DBAgent->queryRecords('select * from l...', Array)
#2 /ichukdata1/html/project/labring/core/module/pc/info/Interesting.php(57): CircleServ->getFriendByCid('1', NULL, 8)
#3 /ichukdata1/html/project/labring/core/FileLoader.php(115): Interesting->action()
#4 /ichukdata1/html/project/labring/core/FileLoader.php(58): FileLoader->load('/ichukdata1/htm...', 'info.interestin...', '/info/interesti...', 'Interesting', false)
#5 /ichukdata1/html/project/labring/index.php(36): FileLoader->loadfile()
#6 {main}
[2017-01-04 15:52:10][error] errCode:42000
errMsg:SQLSTATE[42000]: Syntax error or access violation: 1064 You have an error in your SQL syntax; check the manual that corresponds to your MySQL server version for the right syntax to use near 'and circle_id=1' at line 1
trace:
#0 /ichukdata1/html/project/labring/core/util/DBAgent.php(79): PDOStatement->execute(Array)
#1 /ichukdata1/html/project/labring/core/service/CircleServ.php(70): DBAgent->querySingleRecord('select * from l...', Array)
#2 /ichukdata1/html/project/labring/core/module/pc/info/Interesting.php(63): CircleServ->Checkcircle(NULL, '1')
#3 /ichukdata1/html/project/labring/core/FileLoader.php(115): Interesting->action()
#4 /ichukdata1/html/project/labring/core/FileLoader.php(58): FileLoader->load('/ichukdata1/htm...', 'info.interestin...', '/info/interesti...', 'Interesting', false)
#5 /ichukdata1/html/project/labring/index.php(36): FileLoader->loadfile()
#6 {main}
[2017-01-04 16:41:42][error] errCode:42S02
errMsg:SQLSTATE[42S02]: Base table or view not found: 1146 Table 'labring.labring_prodcut_type' doesn't exist
trace:
#0 /ichukdata1/html/project/labring/core/util/DBAgent.php(56): PDOStatement->execute(Array)
#1 /ichukdata1/html/project/labring/core/service/PropertyServ.php(8): DBAgent->queryRecords('select * from l...', Array)
#2 /ichukdata1/html/project/labring/core/module/manager/goodsmanager/Property.php(8): PropertyServ->getproperty()
#3 /ichukdata1/html/project/labring/core/FileLoader.php(115): Property->action()
#4 /ichukdata1/html/project/labring/core/FileLoader.php(58): FileLoader->load('/ichukdata1/htm...', 'goodsmanager.pr...', '/goodsmanager/p...', 'Property', false)
#5 /ichukdata1/html/project/labring/index_admin.php(36): FileLoader->loadfile()
#6 {main}
[2017-01-04 16:42:01][error] errCode:42S02
errMsg:SQLSTATE[42S02]: Base table or view not found: 1146 Table 'labring.labring_prodcut_type' doesn't exist
trace:
#0 /ichukdata1/html/project/labring/core/util/DBAgent.php(56): PDOStatement->execute(Array)
#1 /ichukdata1/html/project/labring/core/service/PropertyServ.php(8): DBAgent->queryRecords('select * from l...', Array)
#2 /ichukdata1/html/project/labring/core/module/manager/goodsmanager/Property.php(8): PropertyServ->getproperty()
#3 /ichukdata1/html/project/labring/core/FileLoader.php(115): Property->action()
#4 /ichukdata1/html/project/labring/core/FileLoader.php(58): FileLoader->load('/ichukdata1/htm...', 'goodsmanager.pr...', '/goodsmanager/p...', 'Property', false)
#5 /ichukdata1/html/project/labring/index_admin.php(36): FileLoader->loadfile()
#6 {main}
[2017-01-04 16:42:03][error] errCode:42S02
errMsg:SQLSTATE[42S02]: Base table or view not found: 1146 Table 'labring.labring_prodcut_type' doesn't exist
trace:
#0 /ichukdata1/html/project/labring/core/util/DBAgent.php(56): PDOStatement->execute(Array)
#1 /ichukdata1/html/project/labring/core/service/PropertyServ.php(8): DBAgent->queryRecords('select * from l...', Array)
#2 /ichukdata1/html/project/labring/core/module/manager/goodsmanager/Property.php(8): PropertyServ->getproperty()
#3 /ichukdata1/html/project/labring/core/FileLoader.php(115): Property->action()
#4 /ichukdata1/html/project/labring/core/FileLoader.php(58): FileLoader->load('/ichukdata1/htm...', 'goodsmanager.pr...', '/goodsmanager/p...', 'Property', false)
#5 /ichukdata1/html/project/labring/index_admin.php(36): FileLoader->loadfile()
#6 {main}
[2017-01-04 16:42:05][error] errCode:42S02
errMsg:SQLSTATE[42S02]: Base table or view not found: 1146 Table 'labring.labring_prodcut_type' doesn't exist
trace:
#0 /ichukdata1/html/project/labring/core/util/DBAgent.php(56): PDOStatement->execute(Array)
#1 /ichukdata1/html/project/labring/core/service/PropertyServ.php(8): DBAgent->queryRecords('select * from l...', Array)
#2 /ichukdata1/html/project/labring/core/module/manager/goodsmanager/Property.php(8): PropertyServ->getproperty()
#3 /ichukdata1/html/project/labring/core/FileLoader.php(115): Property->action()
#4 /ichukdata1/html/project/labring/core/FileLoader.php(58): FileLoader->load('/ichukdata1/htm...', 'goodsmanager.pr...', '/goodsmanager/p...', 'Property', false)
#5 /ichukdata1/html/project/labring/index_admin.php(36): FileLoader->loadfile()
#6 {main}
[2017-01-04 16:45:28][error] errCode:42S02
errMsg:SQLSTATE[42S02]: Base table or view not found: 1146 Table 'labring.labring_prodcut_type' doesn't exist
trace:
#0 /ichukdata1/html/project/labring/core/util/DBAgent.php(56): PDOStatement->execute(Array)
#1 /ichukdata1/html/project/labring/core/service/PropertyServ.php(8): DBAgent->queryRecords('select * from l...', Array)
#2 /ichukdata1/html/project/labring/core/module/manager/goodsmanager/Property.php(8): PropertyServ->getproperty()
#3 /ichukdata1/html/project/labring/core/FileLoader.php(115): Property->action()
#4 /ichukdata1/html/project/labring/core/FileLoader.php(58): FileLoader->load('/ichukdata1/htm...', 'goodsmanager.pr...', '/goodsmanager/p...', 'Property', false)
#5 /ichukdata1/html/project/labring/index_admin.php(36): FileLoader->loadfile()
#6 {main}
[2017-01-04 16:45:56][error] errCode:42S02
errMsg:SQLSTATE[42S02]: Base table or view not found: 1146 Table 'labring.labring_prodcut_type' doesn't exist
trace:
#0 /ichukdata1/html/project/labring/core/util/DBAgent.php(56): PDOStatement->execute(Array)
#1 /ichukdata1/html/project/labring/core/service/PropertyServ.php(8): DBAgent->queryRecords('select * from l...', Array)
#2 /ichukdata1/html/project/labring/core/module/manager/goodsmanager/Property.php(8): PropertyServ->getproperty()
#3 /ichukdata1/html/project/labring/core/FileLoader.php(115): Property->action()
#4 /ichukdata1/html/project/labring/core/FileLoader.php(58): FileLoader->load('/ichukdata1/htm...', 'goodsmanager.pr...', '/goodsmanager/p...', 'Property', false)
#5 /ichukdata1/html/project/labring/index_admin.php(36): FileLoader->loadfile()
#6 {main}
[2017-01-04 17:22:25][error] errCode:42000
errMsg:SQLSTATE[42000]: Syntax error or access violation: 1064 You have an error in your SQL syntax; check the manual that corresponds to your MySQL server version for the right syntax to use near 'and status=1' at line 1
trace:
#0 /ichukdata1/html/project/labring/core/util/DBAgent.php(56): PDOStatement->execute(Array)
#1 /ichukdata1/html/project/labring/core/service/ProductServ.php(416): DBAgent->queryRecords('select * from l...', Array)
#2 /ichukdata1/html/project/labring/core/module/pc/goods/ProductList.php(79): ProductServ->GetProperty('94')
#3 /ichukdata1/html/project/labring/core/FileLoader.php(115): ProductList->action()
#4 /ichukdata1/html/project/labring/core/FileLoader.php(58): FileLoader->load('/ichukdata1/htm...', 'goods.productLi...', '/goods/productL...', 'ProductList', false)
#5 /ichukdata1/html/project/labring/index.php(36): FileLoader->loadfile()
#6 {main}
[2017-01-04 17:22:35][error] errCode:42000
errMsg:SQLSTATE[42000]: Syntax error or access violation: 1064 You have an error in your SQL syntax; check the manual that corresponds to your MySQL server version for the right syntax to use near 'and status=1' at line 1
trace:
#0 /ichukdata1/html/project/labring/core/util/DBAgent.php(56): PDOStatement->execute(Array)
#1 /ichukdata1/html/project/labring/core/service/ProductServ.php(416): DBAgent->queryRecords('select * from l...', Array)
#2 /ichukdata1/html/project/labring/core/module/pc/goods/ProductList.php(79): ProductServ->GetProperty('94')
#3 /ichukdata1/html/project/labring/core/FileLoader.php(115): ProductList->action()
#4 /ichukdata1/html/project/labring/core/FileLoader.php(58): FileLoader->load('/ichukdata1/htm...', 'goods.productLi...', '/goods/productL...', 'ProductList', false)
#5 /ichukdata1/html/project/labring/index.php(36): FileLoader->loadfile()
#6 {main}
[2017-01-04 17:33:35][error] errCode:42000
errMsg:SQLSTATE[42000]: Syntax error or access violation: 1064 You have an error in your SQL syntax; check the manual that corresponds to your MySQL server version for the right syntax to use near 'and status=1' at line 1
trace:
#0 /ichukdata1/html/project/labring/core/util/DBAgent.php(56): PDOStatement->execute(Array)
#1 /ichukdata1/html/project/labring/core/service/ProductServ.php(416): DBAgent->queryRecords('select * from l...', Array)
#2 /ichukdata1/html/project/labring/core/module/pc/goods/ProductList.php(79): ProductServ->GetProperty('75')
#3 /ichukdata1/html/project/labring/core/FileLoader.php(115): ProductList->action()
#4 /ichukdata1/html/project/labring/core/FileLoader.php(58): FileLoader->load('/ichukdata1/htm...', 'goods.productLi...', '/goods/productL...', 'ProductList', false)
#5 /ichukdata1/html/project/labring/index.php(36): FileLoader->loadfile()
#6 {main}
[2017-01-04 17:35:28][error] errCode:HY000
errMsg:SQLSTATE[HY000]: General error: 1366 Incorrect integer value: '' for column 'level' at row 1
trace:
#0 /ichukdata1/html/project/labring/core/util/DBAgent.php(102): PDOStatement->execute(Array)
#1 /ichukdata1/html/project/labring/core/util/DBAgent.php(272): DBAgent->query('insert into lab...', Array)
#2 /ichukdata1/html/project/labring/core/module/manager/_api/service/AddtypeServ.php(19): DBAgent->insertRecord('product_type', Array, Array, true)
#3 /ichukdata1/html/project/labring/core/FileLoader.php(115): AddtypeServ->action()
#4 /ichukdata1/html/project/labring/core/FileLoader.php(58): FileLoader->load('/ichukdata1/htm...', 'service.Addtype...', '/service/Addtyp...', 'AddtypeServ', true)
#5 /ichukdata1/html/project/labring/index_admin.php(36): FileLoader->loadfile()
#6 {main}
[2017-01-04 17:44:08][error] errCode:HY000
errMsg:SQLSTATE[HY000]: General error: 1366 Incorrect integer value: 'undefined' for column 'parentid' at row 1
trace:
#0 /ichukdata1/html/project/labring/core/util/DBAgent.php(102): PDOStatement->execute(Array)
#1 /ichukdata1/html/project/labring/core/util/DBAgent.php(272): DBAgent->query('insert into lab...', Array)
#2 /ichukdata1/html/project/labring/core/module/manager/_api/service/AddtypeServ.php(19): DBAgent->insertRecord('product_type', Array, Array, true)
#3 /ichukdata1/html/project/labring/core/FileLoader.php(115): AddtypeServ->action()
#4 /ichukdata1/html/project/labring/core/FileLoader.php(58): FileLoader->load('/ichukdata1/htm...', 'service.Addtype...', '/service/Addtyp...', 'AddtypeServ', true)
#5 /ichukdata1/html/project/labring/index_admin.php(36): FileLoader->loadfile()
#6 {main}
[2017-01-04 17:44:13][error] errCode:HY000
errMsg:SQLSTATE[HY000]: General error: 1366 Incorrect integer value: 'undefined' for column 'parentid' at row 1
trace:
#0 /ichukdata1/html/project/labring/core/util/DBAgent.php(102): PDOStatement->execute(Array)
#1 /ichukdata1/html/project/labring/core/util/DBAgent.php(272): DBAgent->query('insert into lab...', Array)
#2 /ichukdata1/html/project/labring/core/module/manager/_api/service/AddtypeServ.php(19): DBAgent->insertRecord('product_type', Array, Array, true)
#3 /ichukdata1/html/project/labring/core/FileLoader.php(115): AddtypeServ->action()
#4 /ichukdata1/html/project/labring/core/FileLoader.php(58): FileLoader->load('/ichukdata1/htm...', 'service.Addtype...', '/service/Addtyp...', 'AddtypeServ', true)
#5 /ichukdata1/html/project/labring/index_admin.php(36): FileLoader->loadfile()
#6 {main}
[2017-01-04 18:06:55][error] errCode:42000
errMsg:SQLSTATE[42000]: Syntax error or access violation: 1064 You have an error in your SQL syntax; check the manual that corresponds to your MySQL server version for the right syntax to use near 'and status=1' at line 1
trace:
#0 /ichukdata1/html/project/labring/core/util/DBAgent.php(56): PDOStatement->execute(Array)
#1 /ichukdata1/html/project/labring/core/service/ProductServ.php(416): DBAgent->queryRecords('select * from l...', Array)
#2 /ichukdata1/html/project/labring/core/module/pc/goods/ProductList.php(79): ProductServ->GetProperty('92')
#3 /ichukdata1/html/project/labring/core/FileLoader.php(115): ProductList->action()
#4 /ichukdata1/html/project/labring/core/FileLoader.php(58): FileLoader->load('/ichukdata1/htm...', 'goods.productLi...', '/goods/productL...', 'ProductList', false)
#5 /ichukdata1/html/project/labring/index.php(36): FileLoader->loadfile()
#6 {main}
[2017-01-04 18:09:20][error] errCode:42000
errMsg:SQLSTATE[42000]: Syntax error or access violation: 1064 You have an error in your SQL syntax; check the manual that corresponds to your MySQL server version for the right syntax to use near 'on labring_product_property labring_product_property.ptid=labring_product_type.p' at line 1
trace:
#0 /ichukdata1/html/project/labring/core/util/DBAgent.php(56): PDOStatement->execute(Array)
#1 /ichukdata1/html/project/labring/core/service/PropertyServ.php(7): DBAgent->queryRecords('select labring_...', Array)
#2 /ichukdata1/html/project/labring/core/module/manager/goodsmanager/Property.php(8): PropertyServ->getproperty()
#3 /ichukdata1/html/project/labring/core/FileLoader.php(115): Property->action()
#4 /ichukdata1/html/project/labring/core/FileLoader.php(58): FileLoader->load('/ichukdata1/htm...', 'goodsmanager.pr...', '/goodsmanager/p...', 'Property', false)
#5 /ichukdata1/html/project/labring/index_admin.php(36): FileLoader->loadfile()
#6 {main}
[2017-01-04 18:24:21][error] errCode:42000
errMsg:SQLSTATE[42000]: Syntax error or access violation: 1064 You have an error in your SQL syntax; check the manual that corresponds to your MySQL server version for the right syntax to use near 'and status=1' at line 1
trace:
#0 /ichukdata1/html/project/labring/core/util/DBAgent.php(56): PDOStatement->execute(Array)
#1 /ichukdata1/html/project/labring/core/service/ProductServ.php(416): DBAgent->queryRecords('select * from l...', Array)
#2 /ichukdata1/html/project/labring/core/module/pc/goods/ProductList.php(79): ProductServ->GetProperty('29')
#3 /ichukdata1/html/project/labring/core/FileLoader.php(115): ProductList->action()
#4 /ichukdata1/html/project/labring/core/FileLoader.php(58): FileLoader->load('/ichukdata1/htm...', 'goods.productLi...', '/goods/productL...', 'ProductList', false)
#5 /ichukdata1/html/project/labring/index.php(36): FileLoader->loadfile()
#6 {main}
[2017-01-04 19:19:41][error] errCode:HY000
errMsg:SQLSTATE[HY000]: General error: 1366 Incorrect integer value: '' for column 'level' at row 1
trace:
#0 /ichukdata1/html/project/labring/core/util/DBAgent.php(102): PDOStatement->execute(Array)
#1 /ichukdata1/html/project/labring/core/util/DBAgent.php(272): DBAgent->query('insert into lab...', Array)
#2 /ichukdata1/html/project/labring/core/module/manager/_api/service/AddtypeServ.php(19): DBAgent->insertRecord('product_type', Array, Array, true)
#3 /ichukdata1/html/project/labring/core/FileLoader.php(115): AddtypeServ->action()
#4 /ichukdata1/html/project/labring/core/FileLoader.php(58): FileLoader->load('/ichukdata1/htm...', 'service.Addtype...', '/service/Addtyp...', 'AddtypeServ', true)
#5 /ichukdata1/html/project/labring/index_admin.php(36): FileLoader->loadfile()
#6 {main}
[2017-01-04 20:03:31][error] errCode:HY000
errMsg:SQLSTATE[HY000]: General error: 1366 Incorrect integer value: '' for column 'level' at row 1
trace:
#0 /ichukdata1/html/project/labring/core/util/DBAgent.php(102): PDOStatement->execute(Array)
#1 /ichukdata1/html/project/labring/core/util/DBAgent.php(272): DBAgent->query('insert into lab...', Array)
#2 /ichukdata1/html/project/labring/core/module/manager/_api/service/AddtypeServ.php(19): DBAgent->insertRecord('product_type', Array, Array, true)
#3 /ichukdata1/html/project/labring/core/FileLoader.php(115): AddtypeServ->action()
#4 /ichukdata1/html/project/labring/core/FileLoader.php(58): FileLoader->load('/ichukdata1/htm...', 'service.Addtype...', '/service/Addtyp...', 'AddtypeServ', true)
#5 /ichukdata1/html/project/labring/index_admin.php(36): FileLoader->loadfile()
#6 {main}
[2017-01-04 20:04:21][error] errCode:HY000
errMsg:SQLSTATE[HY000]: General error: 1366 Incorrect integer value: '' for column 'level' at row 1
trace:
#0 /ichukdata1/html/project/labring/core/util/DBAgent.php(102): PDOStatement->execute(Array)
#1 /ichukdata1/html/project/labring/core/util/DBAgent.php(272): DBAgent->query('insert into lab...', Array)
#2 /ichukdata1/html/project/labring/core/module/manager/_api/service/AddtypeServ.php(19): DBAgent->insertRecord('product_type', Array, Array, true)
#3 /ichukdata1/html/project/labring/core/FileLoader.php(115): AddtypeServ->action()
#4 /ichukdata1/html/project/labring/core/FileLoader.php(58): FileLoader->load('/ichukdata1/htm...', 'service.Addtype...', '/service/Addtyp...', 'AddtypeServ', true)
#5 /ichukdata1/html/project/labring/index_admin.php(36): FileLoader->loadfile()
#6 {main}
[2017-01-04 20:04:44][error] errCode:HY000
errMsg:SQLSTATE[HY000]: General error: 1366 Incorrect integer value: '' for column 'level' at row 1
trace:
#0 /ichukdata1/html/project/labring/core/util/DBAgent.php(102): PDOStatement->execute(Array)
#1 /ichukdata1/html/project/labring/core/util/DBAgent.php(272): DBAgent->query('insert into lab...', Array)
#2 /ichukdata1/html/project/labring/core/module/manager/_api/service/AddtypeServ.php(19): DBAgent->insertRecord('product_type', Array, Array, true)
#3 /ichukdata1/html/project/labring/core/FileLoader.php(115): AddtypeServ->action()
#4 /ichukdata1/html/project/labring/core/FileLoader.php(58): FileLoader->load('/ichukdata1/htm...', 'service.Addtype...', '/service/Addtyp...', 'AddtypeServ', true)
#5 /ichukdata1/html/project/labring/index_admin.php(36): FileLoader->loadfile()
#6 {main}
[2017-01-04 20:14:46][error] errCode:42000
errMsg:SQLSTATE[42000]: Syntax error or access violation: 1064 You have an error in your SQL syntax; check the manual that corresponds to your MySQL server version for the right syntax to use near '' at line 1
trace:
#0 /ichukdata1/html/project/labring/core/util/DBAgent.php(56): PDOStatement->execute(Array)
#1 /ichukdata1/html/project/labring/core/service/PropertyServ.php(70): DBAgent->queryRecords('select count(*)...', Array)
#2 /ichukdata1/html/project/labring/core/module/manager/_api/service/AddprotypeServ.php(11): PropertyServ->getpronum(NULL)
#3 /ichukdata1/html/project/labring/core/FileLoader.php(115): AddprotypeServ->action()
#4 /ichukdata1/html/project/labring/core/FileLoader.php(58): FileLoader->load('/ichukdata1/htm...', 'service.Addprot...', '/service/Addpro...', 'AddprotypeServ', true)
#5 /ichukdata1/html/project/labring/index_admin.php(36): FileLoader->loadfile()
#6 {main}
[2017-01-04 20:35:18][error] errCode:42S22
errMsg:SQLSTATE[42S22]: Column not found: 1054 Unknown column 'id' in 'where clause'
trace:
#0 /ichukdata1/html/project/labring/core/util/DBAgent.php(102): PDOStatement->execute(Array)
#1 /ichukdata1/html/project/labring/core/util/DBAgent.php(245): DBAgent->query('update labring_...', Array)
#2 /ichukdata1/html/project/labring/core/service/PropertyServ.php(82): DBAgent->updateRecords('product_type', Array, Array, Array, Array, true)
#3 /ichukdata1/html/project/labring/core/module/manager/_api/service/DeleteprotypeServ.php(11): PropertyServ->Deleteprotypebyid('108')
#4 /ichukdata1/html/project/labring/core/FileLoader.php(115): DeleteprotypeServ->action()
#5 /ichukdata1/html/project/labring/core/FileLoader.php(58): FileLoader->load('/ichukdata1/htm...', 'service.Deletep...', '/service/Delete...', 'DeleteprotypeSe...', true)
#6 /ichukdata1/html/project/labring/index_admin.php(36): FileLoader->loadfile()
#7 {main}
