[2017-01-15 00:44:37][error] errCode:42000
errMsg:SQLSTATE[42000]: Syntax error or access violation: 1064 You have an error in your SQL syntax; check the manual that corresponds to your MySQL server version for the right syntax to use near 'certificate = '-1' where mid = '180' and 1 = 1' at line 1
trace:
#0 /ichukdata1/html/project/labring/core/util/DBAgent.php(102): PDOStatement->execute(Array)
#1 /ichukdata1/html/project/labring/core/util/DBAgent.php(245): DBAgent->query('update labring_...', Array)
#2 /ichukdata1/html/project/labring/core/module/manager/_api/service/CheckUserServ.php(11): DBAgent->updateRecords('member', Array, Array, Array, Array)
#3 /ichukdata1/html/project/labring/core/FileLoader.php(115): CheckUserServ->action()
#4 /ichukdata1/html/project/labring/core/FileLoader.php(58): FileLoader->load('/ichukdata1/htm...', 'service.CheckUs...', '/service/CheckU...', 'CheckUserServ', true)
#5 /ichukdata1/html/project/labring/index_admin.php(36): FileLoader->loadfile()
#6 {main}
[2017-01-15 00:44:41][error] errCode:42000
errMsg:SQLSTATE[42000]: Syntax error or access violation: 1064 You have an error in your SQL syntax; check the manual that corresponds to your MySQL server version for the right syntax to use near 'certificate = '1' where mid = '180' and 1 = 1' at line 1
trace:
#0 /ichukdata1/html/project/labring/core/util/DBAgent.php(102): PDOStatement->execute(Array)
#1 /ichukdata1/html/project/labring/core/util/DBAgent.php(245): DBAgent->query('update labring_...', Array)
#2 /ichukdata1/html/project/labring/core/module/manager/_api/service/CheckUserServ.php(11): DBAgent->updateRecords('member', Array, Array, Array, Array)
#3 /ichukdata1/html/project/labring/core/FileLoader.php(115): CheckUserServ->action()
#4 /ichukdata1/html/project/labring/core/FileLoader.php(58): FileLoader->load('/ichukdata1/htm...', 'service.CheckUs...', '/service/CheckU...', 'CheckUserServ', true)
#5 /ichukdata1/html/project/labring/index_admin.php(36): FileLoader->loadfile()
#6 {main}
[2017-01-15 00:44:46][error] errCode:42000
errMsg:SQLSTATE[42000]: Syntax error or access violation: 1064 You have an error in your SQL syntax; check the manual that corresponds to your MySQL server version for the right syntax to use near 'certificate = '1' where mid = '180' and 1 = 1' at line 1
trace:
#0 /ichukdata1/html/project/labring/core/util/DBAgent.php(102): PDOStatement->execute(Array)
#1 /ichukdata1/html/project/labring/core/util/DBAgent.php(245): DBAgent->query('update labring_...', Array)
#2 /ichukdata1/html/project/labring/core/module/manager/_api/service/CheckUserServ.php(11): DBAgent->updateRecords('member', Array, Array, Array, Array)
#3 /ichukdata1/html/project/labring/core/FileLoader.php(115): CheckUserServ->action()
#4 /ichukdata1/html/project/labring/core/FileLoader.php(58): FileLoader->load('/ichukdata1/htm...', 'service.CheckUs...', '/service/CheckU...', 'CheckUserServ', true)
#5 /ichukdata1/html/project/labring/index_admin.php(36): FileLoader->loadfile()
#6 {main}
[2017-01-15 00:46:22][error] errCode:42000
errMsg:SQLSTATE[42000]: Syntax error or access violation: 1064 You have an error in your SQL syntax; check the manual that corresponds to your MySQL server version for the right syntax to use near 'certificate = '1' where mid = '176' and 1 = 1' at line 1
trace:
#0 /ichukdata1/html/project/labring/core/util/DBAgent.php(102): PDOStatement->execute(Array)
#1 /ichukdata1/html/project/labring/core/util/DBAgent.php(245): DBAgent->query('update labring_...', Array)
#2 /ichukdata1/html/project/labring/core/module/manager/_api/service/CheckUserServ.php(11): DBAgent->updateRecords('member', Array, Array, Array, Array)
#3 /ichukdata1/html/project/labring/core/FileLoader.php(115): CheckUserServ->action()
#4 /ichukdata1/html/project/labring/core/FileLoader.php(58): FileLoader->load('/ichukdata1/htm...', 'service.CheckUs...', '/service/CheckU...', 'CheckUserServ', true)
#5 /ichukdata1/html/project/labring/index_admin.php(36): FileLoader->loadfile()
#6 {main}
[2017-01-15 00:46:37][error] errCode:42000
errMsg:SQLSTATE[42000]: Syntax error or access violation: 1064 You have an error in your SQL syntax; check the manual that corresponds to your MySQL server version for the right syntax to use near 'certificate = '1' where mid = '176' and 1 = 1' at line 1
trace:
#0 /ichukdata1/html/project/labring/core/util/DBAgent.php(102): PDOStatement->execute(Array)
#1 /ichukdata1/html/project/labring/core/util/DBAgent.php(245): DBAgent->query('update labring_...', Array)
#2 /ichukdata1/html/project/labring/core/module/manager/_api/service/CheckUserServ.php(11): DBAgent->updateRecords('member', Array, Array, Array, Array)
#3 /ichukdata1/html/project/labring/core/FileLoader.php(115): CheckUserServ->action()
#4 /ichukdata1/html/project/labring/core/FileLoader.php(58): FileLoader->load('/ichukdata1/htm...', 'service.CheckUs...', '/service/CheckU...', 'CheckUserServ', true)
#5 /ichukdata1/html/project/labring/index_admin.php(36): FileLoader->loadfile()
#6 {main}
[2017-01-15 00:48:51][error] errCode:42000
errMsg:SQLSTATE[42000]: Syntax error or access violation: 1064 You have an error in your SQL syntax; check the manual that corresponds to your MySQL server version for the right syntax to use near 'certificate = '-1' where mid = '176' and 1 = 1' at line 1
trace:
#0 /ichukdata1/html/project/labring/core/util/DBAgent.php(102): PDOStatement->execute(Array)
#1 /ichukdata1/html/project/labring/core/util/DBAgent.php(245): DBAgent->query('update labring_...', Array)
#2 /ichukdata1/html/project/labring/core/module/manager/_api/service/CheckUserServ.php(11): DBAgent->updateRecords('member', Array, Array, Array, Array)
#3 /ichukdata1/html/project/labring/core/FileLoader.php(115): CheckUserServ->action()
#4 /ichukdata1/html/project/labring/core/FileLoader.php(58): FileLoader->load('/ichukdata1/htm...', 'service.CheckUs...', '/service/CheckU...', 'CheckUserServ', true)
#5 /ichukdata1/html/project/labring/index_admin.php(36): FileLoader->loadfile()
#6 {main}
[2017-01-15 00:49:50][error] errCode:42000
errMsg:SQLSTATE[42000]: Syntax error or access violation: 1064 You have an error in your SQL syntax; check the manual that corresponds to your MySQL server version for the right syntax to use near 'certificate = '1' where mid = '118' and 1 = 1' at line 1
trace:
#0 /ichukdata1/html/project/labring/core/util/DBAgent.php(102): PDOStatement->execute(Array)
#1 /ichukdata1/html/project/labring/core/util/DBAgent.php(245): DBAgent->query('update labring_...', Array)
#2 /ichukdata1/html/project/labring/core/module/manager/_api/service/CheckUserServ.php(12): DBAgent->updateRecords('member', Array, Array, Array, Array)
#3 /ichukdata1/html/project/labring/core/FileLoader.php(115): CheckUserServ->action()
#4 /ichukdata1/html/project/labring/core/FileLoader.php(58): FileLoader->load('/ichukdata1/htm...', 'service.CheckUs...', '/service/CheckU...', 'CheckUserServ', true)
#5 /ichukdata1/html/project/labring/index_admin.php(36): FileLoader->loadfile()
#6 {main}
[2017-01-15 00:49:54][error] errCode:42000
errMsg:SQLSTATE[42000]: Syntax error or access violation: 1064 You have an error in your SQL syntax; check the manual that corresponds to your MySQL server version for the right syntax to use near 'certificate = '-1' where mid = '118' and 1 = 1' at line 1
trace:
#0 /ichukdata1/html/project/labring/core/util/DBAgent.php(102): PDOStatement->execute(Array)
#1 /ichukdata1/html/project/labring/core/util/DBAgent.php(245): DBAgent->query('update labring_...', Array)
#2 /ichukdata1/html/project/labring/core/module/manager/_api/service/CheckUserServ.php(12): DBAgent->updateRecords('member', Array, Array, Array, Array)
#3 /ichukdata1/html/project/labring/core/FileLoader.php(115): CheckUserServ->action()
#4 /ichukdata1/html/project/labring/core/FileLoader.php(58): FileLoader->load('/ichukdata1/htm...', 'service.CheckUs...', '/service/CheckU...', 'CheckUserServ', true)
#5 /ichukdata1/html/project/labring/index_admin.php(36): FileLoader->loadfile()
#6 {main}
[2017-01-15 00:50:29][error] errCode:42000
errMsg:SQLSTATE[42000]: Syntax error or access violation: 1064 You have an error in your SQL syntax; check the manual that corresponds to your MySQL server version for the right syntax to use near 'certificate = '-1' where mid = '118' and 1 = 1' at line 1
trace:
#0 /ichukdata1/html/project/labring/core/util/DBAgent.php(102): PDOStatement->execute(Array)
#1 /ichukdata1/html/project/labring/core/util/DBAgent.php(245): DBAgent->query('update labring_...', Array)
#2 /ichukdata1/html/project/labring/core/module/manager/_api/service/CheckUserServ.php(12): DBAgent->updateRecords('member', Array, Array, Array, Array)
#3 /ichukdata1/html/project/labring/core/FileLoader.php(115): CheckUserServ->action()
#4 /ichukdata1/html/project/labring/core/FileLoader.php(58): FileLoader->load('/ichukdata1/htm...', 'service.CheckUs...', '/service/CheckU...', 'CheckUserServ', true)
#5 /ichukdata1/html/project/labring/index_admin.php(36): FileLoader->loadfile()
#6 {main}
[2017-01-15 00:51:48][error] errCode:42S22
errMsg:SQLSTATE[42S22]: Column not found: 1054 Unknown column 'is_certificate' in 'field list'
trace:
#0 /ichukdata1/html/project/labring/core/util/DBAgent.php(102): PDOStatement->execute(Array)
#1 /ichukdata1/html/project/labring/core/util/DBAgent.php(245): DBAgent->query('update labring_...', Array)
#2 /ichukdata1/html/project/labring/core/module/manager/_api/service/CheckUserServ.php(12): DBAgent->updateRecords('member', Array, Array, Array, Array)
#3 /ichukdata1/html/project/labring/core/FileLoader.php(115): CheckUserServ->action()
#4 /ichukdata1/html/project/labring/core/FileLoader.php(58): FileLoader->load('/ichukdata1/htm...', 'service.CheckUs...', '/service/CheckU...', 'CheckUserServ', true)
#5 /ichukdata1/html/project/labring/index_admin.php(36): FileLoader->loadfile()
#6 {main}
[2017-01-15 00:56:49][error] errCode:42S22
errMsg:SQLSTATE[42S22]: Column not found: 1054 Unknown column 'is_certificate' in 'field list'
trace:
#0 /ichukdata1/html/project/labring/core/util/DBAgent.php(102): PDOStatement->execute(Array)
#1 /ichukdata1/html/project/labring/core/util/DBAgent.php(245): DBAgent->query('update labring_...', Array)
#2 /ichukdata1/html/project/labring/core/module/manager/_api/service/CheckUserServ.php(12): DBAgent->updateRecords('member', Array, Array, Array, Array)
#3 /ichukdata1/html/project/labring/core/FileLoader.php(115): CheckUserServ->action()
#4 /ichukdata1/html/project/labring/core/FileLoader.php(58): FileLoader->load('/ichukdata1/htm...', 'service.CheckUs...', '/service/CheckU...', 'CheckUserServ', true)
#5 /ichukdata1/html/project/labring/index_admin.php(36): FileLoader->loadfile()
#6 {main}
[2017-01-15 00:59:20][error] errCode:42000
errMsg:SQLSTATE[42000]: Syntax error or access violation: 1064 You have an error in your SQL syntax; check the manual that corresponds to your MySQL server version for the right syntax to use near '[is_certificate] = '1' where mid = '180' and 1 = 1' at line 1
trace:
#0 /ichukdata1/html/project/labring/core/util/DBAgent.php(102): PDOStatement->execute(Array)
#1 /ichukdata1/html/project/labring/core/util/DBAgent.php(245): DBAgent->query('update labring_...', Array)
#2 /ichukdata1/html/project/labring/core/module/manager/_api/service/CheckUserServ.php(12): DBAgent->updateRecords('member', Array, Array, Array, Array)
#3 /ichukdata1/html/project/labring/core/FileLoader.php(115): CheckUserServ->action()
#4 /ichukdata1/html/project/labring/core/FileLoader.php(58): FileLoader->load('/ichukdata1/htm...', 'service.CheckUs...', '/service/CheckU...', 'CheckUserServ', true)
#5 /ichukdata1/html/project/labring/index_admin.php(36): FileLoader->loadfile()
#6 {main}
[2017-01-15 01:00:39][error] errCode:42000
errMsg:SQLSTATE[42000]: Syntax error or access violation: 1064 You have an error in your SQL syntax; check the manual that corresponds to your MySQL server version for the right syntax to use near '[is_ certificate] = '1' where mid = '180' and 1 = 1' at line 1
trace:
#0 /ichukdata1/html/project/labring/core/util/DBAgent.php(102): PDOStatement->execute(Array)
#1 /ichukdata1/html/project/labring/core/util/DBAgent.php(245): DBAgent->query('update labring_...', Array)
#2 /ichukdata1/html/project/labring/core/module/manager/_api/service/CheckUserServ.php(12): DBAgent->updateRecords('member', Array, Array, Array, Array)
#3 /ichukdata1/html/project/labring/core/FileLoader.php(115): CheckUserServ->action()
#4 /ichukdata1/html/project/labring/core/FileLoader.php(58): FileLoader->load('/ichukdata1/htm...', 'service.CheckUs...', '/service/CheckU...', 'CheckUserServ', true)
#5 /ichukdata1/html/project/labring/index_admin.php(36): FileLoader->loadfile()
#6 {main}
[2017-01-15 01:01:43][error] errCode:42000
errMsg:SQLSTATE[42000]: Syntax error or access violation: 1064 You have an error in your SQL syntax; check the manual that corresponds to your MySQL server version for the right syntax to use near '[is_vip] = '1' where mid = '180' and 1 = 1' at line 1
trace:
#0 /ichukdata1/html/project/labring/core/util/DBAgent.php(102): PDOStatement->execute(Array)
#1 /ichukdata1/html/project/labring/core/util/DBAgent.php(245): DBAgent->query('update labring_...', Array)
#2 /ichukdata1/html/project/labring/core/module/manager/_api/service/CheckUserServ.php(12): DBAgent->updateRecords('member', Array, Array, Array, Array)
#3 /ichukdata1/html/project/labring/core/FileLoader.php(115): CheckUserServ->action()
#4 /ichukdata1/html/project/labring/core/FileLoader.php(58): FileLoader->load('/ichukdata1/htm...', 'service.CheckUs...', '/service/CheckU...', 'CheckUserServ', true)
#5 /ichukdata1/html/project/labring/index_admin.php(36): FileLoader->loadfile()
#6 {main}
[2017-01-15 18:26:29][error] errCode:HY093
errMsg:SQLSTATE[HY093]: Invalid parameter number: number of bound variables does not match number of tokens
trace:
#0 /ichukdata1/html/project/labring/core/util/DBAgent.php(125): PDOStatement->execute(Array)
#1 /ichukdata1/html/project/labring/core/service/ProductServ.php(919): DBAgent->queryWithTransaction(Array, Array)
#2 /ichukdata1/html/project/labring/core/module/pc/_api/service/SaveProductPropInfoServ.php(181): ProductServ->updateProduct('214', Array, Array, Array, Array, 1)
#3 /ichukdata1/html/project/labring/core/module/pc/_api/service/SaveProductPropInfoServ.php(40): SaveProductPropInfoServ->handleRelativeProps('1')
#4 /ichukdata1/html/project/labring/core/FileLoader.php(115): SaveProductPropInfoServ->action()
#5 /ichukdata1/html/project/labring/core/FileLoader.php(58): FileLoader->load('/ichukdata1/htm...', 'service.savePro...', '/service/savePr...', 'SaveProductProp...', true)
#6 /ichukdata1/html/project/labring/index.php(36): FileLoader->loadfile()
#7 {main}
[2017-01-15 20:43:53][error] errCode:42000
errMsg:SQLSTATE[42000]: Syntax error or access violation: 1064 You have an error in your SQL syntax; check the manual that corresponds to your MySQL server version for the right syntax to use near 'like '%哈哈哈%'' at line 1
trace:
#0 /ichukdata1/html/project/labring/core/util/DBAgent.php(79): PDOStatement->execute(Array)
#1 /ichukdata1/html/project/labring/core/service/ArticleServ.php(100): DBAgent->querySingleRecord('select count(*)...', Array)
#2 /ichukdata1/html/project/labring/core/module/manager/media/Articles.php(13): ArticleServ->getAllArticleCount('1', '?????????')
#3 /ichukdata1/html/project/labring/core/FileLoader.php(115): Articles->action()
#4 /ichukdata1/html/project/labring/core/FileLoader.php(58): FileLoader->load('/ichukdata1/htm...', 'media.articles....', '/media/articles...', 'Articles', false)
#5 /ichukdata1/html/project/labring/index_admin.php(36): FileLoader->loadfile()
#6 {main}
[2017-01-15 20:45:10][error] errCode:42000
errMsg:SQLSTATE[42000]: Syntax error or access violation: 1064 You have an error in your SQL syntax; check the manual that corresponds to your MySQL server version for the right syntax to use near 'like '%哈哈%'' at line 1
trace:
#0 /ichukdata1/html/project/labring/core/util/DBAgent.php(79): PDOStatement->execute(Array)
#1 /ichukdata1/html/project/labring/core/service/ArticleServ.php(100): DBAgent->querySingleRecord('select count(*)...', Array)
#2 /ichukdata1/html/project/labring/core/module/manager/media/Articles.php(13): ArticleServ->getAllArticleCount('1', '??????')
#3 /ichukdata1/html/project/labring/core/FileLoader.php(115): Articles->action()
#4 /ichukdata1/html/project/labring/core/FileLoader.php(58): FileLoader->load('/ichukdata1/htm...', 'media.articles....', '/media/articles...', 'Articles', false)
#5 /ichukdata1/html/project/labring/index_admin.php(36): FileLoader->loadfile()
#6 {main}
[2017-01-15 20:45:11][error] errCode:42000
errMsg:SQLSTATE[42000]: Syntax error or access violation: 1064 You have an error in your SQL syntax; check the manual that corresponds to your MySQL server version for the right syntax to use near 'like '%哈哈%'' at line 1
trace:
#0 /ichukdata1/html/project/labring/core/util/DBAgent.php(79): PDOStatement->execute(Array)
#1 /ichukdata1/html/project/labring/core/service/ArticleServ.php(100): DBAgent->querySingleRecord('select count(*)...', Array)
#2 /ichukdata1/html/project/labring/core/module/manager/media/Articles.php(13): ArticleServ->getAllArticleCount('1', '??????')
#3 /ichukdata1/html/project/labring/core/FileLoader.php(115): Articles->action()
#4 /ichukdata1/html/project/labring/core/FileLoader.php(58): FileLoader->load('/ichukdata1/htm...', 'media.articles....', '/media/articles...', 'Articles', false)
#5 /ichukdata1/html/project/labring/index_admin.php(36): FileLoader->loadfile()
#6 {main}
[2017-01-15 20:45:18][error] errCode:42000
errMsg:SQLSTATE[42000]: Syntax error or access violation: 1064 You have an error in your SQL syntax; check the manual that corresponds to your MySQL server version for the right syntax to use near 'like '%哈哈%'' at line 1
trace:
#0 /ichukdata1/html/project/labring/core/util/DBAgent.php(79): PDOStatement->execute(Array)
#1 /ichukdata1/html/project/labring/core/service/ArticleServ.php(100): DBAgent->querySingleRecord('select count(*)...', Array)
#2 /ichukdata1/html/project/labring/core/module/manager/media/Articles.php(13): ArticleServ->getAllArticleCount('1', '??????')
#3 /ichukdata1/html/project/labring/core/FileLoader.php(115): Articles->action()
#4 /ichukdata1/html/project/labring/core/FileLoader.php(58): FileLoader->load('/ichukdata1/htm...', 'media.articles....', '/media/articles...', 'Articles', false)
#5 /ichukdata1/html/project/labring/index_admin.php(36): FileLoader->loadfile()
#6 {main}
[2017-01-15 20:45:46][error] errCode:42000
errMsg:SQLSTATE[42000]: Syntax error or access violation: 1064 You have an error in your SQL syntax; check the manual that corresponds to your MySQL server version for the right syntax to use near 'like '%哈哈%'' at line 1
trace:
#0 /ichukdata1/html/project/labring/core/util/DBAgent.php(79): PDOStatement->execute(Array)
#1 /ichukdata1/html/project/labring/core/service/ArticleServ.php(100): DBAgent->querySingleRecord('select count(*)...', Array)
#2 /ichukdata1/html/project/labring/core/module/manager/media/Articles.php(13): ArticleServ->getAllArticleCount('1', '??????')
#3 /ichukdata1/html/project/labring/core/FileLoader.php(115): Articles->action()
#4 /ichukdata1/html/project/labring/core/FileLoader.php(58): FileLoader->load('/ichukdata1/htm...', 'media.articles....', '/media/articles...', 'Articles', false)
#5 /ichukdata1/html/project/labring/index_admin.php(36): FileLoader->loadfile()
#6 {main}
[2017-01-15 20:45:48][error] errCode:42000
errMsg:SQLSTATE[42000]: Syntax error or access violation: 1064 You have an error in your SQL syntax; check the manual that corresponds to your MySQL server version for the right syntax to use near 'like '%哈哈%'' at line 1
trace:
#0 /ichukdata1/html/project/labring/core/util/DBAgent.php(79): PDOStatement->execute(Array)
#1 /ichukdata1/html/project/labring/core/service/ArticleServ.php(100): DBAgent->querySingleRecord('select count(*)...', Array)
#2 /ichukdata1/html/project/labring/core/module/manager/media/Articles.php(13): ArticleServ->getAllArticleCount('1', '??????')
#3 /ichukdata1/html/project/labring/core/FileLoader.php(115): Articles->action()
#4 /ichukdata1/html/project/labring/core/FileLoader.php(58): FileLoader->load('/ichukdata1/htm...', 'media.articles....', '/media/articles...', 'Articles', false)
#5 /ichukdata1/html/project/labring/index_admin.php(36): FileLoader->loadfile()
#6 {main}
[2017-01-15 20:45:50][error] errCode:42000
errMsg:SQLSTATE[42000]: Syntax error or access violation: 1064 You have an error in your SQL syntax; check the manual that corresponds to your MySQL server version for the right syntax to use near 'like '%哈哈%'' at line 1
trace:
#0 /ichukdata1/html/project/labring/core/util/DBAgent.php(79): PDOStatement->execute(Array)
#1 /ichukdata1/html/project/labring/core/service/ArticleServ.php(100): DBAgent->querySingleRecord('select count(*)...', Array)
#2 /ichukdata1/html/project/labring/core/module/manager/media/Articles.php(13): ArticleServ->getAllArticleCount('1', '??????')
#3 /ichukdata1/html/project/labring/core/FileLoader.php(115): Articles->action()
#4 /ichukdata1/html/project/labring/core/FileLoader.php(58): FileLoader->load('/ichukdata1/htm...', 'media.articles....', '/media/articles...', 'Articles', false)
#5 /ichukdata1/html/project/labring/index_admin.php(36): FileLoader->loadfile()
#6 {main}
[2017-01-15 20:45:55][error] errCode:42000
errMsg:SQLSTATE[42000]: Syntax error or access violation: 1064 You have an error in your SQL syntax; check the manual that corresponds to your MySQL server version for the right syntax to use near 'like '%哈哈%'' at line 1
trace:
#0 /ichukdata1/html/project/labring/core/util/DBAgent.php(79): PDOStatement->execute(Array)
#1 /ichukdata1/html/project/labring/core/service/ArticleServ.php(100): DBAgent->querySingleRecord('select count(*)...', Array)
#2 /ichukdata1/html/project/labring/core/module/manager/media/Articles.php(13): ArticleServ->getAllArticleCount('1', '??????')
#3 /ichukdata1/html/project/labring/core/FileLoader.php(115): Articles->action()
#4 /ichukdata1/html/project/labring/core/FileLoader.php(58): FileLoader->load('/ichukdata1/htm...', 'media.articles....', '/media/articles...', 'Articles', false)
#5 /ichukdata1/html/project/labring/index_admin.php(36): FileLoader->loadfile()
#6 {main}
[2017-01-15 21:41:49][error] errCode:42000
errMsg:SQLSTATE[42000]: Syntax error or access violation: 1064 You have an error in your SQL syntax; check the manual that corresponds to your MySQL server version for the right syntax to use near 'like '%红烧%'' at line 1
trace:
#0 /ichukdata1/html/project/labring/core/util/DBAgent.php(79): PDOStatement->execute(Array)
#1 /ichukdata1/html/project/labring/core/service/ArticleServ.php(100): DBAgent->querySingleRecord('select count(*)...', Array)
#2 /ichukdata1/html/project/labring/core/module/manager/media/Cooperate.php(13): ArticleServ->getAllArticleCount('2', '??????')
#3 /ichukdata1/html/project/labring/core/FileLoader.php(115): Cooperate->action()
#4 /ichukdata1/html/project/labring/core/FileLoader.php(58): FileLoader->load('/ichukdata1/htm...', 'media.cooperate...', '/media/cooperat...', 'Cooperate', false)
#5 /ichukdata1/html/project/labring/index_admin.php(36): FileLoader->loadfile()
#6 {main}
[2017-01-15 21:43:10][error] errCode:42000
errMsg:SQLSTATE[42000]: Syntax error or access violation: 1064 You have an error in your SQL syntax; check the manual that corresponds to your MySQL server version for the right syntax to use near 'like '%红烧%'' at line 1
trace:
#0 /ichukdata1/html/project/labring/core/util/DBAgent.php(79): PDOStatement->execute(Array)
#1 /ichukdata1/html/project/labring/core/service/ArticleServ.php(100): DBAgent->querySingleRecord('select count(*)...', Array)
#2 /ichukdata1/html/project/labring/core/module/manager/media/Cooperate.php(13): ArticleServ->getAllArticleCount('2', '??????')
#3 /ichukdata1/html/project/labring/core/FileLoader.php(115): Cooperate->action()
#4 /ichukdata1/html/project/labring/core/FileLoader.php(58): FileLoader->load('/ichukdata1/htm...', 'media.cooperate...', '/media/cooperat...', 'Cooperate', false)
#5 /ichukdata1/html/project/labring/index_admin.php(36): FileLoader->loadfile()
#6 {main}
[2017-01-15 21:45:02][error] errCode:42000
errMsg:SQLSTATE[42000]: Syntax error or access violation: 1064 You have an error in your SQL syntax; check the manual that corresponds to your MySQL server version for the right syntax to use near 'like '%红烧%'' at line 1
trace:
#0 /ichukdata1/html/project/labring/core/util/DBAgent.php(79): PDOStatement->execute(Array)
#1 /ichukdata1/html/project/labring/core/service/ArticleServ.php(100): DBAgent->querySingleRecord('select count(*)...', Array)
#2 /ichukdata1/html/project/labring/core/module/manager/media/Cooperate.php(13): ArticleServ->getAllArticleCount('2', '??????')
#3 /ichukdata1/html/project/labring/core/FileLoader.php(115): Cooperate->action()
#4 /ichukdata1/html/project/labring/core/FileLoader.php(58): FileLoader->load('/ichukdata1/htm...', 'media.cooperate...', '/media/cooperat...', 'Cooperate', false)
#5 /ichukdata1/html/project/labring/index_admin.php(36): FileLoader->loadfile()
#6 {main}
[2017-01-15 21:47:58][error] errCode:42000
errMsg:SQLSTATE[42000]: Syntax error or access violation: 1064 You have an error in your SQL syntax; check the manual that corresponds to your MySQL server version for the right syntax to use near 'like '%茄子%'' at line 1
trace:
#0 /ichukdata1/html/project/labring/core/util/DBAgent.php(79): PDOStatement->execute(Array)
#1 /ichukdata1/html/project/labring/core/service/ArticleServ.php(100): DBAgent->querySingleRecord('select count(*)...', Array)
#2 /ichukdata1/html/project/labring/core/module/manager/media/Cooperate.php(13): ArticleServ->getAllArticleCount('2', '??????')
#3 /ichukdata1/html/project/labring/core/FileLoader.php(115): Cooperate->action()
#4 /ichukdata1/html/project/labring/core/FileLoader.php(58): FileLoader->load('/ichukdata1/htm...', 'media.cooperate...', '/media/cooperat...', 'Cooperate', false)
#5 /ichukdata1/html/project/labring/index_admin.php(36): FileLoader->loadfile()
#6 {main}
[2017-01-15 21:50:18][error] errCode:42000
errMsg:SQLSTATE[42000]: Syntax error or access violation: 1064 You have an error in your SQL syntax; check the manual that corresponds to your MySQL server version for the right syntax to use near 'like '%年会%'' at line 1
trace:
#0 /ichukdata1/html/project/labring/core/util/DBAgent.php(79): PDOStatement->execute(Array)
#1 /ichukdata1/html/project/labring/core/service/ArticleServ.php(100): DBAgent->querySingleRecord('select count(*)...', Array)
#2 /ichukdata1/html/project/labring/core/module/manager/media/Activity.php(13): ArticleServ->getAllArticleCount('5', '??????')
#3 /ichukdata1/html/project/labring/core/FileLoader.php(115): Activity->action()
#4 /ichukdata1/html/project/labring/core/FileLoader.php(58): FileLoader->load('/ichukdata1/htm...', 'media.activity....', '/media/activity...', 'Activity', false)
#5 /ichukdata1/html/project/labring/index_admin.php(36): FileLoader->loadfile()
#6 {main}
[2017-01-15 23:27:15][error] errCode:23000
errMsg:SQLSTATE[23000]: Integrity constraint violation: 1048 Column 'couponid' cannot be null
trace:
#0 /ichukdata1/html/project/labring/core/util/DBAgent.php(125): PDOStatement->execute(Array)
#1 /ichukdata1/html/project/labring/core/service/ProductServ.php(294): DBAgent->queryWithTransaction(Array, Array)
#2 /ichukdata1/html/project/labring/core/module/mobile/_api/service/SubmitOrderServ.php(281): ProductServ->saveOrders(Array, Array)
#3 /ichukdata1/html/project/labring/core/FileLoader.php(115): SubmitOrderServ->action()
#4 /ichukdata1/html/project/labring/core/FileLoader.php(58): FileLoader->load('/ichukdata1/htm...', 'service.SubmitO...', '/service/Submit...', 'SubmitOrderServ', true)
#5 /ichukdata1/html/project/labring/index_mobile.php(36): FileLoader->loadfile()
#6 {main}
[2017-01-15 23:28:09][error] errCode:23000
errMsg:SQLSTATE[23000]: Integrity constraint violation: 1048 Column 'couponid' cannot be null
trace:
#0 /ichukdata1/html/project/labring/core/util/DBAgent.php(125): PDOStatement->execute(Array)
#1 /ichukdata1/html/project/labring/core/service/ProductServ.php(294): DBAgent->queryWithTransaction(Array, Array)
#2 /ichukdata1/html/project/labring/core/module/mobile/_api/service/SubmitOrderServ.php(281): ProductServ->saveOrders(Array, Array)
#3 /ichukdata1/html/project/labring/core/FileLoader.php(115): SubmitOrderServ->action()
#4 /ichukdata1/html/project/labring/core/FileLoader.php(58): FileLoader->load('/ichukdata1/htm...', 'service.SubmitO...', '/service/Submit...', 'SubmitOrderServ', true)
#5 /ichukdata1/html/project/labring/index_mobile.php(36): FileLoader->loadfile()
#6 {main}
[2017-01-15 23:28:19][error] errCode:23000
errMsg:SQLSTATE[23000]: Integrity constraint violation: 1048 Column 'couponid' cannot be null
trace:
#0 /ichukdata1/html/project/labring/core/util/DBAgent.php(125): PDOStatement->execute(Array)
#1 /ichukdata1/html/project/labring/core/service/ProductServ.php(294): DBAgent->queryWithTransaction(Array, Array)
#2 /ichukdata1/html/project/labring/core/module/mobile/_api/service/SubmitOrderServ.php(281): ProductServ->saveOrders(Array, Array)
#3 /ichukdata1/html/project/labring/core/FileLoader.php(115): SubmitOrderServ->action()
#4 /ichukdata1/html/project/labring/core/FileLoader.php(58): FileLoader->load('/ichukdata1/htm...', 'service.SubmitO...', '/service/Submit...', 'SubmitOrderServ', true)
#5 /ichukdata1/html/project/labring/index_mobile.php(36): FileLoader->loadfile()
#6 {main}
[2017-01-15 23:28:42][error] errCode:23000
errMsg:SQLSTATE[23000]: Integrity constraint violation: 1048 Column 'couponid' cannot be null
trace:
#0 /ichukdata1/html/project/labring/core/util/DBAgent.php(125): PDOStatement->execute(Array)
#1 /ichukdata1/html/project/labring/core/service/ProductServ.php(294): DBAgent->queryWithTransaction(Array, Array)
#2 /ichukdata1/html/project/labring/core/module/pc/_api/service/SubmitOrderServ.php(281): ProductServ->saveOrders(Array, Array)
#3 /ichukdata1/html/project/labring/core/FileLoader.php(115): SubmitOrderServ->action()
#4 /ichukdata1/html/project/labring/core/FileLoader.php(58): FileLoader->load('/ichukdata1/htm...', 'service.SubmitO...', '/service/Submit...', 'SubmitOrderServ', true)
#5 /ichukdata1/html/project/labring/index.php(36): FileLoader->loadfile()
#6 {main}
[2017-01-15 23:28:45][error] errCode:23000
errMsg:SQLSTATE[23000]: Integrity constraint violation: 1048 Column 'couponid' cannot be null
trace:
#0 /ichukdata1/html/project/labring/core/util/DBAgent.php(125): PDOStatement->execute(Array)
#1 /ichukdata1/html/project/labring/core/service/ProductServ.php(294): DBAgent->queryWithTransaction(Array, Array)
#2 /ichukdata1/html/project/labring/core/module/pc/_api/service/SubmitOrderServ.php(281): ProductServ->saveOrders(Array, Array)
#3 /ichukdata1/html/project/labring/core/FileLoader.php(115): SubmitOrderServ->action()
#4 /ichukdata1/html/project/labring/core/FileLoader.php(58): FileLoader->load('/ichukdata1/htm...', 'service.SubmitO...', '/service/Submit...', 'SubmitOrderServ', true)
#5 /ichukdata1/html/project/labring/index.php(36): FileLoader->loadfile()
#6 {main}
[2017-01-15 23:30:00][error] errCode:23000
errMsg:SQLSTATE[23000]: Integrity constraint violation: 1048 Column 'couponid' cannot be null
trace:
#0 /ichukdata1/html/project/labring/core/util/DBAgent.php(125): PDOStatement->execute(Array)
#1 /ichukdata1/html/project/labring/core/service/ProductServ.php(294): DBAgent->queryWithTransaction(Array, Array)
#2 /ichukdata1/html/project/labring/core/module/pc/_api/service/SubmitOrderServ.php(281): ProductServ->saveOrders(Array, Array)
#3 /ichukdata1/html/project/labring/core/FileLoader.php(115): SubmitOrderServ->action()
#4 /ichukdata1/html/project/labring/core/FileLoader.php(58): FileLoader->load('/ichukdata1/htm...', 'service.SubmitO...', '/service/Submit...', 'SubmitOrderServ', true)
#5 /ichukdata1/html/project/labring/index.php(36): FileLoader->loadfile()
#6 {main}
[2017-01-15 23:30:03][error] errCode:23000
errMsg:SQLSTATE[23000]: Integrity constraint violation: 1048 Column 'couponid' cannot be null
trace:
#0 /ichukdata1/html/project/labring/core/util/DBAgent.php(125): PDOStatement->execute(Array)
#1 /ichukdata1/html/project/labring/core/service/ProductServ.php(294): DBAgent->queryWithTransaction(Array, Array)
#2 /ichukdata1/html/project/labring/core/module/pc/_api/service/SubmitOrderServ.php(281): ProductServ->saveOrders(Array, Array)
#3 /ichukdata1/html/project/labring/core/FileLoader.php(115): SubmitOrderServ->action()
#4 /ichukdata1/html/project/labring/core/FileLoader.php(58): FileLoader->load('/ichukdata1/htm...', 'service.SubmitO...', '/service/Submit...', 'SubmitOrderServ', true)
#5 /ichukdata1/html/project/labring/index.php(36): FileLoader->loadfile()
#6 {main}
[2017-01-15 23:30:12][error] errCode:42000
errMsg:SQLSTATE[42000]: Syntax error or access violation: 1064 You have an error in your SQL syntax; check the manual that corresponds to your MySQL server version for the right syntax to use near 'set face = 'http://d31.ichuk.com/upload/2017-01-15/3cf0140b4c7ca633429047d8655b0' at line 1
trace:
#0 /ichukdata1/html/project/labring/core/util/DBAgent.php(102): PDOStatement->execute(Array)
#1 /ichukdata1/html/project/labring/core/service/AdminServ.php(84): DBAgent->query('update set face...', Array)
#2 /ichukdata1/html/project/labring/core/module/manager/_api/service/UpdateAdminFaceServ.php(17): AdminServ->updateFace('1', 'http://d31.ichu...')
#3 /ichukdata1/html/project/labring/core/FileLoader.php(115): UpdateAdminFaceServ->action()
#4 /ichukdata1/html/project/labring/core/FileLoader.php(58): FileLoader->load('/ichukdata1/htm...', 'service.updateA...', '/service/update...', 'UpdateAdminFace...', true)
#5 /ichukdata1/html/project/labring/index_admin.php(36): FileLoader->loadfile()
#6 {main}
[2017-01-15 23:33:24][error] errCode:23000
errMsg:SQLSTATE[23000]: Integrity constraint violation: 1052 Column 'name' in where clause is ambiguous
trace:
#0 /ichukdata1/html/project/labring/core/util/DBAgent.php(56): PDOStatement->execute(Array)
#1 /ichukdata1/html/project/labring/core/service/AdminServ.php(72): DBAgent->queryRecords('select b.name a...', Array)
#2 /ichukdata1/html/project/labring/core/module/manager/usermanager/AdminInfo.php(31): AdminServ->searchAdminByKey('adc', 0, 10)
#3 /ichukdata1/html/project/labring/core/FileLoader.php(115): AdminInfo->action()
#4 /ichukdata1/html/project/labring/core/FileLoader.php(58): FileLoader->load('/ichukdata1/htm...', 'usermanager.adm...', '/usermanager/ad...', 'AdminInfo', false)
#5 /ichukdata1/html/project/labring/index_admin.php(36): FileLoader->loadfile()
#6 {main}
[2017-01-15 23:33:43][error] errCode:23000
errMsg:SQLSTATE[23000]: Integrity constraint violation: 1048 Column 'couponid' cannot be null
trace:
#0 /ichukdata1/html/project/labring/core/util/DBAgent.php(125): PDOStatement->execute(Array)
#1 /ichukdata1/html/project/labring/core/service/ProductServ.php(294): DBAgent->queryWithTransaction(Array, Array)
#2 /ichukdata1/html/project/labring/core/module/pc/_api/service/SubmitOrderServ.php(281): ProductServ->saveOrders(Array, Array)
#3 /ichukdata1/html/project/labring/core/FileLoader.php(115): SubmitOrderServ->action()
#4 /ichukdata1/html/project/labring/core/FileLoader.php(58): FileLoader->load('/ichukdata1/htm...', 'service.SubmitO...', '/service/Submit...', 'SubmitOrderServ', true)
#5 /ichukdata1/html/project/labring/index.php(36): FileLoader->loadfile()
#6 {main}
[2017-01-15 23:35:48][error] errCode:23000
errMsg:SQLSTATE[23000]: Integrity constraint violation: 1052 Column 'name' in where clause is ambiguous
trace:
#0 /ichukdata1/html/project/labring/core/util/DBAgent.php(56): PDOStatement->execute(Array)
#1 /ichukdata1/html/project/labring/core/service/AdminServ.php(72): DBAgent->queryRecords('select b.name a...', Array)
#2 /ichukdata1/html/project/labring/core/module/manager/usermanager/AdminInfo.php(31): AdminServ->searchAdminByKey('adc', 0, 10)
#3 /ichukdata1/html/project/labring/core/FileLoader.php(115): AdminInfo->action()
#4 /ichukdata1/html/project/labring/core/FileLoader.php(58): FileLoader->load('/ichukdata1/htm...', 'usermanager.adm...', '/usermanager/ad...', 'AdminInfo', false)
#5 /ichukdata1/html/project/labring/index_admin.php(36): FileLoader->loadfile()
#6 {main}
[2017-01-15 23:35:57][error] errCode:23000
errMsg:SQLSTATE[23000]: Integrity constraint violation: 1052 Column 'name' in where clause is ambiguous
trace:
#0 /ichukdata1/html/project/labring/core/util/DBAgent.php(56): PDOStatement->execute(Array)
#1 /ichukdata1/html/project/labring/core/service/AdminServ.php(72): DBAgent->queryRecords('select b.name a...', Array)
#2 /ichukdata1/html/project/labring/core/module/manager/usermanager/AdminInfo.php(31): AdminServ->searchAdminByKey('James', 0, 10)
#3 /ichukdata1/html/project/labring/core/FileLoader.php(115): AdminInfo->action()
#4 /ichukdata1/html/project/labring/core/FileLoader.php(58): FileLoader->load('/ichukdata1/htm...', 'usermanager.adm...', '/usermanager/ad...', 'AdminInfo', false)
#5 /ichukdata1/html/project/labring/index_admin.php(36): FileLoader->loadfile()
#6 {main}
[2017-01-15 23:36:35][error] errCode:23000
errMsg:SQLSTATE[23000]: Integrity constraint violation: 1052 Column 'name' in where clause is ambiguous
trace:
#0 /ichukdata1/html/project/labring/core/util/DBAgent.php(56): PDOStatement->execute(Array)
#1 /ichukdata1/html/project/labring/core/service/AdminServ.php(72): DBAgent->queryRecords('select b.name a...', Array)
#2 /ichukdata1/html/project/labring/core/module/manager/usermanager/AdminInfo.php(31): AdminServ->searchAdminByKey('Wade', 0, 10)
#3 /ichukdata1/html/project/labring/core/FileLoader.php(115): AdminInfo->action()
#4 /ichukdata1/html/project/labring/core/FileLoader.php(58): FileLoader->load('/ichukdata1/htm...', 'usermanager.adm...', '/usermanager/ad...', 'AdminInfo', false)
#5 /ichukdata1/html/project/labring/index_admin.php(36): FileLoader->loadfile()
#6 {main}
[2017-01-15 23:37:00][error] errCode:23000
errMsg:SQLSTATE[23000]: Integrity constraint violation: 1052 Column 'name' in where clause is ambiguous
trace:
#0 /ichukdata1/html/project/labring/core/util/DBAgent.php(56): PDOStatement->execute(Array)
#1 /ichukdata1/html/project/labring/core/service/AdminServ.php(72): DBAgent->queryRecords('select b.name a...', Array)
#2 /ichukdata1/html/project/labring/core/module/manager/usermanager/AdminInfo.php(31): AdminServ->searchAdminByKey('Wade', 0, 10)
#3 /ichukdata1/html/project/labring/core/FileLoader.php(115): AdminInfo->action()
#4 /ichukdata1/html/project/labring/core/FileLoader.php(58): FileLoader->load('/ichukdata1/htm...', 'usermanager.adm...', '/usermanager/ad...', 'AdminInfo', false)
#5 /ichukdata1/html/project/labring/index_admin.php(36): FileLoader->loadfile()
#6 {main}
[2017-01-15 23:37:02][error] errCode:23000
errMsg:SQLSTATE[23000]: Integrity constraint violation: 1052 Column 'name' in where clause is ambiguous
trace:
#0 /ichukdata1/html/project/labring/core/util/DBAgent.php(56): PDOStatement->execute(Array)
#1 /ichukdata1/html/project/labring/core/service/AdminServ.php(72): DBAgent->queryRecords('select b.name a...', Array)
#2 /ichukdata1/html/project/labring/core/module/manager/usermanager/AdminInfo.php(31): AdminServ->searchAdminByKey('Wade', 0, 10)
#3 /ichukdata1/html/project/labring/core/FileLoader.php(115): AdminInfo->action()
#4 /ichukdata1/html/project/labring/core/FileLoader.php(58): FileLoader->load('/ichukdata1/htm...', 'usermanager.adm...', '/usermanager/ad...', 'AdminInfo', false)
#5 /ichukdata1/html/project/labring/index_admin.php(36): FileLoader->loadfile()
#6 {main}
[2017-01-15 23:37:23][error] errCode:23000
errMsg:SQLSTATE[23000]: Integrity constraint violation: 1048 Column 'couponid' cannot be null
trace:
#0 /ichukdata1/html/project/labring/core/util/DBAgent.php(125): PDOStatement->execute(Array)
#1 /ichukdata1/html/project/labring/core/service/ProductServ.php(294): DBAgent->queryWithTransaction(Array, Array)
#2 /ichukdata1/html/project/labring/core/module/pc/_api/service/SubmitOrderServ.php(281): ProductServ->saveOrders(Array, Array)
#3 /ichukdata1/html/project/labring/core/FileLoader.php(115): SubmitOrderServ->action()
#4 /ichukdata1/html/project/labring/core/FileLoader.php(58): FileLoader->load('/ichukdata1/htm...', 'service.SubmitO...', '/service/Submit...', 'SubmitOrderServ', true)
#5 /ichukdata1/html/project/labring/index.php(36): FileLoader->loadfile()
#6 {main}
[2017-01-15 23:37:28][error] errCode:23000
errMsg:SQLSTATE[23000]: Integrity constraint violation: 1048 Column 'couponid' cannot be null
trace:
#0 /ichukdata1/html/project/labring/core/util/DBAgent.php(125): PDOStatement->execute(Array)
#1 /ichukdata1/html/project/labring/core/service/ProductServ.php(294): DBAgent->queryWithTransaction(Array, Array)
#2 /ichukdata1/html/project/labring/core/module/pc/_api/service/SubmitOrderServ.php(281): ProductServ->saveOrders(Array, Array)
#3 /ichukdata1/html/project/labring/core/FileLoader.php(115): SubmitOrderServ->action()
#4 /ichukdata1/html/project/labring/core/FileLoader.php(58): FileLoader->load('/ichukdata1/htm...', 'service.SubmitO...', '/service/Submit...', 'SubmitOrderServ', true)
#5 /ichukdata1/html/project/labring/index.php(36): FileLoader->loadfile()
#6 {main}
[2017-01-15 23:39:20][error] errCode:23000
errMsg:SQLSTATE[23000]: Integrity constraint violation: 1048 Column 'couponid' cannot be null
trace:
#0 /ichukdata1/html/project/labring/core/util/DBAgent.php(125): PDOStatement->execute(Array)
#1 /ichukdata1/html/project/labring/core/service/ProductServ.php(294): DBAgent->queryWithTransaction(Array, Array)
#2 /ichukdata1/html/project/labring/core/module/pc/_api/service/SubmitOrderServ.php(281): ProductServ->saveOrders(Array, Array)
#3 /ichukdata1/html/project/labring/core/FileLoader.php(115): SubmitOrderServ->action()
#4 /ichukdata1/html/project/labring/core/FileLoader.php(58): FileLoader->load('/ichukdata1/htm...', 'service.SubmitO...', '/service/Submit...', 'SubmitOrderServ', true)
#5 /ichukdata1/html/project/labring/index.php(36): FileLoader->loadfile()
#6 {main}
[2017-01-15 23:40:35][error] errCode:23000
errMsg:SQLSTATE[23000]: Integrity constraint violation: 1048 Column 'dis_fee' cannot be null
trace:
#0 /ichukdata1/html/project/labring/core/util/DBAgent.php(125): PDOStatement->execute(Array)
#1 /ichukdata1/html/project/labring/core/service/ProductServ.php(294): DBAgent->queryWithTransaction(Array, Array)
#2 /ichukdata1/html/project/labring/core/module/pc/_api/service/SubmitOrderServ.php(283): ProductServ->saveOrders(Array, Array)
#3 /ichukdata1/html/project/labring/core/FileLoader.php(115): SubmitOrderServ->action()
#4 /ichukdata1/html/project/labring/core/FileLoader.php(58): FileLoader->load('/ichukdata1/htm...', 'service.SubmitO...', '/service/Submit...', 'SubmitOrderServ', true)
#5 /ichukdata1/html/project/labring/index.php(36): FileLoader->loadfile()
#6 {main}
[2017-01-15 23:42:31][error] errCode:23000
errMsg:SQLSTATE[23000]: Integrity constraint violation: 1048 Column 'dis_fee' cannot be null
trace:
#0 /ichukdata1/html/project/labring/core/util/DBAgent.php(125): PDOStatement->execute(Array)
#1 /ichukdata1/html/project/labring/core/service/ProductServ.php(294): DBAgent->queryWithTransaction(Array, Array)
#2 /ichukdata1/html/project/labring/core/module/pc/_api/service/SubmitOrderServ.php(282): ProductServ->saveOrders(Array, Array)
#3 /ichukdata1/html/project/labring/core/FileLoader.php(115): SubmitOrderServ->action()
#4 /ichukdata1/html/project/labring/core/FileLoader.php(58): FileLoader->load('/ichukdata1/htm...', 'service.SubmitO...', '/service/Submit...', 'SubmitOrderServ', true)
#5 /ichukdata1/html/project/labring/index.php(36): FileLoader->loadfile()
#6 {main}
[2017-01-15 23:42:38][error] errCode:23000
errMsg:SQLSTATE[23000]: Integrity constraint violation: 1048 Column 'dis_fee' cannot be null
trace:
#0 /ichukdata1/html/project/labring/core/util/DBAgent.php(125): PDOStatement->execute(Array)
#1 /ichukdata1/html/project/labring/core/service/ProductServ.php(294): DBAgent->queryWithTransaction(Array, Array)
#2 /ichukdata1/html/project/labring/core/module/pc/_api/service/SubmitOrderServ.php(282): ProductServ->saveOrders(Array, Array)
#3 /ichukdata1/html/project/labring/core/FileLoader.php(115): SubmitOrderServ->action()
#4 /ichukdata1/html/project/labring/core/FileLoader.php(58): FileLoader->load('/ichukdata1/htm...', 'service.SubmitO...', '/service/Submit...', 'SubmitOrderServ', true)
#5 /ichukdata1/html/project/labring/index.php(36): FileLoader->loadfile()
#6 {main}
