[2017-01-09 09:26:48][error] errCode:42000
errMsg:SQLSTATE[42000]: Syntax error or access violation: 1064 You have an error in your SQL syntax; check the manual that corresponds to your MySQL server version for the right syntax to use near 'and status=1' at line 1
trace:
#0 /ichukdata1/html/project/labring/core/util/DBAgent.php(56): PDOStatement->execute(Array)
#1 /ichukdata1/html/project/labring/core/service/ProductServ.php(497): DBAgent->queryRecords('select * from l...', Array)
#2 /ichukdata1/html/project/labring/core/module/pc/goods/ProductList.php(111): ProductServ->GetProperty('169')
#3 /ichukdata1/html/project/labring/core/FileLoader.php(115): ProductList->action()
#4 /ichukdata1/html/project/labring/core/FileLoader.php(58): FileLoader->load('/ichukdata1/htm...', 'goods.productLi...', '/goods/productL...', 'ProductList', false)
#5 /ichukdata1/html/project/labring/index.php(36): FileLoader->loadfile()
#6 {main}
[2017-01-09 09:34:42][error] errCode:42000
errMsg:SQLSTATE[42000]: Syntax error or access violation: 1064 You have an error in your SQL syntax; check the manual that corresponds to your MySQL server version for the right syntax to use near '=<br /><b>Warning</b>:  Illegal string offset 'ptid' in <b>/ichukdata1/html/proj' at line 1
trace:
#0 /ichukdata1/html/project/labring/core/util/DBAgent.php(79): PDOStatement->execute(Array)
#1 /ichukdata1/html/project/labring/core/service/ProductServ.php(487): DBAgent->querySingleRecord('select name fro...', Array)
#2 /ichukdata1/html/project/labring/core/module/pc/goods/ProductList.php(72): ProductServ->GetTypeName('<br /><b>Warnin...')
#3 /ichukdata1/html/project/labring/core/FileLoader.php(115): ProductList->action()
#4 /ichukdata1/html/project/labring/core/FileLoader.php(58): FileLoader->load('/ichukdata1/htm...', 'goods.productLi...', '/goods/productL...', 'ProductList', false)
#5 /ichukdata1/html/project/labring/index.php(36): FileLoader->loadfile()
#6 {main}
[2017-01-09 09:34:42][error] errCode:42000
errMsg:SQLSTATE[42000]: Syntax error or access violation: 1064 You have an error in your SQL syntax; check the manual that corresponds to your MySQL server version for the right syntax to use near '=<br /><b>Warning</b>:  Illegal string offset 'ptid' in <b>/ichukdata1/html/proj' at line 1
trace:
#0 /ichukdata1/html/project/labring/core/util/DBAgent.php(79): PDOStatement->execute(Array)
#1 /ichukdata1/html/project/labring/core/service/ProductServ.php(494): DBAgent->querySingleRecord('select id from ...', Array)
#2 /ichukdata1/html/project/labring/core/module/pc/goods/ProductList.php(111): ProductServ->GetProperty('<br /><b>Warnin...')
#3 /ichukdata1/html/project/labring/core/FileLoader.php(115): ProductList->action()
#4 /ichukdata1/html/project/labring/core/FileLoader.php(58): FileLoader->load('/ichukdata1/htm...', 'goods.productLi...', '/goods/productL...', 'ProductList', false)
#5 /ichukdata1/html/project/labring/index.php(36): FileLoader->loadfile()
#6 {main}
[2017-01-09 09:34:42][error] errCode:42000
errMsg:SQLSTATE[42000]: Syntax error or access violation: 1064 You have an error in your SQL syntax; check the manual that corresponds to your MySQL server version for the right syntax to use near 'and status=1' at line 1
trace:
#0 /ichukdata1/html/project/labring/core/util/DBAgent.php(56): PDOStatement->execute(Array)
#1 /ichukdata1/html/project/labring/core/service/ProductServ.php(497): DBAgent->queryRecords('select * from l...', Array)
#2 /ichukdata1/html/project/labring/core/module/pc/goods/ProductList.php(111): ProductServ->GetProperty('<br /><b>Warnin...')
#3 /ichukdata1/html/project/labring/core/FileLoader.php(115): ProductList->action()
#4 /ichukdata1/html/project/labring/core/FileLoader.php(58): FileLoader->load('/ichukdata1/htm...', 'goods.productLi...', '/goods/productL...', 'ProductList', false)
#5 /ichukdata1/html/project/labring/index.php(36): FileLoader->loadfile()
#6 {main}
[2017-01-09 10:20:54][error] errCode:HY000
errMsg:SQLSTATE[HY000]: General error: 1366 Incorrect integer value: '' for column 'time' at row 1
trace:
#0 /ichukdata1/html/project/labring/core/util/DBAgent.php(102): PDOStatement->execute(Array)
#1 /ichukdata1/html/project/labring/core/util/DBAgent.php(272): DBAgent->query('insert into lab...', Array)
#2 /ichukdata1/html/project/labring/core/service/LabListServ.php(115): DBAgent->insertRecord('lab', Array, Array)
#3 /ichukdata1/html/project/labring/core/module/manager/_api/service/AddLabServ.php(63): LabListServ->addLab(Array)
#4 /ichukdata1/html/project/labring/core/FileLoader.php(115): AddLabServ->action()
#5 /ichukdata1/html/project/labring/core/FileLoader.php(58): FileLoader->load('/ichukdata1/htm...', 'service.AddLabS...', '/service/AddLab...', 'AddLabServ', true)
#6 /ichukdata1/html/project/labring/index_admin.php(36): FileLoader->loadfile()
#7 {main}
[2017-01-09 10:27:46][error] errCode:42000
errMsg:SQLSTATE[42000]: Syntax error or access violation: 1064 You have an error in your SQL syntax; check the manual that corresponds to your MySQL server version for the right syntax to use near '5' at line 1
trace:
#0 /ichukdata1/html/project/labring/core/util/DBAgent.php(56): PDOStatement->execute(Array)
#1 /ichukdata1/html/project/labring/core/service/ArticleServ.php(26): DBAgent->queryRecords('select b.name a...', Array)
#2 /ichukdata1/html/project/labring/core/module/pc/_api/service/LoadMoreUserDynamicServ.php(21): ArticleServ->getUserArticle('1', '', 5)
#3 /ichukdata1/html/project/labring/core/FileLoader.php(115): LoadMoreUserDynamicServ->action()
#4 /ichukdata1/html/project/labring/core/FileLoader.php(58): FileLoader->load('/ichukdata1/htm...', 'service.LoadMor...', '/service/LoadMo...', 'LoadMoreUserDyn...', true)
#5 /ichukdata1/html/project/labring/index.php(36): FileLoader->loadfile()
#6 {main}
[2017-01-09 10:27:49][error] errCode:42000
errMsg:SQLSTATE[42000]: Syntax error or access violation: 1064 You have an error in your SQL syntax; check the manual that corresponds to your MySQL server version for the right syntax to use near '5' at line 1
trace:
#0 /ichukdata1/html/project/labring/core/util/DBAgent.php(56): PDOStatement->execute(Array)
#1 /ichukdata1/html/project/labring/core/service/ArticleServ.php(26): DBAgent->queryRecords('select b.name a...', Array)
#2 /ichukdata1/html/project/labring/core/module/pc/_api/service/LoadMoreUserDynamicServ.php(21): ArticleServ->getUserArticle('1', '', 5)
#3 /ichukdata1/html/project/labring/core/FileLoader.php(115): LoadMoreUserDynamicServ->action()
#4 /ichukdata1/html/project/labring/core/FileLoader.php(58): FileLoader->load('/ichukdata1/htm...', 'service.LoadMor...', '/service/LoadMo...', 'LoadMoreUserDyn...', true)
#5 /ichukdata1/html/project/labring/index.php(36): FileLoader->loadfile()
#6 {main}
[2017-01-09 11:01:43][error] errCode:42000
errMsg:SQLSTATE[42000]: Syntax error or access violation: 1064 You have an error in your SQL syntax; check the manual that corresponds to your MySQL server version for the right syntax to use near 'dpdate labring_coupon set use_status=2 where mid=NULL and id='1' and status=1' at line 1
trace:
#0 /ichukdata1/html/project/labring/core/util/DBAgent.php(125): PDOStatement->execute(Array)
#1 /ichukdata1/html/project/labring/core/service/OrderServ.php(212): DBAgent->queryWithTransaction(Array, Array)
#2 /ichukdata1/html/project/labring/core/module/pc/alipay/notify.php(101): OrderServ->recharge('1483930888930', 1, NULL, 10, '1')
#3 /ichukdata1/html/project/labring/core/module/pc/alipay/Newnotify.php(6): include('/ichukdata1/htm...')
#4 /ichukdata1/html/project/labring/core/FileLoader.php(115): Newnotify->action()
#5 /ichukdata1/html/project/labring/core/FileLoader.php(58): FileLoader->load('/ichukdata1/htm...', 'alipay.newnotif...', '/alipay/newnoti...', 'Newnotify', false)
#6 /ichukdata1/html/project/labring/index.php(36): FileLoader->loadfile()
#7 {main}
[2017-01-09 11:01:54][error] errCode:42000
errMsg:SQLSTATE[42000]: Syntax error or access violation: 1064 You have an error in your SQL syntax; check the manual that corresponds to your MySQL server version for the right syntax to use near 'dpdate labring_coupon set use_status=2 where mid='1' and id='1' and status=1' at line 1
trace:
#0 /ichukdata1/html/project/labring/core/util/DBAgent.php(125): PDOStatement->execute(Array)
#1 /ichukdata1/html/project/labring/core/service/OrderServ.php(212): DBAgent->queryWithTransaction(Array, Array)
#2 /ichukdata1/html/project/labring/core/module/pc/alipay/return.php(85): OrderServ->recharge('1483930888930', 1, '1', 10, '1')
#3 /ichukdata1/html/project/labring/core/module/pc/alipay/Newreturn.php(6): include('/ichukdata1/htm...')
#4 /ichukdata1/html/project/labring/core/FileLoader.php(115): Newreturn->action()
#5 /ichukdata1/html/project/labring/core/FileLoader.php(58): FileLoader->load('/ichukdata1/htm...', 'alipay.newretur...', '/alipay/newretu...', 'Newreturn', false)
#6 /ichukdata1/html/project/labring/index.php(36): FileLoader->loadfile()
#7 {main}
[2017-01-09 12:17:14][error] errCode:HY000
errMsg:SQLSTATE[HY000]: General error: 1364 Field 'province' doesn't have a default value
trace:
#0 /ichukdata1/html/project/labring/core/util/DBAgent.php(102): PDOStatement->execute(Array)
#1 /ichukdata1/html/project/labring/core/util/DBAgent.php(272): DBAgent->query('insert into lab...', Array)
#2 /ichukdata1/html/project/labring/core/service/UserServ.php(197): DBAgent->insertRecord('member', Array, Array)
#3 /ichukdata1/html/project/labring/core/module/pc/_api/service/RegistServ.php(65): UserServ->addMember('15995730233', 'admins')
#4 /ichukdata1/html/project/labring/core/FileLoader.php(115): RegistServ->action()
#5 /ichukdata1/html/project/labring/core/FileLoader.php(58): FileLoader->load('/ichukdata1/htm...', 'service.registS...', '/service/regist...', 'RegistServ', true)
#6 /ichukdata1/html/project/labring/index.php(36): FileLoader->loadfile()
#7 {main}
[2017-01-09 12:17:20][error] errCode:HY000
errMsg:SQLSTATE[HY000]: General error: 1364 Field 'province' doesn't have a default value
trace:
#0 /ichukdata1/html/project/labring/core/util/DBAgent.php(102): PDOStatement->execute(Array)
#1 /ichukdata1/html/project/labring/core/util/DBAgent.php(272): DBAgent->query('insert into lab...', Array)
#2 /ichukdata1/html/project/labring/core/service/UserServ.php(197): DBAgent->insertRecord('member', Array, Array)
#3 /ichukdata1/html/project/labring/core/module/pc/_api/service/RegistServ.php(65): UserServ->addMember('15995730233', 'admins')
#4 /ichukdata1/html/project/labring/core/FileLoader.php(115): RegistServ->action()
#5 /ichukdata1/html/project/labring/core/FileLoader.php(58): FileLoader->load('/ichukdata1/htm...', 'service.registS...', '/service/regist...', 'RegistServ', true)
#6 /ichukdata1/html/project/labring/index.php(36): FileLoader->loadfile()
#7 {main}
[2017-01-09 12:17:37][error] errCode:HY000
errMsg:SQLSTATE[HY000]: General error: 1364 Field 'province' doesn't have a default value
trace:
#0 /ichukdata1/html/project/labring/core/util/DBAgent.php(102): PDOStatement->execute(Array)
#1 /ichukdata1/html/project/labring/core/util/DBAgent.php(272): DBAgent->query('insert into lab...', Array)
#2 /ichukdata1/html/project/labring/core/service/UserServ.php(197): DBAgent->insertRecord('member', Array, Array)
#3 /ichukdata1/html/project/labring/core/module/pc/_api/service/RegistServ.php(65): UserServ->addMember('15995730233', 'admins')
#4 /ichukdata1/html/project/labring/core/FileLoader.php(115): RegistServ->action()
#5 /ichukdata1/html/project/labring/core/FileLoader.php(58): FileLoader->load('/ichukdata1/htm...', 'service.registS...', '/service/regist...', 'RegistServ', true)
#6 /ichukdata1/html/project/labring/index.php(36): FileLoader->loadfile()
#7 {main}
[2017-01-09 12:20:57][error] errCode:HY000
errMsg:SQLSTATE[HY000]: General error: 1364 Field 'province' doesn't have a default value
trace:
#0 /ichukdata1/html/project/labring/core/util/DBAgent.php(102): PDOStatement->execute(Array)
#1 /ichukdata1/html/project/labring/core/util/DBAgent.php(272): DBAgent->query('insert into lab...', Array)
#2 /ichukdata1/html/project/labring/core/service/UserServ.php(197): DBAgent->insertRecord('member', Array, Array)
#3 /ichukdata1/html/project/labring/core/module/pc/_api/service/RegistServ.php(65): UserServ->addMember('15995730233', 'admins')
#4 /ichukdata1/html/project/labring/core/FileLoader.php(115): RegistServ->action()
#5 /ichukdata1/html/project/labring/core/FileLoader.php(58): FileLoader->load('/ichukdata1/htm...', 'service.registS...', '/service/regist...', 'RegistServ', true)
#6 /ichukdata1/html/project/labring/index.php(36): FileLoader->loadfile()
#7 {main}
[2017-01-09 12:51:06][error] errCode:HY093
errMsg:SQLSTATE[HY093]: Invalid parameter number: no parameters were bound
trace:
#0 /ichukdata1/html/project/labring/core/util/DBAgent.php(56): PDOStatement->execute(Array)
#1 /ichukdata1/html/project/labring/core/service/NewsServ.php(93): DBAgent->queryRecords('select * from l...', Array)
#2 /ichukdata1/html/project/labring/core/module/manager/newsmanager/Advert.php(20): NewsServ->getPageAdvert(0, 10, '3')
#3 /ichukdata1/html/project/labring/core/FileLoader.php(115): Advert->action()
#4 /ichukdata1/html/project/labring/core/FileLoader.php(58): FileLoader->load('/ichukdata1/htm...', 'newsmanager.adv...', '/newsmanager/ad...', 'Advert', false)
#5 /ichukdata1/html/project/labring/index_admin.php(36): FileLoader->loadfile()
#6 {main}
[2017-01-09 12:51:14][error] errCode:HY093
errMsg:SQLSTATE[HY093]: Invalid parameter number: no parameters were bound
trace:
#0 /ichukdata1/html/project/labring/core/util/DBAgent.php(56): PDOStatement->execute(Array)
#1 /ichukdata1/html/project/labring/core/service/NewsServ.php(93): DBAgent->queryRecords('select * from l...', Array)
#2 /ichukdata1/html/project/labring/core/module/manager/newsmanager/Advert.php(20): NewsServ->getPageAdvert(0, 10, '3')
#3 /ichukdata1/html/project/labring/core/FileLoader.php(115): Advert->action()
#4 /ichukdata1/html/project/labring/core/FileLoader.php(58): FileLoader->load('/ichukdata1/htm...', 'newsmanager.adv...', '/newsmanager/ad...', 'Advert', false)
#5 /ichukdata1/html/project/labring/index_admin.php(36): FileLoader->loadfile()
#6 {main}
[2017-01-09 12:53:32][error] errCode:HY093
errMsg:SQLSTATE[HY093]: Invalid parameter number: no parameters were bound
trace:
#0 /ichukdata1/html/project/labring/core/util/DBAgent.php(56): PDOStatement->execute(Array)
#1 /ichukdata1/html/project/labring/core/service/NewsServ.php(93): DBAgent->queryRecords('select * from l...', Array)
#2 /ichukdata1/html/project/labring/core/module/manager/newsmanager/Advert.php(20): NewsServ->getPageAdvert(0, 10, 1)
#3 /ichukdata1/html/project/labring/core/FileLoader.php(115): Advert->action()
#4 /ichukdata1/html/project/labring/core/FileLoader.php(58): FileLoader->load('/ichukdata1/htm...', 'newsmanager.adv...', '/newsmanager/ad...', 'Advert', false)
#5 /ichukdata1/html/project/labring/index_admin.php(36): FileLoader->loadfile()
#6 {main}
[2017-01-09 12:54:51][error] errCode:HY093
errMsg:SQLSTATE[HY093]: Invalid parameter number: no parameters were bound
trace:
#0 /ichukdata1/html/project/labring/core/util/DBAgent.php(56): PDOStatement->execute(Array)
#1 /ichukdata1/html/project/labring/core/service/NewsServ.php(93): DBAgent->queryRecords('select * from l...', Array)
#2 /ichukdata1/html/project/labring/core/module/manager/newsmanager/Advert.php(19): NewsServ->getPageAdvert(0, 10, 1)
#3 /ichukdata1/html/project/labring/core/FileLoader.php(115): Advert->action()
#4 /ichukdata1/html/project/labring/core/FileLoader.php(58): FileLoader->load('/ichukdata1/htm...', 'newsmanager.adv...', '/newsmanager/ad...', 'Advert', false)
#5 /ichukdata1/html/project/labring/index_admin.php(36): FileLoader->loadfile()
#6 {main}
[2017-01-09 12:56:45][error] errCode:HY093
errMsg:SQLSTATE[HY093]: Invalid parameter number: no parameters were bound
trace:
#0 /ichukdata1/html/project/labring/core/util/DBAgent.php(56): PDOStatement->execute(Array)
#1 /ichukdata1/html/project/labring/core/service/NewsServ.php(93): DBAgent->queryRecords('select * from l...', Array)
#2 /ichukdata1/html/project/labring/core/module/manager/newsmanager/Advert.php(19): NewsServ->getPageAdvert(0, 10, '3')
#3 /ichukdata1/html/project/labring/core/FileLoader.php(115): Advert->action()
#4 /ichukdata1/html/project/labring/core/FileLoader.php(58): FileLoader->load('/ichukdata1/htm...', 'newsmanager.adv...', '/newsmanager/ad...', 'Advert', false)
#5 /ichukdata1/html/project/labring/index_admin.php(36): FileLoader->loadfile()
#6 {main}
[2017-01-09 12:56:46][error] errCode:HY093
errMsg:SQLSTATE[HY093]: Invalid parameter number: no parameters were bound
trace:
#0 /ichukdata1/html/project/labring/core/util/DBAgent.php(56): PDOStatement->execute(Array)
#1 /ichukdata1/html/project/labring/core/service/NewsServ.php(93): DBAgent->queryRecords('select * from l...', Array)
#2 /ichukdata1/html/project/labring/core/module/manager/newsmanager/Advert.php(19): NewsServ->getPageAdvert(0, 10, '3')
#3 /ichukdata1/html/project/labring/core/FileLoader.php(115): Advert->action()
#4 /ichukdata1/html/project/labring/core/FileLoader.php(58): FileLoader->load('/ichukdata1/htm...', 'newsmanager.adv...', '/newsmanager/ad...', 'Advert', false)
#5 /ichukdata1/html/project/labring/index_admin.php(36): FileLoader->loadfile()
#6 {main}
[2017-01-09 13:39:16][error] errCode:HY000
errMsg:SQLSTATE[HY000]: General error: 1364 Field 'province' doesn't have a default value
trace:
#0 /ichukdata1/html/project/labring/core/util/DBAgent.php(102): PDOStatement->execute(Array)
#1 /ichukdata1/html/project/labring/core/util/DBAgent.php(272): DBAgent->query('insert into lab...', Array)
#2 /ichukdata1/html/project/labring/core/service/UserServ.php(197): DBAgent->insertRecord('member', Array, Array)
#3 /ichukdata1/html/project/labring/core/module/pc/_api/service/RegistServ.php(65): UserServ->addMember('15995730233', 'admin123')
#4 /ichukdata1/html/project/labring/core/FileLoader.php(115): RegistServ->action()
#5 /ichukdata1/html/project/labring/core/FileLoader.php(58): FileLoader->load('/ichukdata1/htm...', 'service.registS...', '/service/regist...', 'RegistServ', true)
#6 /ichukdata1/html/project/labring/index.php(36): FileLoader->loadfile()
#7 {main}
[2017-01-09 13:40:37][error] errCode:HY000
errMsg:SQLSTATE[HY000]: General error: 1364 Field 'province' doesn't have a default value
trace:
#0 /ichukdata1/html/project/labring/core/util/DBAgent.php(102): PDOStatement->execute(Array)
#1 /ichukdata1/html/project/labring/core/util/DBAgent.php(272): DBAgent->query('insert into lab...', Array)
#2 /ichukdata1/html/project/labring/core/service/UserServ.php(197): DBAgent->insertRecord('member', Array, Array)
#3 /ichukdata1/html/project/labring/core/module/pc/_api/service/RegistServ.php(65): UserServ->addMember('18015554589', '123456')
#4 /ichukdata1/html/project/labring/core/FileLoader.php(115): RegistServ->action()
#5 /ichukdata1/html/project/labring/core/FileLoader.php(58): FileLoader->load('/ichukdata1/htm...', 'service.registS...', '/service/regist...', 'RegistServ', true)
#6 /ichukdata1/html/project/labring/index.php(36): FileLoader->loadfile()
#7 {main}
[2017-01-09 13:44:18][error] errCode:HY000
errMsg:SQLSTATE[HY000]: General error: 1364 Field 'major' doesn't have a default value
trace:
#0 /ichukdata1/html/project/labring/core/util/DBAgent.php(102): PDOStatement->execute(Array)
#1 /ichukdata1/html/project/labring/core/util/DBAgent.php(272): DBAgent->query('insert into lab...', Array)
#2 /ichukdata1/html/project/labring/core/service/UserServ.php(197): DBAgent->insertRecord('member', Array, Array)
#3 /ichukdata1/html/project/labring/core/module/pc/_api/service/RegistServ.php(65): UserServ->addMember('18015554589', '123456')
#4 /ichukdata1/html/project/labring/core/FileLoader.php(115): RegistServ->action()
#5 /ichukdata1/html/project/labring/core/FileLoader.php(58): FileLoader->load('/ichukdata1/htm...', 'service.registS...', '/service/regist...', 'RegistServ', true)
#6 /ichukdata1/html/project/labring/index.php(36): FileLoader->loadfile()
#7 {main}
[2017-01-09 13:45:27][error] errCode:HY000
errMsg:SQLSTATE[HY000]: General error: 1364 Field 'major' doesn't have a default value
trace:
#0 /ichukdata1/html/project/labring/core/util/DBAgent.php(102): PDOStatement->execute(Array)
#1 /ichukdata1/html/project/labring/core/util/DBAgent.php(272): DBAgent->query('insert into lab...', Array)
#2 /ichukdata1/html/project/labring/core/service/UserServ.php(197): DBAgent->insertRecord('member', Array, Array)
#3 /ichukdata1/html/project/labring/core/module/pc/_api/service/RegistServ.php(65): UserServ->addMember('18015554589', '123456')
#4 /ichukdata1/html/project/labring/core/FileLoader.php(115): RegistServ->action()
#5 /ichukdata1/html/project/labring/core/FileLoader.php(58): FileLoader->load('/ichukdata1/htm...', 'service.registS...', '/service/regist...', 'RegistServ', true)
#6 /ichukdata1/html/project/labring/index.php(36): FileLoader->loadfile()
#7 {main}
[2017-01-09 13:46:57][error] errCode:HY000
errMsg:SQLSTATE[HY000]: General error: 1364 Field 'major' doesn't have a default value
trace:
#0 /ichukdata1/html/project/labring/core/util/DBAgent.php(102): PDOStatement->execute(Array)
#1 /ichukdata1/html/project/labring/core/util/DBAgent.php(272): DBAgent->query('insert into lab...', Array)
#2 /ichukdata1/html/project/labring/core/service/UserServ.php(197): DBAgent->insertRecord('member', Array, Array)
#3 /ichukdata1/html/project/labring/core/module/pc/_api/service/RegistServ.php(65): UserServ->addMember('18015554589', '123456')
#4 /ichukdata1/html/project/labring/core/FileLoader.php(115): RegistServ->action()
#5 /ichukdata1/html/project/labring/core/FileLoader.php(58): FileLoader->load('/ichukdata1/htm...', 'service.registS...', '/service/regist...', 'RegistServ', true)
#6 /ichukdata1/html/project/labring/index.php(36): FileLoader->loadfile()
#7 {main}
[2017-01-09 13:54:20][error] errCode:HY000
errMsg:SQLSTATE[HY000]: General error: 1366 Incorrect integer value: '' for column 'sid' at row 1
trace:
#0 /ichukdata1/html/project/labring/core/util/DBAgent.php(102): PDOStatement->execute(Array)
#1 /ichukdata1/html/project/labring/core/util/DBAgent.php(272): DBAgent->query('insert into lab...', Array)
#2 /ichukdata1/html/project/labring/core/service/ProductServ.php(536): DBAgent->insertRecord('product', Array, Array)
#3 /ichukdata1/html/project/labring/core/module/pc/_api/service/AddMyProductServ.php(14): ProductServ->addMyProduct('', 'ijjjj', '3', '19', 'http://d27.ichu...')
#4 /ichukdata1/html/project/labring/core/FileLoader.php(115): AddMyProductServ->action()
#5 /ichukdata1/html/project/labring/core/FileLoader.php(58): FileLoader->load('/ichukdata1/htm...', 'service.addMyPr...', '/service/addMyP...', 'AddMyProductSer...', true)
#6 /ichukdata1/html/project/labring/index.php(36): FileLoader->loadfile()
#7 {main}
[2017-01-09 13:54:39][error] errCode:HY000
errMsg:SQLSTATE[HY000]: General error: 1366 Incorrect integer value: '' for column 'sid' at row 1
trace:
#0 /ichukdata1/html/project/labring/core/util/DBAgent.php(102): PDOStatement->execute(Array)
#1 /ichukdata1/html/project/labring/core/util/DBAgent.php(272): DBAgent->query('insert into lab...', Array)
#2 /ichukdata1/html/project/labring/core/service/ProductServ.php(536): DBAgent->insertRecord('product', Array, Array)
#3 /ichukdata1/html/project/labring/core/module/pc/_api/service/AddMyProductServ.php(14): ProductServ->addMyProduct('', 'SDSFDF', '3', '19', 'http://d27.ichu...')
#4 /ichukdata1/html/project/labring/core/FileLoader.php(115): AddMyProductServ->action()
#5 /ichukdata1/html/project/labring/core/FileLoader.php(58): FileLoader->load('/ichukdata1/htm...', 'service.addMyPr...', '/service/addMyP...', 'AddMyProductSer...', true)
#6 /ichukdata1/html/project/labring/index.php(36): FileLoader->loadfile()
#7 {main}
[2017-01-09 13:54:56][error] errCode:HY000
errMsg:SQLSTATE[HY000]: General error: 1366 Incorrect integer value: '' for column 'sid' at row 1
trace:
#0 /ichukdata1/html/project/labring/core/util/DBAgent.php(102): PDOStatement->execute(Array)
#1 /ichukdata1/html/project/labring/core/util/DBAgent.php(272): DBAgent->query('insert into lab...', Array)
#2 /ichukdata1/html/project/labring/core/service/ProductServ.php(536): DBAgent->insertRecord('product', Array, Array)
#3 /ichukdata1/html/project/labring/core/module/pc/_api/service/AddMyProductServ.php(14): ProductServ->addMyProduct('', 'SDSFDF', '40', '21', 'http://d27.ichu...')
#4 /ichukdata1/html/project/labring/core/FileLoader.php(115): AddMyProductServ->action()
#5 /ichukdata1/html/project/labring/core/FileLoader.php(58): FileLoader->load('/ichukdata1/htm...', 'service.addMyPr...', '/service/addMyP...', 'AddMyProductSer...', true)
#6 /ichukdata1/html/project/labring/index.php(36): FileLoader->loadfile()
#7 {main}
[2017-01-09 14:03:45][error] errCode:42000
errMsg:SQLSTATE[42000]: Syntax error or access violation: 1064 You have an error in your SQL syntax; check the manual that corresponds to your MySQL server version for the right syntax to use near ') and mid!= order by mid limit 8' at line 1
trace:
#0 /ichukdata1/html/project/labring/core/util/DBAgent.php(56): PDOStatement->execute(Array)
#1 /ichukdata1/html/project/labring/core/service/CircleServ.php(57): DBAgent->queryRecords('select * from l...', Array)
#2 /ichukdata1/html/project/labring/core/module/pc/info/Interesting.php(57): CircleServ->getFriendByCid('1', NULL, 8)
#3 /ichukdata1/html/project/labring/core/FileLoader.php(115): Interesting->action()
#4 /ichukdata1/html/project/labring/core/FileLoader.php(58): FileLoader->load('/ichukdata1/htm...', 'info.interestin...', '/info/interesti...', 'Interesting', false)
#5 /ichukdata1/html/project/labring/index.php(36): FileLoader->loadfile()
#6 {main}
[2017-01-09 14:03:45][error] errCode:42000
errMsg:SQLSTATE[42000]: Syntax error or access violation: 1064 You have an error in your SQL syntax; check the manual that corresponds to your MySQL server version for the right syntax to use near 'and circle_id=1' at line 1
trace:
#0 /ichukdata1/html/project/labring/core/util/DBAgent.php(79): PDOStatement->execute(Array)
#1 /ichukdata1/html/project/labring/core/service/CircleServ.php(70): DBAgent->querySingleRecord('select * from l...', Array)
#2 /ichukdata1/html/project/labring/core/module/pc/info/Interesting.php(63): CircleServ->Checkcircle(NULL, '1')
#3 /ichukdata1/html/project/labring/core/FileLoader.php(115): Interesting->action()
#4 /ichukdata1/html/project/labring/core/FileLoader.php(58): FileLoader->load('/ichukdata1/htm...', 'info.interestin...', '/info/interesti...', 'Interesting', false)
#5 /ichukdata1/html/project/labring/index.php(36): FileLoader->loadfile()
#6 {main}
[2017-01-09 14:52:43][error] errCode:23000
errMsg:SQLSTATE[23000]: Integrity constraint violation: 1048 Column 'mid' cannot be null
trace:
#0 /ichukdata1/html/project/labring/core/util/DBAgent.php(125): PDOStatement->execute(Array)
#1 /ichukdata1/html/project/labring/core/service/ProductServ.php(228): DBAgent->queryWithTransaction(Array, Array)
#2 /ichukdata1/html/project/labring/core/module/pc/_api/service/SubmitOrderServ.php(232): ProductServ->saveOrders(Array, Array)
#3 /ichukdata1/html/project/labring/core/FileLoader.php(115): SubmitOrderServ->action()
#4 /ichukdata1/html/project/labring/core/FileLoader.php(58): FileLoader->load('/ichukdata1/htm...', 'service.SubmitO...', '/service/Submit...', 'SubmitOrderServ', true)
#5 /ichukdata1/html/project/labring/index.php(36): FileLoader->loadfile()
#6 {main}
[2017-01-09 14:52:45][error] errCode:23000
errMsg:SQLSTATE[23000]: Integrity constraint violation: 1048 Column 'mid' cannot be null
trace:
#0 /ichukdata1/html/project/labring/core/util/DBAgent.php(125): PDOStatement->execute(Array)
#1 /ichukdata1/html/project/labring/core/service/ProductServ.php(228): DBAgent->queryWithTransaction(Array, Array)
#2 /ichukdata1/html/project/labring/core/module/pc/_api/service/SubmitOrderServ.php(232): ProductServ->saveOrders(Array, Array)
#3 /ichukdata1/html/project/labring/core/FileLoader.php(115): SubmitOrderServ->action()
#4 /ichukdata1/html/project/labring/core/FileLoader.php(58): FileLoader->load('/ichukdata1/htm...', 'service.SubmitO...', '/service/Submit...', 'SubmitOrderServ', true)
#5 /ichukdata1/html/project/labring/index.php(36): FileLoader->loadfile()
#6 {main}
[2017-01-09 14:53:14][error] errCode:23000
errMsg:SQLSTATE[23000]: Integrity constraint violation: 1048 Column 'mid' cannot be null
trace:
#0 /ichukdata1/html/project/labring/core/util/DBAgent.php(125): PDOStatement->execute(Array)
#1 /ichukdata1/html/project/labring/core/service/ProductServ.php(228): DBAgent->queryWithTransaction(Array, Array)
#2 /ichukdata1/html/project/labring/core/module/pc/_api/service/SubmitOrderServ.php(232): ProductServ->saveOrders(Array, Array)
#3 /ichukdata1/html/project/labring/core/FileLoader.php(115): SubmitOrderServ->action()
#4 /ichukdata1/html/project/labring/core/FileLoader.php(58): FileLoader->load('/ichukdata1/htm...', 'service.SubmitO...', '/service/Submit...', 'SubmitOrderServ', true)
#5 /ichukdata1/html/project/labring/index.php(36): FileLoader->loadfile()
#6 {main}
[2017-01-09 14:54:02][error] errCode:23000
errMsg:SQLSTATE[23000]: Integrity constraint violation: 1048 Column 'mid' cannot be null
trace:
#0 /ichukdata1/html/project/labring/core/util/DBAgent.php(125): PDOStatement->execute(Array)
#1 /ichukdata1/html/project/labring/core/service/ProductServ.php(228): DBAgent->queryWithTransaction(Array, Array)
#2 /ichukdata1/html/project/labring/core/module/pc/_api/service/SubmitOrderServ.php(232): ProductServ->saveOrders(Array, Array)
#3 /ichukdata1/html/project/labring/core/FileLoader.php(115): SubmitOrderServ->action()
#4 /ichukdata1/html/project/labring/core/FileLoader.php(58): FileLoader->load('/ichukdata1/htm...', 'service.SubmitO...', '/service/Submit...', 'SubmitOrderServ', true)
#5 /ichukdata1/html/project/labring/index.php(36): FileLoader->loadfile()
#6 {main}
[2017-01-09 14:54:20][error] errCode:23000
errMsg:SQLSTATE[23000]: Integrity constraint violation: 1048 Column 'mid' cannot be null
trace:
#0 /ichukdata1/html/project/labring/core/util/DBAgent.php(125): PDOStatement->execute(Array)
#1 /ichukdata1/html/project/labring/core/service/ProductServ.php(228): DBAgent->queryWithTransaction(Array, Array)
#2 /ichukdata1/html/project/labring/core/module/pc/_api/service/SubmitOrderServ.php(232): ProductServ->saveOrders(Array, Array)
#3 /ichukdata1/html/project/labring/core/FileLoader.php(115): SubmitOrderServ->action()
#4 /ichukdata1/html/project/labring/core/FileLoader.php(58): FileLoader->load('/ichukdata1/htm...', 'service.SubmitO...', '/service/Submit...', 'SubmitOrderServ', true)
#5 /ichukdata1/html/project/labring/index.php(36): FileLoader->loadfile()
#6 {main}
[2017-01-09 14:56:41][error] errCode:23000
errMsg:SQLSTATE[23000]: Integrity constraint violation: 1048 Column 'mid' cannot be null
trace:
#0 /ichukdata1/html/project/labring/core/util/DBAgent.php(125): PDOStatement->execute(Array)
#1 /ichukdata1/html/project/labring/core/service/ProductServ.php(228): DBAgent->queryWithTransaction(Array, Array)
#2 /ichukdata1/html/project/labring/core/module/pc/_api/service/SubmitOrderServ.php(232): ProductServ->saveOrders(Array, Array)
#3 /ichukdata1/html/project/labring/core/FileLoader.php(115): SubmitOrderServ->action()
#4 /ichukdata1/html/project/labring/core/FileLoader.php(58): FileLoader->load('/ichukdata1/htm...', 'service.SubmitO...', '/service/Submit...', 'SubmitOrderServ', true)
#5 /ichukdata1/html/project/labring/index.php(36): FileLoader->loadfile()
#6 {main}
[2017-01-09 14:56:46][error] errCode:23000
errMsg:SQLSTATE[23000]: Integrity constraint violation: 1048 Column 'mid' cannot be null
trace:
#0 /ichukdata1/html/project/labring/core/util/DBAgent.php(125): PDOStatement->execute(Array)
#1 /ichukdata1/html/project/labring/core/service/ProductServ.php(228): DBAgent->queryWithTransaction(Array, Array)
#2 /ichukdata1/html/project/labring/core/module/pc/_api/service/SubmitOrderServ.php(232): ProductServ->saveOrders(Array, Array)
#3 /ichukdata1/html/project/labring/core/FileLoader.php(115): SubmitOrderServ->action()
#4 /ichukdata1/html/project/labring/core/FileLoader.php(58): FileLoader->load('/ichukdata1/htm...', 'service.SubmitO...', '/service/Submit...', 'SubmitOrderServ', true)
#5 /ichukdata1/html/project/labring/index.php(36): FileLoader->loadfile()
#6 {main}
[2017-01-09 15:01:10][error] errCode:23000
errMsg:SQLSTATE[23000]: Integrity constraint violation: 1048 Column 'mid' cannot be null
trace:
#0 /ichukdata1/html/project/labring/core/util/DBAgent.php(125): PDOStatement->execute(Array)
#1 /ichukdata1/html/project/labring/core/service/ProductServ.php(228): DBAgent->queryWithTransaction(Array, Array)
#2 /ichukdata1/html/project/labring/core/module/pc/_api/service/SubmitOrderServ.php(232): ProductServ->saveOrders(Array, Array)
#3 /ichukdata1/html/project/labring/core/FileLoader.php(115): SubmitOrderServ->action()
#4 /ichukdata1/html/project/labring/core/FileLoader.php(58): FileLoader->load('/ichukdata1/htm...', 'service.SubmitO...', '/service/Submit...', 'SubmitOrderServ', true)
#5 /ichukdata1/html/project/labring/index.php(36): FileLoader->loadfile()
#6 {main}
[2017-01-09 15:02:40][error] errCode:23000
errMsg:SQLSTATE[23000]: Integrity constraint violation: 1048 Column 'mid' cannot be null
trace:
#0 /ichukdata1/html/project/labring/core/util/DBAgent.php(125): PDOStatement->execute(Array)
#1 /ichukdata1/html/project/labring/core/service/ProductServ.php(228): DBAgent->queryWithTransaction(Array, Array)
#2 /ichukdata1/html/project/labring/core/module/pc/_api/service/SubmitOrderServ.php(232): ProductServ->saveOrders(Array, Array)
#3 /ichukdata1/html/project/labring/core/FileLoader.php(115): SubmitOrderServ->action()
#4 /ichukdata1/html/project/labring/core/FileLoader.php(58): FileLoader->load('/ichukdata1/htm...', 'service.SubmitO...', '/service/Submit...', 'SubmitOrderServ', true)
#5 /ichukdata1/html/project/labring/index.php(36): FileLoader->loadfile()
#6 {main}
[2017-01-09 15:03:48][error] errCode:23000
errMsg:SQLSTATE[23000]: Integrity constraint violation: 1048 Column 'mid' cannot be null
trace:
#0 /ichukdata1/html/project/labring/core/util/DBAgent.php(125): PDOStatement->execute(Array)
#1 /ichukdata1/html/project/labring/core/service/ProductServ.php(228): DBAgent->queryWithTransaction(Array, Array)
#2 /ichukdata1/html/project/labring/core/module/pc/_api/service/SubmitOrderServ.php(232): ProductServ->saveOrders(Array, Array)
#3 /ichukdata1/html/project/labring/core/FileLoader.php(115): SubmitOrderServ->action()
#4 /ichukdata1/html/project/labring/core/FileLoader.php(58): FileLoader->load('/ichukdata1/htm...', 'service.SubmitO...', '/service/Submit...', 'SubmitOrderServ', true)
#5 /ichukdata1/html/project/labring/index.php(36): FileLoader->loadfile()
#6 {main}
[2017-01-09 15:03:50][error] errCode:23000
errMsg:SQLSTATE[23000]: Integrity constraint violation: 1048 Column 'mid' cannot be null
trace:
#0 /ichukdata1/html/project/labring/core/util/DBAgent.php(125): PDOStatement->execute(Array)
#1 /ichukdata1/html/project/labring/core/service/ProductServ.php(228): DBAgent->queryWithTransaction(Array, Array)
#2 /ichukdata1/html/project/labring/core/module/pc/_api/service/SubmitOrderServ.php(232): ProductServ->saveOrders(Array, Array)
#3 /ichukdata1/html/project/labring/core/FileLoader.php(115): SubmitOrderServ->action()
#4 /ichukdata1/html/project/labring/core/FileLoader.php(58): FileLoader->load('/ichukdata1/htm...', 'service.SubmitO...', '/service/Submit...', 'SubmitOrderServ', true)
#5 /ichukdata1/html/project/labring/index.php(36): FileLoader->loadfile()
#6 {main}
[2017-01-09 15:03:51][error] errCode:23000
errMsg:SQLSTATE[23000]: Integrity constraint violation: 1048 Column 'mid' cannot be null
trace:
#0 /ichukdata1/html/project/labring/core/util/DBAgent.php(125): PDOStatement->execute(Array)
#1 /ichukdata1/html/project/labring/core/service/ProductServ.php(228): DBAgent->queryWithTransaction(Array, Array)
#2 /ichukdata1/html/project/labring/core/module/pc/_api/service/SubmitOrderServ.php(232): ProductServ->saveOrders(Array, Array)
#3 /ichukdata1/html/project/labring/core/FileLoader.php(115): SubmitOrderServ->action()
#4 /ichukdata1/html/project/labring/core/FileLoader.php(58): FileLoader->load('/ichukdata1/htm...', 'service.SubmitO...', '/service/Submit...', 'SubmitOrderServ', true)
#5 /ichukdata1/html/project/labring/index.php(36): FileLoader->loadfile()
#6 {main}
[2017-01-09 15:03:52][error] errCode:23000
errMsg:SQLSTATE[23000]: Integrity constraint violation: 1048 Column 'mid' cannot be null
trace:
#0 /ichukdata1/html/project/labring/core/util/DBAgent.php(125): PDOStatement->execute(Array)
#1 /ichukdata1/html/project/labring/core/service/ProductServ.php(228): DBAgent->queryWithTransaction(Array, Array)
#2 /ichukdata1/html/project/labring/core/module/pc/_api/service/SubmitOrderServ.php(232): ProductServ->saveOrders(Array, Array)
#3 /ichukdata1/html/project/labring/core/FileLoader.php(115): SubmitOrderServ->action()
#4 /ichukdata1/html/project/labring/core/FileLoader.php(58): FileLoader->load('/ichukdata1/htm...', 'service.SubmitO...', '/service/Submit...', 'SubmitOrderServ', true)
#5 /ichukdata1/html/project/labring/index.php(36): FileLoader->loadfile()
#6 {main}
[2017-01-09 15:04:49][error] errCode:23000
errMsg:SQLSTATE[23000]: Integrity constraint violation: 1048 Column 'mid' cannot be null
trace:
#0 /ichukdata1/html/project/labring/core/util/DBAgent.php(125): PDOStatement->execute(Array)
#1 /ichukdata1/html/project/labring/core/service/ProductServ.php(228): DBAgent->queryWithTransaction(Array, Array)
#2 /ichukdata1/html/project/labring/core/module/pc/_api/service/SubmitOrderServ.php(232): ProductServ->saveOrders(Array, Array)
#3 /ichukdata1/html/project/labring/core/FileLoader.php(115): SubmitOrderServ->action()
#4 /ichukdata1/html/project/labring/core/FileLoader.php(58): FileLoader->load('/ichukdata1/htm...', 'service.SubmitO...', '/service/Submit...', 'SubmitOrderServ', true)
#5 /ichukdata1/html/project/labring/index.php(36): FileLoader->loadfile()
#6 {main}
[2017-01-09 15:12:00][error] errCode:23000
errMsg:SQLSTATE[23000]: Integrity constraint violation: 1048 Column 'mid' cannot be null
trace:
#0 /ichukdata1/html/project/labring/core/util/DBAgent.php(125): PDOStatement->execute(Array)
#1 /ichukdata1/html/project/labring/core/service/ProductServ.php(229): DBAgent->queryWithTransaction(Array, Array)
#2 /ichukdata1/html/project/labring/core/module/pc/_api/service/SubmitOrderServ.php(232): ProductServ->saveOrders(Array, Array)
#3 /ichukdata1/html/project/labring/core/FileLoader.php(115): SubmitOrderServ->action()
#4 /ichukdata1/html/project/labring/core/FileLoader.php(58): FileLoader->load('/ichukdata1/htm...', 'service.SubmitO...', '/service/Submit...', 'SubmitOrderServ', true)
#5 /ichukdata1/html/project/labring/index.php(36): FileLoader->loadfile()
#6 {main}
[2017-01-09 15:15:47][error] errCode:HY093
errMsg:SQLSTATE[HY093]: Invalid parameter number: number of bound variables does not match number of tokens
trace:
#0 /ichukdata1/html/project/labring/core/util/DBAgent.php(125): PDOStatement->execute(Array)
#1 /ichukdata1/html/project/labring/core/service/ProductServ.php(229): DBAgent->queryWithTransaction(Array, Array)
#2 /ichukdata1/html/project/labring/core/module/pc/_api/service/SubmitOrderServ.php(232): ProductServ->saveOrders(Array, Array)
#3 /ichukdata1/html/project/labring/core/FileLoader.php(115): SubmitOrderServ->action()
#4 /ichukdata1/html/project/labring/core/FileLoader.php(58): FileLoader->load('/ichukdata1/htm...', 'service.SubmitO...', '/service/Submit...', 'SubmitOrderServ', true)
#5 /ichukdata1/html/project/labring/index.php(36): FileLoader->loadfile()
#6 {main}
[2017-01-09 15:15:50][error] errCode:HY093
errMsg:SQLSTATE[HY093]: Invalid parameter number: number of bound variables does not match number of tokens
trace:
#0 /ichukdata1/html/project/labring/core/util/DBAgent.php(125): PDOStatement->execute(Array)
#1 /ichukdata1/html/project/labring/core/service/ProductServ.php(229): DBAgent->queryWithTransaction(Array, Array)
#2 /ichukdata1/html/project/labring/core/module/pc/_api/service/SubmitOrderServ.php(232): ProductServ->saveOrders(Array, Array)
#3 /ichukdata1/html/project/labring/core/FileLoader.php(115): SubmitOrderServ->action()
#4 /ichukdata1/html/project/labring/core/FileLoader.php(58): FileLoader->load('/ichukdata1/htm...', 'service.SubmitO...', '/service/Submit...', 'SubmitOrderServ', true)
#5 /ichukdata1/html/project/labring/index.php(36): FileLoader->loadfile()
#6 {main}
[2017-01-09 15:16:28][error] errCode:23000
errMsg:SQLSTATE[23000]: Integrity constraint violation: 1048 Column 'mid' cannot be null
trace:
#0 /ichukdata1/html/project/labring/core/util/DBAgent.php(125): PDOStatement->execute(Array)
#1 /ichukdata1/html/project/labring/core/service/ProductServ.php(229): DBAgent->queryWithTransaction(Array, Array)
#2 /ichukdata1/html/project/labring/core/module/pc/_api/service/SubmitOrderServ.php(232): ProductServ->saveOrders(Array, Array)
#3 /ichukdata1/html/project/labring/core/FileLoader.php(115): SubmitOrderServ->action()
#4 /ichukdata1/html/project/labring/core/FileLoader.php(58): FileLoader->load('/ichukdata1/htm...', 'service.SubmitO...', '/service/Submit...', 'SubmitOrderServ', true)
#5 /ichukdata1/html/project/labring/index.php(36): FileLoader->loadfile()
#6 {main}
[2017-01-09 15:16:32][error] errCode:23000
errMsg:SQLSTATE[23000]: Integrity constraint violation: 1048 Column 'mid' cannot be null
trace:
#0 /ichukdata1/html/project/labring/core/util/DBAgent.php(125): PDOStatement->execute(Array)
#1 /ichukdata1/html/project/labring/core/service/ProductServ.php(229): DBAgent->queryWithTransaction(Array, Array)
#2 /ichukdata1/html/project/labring/core/module/pc/_api/service/SubmitOrderServ.php(232): ProductServ->saveOrders(Array, Array)
#3 /ichukdata1/html/project/labring/core/FileLoader.php(115): SubmitOrderServ->action()
#4 /ichukdata1/html/project/labring/core/FileLoader.php(58): FileLoader->load('/ichukdata1/htm...', 'service.SubmitO...', '/service/Submit...', 'SubmitOrderServ', true)
#5 /ichukdata1/html/project/labring/index.php(36): FileLoader->loadfile()
#6 {main}
[2017-01-09 15:16:33][error] errCode:23000
errMsg:SQLSTATE[23000]: Integrity constraint violation: 1048 Column 'mid' cannot be null
trace:
#0 /ichukdata1/html/project/labring/core/util/DBAgent.php(125): PDOStatement->execute(Array)
#1 /ichukdata1/html/project/labring/core/service/ProductServ.php(229): DBAgent->queryWithTransaction(Array, Array)
#2 /ichukdata1/html/project/labring/core/module/pc/_api/service/SubmitOrderServ.php(232): ProductServ->saveOrders(Array, Array)
#3 /ichukdata1/html/project/labring/core/FileLoader.php(115): SubmitOrderServ->action()
#4 /ichukdata1/html/project/labring/core/FileLoader.php(58): FileLoader->load('/ichukdata1/htm...', 'service.SubmitO...', '/service/Submit...', 'SubmitOrderServ', true)
#5 /ichukdata1/html/project/labring/index.php(36): FileLoader->loadfile()
#6 {main}
[2017-01-09 15:18:21][error] errCode:23000
errMsg:SQLSTATE[23000]: Integrity constraint violation: 1048 Column 'mid' cannot be null
trace:
#0 /ichukdata1/html/project/labring/core/util/DBAgent.php(125): PDOStatement->execute(Array)
#1 /ichukdata1/html/project/labring/core/service/ProductServ.php(229): DBAgent->queryWithTransaction(Array, Array)
#2 /ichukdata1/html/project/labring/core/module/pc/_api/service/SubmitOrderServ.php(232): ProductServ->saveOrders(Array, Array)
#3 /ichukdata1/html/project/labring/core/FileLoader.php(115): SubmitOrderServ->action()
#4 /ichukdata1/html/project/labring/core/FileLoader.php(58): FileLoader->load('/ichukdata1/htm...', 'service.SubmitO...', '/service/Submit...', 'SubmitOrderServ', true)
#5 /ichukdata1/html/project/labring/index.php(36): FileLoader->loadfile()
#6 {main}
[2017-01-09 15:20:39][error] errCode:23000
errMsg:SQLSTATE[23000]: Integrity constraint violation: 1048 Column 'mid' cannot be null
trace:
#0 /ichukdata1/html/project/labring/core/util/DBAgent.php(125): PDOStatement->execute(Array)
#1 /ichukdata1/html/project/labring/core/service/ProductServ.php(229): DBAgent->queryWithTransaction(Array, Array)
#2 /ichukdata1/html/project/labring/core/module/pc/_api/service/SubmitOrderServ.php(232): ProductServ->saveOrders(Array, Array)
#3 /ichukdata1/html/project/labring/core/FileLoader.php(115): SubmitOrderServ->action()
#4 /ichukdata1/html/project/labring/core/FileLoader.php(58): FileLoader->load('/ichukdata1/htm...', 'service.SubmitO...', '/service/Submit...', 'SubmitOrderServ', true)
#5 /ichukdata1/html/project/labring/index.php(36): FileLoader->loadfile()
#6 {main}
[2017-01-09 15:42:56][error] errCode:42000
errMsg:SQLSTATE[42000]: Syntax error or access violation: 1064 You have an error in your SQL syntax; check the manual that corresponds to your MySQL server version for the right syntax to use near 'and status=1' at line 1
trace:
#0 /ichukdata1/html/project/labring/core/util/DBAgent.php(56): PDOStatement->execute(Array)
#1 /ichukdata1/html/project/labring/core/service/ProductServ.php(497): DBAgent->queryRecords('select * from l...', Array)
#2 /ichukdata1/html/project/labring/core/module/pc/goods/ProductList.php(111): ProductServ->GetProperty('93')
#3 /ichukdata1/html/project/labring/core/FileLoader.php(115): ProductList->action()
#4 /ichukdata1/html/project/labring/core/FileLoader.php(58): FileLoader->load('/ichukdata1/htm...', 'goods.productLi...', '/goods/productL...', 'ProductList', false)
#5 /ichukdata1/html/project/labring/index.php(36): FileLoader->loadfile()
#6 {main}
[2017-01-09 16:03:17][error] errCode:42000
errMsg:SQLSTATE[42000]: Syntax error or access violation: 1064 You have an error in your SQL syntax; check the manual that corresponds to your MySQL server version for the right syntax to use near ''0','15'' at line 1
trace:
#0 /ichukdata1/html/project/labring/core/util/DBAgent.php(56): PDOStatement->execute(Array)
#1 /ichukdata1/html/project/labring/core/service/ShareServ.php(63): DBAgent->queryRecords('select * from #...', Array)
#2 /ichukdata1/html/project/labring/core/module/mobile/lab/CooperateLab.php(12): ShareServ->getInitNumLab(0, 15)
#3 /ichukdata1/html/project/labring/core/FileLoader.php(115): CooperateLab->action()
#4 /ichukdata1/html/project/labring/core/FileLoader.php(58): FileLoader->load('/ichukdata1/htm...', 'lab.cooperateLa...', '/lab/cooperateL...', 'CooperateLab', false)
#5 /ichukdata1/html/project/labring/index_mobile.php(35): FileLoader->loadfile()
#6 {main}
[2017-01-09 16:03:30][error] errCode:42000
errMsg:SQLSTATE[42000]: Syntax error or access violation: 1064 You have an error in your SQL syntax; check the manual that corresponds to your MySQL server version for the right syntax to use near ''0','15'' at line 1
trace:
#0 /ichukdata1/html/project/labring/core/util/DBAgent.php(56): PDOStatement->execute(Array)
#1 /ichukdata1/html/project/labring/core/service/ShareServ.php(63): DBAgent->queryRecords('select * from #...', Array)
#2 /ichukdata1/html/project/labring/core/module/mobile/lab/CooperateLab.php(12): ShareServ->getInitNumLab(0, 15)
#3 /ichukdata1/html/project/labring/core/FileLoader.php(115): CooperateLab->action()
#4 /ichukdata1/html/project/labring/core/FileLoader.php(58): FileLoader->load('/ichukdata1/htm...', 'lab.cooperateLa...', '/lab/cooperateL...', 'CooperateLab', false)
#5 /ichukdata1/html/project/labring/index_mobile.php(35): FileLoader->loadfile()
#6 {main}
[2017-01-09 16:03:32][error] errCode:42000
errMsg:SQLSTATE[42000]: Syntax error or access violation: 1064 You have an error in your SQL syntax; check the manual that corresponds to your MySQL server version for the right syntax to use near ''0','15'' at line 1
trace:
#0 /ichukdata1/html/project/labring/core/util/DBAgent.php(56): PDOStatement->execute(Array)
#1 /ichukdata1/html/project/labring/core/service/ShareServ.php(63): DBAgent->queryRecords('select * from #...', Array)
#2 /ichukdata1/html/project/labring/core/module/mobile/lab/CooperateLab.php(12): ShareServ->getInitNumLab(0, 15)
#3 /ichukdata1/html/project/labring/core/FileLoader.php(115): CooperateLab->action()
#4 /ichukdata1/html/project/labring/core/FileLoader.php(58): FileLoader->load('/ichukdata1/htm...', 'lab.cooperateLa...', '/lab/cooperateL...', 'CooperateLab', false)
#5 /ichukdata1/html/project/labring/index_mobile.php(35): FileLoader->loadfile()
#6 {main}
[2017-01-09 16:03:38][error] errCode:42000
errMsg:SQLSTATE[42000]: Syntax error or access violation: 1064 You have an error in your SQL syntax; check the manual that corresponds to your MySQL server version for the right syntax to use near ''0','15'' at line 1
trace:
#0 /ichukdata1/html/project/labring/core/util/DBAgent.php(56): PDOStatement->execute(Array)
#1 /ichukdata1/html/project/labring/core/service/ShareServ.php(63): DBAgent->queryRecords('select * from #...', Array)
#2 /ichukdata1/html/project/labring/core/module/mobile/lab/CooperateLab.php(12): ShareServ->getInitNumLab(0, 15)
#3 /ichukdata1/html/project/labring/core/FileLoader.php(115): CooperateLab->action()
#4 /ichukdata1/html/project/labring/core/FileLoader.php(58): FileLoader->load('/ichukdata1/htm...', 'lab.cooperateLa...', '/lab/cooperateL...', 'CooperateLab', false)
#5 /ichukdata1/html/project/labring/index_mobile.php(35): FileLoader->loadfile()
#6 {main}
[2017-01-09 16:03:44][error] errCode:42000
errMsg:SQLSTATE[42000]: Syntax error or access violation: 1064 You have an error in your SQL syntax; check the manual that corresponds to your MySQL server version for the right syntax to use near ''0','15'' at line 1
trace:
#0 /ichukdata1/html/project/labring/core/util/DBAgent.php(56): PDOStatement->execute(Array)
#1 /ichukdata1/html/project/labring/core/service/ShareServ.php(63): DBAgent->queryRecords('select * from #...', Array)
#2 /ichukdata1/html/project/labring/core/module/mobile/lab/CooperateLab.php(12): ShareServ->getInitNumLab(0, 15)
#3 /ichukdata1/html/project/labring/core/FileLoader.php(115): CooperateLab->action()
#4 /ichukdata1/html/project/labring/core/FileLoader.php(58): FileLoader->load('/ichukdata1/htm...', 'lab.cooperateLa...', '/lab/cooperateL...', 'CooperateLab', false)
#5 /ichukdata1/html/project/labring/index_mobile.php(35): FileLoader->loadfile()
#6 {main}
[2017-01-09 16:04:00][error] errCode:42000
errMsg:SQLSTATE[42000]: Syntax error or access violation: 1064 You have an error in your SQL syntax; check the manual that corresponds to your MySQL server version for the right syntax to use near ''0','15'' at line 1
trace:
#0 /ichukdata1/html/project/labring/core/util/DBAgent.php(56): PDOStatement->execute(Array)
#1 /ichukdata1/html/project/labring/core/service/ShareServ.php(63): DBAgent->queryRecords('select * from #...', Array)
#2 /ichukdata1/html/project/labring/core/module/mobile/lab/CooperateLab.php(12): ShareServ->getInitNumLab(0, 15)
#3 /ichukdata1/html/project/labring/core/FileLoader.php(115): CooperateLab->action()
#4 /ichukdata1/html/project/labring/core/FileLoader.php(58): FileLoader->load('/ichukdata1/htm...', 'lab.cooperateLa...', '/lab/cooperateL...', 'CooperateLab', false)
#5 /ichukdata1/html/project/labring/index_mobile.php(35): FileLoader->loadfile()
#6 {main}
[2017-01-09 16:04:47][error] errCode:42000
errMsg:SQLSTATE[42000]: Syntax error or access violation: 1064 You have an error in your SQL syntax; check the manual that corresponds to your MySQL server version for the right syntax to use near ''0','15'' at line 1
trace:
#0 /ichukdata1/html/project/labring/core/util/DBAgent.php(56): PDOStatement->execute(Array)
#1 /ichukdata1/html/project/labring/core/service/ShareServ.php(64): DBAgent->queryRecords('select * from #...', Array)
#2 /ichukdata1/html/project/labring/core/module/mobile/lab/CooperateLab.php(12): ShareServ->getInitNumLab(0, 15)
#3 /ichukdata1/html/project/labring/core/FileLoader.php(115): CooperateLab->action()
#4 /ichukdata1/html/project/labring/core/FileLoader.php(58): FileLoader->load('/ichukdata1/htm...', 'lab.cooperateLa...', '/lab/cooperateL...', 'CooperateLab', false)
#5 /ichukdata1/html/project/labring/index_mobile.php(35): FileLoader->loadfile()
#6 {main}
[2017-01-09 16:06:19][error] errCode:42000
errMsg:SQLSTATE[42000]: Syntax error or access violation: 1064 You have an error in your SQL syntax; check the manual that corresponds to your MySQL server version for the right syntax to use near 'DESClimit0,15' at line 1
trace:
#0 /ichukdata1/html/project/labring/core/util/DBAgent.php(56): PDOStatement->execute(Array)
#1 /ichukdata1/html/project/labring/core/service/ShareServ.php(63): DBAgent->queryRecords('select * from #...', Array)
#2 /ichukdata1/html/project/labring/core/module/mobile/lab/CooperateLab.php(12): ShareServ->getInitNumLab(0, 15)
#3 /ichukdata1/html/project/labring/core/FileLoader.php(115): CooperateLab->action()
#4 /ichukdata1/html/project/labring/core/FileLoader.php(58): FileLoader->load('/ichukdata1/htm...', 'lab.cooperateLa...', '/lab/cooperateL...', 'CooperateLab', false)
#5 /ichukdata1/html/project/labring/index_mobile.php(35): FileLoader->loadfile()
#6 {main}
[2017-01-09 16:07:01][error] errCode:42000
errMsg:SQLSTATE[42000]: Syntax error or access violation: 1064 You have an error in your SQL syntax; check the manual that corresponds to your MySQL server version for the right syntax to use near 'DESClimit0,15' at line 1
trace:
#0 /ichukdata1/html/project/labring/core/util/DBAgent.php(56): PDOStatement->execute(Array)
#1 /ichukdata1/html/project/labring/core/service/ShareServ.php(63): DBAgent->queryRecords('select * from #...', Array)
#2 /ichukdata1/html/project/labring/core/module/mobile/lab/CooperateLab.php(12): ShareServ->getInitNumLab(0, 15)
#3 /ichukdata1/html/project/labring/core/FileLoader.php(115): CooperateLab->action()
#4 /ichukdata1/html/project/labring/core/FileLoader.php(58): FileLoader->load('/ichukdata1/htm...', 'lab.cooperateLa...', '/lab/cooperateL...', 'CooperateLab', false)
#5 /ichukdata1/html/project/labring/index_mobile.php(35): FileLoader->loadfile()
#6 {main}
[2017-01-09 17:28:00][error] errCode:42S22
errMsg:SQLSTATE[42S22]: Column not found: 1054 Unknown column 'b.pid' in 'where clause'
trace:
#0 /ichukdata1/html/project/labring/core/util/DBAgent.php(79): PDOStatement->execute(Array)
#1 /ichukdata1/html/project/labring/core/service/ProductServ.php(546): DBAgent->querySingleRecord('select count(*)...', Array)
#2 /ichukdata1/html/project/labring/core/module/pc/myshop/AddProNext.php(20): ProductServ->getProductValbyIds('80', '3')
#3 /ichukdata1/html/project/labring/core/FileLoader.php(115): AddProNext->action()
#4 /ichukdata1/html/project/labring/core/FileLoader.php(58): FileLoader->load('/ichukdata1/htm...', 'myshop.addProNe...', '/myshop/addProN...', 'AddProNext', false)
#5 /ichukdata1/html/project/labring/index.php(36): FileLoader->loadfile()
#6 {main}
[2017-01-09 17:28:43][error] errCode:42S22
errMsg:SQLSTATE[42S22]: Column not found: 1054 Unknown column 'b.pid' in 'where clause'
trace:
#0 /ichukdata1/html/project/labring/core/util/DBAgent.php(79): PDOStatement->execute(Array)
#1 /ichukdata1/html/project/labring/core/service/ProductServ.php(546): DBAgent->querySingleRecord('select count(*)...', Array)
#2 /ichukdata1/html/project/labring/core/module/pc/myshop/AddProNext.php(20): ProductServ->getProductValbyIds('80', '3')
#3 /ichukdata1/html/project/labring/core/FileLoader.php(115): AddProNext->action()
#4 /ichukdata1/html/project/labring/core/FileLoader.php(58): FileLoader->load('/ichukdata1/htm...', 'myshop.addProNe...', '/myshop/addProN...', 'AddProNext', false)
#5 /ichukdata1/html/project/labring/index.php(36): FileLoader->loadfile()
#6 {main}
[2017-01-09 17:46:52][error] errCode:42000
errMsg:SQLSTATE[42000]: Syntax error or access violation: 1064 You have an error in your SQL syntax; check the manual that corresponds to your MySQL server version for the right syntax to use near 'and status=1' at line 1
trace:
#0 /ichukdata1/html/project/labring/core/util/DBAgent.php(56): PDOStatement->execute(Array)
#1 /ichukdata1/html/project/labring/core/service/ProductServ.php(497): DBAgent->queryRecords('select * from l...', Array)
#2 /ichukdata1/html/project/labring/core/module/pc/goods/ProductList.php(111): ProductServ->GetProperty('1')
#3 /ichukdata1/html/project/labring/core/FileLoader.php(115): ProductList->action()
#4 /ichukdata1/html/project/labring/core/FileLoader.php(58): FileLoader->load('/ichukdata1/htm...', 'goods.productLi...', '/goods/productL...', 'ProductList', false)
#5 /ichukdata1/html/project/labring/index.php(36): FileLoader->loadfile()
#6 {main}
[2017-01-09 17:46:57][error] errCode:42000
errMsg:SQLSTATE[42000]: Syntax error or access violation: 1064 You have an error in your SQL syntax; check the manual that corresponds to your MySQL server version for the right syntax to use near 'and status=1' at line 1
trace:
#0 /ichukdata1/html/project/labring/core/util/DBAgent.php(56): PDOStatement->execute(Array)
#1 /ichukdata1/html/project/labring/core/service/ProductServ.php(497): DBAgent->queryRecords('select * from l...', Array)
#2 /ichukdata1/html/project/labring/core/module/pc/goods/ProductList.php(111): ProductServ->GetProperty('1')
#3 /ichukdata1/html/project/labring/core/FileLoader.php(115): ProductList->action()
#4 /ichukdata1/html/project/labring/core/FileLoader.php(58): FileLoader->load('/ichukdata1/htm...', 'goods.productLi...', '/goods/productL...', 'ProductList', false)
#5 /ichukdata1/html/project/labring/index.php(36): FileLoader->loadfile()
#6 {main}
[2017-01-09 17:58:33][error] errCode:HY093
errMsg:SQLSTATE[HY093]: Invalid parameter number: number of bound variables does not match number of tokens
trace:
#0 /ichukdata1/html/project/labring/core/util/DBAgent.php(79): PDOStatement->execute(Array)
#1 /ichukdata1/html/project/labring/core/service/ProductServ.php(545): DBAgent->querySingleRecord('select count(*)...', Array)
#2 /ichukdata1/html/project/labring/core/module/pc/myshop/AddProNext.php(26): ProductServ->getProductValbyPid('82')
#3 /ichukdata1/html/project/labring/core/FileLoader.php(115): AddProNext->action()
#4 /ichukdata1/html/project/labring/core/FileLoader.php(58): FileLoader->load('/ichukdata1/htm...', 'myshop.addProNe...', '/myshop/addProN...', 'AddProNext', false)
#5 /ichukdata1/html/project/labring/index.php(36): FileLoader->loadfile()
#6 {main}
[2017-01-09 17:58:34][error] errCode:HY093
errMsg:SQLSTATE[HY093]: Invalid parameter number: number of bound variables does not match number of tokens
trace:
#0 /ichukdata1/html/project/labring/core/util/DBAgent.php(79): PDOStatement->execute(Array)
#1 /ichukdata1/html/project/labring/core/service/ProductServ.php(545): DBAgent->querySingleRecord('select count(*)...', Array)
#2 /ichukdata1/html/project/labring/core/module/pc/myshop/AddProNext.php(26): ProductServ->getProductValbyPid('82')
#3 /ichukdata1/html/project/labring/core/FileLoader.php(115): AddProNext->action()
#4 /ichukdata1/html/project/labring/core/FileLoader.php(58): FileLoader->load('/ichukdata1/htm...', 'myshop.addProNe...', '/myshop/addProN...', 'AddProNext', false)
#5 /ichukdata1/html/project/labring/index.php(36): FileLoader->loadfile()
#6 {main}
[2017-01-09 17:58:54][error] errCode:HY093
errMsg:SQLSTATE[HY093]: Invalid parameter number: number of bound variables does not match number of tokens
trace:
#0 /ichukdata1/html/project/labring/core/util/DBAgent.php(79): PDOStatement->execute(Array)
#1 /ichukdata1/html/project/labring/core/service/ProductServ.php(545): DBAgent->querySingleRecord('select count(*)...', Array)
#2 /ichukdata1/html/project/labring/core/module/pc/myshop/AddProNext.php(26): ProductServ->getProductValbyPid('82')
#3 /ichukdata1/html/project/labring/core/FileLoader.php(115): AddProNext->action()
#4 /ichukdata1/html/project/labring/core/FileLoader.php(58): FileLoader->load('/ichukdata1/htm...', 'myshop.addProNe...', '/myshop/addProN...', 'AddProNext', false)
#5 /ichukdata1/html/project/labring/index.php(36): FileLoader->loadfile()
#6 {main}
[2017-01-09 17:58:55][error] errCode:HY093
errMsg:SQLSTATE[HY093]: Invalid parameter number: number of bound variables does not match number of tokens
trace:
#0 /ichukdata1/html/project/labring/core/util/DBAgent.php(79): PDOStatement->execute(Array)
#1 /ichukdata1/html/project/labring/core/service/ProductServ.php(545): DBAgent->querySingleRecord('select count(*)...', Array)
#2 /ichukdata1/html/project/labring/core/module/pc/myshop/AddProNext.php(26): ProductServ->getProductValbyPid('82')
#3 /ichukdata1/html/project/labring/core/FileLoader.php(115): AddProNext->action()
#4 /ichukdata1/html/project/labring/core/FileLoader.php(58): FileLoader->load('/ichukdata1/htm...', 'myshop.addProNe...', '/myshop/addProN...', 'AddProNext', false)
#5 /ichukdata1/html/project/labring/index.php(36): FileLoader->loadfile()
#6 {main}
[2017-01-09 19:33:32][error] errCode:HY000
errMsg:SQLSTATE[HY000]: General error: 1366 Incorrect integer value: '' for column 'type' at row 1
trace:
#0 /ichukdata1/html/project/labring/core/util/DBAgent.php(102): PDOStatement->execute(Array)
#1 /ichukdata1/html/project/labring/core/util/DBAgent.php(272): DBAgent->query('insert into lab...', Array)
#2 /ichukdata1/html/project/labring/core/module/manager/_api/service/AddadvertServ.php(15): DBAgent->insertRecord('textad', Array, Array, true)
#3 /ichukdata1/html/project/labring/core/FileLoader.php(115): AddadvertServ->action()
#4 /ichukdata1/html/project/labring/core/FileLoader.php(58): FileLoader->load('/ichukdata1/htm...', 'service.Addadve...', '/service/Addadv...', 'AddadvertServ', true)
#5 /ichukdata1/html/project/labring/index_admin.php(36): FileLoader->loadfile()
#6 {main}
[2017-01-09 21:00:34][error] errCode:HY000
errMsg:SQLSTATE[HY000]: General error: 1366 Incorrect integer value: '' for column 'sid' at row 1
trace:
#0 /ichukdata1/html/project/labring/core/util/DBAgent.php(102): PDOStatement->execute(Array)
#1 /ichukdata1/html/project/labring/core/util/DBAgent.php(272): DBAgent->query('insert into lab...', Array)
#2 /ichukdata1/html/project/labring/core/service/ProductServ.php(543): DBAgent->insertRecord('product', Array, Array)
#3 /ichukdata1/html/project/labring/core/module/pc/_api/service/AddMyProductServ.php(14): ProductServ->addMyProduct('', '???????????????', '3', '1', 'http://d27.ichu...')
#4 /ichukdata1/html/project/labring/core/FileLoader.php(115): AddMyProductServ->action()
#5 /ichukdata1/html/project/labring/core/FileLoader.php(58): FileLoader->load('/ichukdata1/htm...', 'service.addMyPr...', '/service/addMyP...', 'AddMyProductSer...', true)
#6 /ichukdata1/html/project/labring/index.php(36): FileLoader->loadfile()
#7 {main}
[2017-01-09 21:03:04][error] errCode:HY000
errMsg:SQLSTATE[HY000]: General error: 1366 Incorrect integer value: '' for column 'sid' at row 1
trace:
#0 /ichukdata1/html/project/labring/core/util/DBAgent.php(102): PDOStatement->execute(Array)
#1 /ichukdata1/html/project/labring/core/util/DBAgent.php(272): DBAgent->query('insert into lab...', Array)
#2 /ichukdata1/html/project/labring/core/service/ProductServ.php(543): DBAgent->insertRecord('product', Array, Array)
#3 /ichukdata1/html/project/labring/core/module/pc/_api/service/AddMyProductServ.php(14): ProductServ->addMyProduct('', '???????????????', '3', '1', 'http://d27.ichu...')
#4 /ichukdata1/html/project/labring/core/FileLoader.php(115): AddMyProductServ->action()
#5 /ichukdata1/html/project/labring/core/FileLoader.php(58): FileLoader->load('/ichukdata1/htm...', 'service.addMyPr...', '/service/addMyP...', 'AddMyProductSer...', true)
#6 /ichukdata1/html/project/labring/index.php(36): FileLoader->loadfile()
#7 {main}
[2017-01-09 21:03:56][error] errCode:HY000
errMsg:SQLSTATE[HY000]: General error: 1366 Incorrect integer value: '' for column 'sid' at row 1
trace:
#0 /ichukdata1/html/project/labring/core/util/DBAgent.php(102): PDOStatement->execute(Array)
#1 /ichukdata1/html/project/labring/core/util/DBAgent.php(272): DBAgent->query('insert into lab...', Array)
#2 /ichukdata1/html/project/labring/core/service/ProductServ.php(543): DBAgent->insertRecord('product', Array, Array)
#3 /ichukdata1/html/project/labring/core/module/pc/_api/service/AddMyProductServ.php(14): ProductServ->addMyProduct('', '???????????????', '3', '1', 'http://d27.ichu...')
#4 /ichukdata1/html/project/labring/core/FileLoader.php(115): AddMyProductServ->action()
#5 /ichukdata1/html/project/labring/core/FileLoader.php(58): FileLoader->load('/ichukdata1/htm...', 'service.addMyPr...', '/service/addMyP...', 'AddMyProductSer...', true)
#6 /ichukdata1/html/project/labring/index.php(36): FileLoader->loadfile()
#7 {main}
[2017-01-09 23:06:01][error] errCode:HY000
errMsg:SQLSTATE[HY000]: General error: 1366 Incorrect integer value: '' for column 'sid' at row 1
trace:
#0 /ichukdata1/html/project/labring/core/util/DBAgent.php(102): PDOStatement->execute(Array)
#1 /ichukdata1/html/project/labring/core/util/DBAgent.php(272): DBAgent->query('insert into lab...', Array)
#2 /ichukdata1/html/project/labring/core/service/ProductServ.php(543): DBAgent->insertRecord('product', Array, Array)
#3 /ichukdata1/html/project/labring/core/module/pc/_api/service/AddMyProductServ.php(14): ProductServ->addMyProduct('', '?????????', '3', '1', 'http://d27.ichu...')
#4 /ichukdata1/html/project/labring/core/FileLoader.php(115): AddMyProductServ->action()
#5 /ichukdata1/html/project/labring/core/FileLoader.php(58): FileLoader->load('/ichukdata1/htm...', 'service.addMyPr...', '/service/addMyP...', 'AddMyProductSer...', true)
#6 /ichukdata1/html/project/labring/index.php(36): FileLoader->loadfile()
#7 {main}
