[2017-02-25 00:24:17][error] errCode:HY000
errMsg:SQLSTATE[HY000]: General error: 1366 Incorrect integer value: '' for column 'pid' at row 1
trace:
#0 /ichukdata1/html/project/labring/core/util/DBAgent.php(102): PDOStatement->execute(Array)
#1 /ichukdata1/html/project/labring/core/module/pc/test/UploadPro.php(123): DBAgent->query('insert #__sku_t...', Array)
#2 /ichukdata1/html/project/labring/core/FileLoader.php(116): UploadPro->action()
#3 /ichukdata1/html/project/labring/core/FileLoader.php(58): FileLoader->load('/ichukdata1/htm...', 'test.uploadPro....', '/test/uploadPro...', 'UploadPro', false)
#4 /ichukdata1/html/project/labring/index.php(36): FileLoader->loadfile()
#5 {main}
[2017-02-25 01:40:13][error] errCode:42000
errMsg:SQLSTATE[42000]: Syntax error or access violation: 1064 You have an error in your SQL syntax; check the manual that corresponds to your MySQL server version for the right syntax to use near '' at line 1
trace:
#0 /ichukdata1/html/project/labring/core/util/DBAgent.php(56): PDOStatement->execute(Array)
#1 /ichukdata1/html/project/labring/core/service/NewsServ.php(36): DBAgent->queryRecords('select * from l...', Array)
#2 /ichukdata1/html/project/labring/core/module/mobile/news/ArticleDetail.php(11): NewsServ->GetNewsById('')
#3 /ichukdata1/html/project/labring/core/FileLoader.php(116): ArticleDetail->action()
#4 /ichukdata1/html/project/labring/core/FileLoader.php(58): FileLoader->load('/ichukdata1/htm...', 'news.articleDet...', '/news/articleDe...', 'ArticleDetail', false)
#5 /ichukdata1/html/project/labring/index_mobile.php(36): FileLoader->loadfile()
#6 {main}
[2017-02-25 01:40:13][error] errCode:42000
errMsg:SQLSTATE[42000]: Syntax error or access violation: 1064 You have an error in your SQL syntax; check the manual that corresponds to your MySQL server version for the right syntax to use near '' at line 1
trace:
#0 /ichukdata1/html/project/labring/core/util/DBAgent.php(102): PDOStatement->execute(Array)
#1 /ichukdata1/html/project/labring/core/service/ArticleServ.php(301): DBAgent->query('update labring_...', Array)
#2 /ichukdata1/html/project/labring/core/module/mobile/news/ArticleDetail.php(13): ArticleServ->Addviewnum('')
#3 /ichukdata1/html/project/labring/core/FileLoader.php(116): ArticleDetail->action()
#4 /ichukdata1/html/project/labring/core/FileLoader.php(58): FileLoader->load('/ichukdata1/htm...', 'news.articleDet...', '/news/articleDe...', 'ArticleDetail', false)
#5 /ichukdata1/html/project/labring/index_mobile.php(36): FileLoader->loadfile()
#6 {main}
[2017-02-25 01:40:13][error] errCode:42000
errMsg:SQLSTATE[42000]: Syntax error or access violation: 1064 You have an error in your SQL syntax; check the manual that corresponds to your MySQL server version for the right syntax to use near '' at line 1
trace:
#0 /ichukdata1/html/project/labring/core/util/DBAgent.php(56): PDOStatement->execute(Array)
#1 /ichukdata1/html/project/labring/core/service/ArticleServ.php(171): DBAgent->queryRecords('select labring_...', Array)
#2 /ichukdata1/html/project/labring/core/module/mobile/news/ArticleDetail.php(14): ArticleServ->GetAriticle_Writer('')
#3 /ichukdata1/html/project/labring/core/FileLoader.php(116): ArticleDetail->action()
#4 /ichukdata1/html/project/labring/core/FileLoader.php(58): FileLoader->load('/ichukdata1/htm...', 'news.articleDet...', '/news/articleDe...', 'ArticleDetail', false)
#5 /ichukdata1/html/project/labring/index_mobile.php(36): FileLoader->loadfile()
#6 {main}
[2017-02-25 01:40:13][error] errCode:42000
errMsg:SQLSTATE[42000]: Syntax error or access violation: 1064 You have an error in your SQL syntax; check the manual that corresponds to your MySQL server version for the right syntax to use near 'and status = 1' at line 1
trace:
#0 /ichukdata1/html/project/labring/core/util/DBAgent.php(56): PDOStatement->execute(Array)
#1 /ichukdata1/html/project/labring/core/service/ArticleServ.php(414): DBAgent->queryRecords('select count(*)...', Array)
#2 /ichukdata1/html/project/labring/core/module/mobile/news/ArticleDetail.php(20): ArticleServ->getLikesNumById('')
#3 /ichukdata1/html/project/labring/core/FileLoader.php(116): ArticleDetail->action()
#4 /ichukdata1/html/project/labring/core/FileLoader.php(58): FileLoader->load('/ichukdata1/htm...', 'news.articleDet...', '/news/articleDe...', 'ArticleDetail', false)
#5 /ichukdata1/html/project/labring/index_mobile.php(36): FileLoader->loadfile()
#6 {main}
[2017-02-25 03:52:14][error] errCode:22001
errMsg:SQLSTATE[22001]: String data, right truncated: 1406 Data too long for column 'from_url' at row 1
trace:
#0 /ichukdata1/html/project/labring/core/util/DBAgent.php(102): PDOStatement->execute(Array)
#1 /ichukdata1/html/project/labring/core/util/AccessCommon.php(16): DBAgent->query('insert into #__...', Array)
#2 /ichukdata1/html/project/labring/core/FileLoader.php(115): AccessCommon::addAccessLog('/member/login.h...')
#3 /ichukdata1/html/project/labring/core/FileLoader.php(58): FileLoader->load('/ichukdata1/htm...', 'member.login.ht...', '/member/login.h...', 'Login', false)
#4 /ichukdata1/html/project/labring/index.php(36): FileLoader->loadfile()
#5 {main}
[2017-02-25 14:31:54][error] errCode:42S02
errMsg:SQLSTATE[42S02]: Base table or view not found: 1146 Table 'labring.labring_company_regist' doesn't exist
trace:
#0 /ichukdata1/html/project/labring/core/util/DBAgent.php(79): PDOStatement->execute(Array)
#1 /ichukdata1/html/project/labring/core/util/DBAgent.php(196): DBAgent->querySingleRecord('select * from l...', Array)
#2 /ichukdata1/html/project/labring/core/service/LabDetailServ.php(62): DBAgent->getSingleRecordFromTable('company_regist', '*', Array, Array, true)
#3 /ichukdata1/html/project/labring/core/module/pc/lab/Detail.php(27): LabDetailServ->getBelongInstitude('3')
#4 /ichukdata1/html/project/labring/core/FileLoader.php(116): Detail->action()
#5 /ichukdata1/html/project/labring/core/FileLoader.php(58): FileLoader->load('/ichukdata1/htm...', 'lab.detail.html', '/lab/detail.htm...', 'Detail', false)
#6 /ichukdata1/html/project/labring/index.php(36): FileLoader->loadfile()
#7 {main}
[2017-02-25 14:33:50][error] errCode:42000
errMsg:SQLSTATE[42000]: Syntax error or access violation: 1064 You have an error in your SQL syntax; check the manual that corresponds to your MySQL server version for the right syntax to use near 'status=1' at line 1
trace:
#0 /ichukdata1/html/project/labring/core/util/DBAgent.php(102): PDOStatement->execute(Array)
#1 /ichukdata1/html/project/labring/core/service/ProductServ.php(48): DBAgent->query('update #__produ...', Array)
#2 /ichukdata1/html/project/labring/core/module/pc/goods/Detail.php(12): ProductServ->updateSee('f718499c1c8cef6...')
#3 /ichukdata1/html/project/labring/core/FileLoader.php(116): Detail->action()
#4 /ichukdata1/html/project/labring/core/FileLoader.php(58): FileLoader->load('/ichukdata1/htm...', 'goods.detail.ht...', '/goods/detail.h...', 'Detail', false)
#5 /ichukdata1/html/project/labring/index.php(36): FileLoader->loadfile()
#6 {main}
[2017-02-25 14:33:54][error] errCode:42S22
errMsg:SQLSTATE[42S22]: Column not found: 1054 Unknown column 'f718499c1c8cef6730f9fd03c8125cab' in 'where clause'
trace:
#0 /ichukdata1/html/project/labring/core/util/DBAgent.php(56): PDOStatement->execute(Array)
#1 /ichukdata1/html/project/labring/core/module/pc/_api/service/GetProductBroServ.php(11): DBAgent->queryRecords('select property...', Array)
#2 /ichukdata1/html/project/labring/core/FileLoader.php(116): GetProductBroServ->action()
#3 /ichukdata1/html/project/labring/core/FileLoader.php(58): FileLoader->load('/ichukdata1/htm...', 'service.GetProd...', '/service/GetPro...', 'GetProductBroSe...', true)
#4 /ichukdata1/html/project/labring/index.php(36): FileLoader->loadfile()
#5 {main}
[2017-02-25 17:30:56][error] errCode:22001
errMsg:SQLSTATE[22001]: String data, right truncated: 1406 Data too long for column 'EnglishName' at row 1
trace:
#0 /ichukdata1/html/project/labring/core/util/DBAgent.php(102): PDOStatement->execute(Array)
#1 /ichukdata1/html/project/labring/core/module/pc/_api/service/TestUploadProServ.php(97): DBAgent->query('insert into #__...', Array)
#2 /ichukdata1/html/project/labring/core/FileLoader.php(116): TestUploadProServ->action()
#3 /ichukdata1/html/project/labring/core/FileLoader.php(58): FileLoader->load('/ichukdata1/htm...', 'service.testUpl...', '/service/testUp...', 'TestUploadProSe...', true)
#4 /ichukdata1/html/project/labring/index.php(36): FileLoader->loadfile()
#5 {main}
[2017-02-25 18:06:15][error] errCode:22001
errMsg:SQLSTATE[22001]: String data, right truncated: 1406 Data too long for column 'EnglishName' at row 1
trace:
#0 /ichukdata1/html/project/labring/core/util/DBAgent.php(102): PDOStatement->execute(Array)
#1 /ichukdata1/html/project/labring/core/module/pc/_api/service/TestUploadProServ.php(97): DBAgent->query('insert into #__...', Array)
#2 /ichukdata1/html/project/labring/core/FileLoader.php(116): TestUploadProServ->action()
#3 /ichukdata1/html/project/labring/core/FileLoader.php(58): FileLoader->load('/ichukdata1/htm...', 'service.testUpl...', '/service/testUp...', 'TestUploadProSe...', true)
#4 /ichukdata1/html/project/labring/index.php(36): FileLoader->loadfile()
#5 {main}
[2017-02-25 18:06:15][error] errCode:22001
errMsg:SQLSTATE[22001]: String data, right truncated: 1406 Data too long for column 'EnglishName' at row 1
trace:
#0 /ichukdata1/html/project/labring/core/util/DBAgent.php(102): PDOStatement->execute(Array)
#1 /ichukdata1/html/project/labring/core/module/pc/_api/service/TestUploadProServ.php(97): DBAgent->query('insert into #__...', Array)
#2 /ichukdata1/html/project/labring/core/FileLoader.php(116): TestUploadProServ->action()
#3 /ichukdata1/html/project/labring/core/FileLoader.php(58): FileLoader->load('/ichukdata1/htm...', 'service.testUpl...', '/service/testUp...', 'TestUploadProSe...', true)
#4 /ichukdata1/html/project/labring/index.php(36): FileLoader->loadfile()
#5 {main}
[2017-02-25 18:06:15][error] errCode:22001
errMsg:SQLSTATE[22001]: String data, right truncated: 1406 Data too long for column 'EnglishName' at row 1
trace:
#0 /ichukdata1/html/project/labring/core/util/DBAgent.php(102): PDOStatement->execute(Array)
#1 /ichukdata1/html/project/labring/core/module/pc/_api/service/TestUploadProServ.php(97): DBAgent->query('insert into #__...', Array)
#2 /ichukdata1/html/project/labring/core/FileLoader.php(116): TestUploadProServ->action()
#3 /ichukdata1/html/project/labring/core/FileLoader.php(58): FileLoader->load('/ichukdata1/htm...', 'service.testUpl...', '/service/testUp...', 'TestUploadProSe...', true)
#4 /ichukdata1/html/project/labring/index.php(36): FileLoader->loadfile()
#5 {main}
