[2017-02-20 01:07:10][error] errCode:42000
errMsg:SQLSTATE[42000]: Syntax error or access violation: 1064 You have an error in your SQL syntax; check the manual that corresponds to your MySQL server version for the right syntax to use near 'status=1' at line 1
trace:
#0 /ichukdata1/html/project/labring/core/util/DBAgent.php(102): PDOStatement->execute(Array)
#1 /ichukdata1/html/project/labring/core/service/ProductServ.php(48): DBAgent->query('update #__produ...', Array)
#2 /ichukdata1/html/project/labring/core/module/pc/goods/Detail.php(13): ProductServ->updateSee('fc221309746013a...')
#3 /ichukdata1/html/project/labring/core/FileLoader.php(116): Detail->action()
#4 /ichukdata1/html/project/labring/core/FileLoader.php(58): FileLoader->load('/ichukdata1/htm...', 'goods.detail.ht...', '/goods/detail.h...', 'Detail', false)
#5 /ichukdata1/html/project/labring/index.php(36): FileLoader->loadfile()
#6 {main}
[2017-02-20 05:17:36][error] errCode:22001
errMsg:SQLSTATE[22001]: String data, right truncated: 1406 Data too long for column 'from_url' at row 1
trace:
#0 /ichukdata1/html/project/labring/core/util/DBAgent.php(102): PDOStatement->execute(Array)
#1 /ichukdata1/html/project/labring/core/util/AccessCommon.php(16): DBAgent->query('insert into #__...', Array)
#2 /ichukdata1/html/project/labring/core/FileLoader.php(115): AccessCommon::addAccessLog('/login.html')
#3 /ichukdata1/html/project/labring/core/FileLoader.php(43): FileLoader->load('/ichukdata1/htm...', 'login.html', '/login.html', 'Login')
#4 /ichukdata1/html/project/labring/index_admin.php(36): FileLoader->loadfile()
#5 {main}
[2017-02-20 06:24:36][error] errCode:22001
errMsg:SQLSTATE[22001]: String data, right truncated: 1406 Data too long for column 'from_url' at row 1
trace:
#0 /ichukdata1/html/project/labring/core/util/DBAgent.php(102): PDOStatement->execute(Array)
#1 /ichukdata1/html/project/labring/core/util/AccessCommon.php(16): DBAgent->query('insert into #__...', Array)
#2 /ichukdata1/html/project/labring/core/FileLoader.php(115): AccessCommon::addAccessLog('/member/login.h...')
#3 /ichukdata1/html/project/labring/core/FileLoader.php(58): FileLoader->load('/ichukdata1/htm...', 'member.login.ht...', '/member/login.h...', 'Login', false)
#4 /ichukdata1/html/project/labring/index.php(36): FileLoader->loadfile()
#5 {main}
[2017-02-20 09:03:23][error] errCode:42000
errMsg:SQLSTATE[42000]: Syntax error or access violation: 1064 You have an error in your SQL syntax; check the manual that corresponds to your MySQL server version for the right syntax to use near 'status=1' at line 1
trace:
#0 /ichukdata1/html/project/labring/core/util/DBAgent.php(102): PDOStatement->execute(Array)
#1 /ichukdata1/html/project/labring/core/service/ProductServ.php(48): DBAgent->query('update #__produ...', Array)
#2 /ichukdata1/html/project/labring/core/module/pc/goods/Detail.php(13): ProductServ->updateSee('b19aa25ff58940d...')
#3 /ichukdata1/html/project/labring/core/FileLoader.php(116): Detail->action()
#4 /ichukdata1/html/project/labring/core/FileLoader.php(58): FileLoader->load('/ichukdata1/htm...', 'goods.detail.ht...', '/goods/detail.h...', 'Detail', false)
#5 /ichukdata1/html/project/labring/index.php(36): FileLoader->loadfile()
#6 {main}
[2017-02-20 09:03:24][error] errCode:42S22
errMsg:SQLSTATE[42S22]: Column not found: 1054 Unknown column 'b19aa25ff58940d974234b48391b9549' in 'where clause'
trace:
#0 /ichukdata1/html/project/labring/core/util/DBAgent.php(56): PDOStatement->execute(Array)
#1 /ichukdata1/html/project/labring/core/module/pc/_api/service/GetProductBroServ.php(11): DBAgent->queryRecords('select property...', Array)
#2 /ichukdata1/html/project/labring/core/FileLoader.php(116): GetProductBroServ->action()
#3 /ichukdata1/html/project/labring/core/FileLoader.php(58): FileLoader->load('/ichukdata1/htm...', 'service.GetProd...', '/service/GetPro...', 'GetProductBroSe...', true)
#4 /ichukdata1/html/project/labring/index.php(36): FileLoader->loadfile()
#5 {main}
[2017-02-20 10:00:23][error] errCode:42000
errMsg:SQLSTATE[42000]: Syntax error or access violation: 1064 You have an error in your SQL syntax; check the manual that corresponds to your MySQL server version for the right syntax to use near 'status=1' at line 1
trace:
#0 /ichukdata1/html/project/labring/core/util/DBAgent.php(102): PDOStatement->execute(Array)
#1 /ichukdata1/html/project/labring/core/service/ProductServ.php(48): DBAgent->query('update #__produ...', Array)
#2 /ichukdata1/html/project/labring/core/module/pc/goods/Detail.php(13): ProductServ->updateSee('ca793d8b79c1b66...')
#3 /ichukdata1/html/project/labring/core/FileLoader.php(116): Detail->action()
#4 /ichukdata1/html/project/labring/core/FileLoader.php(58): FileLoader->load('/ichukdata1/htm...', 'goods.detail.ht...', '/goods/detail.h...', 'Detail', false)
#5 /ichukdata1/html/project/labring/index.php(36): FileLoader->loadfile()
#6 {main}
[2017-02-20 10:00:30][error] errCode:42S22
errMsg:SQLSTATE[42S22]: Column not found: 1054 Unknown column 'ca793d8b79c1b6665cf109d6077a8277' in 'where clause'
trace:
#0 /ichukdata1/html/project/labring/core/util/DBAgent.php(56): PDOStatement->execute(Array)
#1 /ichukdata1/html/project/labring/core/module/pc/_api/service/GetProductBroServ.php(11): DBAgent->queryRecords('select property...', Array)
#2 /ichukdata1/html/project/labring/core/FileLoader.php(116): GetProductBroServ->action()
#3 /ichukdata1/html/project/labring/core/FileLoader.php(58): FileLoader->load('/ichukdata1/htm...', 'service.GetProd...', '/service/GetPro...', 'GetProductBroSe...', true)
#4 /ichukdata1/html/project/labring/index.php(36): FileLoader->loadfile()
#5 {main}
[2017-02-20 10:01:14][error] errCode:42000
errMsg:SQLSTATE[42000]: Syntax error or access violation: 1064 You have an error in your SQL syntax; check the manual that corresponds to your MySQL server version for the right syntax to use near 'status=1' at line 1
trace:
#0 /ichukdata1/html/project/labring/core/util/DBAgent.php(102): PDOStatement->execute(Array)
#1 /ichukdata1/html/project/labring/core/service/ProductServ.php(48): DBAgent->query('update #__produ...', Array)
#2 /ichukdata1/html/project/labring/core/module/pc/goods/Detail.php(13): ProductServ->updateSee('3ce6d3c8830d27e...')
#3 /ichukdata1/html/project/labring/core/FileLoader.php(116): Detail->action()
#4 /ichukdata1/html/project/labring/core/FileLoader.php(58): FileLoader->load('/ichukdata1/htm...', 'goods.detail.ht...', '/goods/detail.h...', 'Detail', false)
#5 /ichukdata1/html/project/labring/index.php(36): FileLoader->loadfile()
#6 {main}
[2017-02-20 10:01:16][error] errCode:42S22
errMsg:SQLSTATE[42S22]: Column not found: 1054 Unknown column '3ce6d3c8830d27ec2e6a1936ecbaa514' in 'where clause'
trace:
#0 /ichukdata1/html/project/labring/core/util/DBAgent.php(56): PDOStatement->execute(Array)
#1 /ichukdata1/html/project/labring/core/module/pc/_api/service/GetProductBroServ.php(11): DBAgent->queryRecords('select property...', Array)
#2 /ichukdata1/html/project/labring/core/FileLoader.php(116): GetProductBroServ->action()
#3 /ichukdata1/html/project/labring/core/FileLoader.php(58): FileLoader->load('/ichukdata1/htm...', 'service.GetProd...', '/service/GetPro...', 'GetProductBroSe...', true)
#4 /ichukdata1/html/project/labring/index.php(36): FileLoader->loadfile()
#5 {main}
[2017-02-20 10:01:24][error] errCode:42000
errMsg:SQLSTATE[42000]: Syntax error or access violation: 1064 You have an error in your SQL syntax; check the manual that corresponds to your MySQL server version for the right syntax to use near 'status=1' at line 1
trace:
#0 /ichukdata1/html/project/labring/core/util/DBAgent.php(102): PDOStatement->execute(Array)
#1 /ichukdata1/html/project/labring/core/service/ProductServ.php(48): DBAgent->query('update #__produ...', Array)
#2 /ichukdata1/html/project/labring/core/module/pc/goods/Detail.php(13): ProductServ->updateSee('3ce6d3c8830d27e...')
#3 /ichukdata1/html/project/labring/core/FileLoader.php(116): Detail->action()
#4 /ichukdata1/html/project/labring/core/FileLoader.php(58): FileLoader->load('/ichukdata1/htm...', 'goods.detail.ht...', '/goods/detail.h...', 'Detail', false)
#5 /ichukdata1/html/project/labring/index.php(36): FileLoader->loadfile()
#6 {main}
[2017-02-20 10:14:24][error] errCode:HY093
errMsg:SQLSTATE[HY093]: Invalid parameter number: number of bound variables does not match number of tokens
trace:
#0 /ichukdata1/html/project/labring/core/util/DBAgent.php(102): PDOStatement->execute(Array)
#1 /ichukdata1/html/project/labring/core/util/DBAgent.php(245): DBAgent->query('update labring_...', Array)
#2 /ichukdata1/html/project/labring/core/service/ProductServ.php(950): DBAgent->updateRecords('product', Array, Array, Array, Array)
#3 /ichukdata1/html/project/labring/core/module/pc/_api/service/ModifyproServ.php(274): ProductServ->Modifypro(Array)
#4 /ichukdata1/html/project/labring/core/FileLoader.php(116): ModifyproServ->action()
#5 /ichukdata1/html/project/labring/core/FileLoader.php(58): FileLoader->load('/ichukdata1/htm...', 'service.modifyp...', '/service/modify...', 'ModifyproServ', true)
#6 /ichukdata1/html/project/labring/index.php(36): FileLoader->loadfile()
#7 {main}
[2017-02-20 10:17:46][error] errCode:22001
errMsg:SQLSTATE[22001]: String data, right truncated: 1406 Data too long for column 'from_url' at row 1
trace:
#0 /ichukdata1/html/project/labring/core/util/DBAgent.php(102): PDOStatement->execute(Array)
#1 /ichukdata1/html/project/labring/core/util/AccessCommon.php(16): DBAgent->query('insert into #__...', Array)
#2 /ichukdata1/html/project/labring/core/FileLoader.php(115): AccessCommon::addAccessLog('/lab/shop.html')
#3 /ichukdata1/html/project/labring/core/FileLoader.php(58): FileLoader->load('/ichukdata1/htm...', 'lab.shop.html', '/lab/shop.html', 'Shop', false)
#4 /ichukdata1/html/project/labring/index.php(36): FileLoader->loadfile()
#5 {main}
[2017-02-20 13:41:53][error] errCode:22001
errMsg:SQLSTATE[22001]: String data, right truncated: 1406 Data too long for column 'from_url' at row 1
trace:
#0 /ichukdata1/html/project/labring/core/util/DBAgent.php(102): PDOStatement->execute(Array)
#1 /ichukdata1/html/project/labring/core/util/AccessCommon.php(16): DBAgent->query('insert into #__...', Array)
#2 /ichukdata1/html/project/labring/core/FileLoader.php(115): AccessCommon::addAccessLog('/login.html')
#3 /ichukdata1/html/project/labring/core/FileLoader.php(43): FileLoader->load('/ichukdata1/htm...', 'login.html', '/login.html', 'Login')
#4 /ichukdata1/html/project/labring/index_admin.php(36): FileLoader->loadfile()
#5 {main}
[2017-02-20 13:44:19][error] errCode:42000
errMsg:SQLSTATE[42000]: Syntax error or access violation: 1064 You have an error in your SQL syntax; check the manual that corresponds to your MySQL server version for the right syntax to use near 'status=1' at line 1
trace:
#0 /ichukdata1/html/project/labring/core/util/DBAgent.php(102): PDOStatement->execute(Array)
#1 /ichukdata1/html/project/labring/core/service/ProductServ.php(48): DBAgent->query('update #__produ...', Array)
#2 /ichukdata1/html/project/labring/core/module/pc/goods/Detail.php(13): ProductServ->updateSee('6c524f9d5d70274...')
#3 /ichukdata1/html/project/labring/core/FileLoader.php(116): Detail->action()
#4 /ichukdata1/html/project/labring/core/FileLoader.php(58): FileLoader->load('/ichukdata1/htm...', 'goods.detail.ht...', '/goods/detail.h...', 'Detail', false)
#5 /ichukdata1/html/project/labring/index.php(36): FileLoader->loadfile()
#6 {main}
[2017-02-20 13:44:27][error] errCode:42S22
errMsg:SQLSTATE[42S22]: Column not found: 1054 Unknown column '6c524f9d5d7027454a783c841250ba71' in 'where clause'
trace:
#0 /ichukdata1/html/project/labring/core/util/DBAgent.php(56): PDOStatement->execute(Array)
#1 /ichukdata1/html/project/labring/core/module/pc/_api/service/GetProductBroServ.php(11): DBAgent->queryRecords('select property...', Array)
#2 /ichukdata1/html/project/labring/core/FileLoader.php(116): GetProductBroServ->action()
#3 /ichukdata1/html/project/labring/core/FileLoader.php(58): FileLoader->load('/ichukdata1/htm...', 'service.GetProd...', '/service/GetPro...', 'GetProductBroSe...', true)
#4 /ichukdata1/html/project/labring/index.php(36): FileLoader->loadfile()
#5 {main}
[2017-02-20 13:44:29][error] errCode:42000
errMsg:SQLSTATE[42000]: Syntax error or access violation: 1064 You have an error in your SQL syntax; check the manual that corresponds to your MySQL server version for the right syntax to use near 'status=1' at line 1
trace:
#0 /ichukdata1/html/project/labring/core/util/DBAgent.php(102): PDOStatement->execute(Array)
#1 /ichukdata1/html/project/labring/core/service/ProductServ.php(48): DBAgent->query('update #__produ...', Array)
#2 /ichukdata1/html/project/labring/core/module/pc/goods/Detail.php(13): ProductServ->updateSee('6c524f9d5d70274...')
#3 /ichukdata1/html/project/labring/core/FileLoader.php(116): Detail->action()
#4 /ichukdata1/html/project/labring/core/FileLoader.php(58): FileLoader->load('/ichukdata1/htm...', 'goods.detail.ht...', '/goods/detail.h...', 'Detail', false)
#5 /ichukdata1/html/project/labring/index.php(36): FileLoader->loadfile()
#6 {main}
[2017-02-20 13:48:28][error] errCode:22001
errMsg:SQLSTATE[22001]: String data, right truncated: 1406 Data too long for column 'from_url' at row 1
trace:
#0 /ichukdata1/html/project/labring/core/util/DBAgent.php(102): PDOStatement->execute(Array)
#1 /ichukdata1/html/project/labring/core/util/AccessCommon.php(16): DBAgent->query('insert into #__...', Array)
#2 /ichukdata1/html/project/labring/core/FileLoader.php(115): AccessCommon::addAccessLog('/member/login.h...')
#3 /ichukdata1/html/project/labring/core/FileLoader.php(58): FileLoader->load('/ichukdata1/htm...', 'member.login.ht...', '/member/login.h...', 'Login', false)
#4 /ichukdata1/html/project/labring/index.php(36): FileLoader->loadfile()
#5 {main}
[2017-02-20 14:13:08][error] errCode:42000
errMsg:SQLSTATE[42000]: Syntax error or access violation: 1064 You have an error in your SQL syntax; check the manual that corresponds to your MySQL server version for the right syntax to use near '' at line 1
trace:
#0 /ichukdata1/html/project/labring/core/util/DBAgent.php(79): PDOStatement->execute(Array)
#1 /ichukdata1/html/project/labring/core/service/ProductServ.php(1249): DBAgent->querySingleRecord('select * from #...', Array)
#2 /ichukdata1/html/project/labring/core/module/manager/goodsmanager/ProductList.php(16): ProductServ->getProductLists(1, '')
#3 /ichukdata1/html/project/labring/core/FileLoader.php(116): ProductList->action()
#4 /ichukdata1/html/project/labring/core/FileLoader.php(58): FileLoader->load('/ichukdata1/htm...', 'goodsmanager.pr...', '/goodsmanager/p...', 'ProductList', false)
#5 /ichukdata1/html/project/labring/index_admin.php(36): FileLoader->loadfile()
#6 {main}
[2017-02-20 14:13:08][error] errCode:42000
errMsg:SQLSTATE[42000]: Syntax error or access violation: 1064 You have an error in your SQL syntax; check the manual that corresponds to your MySQL server version for the right syntax to use near '' at line 1
trace:
#0 /ichukdata1/html/project/labring/core/util/DBAgent.php(79): PDOStatement->execute(Array)
#1 /ichukdata1/html/project/labring/core/service/ProductServ.php(1294): DBAgent->querySingleRecord('select * from #...', Array)
#2 /ichukdata1/html/project/labring/core/module/manager/goodsmanager/ProductList.php(19): ProductServ->getPageProductLists(1, '', 0, 20)
#3 /ichukdata1/html/project/labring/core/FileLoader.php(116): ProductList->action()
#4 /ichukdata1/html/project/labring/core/FileLoader.php(58): FileLoader->load('/ichukdata1/htm...', 'goodsmanager.pr...', '/goodsmanager/p...', 'ProductList', false)
#5 /ichukdata1/html/project/labring/index_admin.php(36): FileLoader->loadfile()
#6 {main}
[2017-02-20 14:13:19][error] errCode:42000
errMsg:SQLSTATE[42000]: Syntax error or access violation: 1064 You have an error in your SQL syntax; check the manual that corresponds to your MySQL server version for the right syntax to use near '' at line 1
trace:
#0 /ichukdata1/html/project/labring/core/util/DBAgent.php(79): PDOStatement->execute(Array)
#1 /ichukdata1/html/project/labring/core/service/ProductServ.php(1249): DBAgent->querySingleRecord('select * from #...', Array)
#2 /ichukdata1/html/project/labring/core/module/manager/goodsmanager/ProductList.php(16): ProductServ->getProductLists('1', '')
#3 /ichukdata1/html/project/labring/core/FileLoader.php(116): ProductList->action()
#4 /ichukdata1/html/project/labring/core/FileLoader.php(58): FileLoader->load('/ichukdata1/htm...', 'goodsmanager.pr...', '/goodsmanager/p...', 'ProductList', false)
#5 /ichukdata1/html/project/labring/index_admin.php(36): FileLoader->loadfile()
#6 {main}
[2017-02-20 14:13:19][error] errCode:42000
errMsg:SQLSTATE[42000]: Syntax error or access violation: 1064 You have an error in your SQL syntax; check the manual that corresponds to your MySQL server version for the right syntax to use near '' at line 1
trace:
#0 /ichukdata1/html/project/labring/core/util/DBAgent.php(79): PDOStatement->execute(Array)
#1 /ichukdata1/html/project/labring/core/service/ProductServ.php(1294): DBAgent->querySingleRecord('select * from #...', Array)
#2 /ichukdata1/html/project/labring/core/module/manager/goodsmanager/ProductList.php(19): ProductServ->getPageProductLists('1', '', 0, 20)
#3 /ichukdata1/html/project/labring/core/FileLoader.php(116): ProductList->action()
#4 /ichukdata1/html/project/labring/core/FileLoader.php(58): FileLoader->load('/ichukdata1/htm...', 'goodsmanager.pr...', '/goodsmanager/p...', 'ProductList', false)
#5 /ichukdata1/html/project/labring/index_admin.php(36): FileLoader->loadfile()
#6 {main}
[2017-02-20 14:13:33][error] errCode:42S22
errMsg:SQLSTATE[42S22]: Column not found: 1054 Unknown column '高端试剂' in 'where clause'
trace:
#0 /ichukdata1/html/project/labring/core/util/DBAgent.php(79): PDOStatement->execute(Array)
#1 /ichukdata1/html/project/labring/core/service/ProductServ.php(1249): DBAgent->querySingleRecord('select * from #...', Array)
#2 /ichukdata1/html/project/labring/core/module/manager/goodsmanager/ProductList.php(16): ProductServ->getProductLists(1, '????????????')
#3 /ichukdata1/html/project/labring/core/FileLoader.php(116): ProductList->action()
#4 /ichukdata1/html/project/labring/core/FileLoader.php(58): FileLoader->load('/ichukdata1/htm...', 'goodsmanager.pr...', '/goodsmanager/p...', 'ProductList', false)
#5 /ichukdata1/html/project/labring/index_admin.php(36): FileLoader->loadfile()
#6 {main}
[2017-02-20 14:13:33][error] errCode:42S22
errMsg:SQLSTATE[42S22]: Column not found: 1054 Unknown column '高端试剂' in 'where clause'
trace:
#0 /ichukdata1/html/project/labring/core/util/DBAgent.php(79): PDOStatement->execute(Array)
#1 /ichukdata1/html/project/labring/core/service/ProductServ.php(1294): DBAgent->querySingleRecord('select * from #...', Array)
#2 /ichukdata1/html/project/labring/core/module/manager/goodsmanager/ProductList.php(19): ProductServ->getPageProductLists(1, '????????????', 0, 20)
#3 /ichukdata1/html/project/labring/core/FileLoader.php(116): ProductList->action()
#4 /ichukdata1/html/project/labring/core/FileLoader.php(58): FileLoader->load('/ichukdata1/htm...', 'goodsmanager.pr...', '/goodsmanager/p...', 'ProductList', false)
#5 /ichukdata1/html/project/labring/index_admin.php(36): FileLoader->loadfile()
#6 {main}
[2017-02-20 14:13:44][error] errCode:HY000
errMsg:SQLSTATE[HY000]: General error: 1366 Incorrect string value: '\xA8\xA6????...' for column 'from_url' at row 1
trace:
#0 /ichukdata1/html/project/labring/core/util/DBAgent.php(102): PDOStatement->execute(Array)
#1 /ichukdata1/html/project/labring/core/util/AccessCommon.php(16): DBAgent->query('insert into #__...', Array)
#2 /ichukdata1/html/project/labring/core/FileLoader.php(115): AccessCommon::addAccessLog('/login.html')
#3 /ichukdata1/html/project/labring/core/FileLoader.php(43): FileLoader->load('/ichukdata1/htm...', 'login.html', '/login.html', 'Login')
#4 /ichukdata1/html/project/labring/index_admin.php(36): FileLoader->loadfile()
#5 {main}
[2017-02-20 14:13:53][error] errCode:42S22
errMsg:SQLSTATE[42S22]: Column not found: 1054 Unknown column '通用试剂' in 'where clause'
trace:
#0 /ichukdata1/html/project/labring/core/util/DBAgent.php(79): PDOStatement->execute(Array)
#1 /ichukdata1/html/project/labring/core/service/ProductServ.php(1249): DBAgent->querySingleRecord('select * from #...', Array)
#2 /ichukdata1/html/project/labring/core/module/manager/goodsmanager/ProductList.php(16): ProductServ->getProductLists(1, '????????????')
#3 /ichukdata1/html/project/labring/core/FileLoader.php(116): ProductList->action()
#4 /ichukdata1/html/project/labring/core/FileLoader.php(58): FileLoader->load('/ichukdata1/htm...', 'goodsmanager.pr...', '/goodsmanager/p...', 'ProductList', false)
#5 /ichukdata1/html/project/labring/index_admin.php(36): FileLoader->loadfile()
#6 {main}
[2017-02-20 14:13:53][error] errCode:42S22
errMsg:SQLSTATE[42S22]: Column not found: 1054 Unknown column '通用试剂' in 'where clause'
trace:
#0 /ichukdata1/html/project/labring/core/util/DBAgent.php(79): PDOStatement->execute(Array)
#1 /ichukdata1/html/project/labring/core/service/ProductServ.php(1294): DBAgent->querySingleRecord('select * from #...', Array)
#2 /ichukdata1/html/project/labring/core/module/manager/goodsmanager/ProductList.php(19): ProductServ->getPageProductLists(1, '????????????', 0, 20)
#3 /ichukdata1/html/project/labring/core/FileLoader.php(116): ProductList->action()
#4 /ichukdata1/html/project/labring/core/FileLoader.php(58): FileLoader->load('/ichukdata1/htm...', 'goodsmanager.pr...', '/goodsmanager/p...', 'ProductList', false)
#5 /ichukdata1/html/project/labring/index_admin.php(36): FileLoader->loadfile()
#6 {main}
[2017-02-20 14:13:58][error] errCode:42000
errMsg:SQLSTATE[42000]: Syntax error or access violation: 1064 You have an error in your SQL syntax; check the manual that corresponds to your MySQL server version for the right syntax to use near '' at line 1
trace:
#0 /ichukdata1/html/project/labring/core/util/DBAgent.php(79): PDOStatement->execute(Array)
#1 /ichukdata1/html/project/labring/core/service/ProductServ.php(1249): DBAgent->querySingleRecord('select * from #...', Array)
#2 /ichukdata1/html/project/labring/core/module/manager/goodsmanager/ProductList.php(16): ProductServ->getProductLists('1', '')
#3 /ichukdata1/html/project/labring/core/FileLoader.php(116): ProductList->action()
#4 /ichukdata1/html/project/labring/core/FileLoader.php(58): FileLoader->load('/ichukdata1/htm...', 'goodsmanager.pr...', '/goodsmanager/p...', 'ProductList', false)
#5 /ichukdata1/html/project/labring/index_admin.php(36): FileLoader->loadfile()
#6 {main}
[2017-02-20 14:13:58][error] errCode:42000
errMsg:SQLSTATE[42000]: Syntax error or access violation: 1064 You have an error in your SQL syntax; check the manual that corresponds to your MySQL server version for the right syntax to use near '' at line 1
trace:
#0 /ichukdata1/html/project/labring/core/util/DBAgent.php(79): PDOStatement->execute(Array)
#1 /ichukdata1/html/project/labring/core/service/ProductServ.php(1294): DBAgent->querySingleRecord('select * from #...', Array)
#2 /ichukdata1/html/project/labring/core/module/manager/goodsmanager/ProductList.php(19): ProductServ->getPageProductLists('1', '', 0, 20)
#3 /ichukdata1/html/project/labring/core/FileLoader.php(116): ProductList->action()
#4 /ichukdata1/html/project/labring/core/FileLoader.php(58): FileLoader->load('/ichukdata1/htm...', 'goodsmanager.pr...', '/goodsmanager/p...', 'ProductList', false)
#5 /ichukdata1/html/project/labring/index_admin.php(36): FileLoader->loadfile()
#6 {main}
[2017-02-20 14:15:51][error] errCode:42000
errMsg:SQLSTATE[42000]: Syntax error or access violation: 1064 You have an error in your SQL syntax; check the manual that corresponds to your MySQL server version for the right syntax to use near '' at line 1
trace:
#0 /ichukdata1/html/project/labring/core/util/DBAgent.php(79): PDOStatement->execute(Array)
#1 /ichukdata1/html/project/labring/core/service/ProductServ.php(1249): DBAgent->querySingleRecord('select * from #...', Array)
#2 /ichukdata1/html/project/labring/core/module/manager/goodsmanager/ProductList.php(16): ProductServ->getProductLists(1, '')
#3 /ichukdata1/html/project/labring/core/FileLoader.php(116): ProductList->action()
#4 /ichukdata1/html/project/labring/core/FileLoader.php(58): FileLoader->load('/ichukdata1/htm...', 'goodsmanager.pr...', '/goodsmanager/p...', 'ProductList', false)
#5 /ichukdata1/html/project/labring/index_admin.php(36): FileLoader->loadfile()
#6 {main}
[2017-02-20 14:15:51][error] errCode:42000
errMsg:SQLSTATE[42000]: Syntax error or access violation: 1064 You have an error in your SQL syntax; check the manual that corresponds to your MySQL server version for the right syntax to use near '' at line 1
trace:
#0 /ichukdata1/html/project/labring/core/util/DBAgent.php(79): PDOStatement->execute(Array)
#1 /ichukdata1/html/project/labring/core/service/ProductServ.php(1294): DBAgent->querySingleRecord('select * from #...', Array)
#2 /ichukdata1/html/project/labring/core/module/manager/goodsmanager/ProductList.php(19): ProductServ->getPageProductLists(1, '', 0, 20)
#3 /ichukdata1/html/project/labring/core/FileLoader.php(116): ProductList->action()
#4 /ichukdata1/html/project/labring/core/FileLoader.php(58): FileLoader->load('/ichukdata1/htm...', 'goodsmanager.pr...', '/goodsmanager/p...', 'ProductList', false)
#5 /ichukdata1/html/project/labring/index_admin.php(36): FileLoader->loadfile()
#6 {main}
[2017-02-20 14:16:00][error] errCode:42S22
errMsg:SQLSTATE[42S22]: Column not found: 1054 Unknown column '通用试剂' in 'where clause'
trace:
#0 /ichukdata1/html/project/labring/core/util/DBAgent.php(79): PDOStatement->execute(Array)
#1 /ichukdata1/html/project/labring/core/service/ProductServ.php(1249): DBAgent->querySingleRecord('select * from #...', Array)
#2 /ichukdata1/html/project/labring/core/module/manager/goodsmanager/ProductList.php(16): ProductServ->getProductLists(1, '????????????')
#3 /ichukdata1/html/project/labring/core/FileLoader.php(116): ProductList->action()
#4 /ichukdata1/html/project/labring/core/FileLoader.php(58): FileLoader->load('/ichukdata1/htm...', 'goodsmanager.pr...', '/goodsmanager/p...', 'ProductList', false)
#5 /ichukdata1/html/project/labring/index_admin.php(36): FileLoader->loadfile()
#6 {main}
[2017-02-20 14:16:00][error] errCode:42S22
errMsg:SQLSTATE[42S22]: Column not found: 1054 Unknown column '通用试剂' in 'where clause'
trace:
#0 /ichukdata1/html/project/labring/core/util/DBAgent.php(79): PDOStatement->execute(Array)
#1 /ichukdata1/html/project/labring/core/service/ProductServ.php(1294): DBAgent->querySingleRecord('select * from #...', Array)
#2 /ichukdata1/html/project/labring/core/module/manager/goodsmanager/ProductList.php(19): ProductServ->getPageProductLists(1, '????????????', 0, 20)
#3 /ichukdata1/html/project/labring/core/FileLoader.php(116): ProductList->action()
#4 /ichukdata1/html/project/labring/core/FileLoader.php(58): FileLoader->load('/ichukdata1/htm...', 'goodsmanager.pr...', '/goodsmanager/p...', 'ProductList', false)
#5 /ichukdata1/html/project/labring/index_admin.php(36): FileLoader->loadfile()
#6 {main}
[2017-02-20 14:16:52][error] errCode:42000
errMsg:SQLSTATE[42000]: Syntax error or access violation: 1064 You have an error in your SQL syntax; check the manual that corresponds to your MySQL server version for the right syntax to use near '' at line 1
trace:
#0 /ichukdata1/html/project/labring/core/util/DBAgent.php(79): PDOStatement->execute(Array)
#1 /ichukdata1/html/project/labring/core/service/ProductServ.php(1249): DBAgent->querySingleRecord('select * from #...', Array)
#2 /ichukdata1/html/project/labring/core/module/manager/goodsmanager/ProductList.php(16): ProductServ->getProductLists(1, '')
#3 /ichukdata1/html/project/labring/core/FileLoader.php(116): ProductList->action()
#4 /ichukdata1/html/project/labring/core/FileLoader.php(58): FileLoader->load('/ichukdata1/htm...', 'goodsmanager.pr...', '/goodsmanager/p...', 'ProductList', false)
#5 /ichukdata1/html/project/labring/index_admin.php(36): FileLoader->loadfile()
#6 {main}
[2017-02-20 14:16:52][error] errCode:42000
errMsg:SQLSTATE[42000]: Syntax error or access violation: 1064 You have an error in your SQL syntax; check the manual that corresponds to your MySQL server version for the right syntax to use near '' at line 1
trace:
#0 /ichukdata1/html/project/labring/core/util/DBAgent.php(79): PDOStatement->execute(Array)
#1 /ichukdata1/html/project/labring/core/service/ProductServ.php(1294): DBAgent->querySingleRecord('select * from #...', Array)
#2 /ichukdata1/html/project/labring/core/module/manager/goodsmanager/ProductList.php(19): ProductServ->getPageProductLists(1, '', 0, 20)
#3 /ichukdata1/html/project/labring/core/FileLoader.php(116): ProductList->action()
#4 /ichukdata1/html/project/labring/core/FileLoader.php(58): FileLoader->load('/ichukdata1/htm...', 'goodsmanager.pr...', '/goodsmanager/p...', 'ProductList', false)
#5 /ichukdata1/html/project/labring/index_admin.php(36): FileLoader->loadfile()
#6 {main}
[2017-02-20 14:28:04][error] errCode:42S22
errMsg:SQLSTATE[42S22]: Column not found: 1054 Unknown column '发生' in 'where clause'
trace:
#0 /ichukdata1/html/project/labring/core/util/DBAgent.php(79): PDOStatement->execute(Array)
#1 /ichukdata1/html/project/labring/core/service/ProductServ.php(1257): DBAgent->querySingleRecord('select * from #...', Array)
#2 /ichukdata1/html/project/labring/core/module/manager/goodsmanager/ProductList.php(16): ProductServ->getProductLists(1, '??????')
#3 /ichukdata1/html/project/labring/core/FileLoader.php(116): ProductList->action()
#4 /ichukdata1/html/project/labring/core/FileLoader.php(58): FileLoader->load('/ichukdata1/htm...', 'goodsmanager.pr...', '/goodsmanager/p...', 'ProductList', false)
#5 /ichukdata1/html/project/labring/index_admin.php(36): FileLoader->loadfile()
#6 {main}
[2017-02-20 14:28:04][error] errCode:42S22
errMsg:SQLSTATE[42S22]: Column not found: 1054 Unknown column '发生' in 'where clause'
trace:
#0 /ichukdata1/html/project/labring/core/util/DBAgent.php(79): PDOStatement->execute(Array)
#1 /ichukdata1/html/project/labring/core/service/ProductServ.php(1303): DBAgent->querySingleRecord('select * from #...', Array)
#2 /ichukdata1/html/project/labring/core/module/manager/goodsmanager/ProductList.php(19): ProductServ->getPageProductLists(1, '??????', 0, 20)
#3 /ichukdata1/html/project/labring/core/FileLoader.php(116): ProductList->action()
#4 /ichukdata1/html/project/labring/core/FileLoader.php(58): FileLoader->load('/ichukdata1/htm...', 'goodsmanager.pr...', '/goodsmanager/p...', 'ProductList', false)
#5 /ichukdata1/html/project/labring/index_admin.php(36): FileLoader->loadfile()
#6 {main}
[2017-02-20 14:28:18][error] errCode:42S22
errMsg:SQLSTATE[42S22]: Column not found: 1054 Unknown column '高端试剂' in 'where clause'
trace:
#0 /ichukdata1/html/project/labring/core/util/DBAgent.php(79): PDOStatement->execute(Array)
#1 /ichukdata1/html/project/labring/core/service/ProductServ.php(1257): DBAgent->querySingleRecord('select * from #...', Array)
#2 /ichukdata1/html/project/labring/core/module/manager/goodsmanager/ProductList.php(16): ProductServ->getProductLists(1, '????????????')
#3 /ichukdata1/html/project/labring/core/FileLoader.php(116): ProductList->action()
#4 /ichukdata1/html/project/labring/core/FileLoader.php(58): FileLoader->load('/ichukdata1/htm...', 'goodsmanager.pr...', '/goodsmanager/p...', 'ProductList', false)
#5 /ichukdata1/html/project/labring/index_admin.php(36): FileLoader->loadfile()
#6 {main}
[2017-02-20 14:28:18][error] errCode:42S22
errMsg:SQLSTATE[42S22]: Column not found: 1054 Unknown column '高端试剂' in 'where clause'
trace:
#0 /ichukdata1/html/project/labring/core/util/DBAgent.php(79): PDOStatement->execute(Array)
#1 /ichukdata1/html/project/labring/core/service/ProductServ.php(1303): DBAgent->querySingleRecord('select * from #...', Array)
#2 /ichukdata1/html/project/labring/core/module/manager/goodsmanager/ProductList.php(19): ProductServ->getPageProductLists(1, '????????????', 0, 20)
#3 /ichukdata1/html/project/labring/core/FileLoader.php(116): ProductList->action()
#4 /ichukdata1/html/project/labring/core/FileLoader.php(58): FileLoader->load('/ichukdata1/htm...', 'goodsmanager.pr...', '/goodsmanager/p...', 'ProductList', false)
#5 /ichukdata1/html/project/labring/index_admin.php(36): FileLoader->loadfile()
#6 {main}
[2017-02-20 14:28:44][error] errCode:42S22
errMsg:SQLSTATE[42S22]: Column not found: 1054 Unknown column '高端试剂' in 'where clause'
trace:
#0 /ichukdata1/html/project/labring/core/util/DBAgent.php(79): PDOStatement->execute(Array)
#1 /ichukdata1/html/project/labring/core/service/ProductServ.php(1257): DBAgent->querySingleRecord('select * from #...', Array)
#2 /ichukdata1/html/project/labring/core/module/manager/goodsmanager/ProductList.php(16): ProductServ->getProductLists(1, '????????????')
#3 /ichukdata1/html/project/labring/core/FileLoader.php(116): ProductList->action()
#4 /ichukdata1/html/project/labring/core/FileLoader.php(58): FileLoader->load('/ichukdata1/htm...', 'goodsmanager.pr...', '/goodsmanager/p...', 'ProductList', false)
#5 /ichukdata1/html/project/labring/index_admin.php(36): FileLoader->loadfile()
#6 {main}
[2017-02-20 14:28:44][error] errCode:42S22
errMsg:SQLSTATE[42S22]: Column not found: 1054 Unknown column '高端试剂' in 'where clause'
trace:
#0 /ichukdata1/html/project/labring/core/util/DBAgent.php(79): PDOStatement->execute(Array)
#1 /ichukdata1/html/project/labring/core/service/ProductServ.php(1303): DBAgent->querySingleRecord('select * from #...', Array)
#2 /ichukdata1/html/project/labring/core/module/manager/goodsmanager/ProductList.php(19): ProductServ->getPageProductLists(1, '????????????', 0, 20)
#3 /ichukdata1/html/project/labring/core/FileLoader.php(116): ProductList->action()
#4 /ichukdata1/html/project/labring/core/FileLoader.php(58): FileLoader->load('/ichukdata1/htm...', 'goodsmanager.pr...', '/goodsmanager/p...', 'ProductList', false)
#5 /ichukdata1/html/project/labring/index_admin.php(36): FileLoader->loadfile()
#6 {main}
[2017-02-20 14:33:34][error] errCode:42S22
errMsg:SQLSTATE[42S22]: Column not found: 1054 Unknown column '高端试剂' in 'where clause'
trace:
#0 /ichukdata1/html/project/labring/core/util/DBAgent.php(79): PDOStatement->execute(Array)
#1 /ichukdata1/html/project/labring/core/service/ProductServ.php(1257): DBAgent->querySingleRecord('select * from #...', Array)
#2 /ichukdata1/html/project/labring/core/module/manager/goodsmanager/ProductList.php(16): ProductServ->getProductLists(1, '????????????')
#3 /ichukdata1/html/project/labring/core/FileLoader.php(116): ProductList->action()
#4 /ichukdata1/html/project/labring/core/FileLoader.php(58): FileLoader->load('/ichukdata1/htm...', 'goodsmanager.pr...', '/goodsmanager/p...', 'ProductList', false)
#5 /ichukdata1/html/project/labring/index_admin.php(36): FileLoader->loadfile()
#6 {main}
[2017-02-20 14:33:34][error] errCode:42S22
errMsg:SQLSTATE[42S22]: Column not found: 1054 Unknown column '高端试剂' in 'where clause'
trace:
#0 /ichukdata1/html/project/labring/core/util/DBAgent.php(79): PDOStatement->execute(Array)
#1 /ichukdata1/html/project/labring/core/service/ProductServ.php(1303): DBAgent->querySingleRecord('select * from #...', Array)
#2 /ichukdata1/html/project/labring/core/module/manager/goodsmanager/ProductList.php(19): ProductServ->getPageProductLists(1, '????????????', 0, 20)
#3 /ichukdata1/html/project/labring/core/FileLoader.php(116): ProductList->action()
#4 /ichukdata1/html/project/labring/core/FileLoader.php(58): FileLoader->load('/ichukdata1/htm...', 'goodsmanager.pr...', '/goodsmanager/p...', 'ProductList', false)
#5 /ichukdata1/html/project/labring/index_admin.php(36): FileLoader->loadfile()
#6 {main}
[2017-02-20 14:33:38][error] errCode:42S22
errMsg:SQLSTATE[42S22]: Column not found: 1054 Unknown column '高端试剂' in 'where clause'
trace:
#0 /ichukdata1/html/project/labring/core/util/DBAgent.php(79): PDOStatement->execute(Array)
#1 /ichukdata1/html/project/labring/core/service/ProductServ.php(1257): DBAgent->querySingleRecord('select * from #...', Array)
#2 /ichukdata1/html/project/labring/core/module/manager/goodsmanager/ProductList.php(16): ProductServ->getProductLists(1, '????????????')
#3 /ichukdata1/html/project/labring/core/FileLoader.php(116): ProductList->action()
#4 /ichukdata1/html/project/labring/core/FileLoader.php(58): FileLoader->load('/ichukdata1/htm...', 'goodsmanager.pr...', '/goodsmanager/p...', 'ProductList', false)
#5 /ichukdata1/html/project/labring/index_admin.php(36): FileLoader->loadfile()
#6 {main}
[2017-02-20 14:33:38][error] errCode:42S22
errMsg:SQLSTATE[42S22]: Column not found: 1054 Unknown column '高端试剂' in 'where clause'
trace:
#0 /ichukdata1/html/project/labring/core/util/DBAgent.php(79): PDOStatement->execute(Array)
#1 /ichukdata1/html/project/labring/core/service/ProductServ.php(1303): DBAgent->querySingleRecord('select * from #...', Array)
#2 /ichukdata1/html/project/labring/core/module/manager/goodsmanager/ProductList.php(19): ProductServ->getPageProductLists(1, '????????????', 0, 20)
#3 /ichukdata1/html/project/labring/core/FileLoader.php(116): ProductList->action()
#4 /ichukdata1/html/project/labring/core/FileLoader.php(58): FileLoader->load('/ichukdata1/htm...', 'goodsmanager.pr...', '/goodsmanager/p...', 'ProductList', false)
#5 /ichukdata1/html/project/labring/index_admin.php(36): FileLoader->loadfile()
#6 {main}
[2017-02-20 14:34:07][error] errCode:42S22
errMsg:SQLSTATE[42S22]: Column not found: 1054 Unknown column '高端试剂' in 'where clause'
trace:
#0 /ichukdata1/html/project/labring/core/util/DBAgent.php(79): PDOStatement->execute(Array)
#1 /ichukdata1/html/project/labring/core/service/ProductServ.php(1257): DBAgent->querySingleRecord('select * from #...', Array)
#2 /ichukdata1/html/project/labring/core/module/manager/goodsmanager/ProductList.php(16): ProductServ->getProductLists(1, '????????????')
#3 /ichukdata1/html/project/labring/core/FileLoader.php(116): ProductList->action()
#4 /ichukdata1/html/project/labring/core/FileLoader.php(58): FileLoader->load('/ichukdata1/htm...', 'goodsmanager.pr...', '/goodsmanager/p...', 'ProductList', false)
#5 /ichukdata1/html/project/labring/index_admin.php(36): FileLoader->loadfile()
#6 {main}
[2017-02-20 14:34:07][error] errCode:42S22
errMsg:SQLSTATE[42S22]: Column not found: 1054 Unknown column '高端试剂' in 'where clause'
trace:
#0 /ichukdata1/html/project/labring/core/util/DBAgent.php(79): PDOStatement->execute(Array)
#1 /ichukdata1/html/project/labring/core/service/ProductServ.php(1303): DBAgent->querySingleRecord('select * from #...', Array)
#2 /ichukdata1/html/project/labring/core/module/manager/goodsmanager/ProductList.php(19): ProductServ->getPageProductLists(1, '????????????', 0, 20)
#3 /ichukdata1/html/project/labring/core/FileLoader.php(116): ProductList->action()
#4 /ichukdata1/html/project/labring/core/FileLoader.php(58): FileLoader->load('/ichukdata1/htm...', 'goodsmanager.pr...', '/goodsmanager/p...', 'ProductList', false)
#5 /ichukdata1/html/project/labring/index_admin.php(36): FileLoader->loadfile()
#6 {main}
[2017-02-20 14:34:48][error] errCode:42S22
errMsg:SQLSTATE[42S22]: Column not found: 1054 Unknown column '高端试剂' in 'where clause'
trace:
#0 /ichukdata1/html/project/labring/core/util/DBAgent.php(79): PDOStatement->execute(Array)
#1 /ichukdata1/html/project/labring/core/service/ProductServ.php(1257): DBAgent->querySingleRecord('select * from #...', Array)
#2 /ichukdata1/html/project/labring/core/module/manager/goodsmanager/ProductList.php(16): ProductServ->getProductLists(1, '????????????')
#3 /ichukdata1/html/project/labring/core/FileLoader.php(116): ProductList->action()
#4 /ichukdata1/html/project/labring/core/FileLoader.php(58): FileLoader->load('/ichukdata1/htm...', 'goodsmanager.pr...', '/goodsmanager/p...', 'ProductList', false)
#5 /ichukdata1/html/project/labring/index_admin.php(36): FileLoader->loadfile()
#6 {main}
[2017-02-20 14:35:28][error] errCode:42S22
errMsg:SQLSTATE[42S22]: Column not found: 1054 Unknown column '高端试剂' in 'where clause'
trace:
#0 /ichukdata1/html/project/labring/core/util/DBAgent.php(79): PDOStatement->execute(Array)
#1 /ichukdata1/html/project/labring/core/service/ProductServ.php(1257): DBAgent->querySingleRecord('select * from #...', Array)
#2 /ichukdata1/html/project/labring/core/module/manager/goodsmanager/ProductList.php(16): ProductServ->getProductLists(1, '????????????')
#3 /ichukdata1/html/project/labring/core/FileLoader.php(116): ProductList->action()
#4 /ichukdata1/html/project/labring/core/FileLoader.php(58): FileLoader->load('/ichukdata1/htm...', 'goodsmanager.pr...', '/goodsmanager/p...', 'ProductList', false)
#5 /ichukdata1/html/project/labring/index_admin.php(36): FileLoader->loadfile()
#6 {main}
[2017-02-20 14:36:07][error] errCode:42S22
errMsg:SQLSTATE[42S22]: Column not found: 1054 Unknown column '高端试剂' in 'where clause'
trace:
#0 /ichukdata1/html/project/labring/core/util/DBAgent.php(79): PDOStatement->execute(Array)
#1 /ichukdata1/html/project/labring/core/service/ProductServ.php(1257): DBAgent->querySingleRecord('select * from #...', Array)
#2 /ichukdata1/html/project/labring/core/module/manager/goodsmanager/ProductList.php(16): ProductServ->getProductLists(1, '????????????')
#3 /ichukdata1/html/project/labring/core/FileLoader.php(116): ProductList->action()
#4 /ichukdata1/html/project/labring/core/FileLoader.php(58): FileLoader->load('/ichukdata1/htm...', 'goodsmanager.pr...', '/goodsmanager/p...', 'ProductList', false)
#5 /ichukdata1/html/project/labring/index_admin.php(36): FileLoader->loadfile()
#6 {main}
[2017-02-20 14:37:55][error] errCode:42S22
errMsg:SQLSTATE[42S22]: Column not found: 1054 Unknown column '高端试剂' in 'where clause'
trace:
#0 /ichukdata1/html/project/labring/core/util/DBAgent.php(79): PDOStatement->execute(Array)
#1 /ichukdata1/html/project/labring/core/service/ProductServ.php(1257): DBAgent->querySingleRecord('select * from #...', Array)
#2 /ichukdata1/html/project/labring/core/module/manager/goodsmanager/ProductList.php(16): ProductServ->getProductLists(1, '????????????')
#3 /ichukdata1/html/project/labring/core/FileLoader.php(116): ProductList->action()
#4 /ichukdata1/html/project/labring/core/FileLoader.php(58): FileLoader->load('/ichukdata1/htm...', 'goodsmanager.pr...', '/goodsmanager/p...', 'ProductList', false)
#5 /ichukdata1/html/project/labring/index_admin.php(36): FileLoader->loadfile()
#6 {main}
[2017-02-20 14:39:24][error] errCode:HY000
errMsg:SQLSTATE[HY000]: General error: 1366 Incorrect string value: '\xA1\xA7' for column 'from_url' at row 1
trace:
#0 /ichukdata1/html/project/labring/core/util/DBAgent.php(102): PDOStatement->execute(Array)
#1 /ichukdata1/html/project/labring/core/util/AccessCommon.php(16): DBAgent->query('insert into #__...', Array)
#2 /ichukdata1/html/project/labring/core/FileLoader.php(115): AccessCommon::addAccessLog('/login.html')
#3 /ichukdata1/html/project/labring/core/FileLoader.php(43): FileLoader->load('/ichukdata1/htm...', 'login.html', '/login.html', 'Login')
#4 /ichukdata1/html/project/labring/index_admin.php(36): FileLoader->loadfile()
#5 {main}
[2017-02-20 14:42:21][error] errCode:42S22
errMsg:SQLSTATE[42S22]: Column not found: 1054 Unknown column 'product.time' in 'order clause'
trace:
#0 /ichukdata1/html/project/labring/core/util/DBAgent.php(56): PDOStatement->execute(Array)
#1 /ichukdata1/html/project/labring/core/service/ProductServ.php(1333): DBAgent->queryRecords('select * from #...', Array)
#2 /ichukdata1/html/project/labring/core/module/manager/goodsmanager/ProductList.php(19): ProductServ->getPageProductLists(1, '???????????????...', 0, 20)
#3 /ichukdata1/html/project/labring/core/FileLoader.php(116): ProductList->action()
#4 /ichukdata1/html/project/labring/core/FileLoader.php(58): FileLoader->load('/ichukdata1/htm...', 'goodsmanager.pr...', '/goodsmanager/p...', 'ProductList', false)
#5 /ichukdata1/html/project/labring/index_admin.php(36): FileLoader->loadfile()
#6 {main}
[2017-02-20 14:43:40][error] errCode:42S22
errMsg:SQLSTATE[42S22]: Column not found: 1054 Unknown column 'product.time' in 'order clause'
trace:
#0 /ichukdata1/html/project/labring/core/util/DBAgent.php(56): PDOStatement->execute(Array)
#1 /ichukdata1/html/project/labring/core/service/ProductServ.php(1333): DBAgent->queryRecords('select * from #...', Array)
#2 /ichukdata1/html/project/labring/core/module/manager/goodsmanager/ProductList.php(19): ProductServ->getPageProductLists(1, '????????????', 0, 20)
#3 /ichukdata1/html/project/labring/core/FileLoader.php(116): ProductList->action()
#4 /ichukdata1/html/project/labring/core/FileLoader.php(58): FileLoader->load('/ichukdata1/htm...', 'goodsmanager.pr...', '/goodsmanager/p...', 'ProductList', false)
#5 /ichukdata1/html/project/labring/index_admin.php(36): FileLoader->loadfile()
#6 {main}
[2017-02-20 14:43:49][error] errCode:42S22
errMsg:SQLSTATE[42S22]: Column not found: 1054 Unknown column 'product.time' in 'order clause'
trace:
#0 /ichukdata1/html/project/labring/core/util/DBAgent.php(56): PDOStatement->execute(Array)
#1 /ichukdata1/html/project/labring/core/service/ProductServ.php(1333): DBAgent->queryRecords('select * from #...', Array)
#2 /ichukdata1/html/project/labring/core/module/manager/goodsmanager/ProductList.php(19): ProductServ->getPageProductLists(1, '????????????', 0, 20)
#3 /ichukdata1/html/project/labring/core/FileLoader.php(116): ProductList->action()
#4 /ichukdata1/html/project/labring/core/FileLoader.php(58): FileLoader->load('/ichukdata1/htm...', 'goodsmanager.pr...', '/goodsmanager/p...', 'ProductList', false)
#5 /ichukdata1/html/project/labring/index_admin.php(36): FileLoader->loadfile()
#6 {main}
[2017-02-20 14:43:50][error] errCode:HY000
errMsg:SQLSTATE[HY000]: General error: 1366 Incorrect string value: '\xA1\xEC?\xA6\xCC?...' for column 'from_url' at row 1
trace:
#0 /ichukdata1/html/project/labring/core/util/DBAgent.php(102): PDOStatement->execute(Array)
#1 /ichukdata1/html/project/labring/core/util/AccessCommon.php(16): DBAgent->query('insert into #__...', Array)
#2 /ichukdata1/html/project/labring/core/FileLoader.php(115): AccessCommon::addAccessLog('/login.html')
#3 /ichukdata1/html/project/labring/core/FileLoader.php(43): FileLoader->load('/ichukdata1/htm...', 'login.html', '/login.html', 'Login')
#4 /ichukdata1/html/project/labring/index_admin.php(36): FileLoader->loadfile()
#5 {main}
[2017-02-20 14:53:07][error] errCode:42000
errMsg:SQLSTATE[42000]: Syntax error or access violation: 1064 You have an error in your SQL syntax; check the manual that corresponds to your MySQL server version for the right syntax to use near 'status=1' at line 1
trace:
#0 /ichukdata1/html/project/labring/core/util/DBAgent.php(102): PDOStatement->execute(Array)
#1 /ichukdata1/html/project/labring/core/service/ProductServ.php(48): DBAgent->query('update #__produ...', Array)
#2 /ichukdata1/html/project/labring/core/module/pc/goods/Detail.php(13): ProductServ->updateSee('6a4cbdaedcbda0f...')
#3 /ichukdata1/html/project/labring/core/FileLoader.php(116): Detail->action()
#4 /ichukdata1/html/project/labring/core/FileLoader.php(58): FileLoader->load('/ichukdata1/htm...', 'goods.detail.ht...', '/goods/detail.h...', 'Detail', false)
#5 /ichukdata1/html/project/labring/index.php(36): FileLoader->loadfile()
#6 {main}
[2017-02-20 14:53:13][error] errCode:42000
errMsg:SQLSTATE[42000]: Syntax error or access violation: 1064 You have an error in your SQL syntax; check the manual that corresponds to your MySQL server version for the right syntax to use near 'status=1' at line 1
trace:
#0 /ichukdata1/html/project/labring/core/util/DBAgent.php(102): PDOStatement->execute(Array)
#1 /ichukdata1/html/project/labring/core/service/ProductServ.php(48): DBAgent->query('update #__produ...', Array)
#2 /ichukdata1/html/project/labring/core/module/pc/goods/Detail.php(13): ProductServ->updateSee('7f5d04d189dfb63...')
#3 /ichukdata1/html/project/labring/core/FileLoader.php(116): Detail->action()
#4 /ichukdata1/html/project/labring/core/FileLoader.php(58): FileLoader->load('/ichukdata1/htm...', 'goods.detail.ht...', '/goods/detail.h...', 'Detail', false)
#5 /ichukdata1/html/project/labring/index.php(36): FileLoader->loadfile()
#6 {main}
[2017-02-20 14:53:15][error] errCode:42S22
errMsg:SQLSTATE[42S22]: Column not found: 1054 Unknown column '7f5d04d189dfb634e6a85bb9d9adf21e' in 'where clause'
trace:
#0 /ichukdata1/html/project/labring/core/util/DBAgent.php(56): PDOStatement->execute(Array)
#1 /ichukdata1/html/project/labring/core/module/pc/_api/service/GetProductBroServ.php(11): DBAgent->queryRecords('select property...', Array)
#2 /ichukdata1/html/project/labring/core/FileLoader.php(116): GetProductBroServ->action()
#3 /ichukdata1/html/project/labring/core/FileLoader.php(58): FileLoader->load('/ichukdata1/htm...', 'service.GetProd...', '/service/GetPro...', 'GetProductBroSe...', true)
#4 /ichukdata1/html/project/labring/index.php(36): FileLoader->loadfile()
#5 {main}
[2017-02-20 14:53:17][error] errCode:42000
errMsg:SQLSTATE[42000]: Syntax error or access violation: 1064 You have an error in your SQL syntax; check the manual that corresponds to your MySQL server version for the right syntax to use near 'status=1' at line 1
trace:
#0 /ichukdata1/html/project/labring/core/util/DBAgent.php(102): PDOStatement->execute(Array)
#1 /ichukdata1/html/project/labring/core/service/ProductServ.php(48): DBAgent->query('update #__produ...', Array)
#2 /ichukdata1/html/project/labring/core/module/pc/goods/Detail.php(13): ProductServ->updateSee('6a4cbdaedcbda0f...')
#3 /ichukdata1/html/project/labring/core/FileLoader.php(116): Detail->action()
#4 /ichukdata1/html/project/labring/core/FileLoader.php(58): FileLoader->load('/ichukdata1/htm...', 'goods.detail.ht...', '/goods/detail.h...', 'Detail', false)
#5 /ichukdata1/html/project/labring/index.php(36): FileLoader->loadfile()
#6 {main}
[2017-02-20 14:54:45][error] errCode:42000
errMsg:SQLSTATE[42000]: Syntax error or access violation: 1064 You have an error in your SQL syntax; check the manual that corresponds to your MySQL server version for the right syntax to use near 'status=1' at line 1
trace:
#0 /ichukdata1/html/project/labring/core/util/DBAgent.php(102): PDOStatement->execute(Array)
#1 /ichukdata1/html/project/labring/core/service/ProductServ.php(48): DBAgent->query('update #__produ...', Array)
#2 /ichukdata1/html/project/labring/core/module/pc/goods/Detail.php(13): ProductServ->updateSee('7f5d04d189dfb63...')
#3 /ichukdata1/html/project/labring/core/FileLoader.php(116): Detail->action()
#4 /ichukdata1/html/project/labring/core/FileLoader.php(58): FileLoader->load('/ichukdata1/htm...', 'goods.detail.ht...', '/goods/detail.h...', 'Detail', false)
#5 /ichukdata1/html/project/labring/index.php(36): FileLoader->loadfile()
#6 {main}
[2017-02-20 14:54:46][error] errCode:42S22
errMsg:SQLSTATE[42S22]: Column not found: 1054 Unknown column '7f5d04d189dfb634e6a85bb9d9adf21e' in 'where clause'
trace:
#0 /ichukdata1/html/project/labring/core/util/DBAgent.php(56): PDOStatement->execute(Array)
#1 /ichukdata1/html/project/labring/core/module/pc/_api/service/GetProductBroServ.php(11): DBAgent->queryRecords('select property...', Array)
#2 /ichukdata1/html/project/labring/core/FileLoader.php(116): GetProductBroServ->action()
#3 /ichukdata1/html/project/labring/core/FileLoader.php(58): FileLoader->load('/ichukdata1/htm...', 'service.GetProd...', '/service/GetPro...', 'GetProductBroSe...', true)
#4 /ichukdata1/html/project/labring/index.php(36): FileLoader->loadfile()
#5 {main}
[2017-02-20 15:23:44][error] errCode:HY000
errMsg:SQLSTATE[HY000]: General error: 1366 Incorrect string value: '\xA8\xA6????...' for column 'from_url' at row 1
trace:
#0 /ichukdata1/html/project/labring/core/util/DBAgent.php(102): PDOStatement->execute(Array)
#1 /ichukdata1/html/project/labring/core/util/AccessCommon.php(16): DBAgent->query('insert into #__...', Array)
#2 /ichukdata1/html/project/labring/core/FileLoader.php(115): AccessCommon::addAccessLog('/login.html')
#3 /ichukdata1/html/project/labring/core/FileLoader.php(43): FileLoader->load('/ichukdata1/htm...', 'login.html', '/login.html', 'Login')
#4 /ichukdata1/html/project/labring/index_admin.php(36): FileLoader->loadfile()
#5 {main}
[2017-02-20 15:23:44][error] errCode:HY000
errMsg:SQLSTATE[HY000]: General error: 1366 Incorrect string value: '\xA8\xA6????...' for column 'from_url' at row 1
trace:
#0 /ichukdata1/html/project/labring/core/util/DBAgent.php(102): PDOStatement->execute(Array)
#1 /ichukdata1/html/project/labring/core/util/AccessCommon.php(16): DBAgent->query('insert into #__...', Array)
#2 /ichukdata1/html/project/labring/core/FileLoader.php(115): AccessCommon::addAccessLog('/login.html')
#3 /ichukdata1/html/project/labring/core/FileLoader.php(43): FileLoader->load('/ichukdata1/htm...', 'login.html', '/login.html', 'Login')
#4 /ichukdata1/html/project/labring/index_admin.php(36): FileLoader->loadfile()
#5 {main}
[2017-02-20 15:23:44][error] errCode:HY000
errMsg:SQLSTATE[HY000]: General error: 1366 Incorrect string value: '\xA8\xA6????...' for column 'from_url' at row 1
trace:
#0 /ichukdata1/html/project/labring/core/util/DBAgent.php(102): PDOStatement->execute(Array)
#1 /ichukdata1/html/project/labring/core/util/AccessCommon.php(16): DBAgent->query('insert into #__...', Array)
#2 /ichukdata1/html/project/labring/core/FileLoader.php(115): AccessCommon::addAccessLog('/login.html')
#3 /ichukdata1/html/project/labring/core/FileLoader.php(43): FileLoader->load('/ichukdata1/htm...', 'login.html', '/login.html', 'Login')
#4 /ichukdata1/html/project/labring/index_admin.php(36): FileLoader->loadfile()
#5 {main}
[2017-02-20 15:24:19][error] errCode:42000
errMsg:SQLSTATE[42000]: Syntax error or access violation: 1064 You have an error in your SQL syntax; check the manual that corresponds to your MySQL server version for the right syntax to use near 'where pid = '3399' and status = '1' and 1 = 1' at line 1
trace:
#0 /ichukdata1/html/project/labring/core/util/DBAgent.php(102): PDOStatement->execute(Array)
#1 /ichukdata1/html/project/labring/core/util/DBAgent.php(245): DBAgent->query('update labring_...', Array)
#2 /ichukdata1/html/project/labring/core/service/ProductServ.php(1559): DBAgent->updateRecords('product', 'status', 0, Array, Array)
#3 /ichukdata1/html/project/labring/core/module/manager/_api/service/DeleteProductServ.php(11): ProductServ->deleteProductById('3399')
#4 /ichukdata1/html/project/labring/core/FileLoader.php(116): DeleteProductServ->action()
#5 /ichukdata1/html/project/labring/core/FileLoader.php(58): FileLoader->load('/ichukdata1/htm...', 'service.DeleteP...', '/service/Delete...', 'DeleteProductSe...', true)
#6 /ichukdata1/html/project/labring/index_admin.php(36): FileLoader->loadfile()
#7 {main}
[2017-02-20 15:32:27][error] errCode:42000
errMsg:SQLSTATE[42000]: Syntax error or access violation: 1064 You have an error in your SQL syntax; check the manual that corresponds to your MySQL server version for the right syntax to use near 'where pid = '3399' and status = '1' and 1 = 1' at line 1
trace:
#0 /ichukdata1/html/project/labring/core/util/DBAgent.php(102): PDOStatement->execute(Array)
#1 /ichukdata1/html/project/labring/core/util/DBAgent.php(245): DBAgent->query('update labring_...', Array)
#2 /ichukdata1/html/project/labring/core/service/ProductServ.php(1559): DBAgent->updateRecords('product', 'status', 0, Array, Array)
#3 /ichukdata1/html/project/labring/core/module/manager/_api/service/DeleteProductServ.php(11): ProductServ->deleteProductById('3399')
#4 /ichukdata1/html/project/labring/core/FileLoader.php(116): DeleteProductServ->action()
#5 /ichukdata1/html/project/labring/core/FileLoader.php(58): FileLoader->load('/ichukdata1/htm...', 'service.DeleteP...', '/service/Delete...', 'DeleteProductSe...', true)
#6 /ichukdata1/html/project/labring/index_admin.php(36): FileLoader->loadfile()
#7 {main}
[2017-02-20 15:36:47][error] errCode:42000
errMsg:SQLSTATE[42000]: Syntax error or access violation: 1064 You have an error in your SQL syntax; check the manual that corresponds to your MySQL server version for the right syntax to use near 'where 0db3209e1adc6d67be435a81baf9a66e = '3399' and status = '1' and 1 = 1' at line 1
trace:
#0 /ichukdata1/html/project/labring/core/util/DBAgent.php(102): PDOStatement->execute(Array)
#1 /ichukdata1/html/project/labring/core/util/DBAgent.php(245): DBAgent->query('update labring_...', Array)
#2 /ichukdata1/html/project/labring/core/service/ProductServ.php(1559): DBAgent->updateRecords('product', 'status', 0, Array, Array)
#3 /ichukdata1/html/project/labring/core/module/manager/_api/service/DeleteProductServ.php(11): ProductServ->deleteProductById('3399')
#4 /ichukdata1/html/project/labring/core/FileLoader.php(116): DeleteProductServ->action()
#5 /ichukdata1/html/project/labring/core/FileLoader.php(58): FileLoader->load('/ichukdata1/htm...', 'service.DeleteP...', '/service/Delete...', 'DeleteProductSe...', true)
#6 /ichukdata1/html/project/labring/index_admin.php(36): FileLoader->loadfile()
#7 {main}
[2017-02-20 15:55:54][error] errCode:22001
errMsg:SQLSTATE[22001]: String data, right truncated: 1406 Data too long for column 'from_url' at row 1
trace:
#0 /ichukdata1/html/project/labring/core/util/DBAgent.php(102): PDOStatement->execute(Array)
#1 /ichukdata1/html/project/labring/core/util/AccessCommon.php(16): DBAgent->query('insert into #__...', Array)
#2 /ichukdata1/html/project/labring/core/FileLoader.php(115): AccessCommon::addAccessLog('/login/login.ht...')
#3 /ichukdata1/html/project/labring/core/FileLoader.php(58): FileLoader->load('/ichukdata1/htm...', 'login.login.htm...', '/login/login.ht...', 'Login', false)
#4 /ichukdata1/html/project/labring/index_mobile.php(36): FileLoader->loadfile()
#5 {main}
[2017-02-20 16:12:40][error] errCode:22001
errMsg:SQLSTATE[22001]: String data, right truncated: 1406 Data too long for column 'from_url' at row 1
trace:
#0 /ichukdata1/html/project/labring/core/util/DBAgent.php(102): PDOStatement->execute(Array)
#1 /ichukdata1/html/project/labring/core/util/AccessCommon.php(16): DBAgent->query('insert into #__...', Array)
#2 /ichukdata1/html/project/labring/core/FileLoader.php(115): AccessCommon::addAccessLog('/member/login.h...')
#3 /ichukdata1/html/project/labring/core/FileLoader.php(58): FileLoader->load('/ichukdata1/htm...', 'member.login.ht...', '/member/login.h...', 'Login', false)
#4 /ichukdata1/html/project/labring/index.php(36): FileLoader->loadfile()
#5 {main}
[2017-02-20 16:51:07][error] errCode:42000
errMsg:SQLSTATE[42000]: Syntax error or access violation: 1064 You have an error in your SQL syntax; check the manual that corresponds to your MySQL server version for the right syntax to use near 'status=1' at line 1
trace:
#0 /ichukdata1/html/project/labring/core/util/DBAgent.php(102): PDOStatement->execute(Array)
#1 /ichukdata1/html/project/labring/core/service/ProductServ.php(48): DBAgent->query('update #__produ...', Array)
#2 /ichukdata1/html/project/labring/core/module/pc/goods/Detail.php(13): ProductServ->updateSee('57f04bb2975420e...')
#3 /ichukdata1/html/project/labring/core/FileLoader.php(116): Detail->action()
#4 /ichukdata1/html/project/labring/core/FileLoader.php(58): FileLoader->load('/ichukdata1/htm...', 'goods.detail.ht...', '/goods/detail.h...', 'Detail', false)
#5 /ichukdata1/html/project/labring/index.php(36): FileLoader->loadfile()
#6 {main}
[2017-02-20 16:51:17][error] errCode:42000
errMsg:SQLSTATE[42000]: Syntax error or access violation: 1064 You have an error in your SQL syntax; check the manual that corresponds to your MySQL server version for the right syntax to use near 'status=1' at line 1
trace:
#0 /ichukdata1/html/project/labring/core/util/DBAgent.php(102): PDOStatement->execute(Array)
#1 /ichukdata1/html/project/labring/core/service/ProductServ.php(48): DBAgent->query('update #__produ...', Array)
#2 /ichukdata1/html/project/labring/core/module/pc/goods/Detail.php(13): ProductServ->updateSee('57f04bb2975420e...')
#3 /ichukdata1/html/project/labring/core/FileLoader.php(116): Detail->action()
#4 /ichukdata1/html/project/labring/core/FileLoader.php(58): FileLoader->load('/ichukdata1/htm...', 'goods.detail.ht...', '/goods/detail.h...', 'Detail', false)
#5 /ichukdata1/html/project/labring/index.php(36): FileLoader->loadfile()
#6 {main}
[2017-02-20 16:55:48][error] errCode:HY000
errMsg:SQLSTATE[HY000]: General error: 1366 Incorrect string value: '\xA6\xCC?\xA8\xA8\xA1...' for column 'from_url' at row 1
trace:
#0 /ichukdata1/html/project/labring/core/util/DBAgent.php(102): PDOStatement->execute(Array)
#1 /ichukdata1/html/project/labring/core/util/AccessCommon.php(16): DBAgent->query('insert into #__...', Array)
#2 /ichukdata1/html/project/labring/core/FileLoader.php(115): AccessCommon::addAccessLog('/login.html')
#3 /ichukdata1/html/project/labring/core/FileLoader.php(43): FileLoader->load('/ichukdata1/htm...', 'login.html', '/login.html', 'Login')
#4 /ichukdata1/html/project/labring/index_admin.php(36): FileLoader->loadfile()
#5 {main}
[2017-02-20 17:01:03][error] errCode:42000
errMsg:SQLSTATE[42000]: Syntax error or access violation: 1064 You have an error in your SQL syntax; check the manual that corresponds to your MySQL server version for the right syntax to use near 'status=1' at line 1
trace:
#0 /ichukdata1/html/project/labring/core/util/DBAgent.php(102): PDOStatement->execute(Array)
#1 /ichukdata1/html/project/labring/core/service/ProductServ.php(48): DBAgent->query('update #__produ...', Array)
#2 /ichukdata1/html/project/labring/core/module/pc/goods/Detail.php(13): ProductServ->updateSee('6a4cbdaedcbda0f...')
#3 /ichukdata1/html/project/labring/core/FileLoader.php(116): Detail->action()
#4 /ichukdata1/html/project/labring/core/FileLoader.php(58): FileLoader->load('/ichukdata1/htm...', 'goods.detail.ht...', '/goods/detail.h...', 'Detail', false)
#5 /ichukdata1/html/project/labring/index.php(36): FileLoader->loadfile()
#6 {main}
[2017-02-20 17:01:08][error] errCode:42000
errMsg:SQLSTATE[42000]: Syntax error or access violation: 1064 You have an error in your SQL syntax; check the manual that corresponds to your MySQL server version for the right syntax to use near 'status=1' at line 1
trace:
#0 /ichukdata1/html/project/labring/core/util/DBAgent.php(102): PDOStatement->execute(Array)
#1 /ichukdata1/html/project/labring/core/service/ProductServ.php(48): DBAgent->query('update #__produ...', Array)
#2 /ichukdata1/html/project/labring/core/module/pc/goods/Detail.php(13): ProductServ->updateSee('3f998e713a6e022...')
#3 /ichukdata1/html/project/labring/core/FileLoader.php(116): Detail->action()
#4 /ichukdata1/html/project/labring/core/FileLoader.php(58): FileLoader->load('/ichukdata1/htm...', 'goods.detail.ht...', '/goods/detail.h...', 'Detail', false)
#5 /ichukdata1/html/project/labring/index.php(36): FileLoader->loadfile()
#6 {main}
[2017-02-20 17:01:09][error] errCode:HY000
errMsg:SQLSTATE[HY000]: General error: 1366 Incorrect string value: '\xA8\xA6????...' for column 'from_url' at row 1
trace:
#0 /ichukdata1/html/project/labring/core/util/DBAgent.php(102): PDOStatement->execute(Array)
#1 /ichukdata1/html/project/labring/core/util/AccessCommon.php(16): DBAgent->query('insert into #__...', Array)
#2 /ichukdata1/html/project/labring/core/FileLoader.php(115): AccessCommon::addAccessLog('/login.html')
#3 /ichukdata1/html/project/labring/core/FileLoader.php(43): FileLoader->load('/ichukdata1/htm...', 'login.html', '/login.html', 'Login')
#4 /ichukdata1/html/project/labring/index_admin.php(36): FileLoader->loadfile()
#5 {main}
[2017-02-20 17:01:13][error] errCode:42000
errMsg:SQLSTATE[42000]: Syntax error or access violation: 1064 You have an error in your SQL syntax; check the manual that corresponds to your MySQL server version for the right syntax to use near 'status=1' at line 1
trace:
#0 /ichukdata1/html/project/labring/core/util/DBAgent.php(102): PDOStatement->execute(Array)
#1 /ichukdata1/html/project/labring/core/service/ProductServ.php(48): DBAgent->query('update #__produ...', Array)
#2 /ichukdata1/html/project/labring/core/module/pc/goods/Detail.php(13): ProductServ->updateSee('921c2dc40d0b979...')
#3 /ichukdata1/html/project/labring/core/FileLoader.php(116): Detail->action()
#4 /ichukdata1/html/project/labring/core/FileLoader.php(58): FileLoader->load('/ichukdata1/htm...', 'goods.detail.ht...', '/goods/detail.h...', 'Detail', false)
#5 /ichukdata1/html/project/labring/index.php(36): FileLoader->loadfile()
#6 {main}
[2017-02-20 17:01:18][error] errCode:42000
errMsg:SQLSTATE[42000]: Syntax error or access violation: 1064 You have an error in your SQL syntax; check the manual that corresponds to your MySQL server version for the right syntax to use near 'status=1' at line 1
trace:
#0 /ichukdata1/html/project/labring/core/util/DBAgent.php(102): PDOStatement->execute(Array)
#1 /ichukdata1/html/project/labring/core/service/ProductServ.php(48): DBAgent->query('update #__produ...', Array)
#2 /ichukdata1/html/project/labring/core/module/pc/goods/Detail.php(13): ProductServ->updateSee('3f998e713a6e022...')
#3 /ichukdata1/html/project/labring/core/FileLoader.php(116): Detail->action()
#4 /ichukdata1/html/project/labring/core/FileLoader.php(58): FileLoader->load('/ichukdata1/htm...', 'goods.detail.ht...', '/goods/detail.h...', 'Detail', false)
#5 /ichukdata1/html/project/labring/index.php(36): FileLoader->loadfile()
#6 {main}
[2017-02-20 17:01:23][error] errCode:42000
errMsg:SQLSTATE[42000]: Syntax error or access violation: 1064 You have an error in your SQL syntax; check the manual that corresponds to your MySQL server version for the right syntax to use near 'status=1' at line 1
trace:
#0 /ichukdata1/html/project/labring/core/util/DBAgent.php(102): PDOStatement->execute(Array)
#1 /ichukdata1/html/project/labring/core/service/ProductServ.php(48): DBAgent->query('update #__produ...', Array)
#2 /ichukdata1/html/project/labring/core/module/pc/goods/Detail.php(13): ProductServ->updateSee('921c2dc40d0b979...')
#3 /ichukdata1/html/project/labring/core/FileLoader.php(116): Detail->action()
#4 /ichukdata1/html/project/labring/core/FileLoader.php(58): FileLoader->load('/ichukdata1/htm...', 'goods.detail.ht...', '/goods/detail.h...', 'Detail', false)
#5 /ichukdata1/html/project/labring/index.php(36): FileLoader->loadfile()
#6 {main}
[2017-02-20 17:01:31][error] errCode:42000
errMsg:SQLSTATE[42000]: Syntax error or access violation: 1064 You have an error in your SQL syntax; check the manual that corresponds to your MySQL server version for the right syntax to use near 'status=1' at line 1
trace:
#0 /ichukdata1/html/project/labring/core/util/DBAgent.php(102): PDOStatement->execute(Array)
#1 /ichukdata1/html/project/labring/core/service/ProductServ.php(48): DBAgent->query('update #__produ...', Array)
#2 /ichukdata1/html/project/labring/core/module/pc/goods/Detail.php(13): ProductServ->updateSee('2e2c080d5490760...')
#3 /ichukdata1/html/project/labring/core/FileLoader.php(116): Detail->action()
#4 /ichukdata1/html/project/labring/core/FileLoader.php(58): FileLoader->load('/ichukdata1/htm...', 'goods.detail.ht...', '/goods/detail.h...', 'Detail', false)
#5 /ichukdata1/html/project/labring/index.php(36): FileLoader->loadfile()
#6 {main}
[2017-02-20 17:01:40][error] errCode:42000
errMsg:SQLSTATE[42000]: Syntax error or access violation: 1064 You have an error in your SQL syntax; check the manual that corresponds to your MySQL server version for the right syntax to use near 'status=1' at line 1
trace:
#0 /ichukdata1/html/project/labring/core/util/DBAgent.php(102): PDOStatement->execute(Array)
#1 /ichukdata1/html/project/labring/core/service/ProductServ.php(48): DBAgent->query('update #__produ...', Array)
#2 /ichukdata1/html/project/labring/core/module/pc/goods/Detail.php(13): ProductServ->updateSee('7a4bf9ba2bd7740...')
#3 /ichukdata1/html/project/labring/core/FileLoader.php(116): Detail->action()
#4 /ichukdata1/html/project/labring/core/FileLoader.php(58): FileLoader->load('/ichukdata1/htm...', 'goods.detail.ht...', '/goods/detail.h...', 'Detail', false)
#5 /ichukdata1/html/project/labring/index.php(36): FileLoader->loadfile()
#6 {main}
[2017-02-20 17:01:41][error] errCode:42000
errMsg:SQLSTATE[42000]: Syntax error or access violation: 1064 You have an error in your SQL syntax; check the manual that corresponds to your MySQL server version for the right syntax to use near 'status=1' at line 1
trace:
#0 /ichukdata1/html/project/labring/core/util/DBAgent.php(102): PDOStatement->execute(Array)
#1 /ichukdata1/html/project/labring/core/service/ProductServ.php(48): DBAgent->query('update #__produ...', Array)
#2 /ichukdata1/html/project/labring/core/module/pc/goods/Detail.php(13): ProductServ->updateSee('2e2c080d5490760...')
#3 /ichukdata1/html/project/labring/core/FileLoader.php(116): Detail->action()
#4 /ichukdata1/html/project/labring/core/FileLoader.php(58): FileLoader->load('/ichukdata1/htm...', 'goods.detail.ht...', '/goods/detail.h...', 'Detail', false)
#5 /ichukdata1/html/project/labring/index.php(36): FileLoader->loadfile()
#6 {main}
[2017-02-20 17:01:42][error] errCode:42S22
errMsg:SQLSTATE[42S22]: Column not found: 1054 Unknown column '7a4bf9ba2bd774068ad50351fb898076' in 'where clause'
trace:
#0 /ichukdata1/html/project/labring/core/util/DBAgent.php(56): PDOStatement->execute(Array)
#1 /ichukdata1/html/project/labring/core/module/pc/_api/service/GetProductBroServ.php(11): DBAgent->queryRecords('select property...', Array)
#2 /ichukdata1/html/project/labring/core/FileLoader.php(116): GetProductBroServ->action()
#3 /ichukdata1/html/project/labring/core/FileLoader.php(58): FileLoader->load('/ichukdata1/htm...', 'service.GetProd...', '/service/GetPro...', 'GetProductBroSe...', true)
#4 /ichukdata1/html/project/labring/index.php(36): FileLoader->loadfile()
#5 {main}
[2017-02-20 17:01:50][error] errCode:42000
errMsg:SQLSTATE[42000]: Syntax error or access violation: 1064 You have an error in your SQL syntax; check the manual that corresponds to your MySQL server version for the right syntax to use near 'status=1' at line 1
trace:
#0 /ichukdata1/html/project/labring/core/util/DBAgent.php(102): PDOStatement->execute(Array)
#1 /ichukdata1/html/project/labring/core/service/ProductServ.php(48): DBAgent->query('update #__produ...', Array)
#2 /ichukdata1/html/project/labring/core/module/pc/goods/Detail.php(13): ProductServ->updateSee('7a4bf9ba2bd7740...')
#3 /ichukdata1/html/project/labring/core/FileLoader.php(116): Detail->action()
#4 /ichukdata1/html/project/labring/core/FileLoader.php(58): FileLoader->load('/ichukdata1/htm...', 'goods.detail.ht...', '/goods/detail.h...', 'Detail', false)
#5 /ichukdata1/html/project/labring/index.php(36): FileLoader->loadfile()
#6 {main}
[2017-02-20 17:01:55][error] errCode:42000
errMsg:SQLSTATE[42000]: Syntax error or access violation: 1064 You have an error in your SQL syntax; check the manual that corresponds to your MySQL server version for the right syntax to use near 'status=1' at line 1
trace:
#0 /ichukdata1/html/project/labring/core/util/DBAgent.php(102): PDOStatement->execute(Array)
#1 /ichukdata1/html/project/labring/core/service/ProductServ.php(48): DBAgent->query('update #__produ...', Array)
#2 /ichukdata1/html/project/labring/core/module/pc/goods/Detail.php(13): ProductServ->updateSee('285da2198b2b496...')
#3 /ichukdata1/html/project/labring/core/FileLoader.php(116): Detail->action()
#4 /ichukdata1/html/project/labring/core/FileLoader.php(58): FileLoader->load('/ichukdata1/htm...', 'goods.detail.ht...', '/goods/detail.h...', 'Detail', false)
#5 /ichukdata1/html/project/labring/index.php(36): FileLoader->loadfile()
#6 {main}
[2017-02-20 17:01:57][error] errCode:42S22
errMsg:SQLSTATE[42S22]: Column not found: 1054 Unknown column '285da2198b2b496c9d447cc4ac6b0734' in 'where clause'
trace:
#0 /ichukdata1/html/project/labring/core/util/DBAgent.php(56): PDOStatement->execute(Array)
#1 /ichukdata1/html/project/labring/core/module/pc/_api/service/GetProductBroServ.php(11): DBAgent->queryRecords('select property...', Array)
#2 /ichukdata1/html/project/labring/core/FileLoader.php(116): GetProductBroServ->action()
#3 /ichukdata1/html/project/labring/core/FileLoader.php(58): FileLoader->load('/ichukdata1/htm...', 'service.GetProd...', '/service/GetPro...', 'GetProductBroSe...', true)
#4 /ichukdata1/html/project/labring/index.php(36): FileLoader->loadfile()
#5 {main}
[2017-02-20 17:02:05][error] errCode:42000
errMsg:SQLSTATE[42000]: Syntax error or access violation: 1064 You have an error in your SQL syntax; check the manual that corresponds to your MySQL server version for the right syntax to use near 'status=1' at line 1
trace:
#0 /ichukdata1/html/project/labring/core/util/DBAgent.php(102): PDOStatement->execute(Array)
#1 /ichukdata1/html/project/labring/core/service/ProductServ.php(48): DBAgent->query('update #__produ...', Array)
#2 /ichukdata1/html/project/labring/core/module/pc/goods/Detail.php(13): ProductServ->updateSee('285da2198b2b496...')
#3 /ichukdata1/html/project/labring/core/FileLoader.php(116): Detail->action()
#4 /ichukdata1/html/project/labring/core/FileLoader.php(58): FileLoader->load('/ichukdata1/htm...', 'goods.detail.ht...', '/goods/detail.h...', 'Detail', false)
#5 /ichukdata1/html/project/labring/index.php(36): FileLoader->loadfile()
#6 {main}
[2017-02-20 17:10:44][error] errCode:42000
errMsg:SQLSTATE[42000]: Syntax error or access violation: 1064 You have an error in your SQL syntax; check the manual that corresponds to your MySQL server version for the right syntax to use near 'status=1' at line 1
trace:
#0 /ichukdata1/html/project/labring/core/util/DBAgent.php(102): PDOStatement->execute(Array)
#1 /ichukdata1/html/project/labring/core/service/ProductServ.php(48): DBAgent->query('update #__produ...', Array)
#2 /ichukdata1/html/project/labring/core/module/pc/goods/Detail.php(13): ProductServ->updateSee('6a4cbdaedcbda0f...')
#3 /ichukdata1/html/project/labring/core/FileLoader.php(116): Detail->action()
#4 /ichukdata1/html/project/labring/core/FileLoader.php(58): FileLoader->load('/ichukdata1/htm...', 'goods.detail.ht...', '/goods/detail.h...', 'Detail', false)
#5 /ichukdata1/html/project/labring/index.php(36): FileLoader->loadfile()
#6 {main}
[2017-02-20 17:10:47][error] errCode:42000
errMsg:SQLSTATE[42000]: Syntax error or access violation: 1064 You have an error in your SQL syntax; check the manual that corresponds to your MySQL server version for the right syntax to use near 'status=1' at line 1
trace:
#0 /ichukdata1/html/project/labring/core/util/DBAgent.php(102): PDOStatement->execute(Array)
#1 /ichukdata1/html/project/labring/core/service/ProductServ.php(48): DBAgent->query('update #__produ...', Array)
#2 /ichukdata1/html/project/labring/core/module/pc/goods/Detail.php(13): ProductServ->updateSee('6a4cbdaedcbda0f...')
#3 /ichukdata1/html/project/labring/core/FileLoader.php(116): Detail->action()
#4 /ichukdata1/html/project/labring/core/FileLoader.php(58): FileLoader->load('/ichukdata1/htm...', 'goods.detail.ht...', '/goods/detail.h...', 'Detail', false)
#5 /ichukdata1/html/project/labring/index.php(36): FileLoader->loadfile()
#6 {main}
[2017-02-20 17:11:47][error] errCode:42000
errMsg:SQLSTATE[42000]: Syntax error or access violation: 1064 You have an error in your SQL syntax; check the manual that corresponds to your MySQL server version for the right syntax to use near 'status=1' at line 1
trace:
#0 /ichukdata1/html/project/labring/core/util/DBAgent.php(102): PDOStatement->execute(Array)
#1 /ichukdata1/html/project/labring/core/service/ProductServ.php(48): DBAgent->query('update #__produ...', Array)
#2 /ichukdata1/html/project/labring/core/module/pc/goods/Detail.php(13): ProductServ->updateSee('3f998e713a6e022...')
#3 /ichukdata1/html/project/labring/core/FileLoader.php(116): Detail->action()
#4 /ichukdata1/html/project/labring/core/FileLoader.php(58): FileLoader->load('/ichukdata1/htm...', 'goods.detail.ht...', '/goods/detail.h...', 'Detail', false)
#5 /ichukdata1/html/project/labring/index.php(36): FileLoader->loadfile()
#6 {main}
[2017-02-20 17:11:53][error] errCode:HY000
errMsg:SQLSTATE[HY000]: General error: 1366 Incorrect string value: '\xA8\xA6????...' for column 'from_url' at row 1
trace:
#0 /ichukdata1/html/project/labring/core/util/DBAgent.php(102): PDOStatement->execute(Array)
#1 /ichukdata1/html/project/labring/core/util/AccessCommon.php(16): DBAgent->query('insert into #__...', Array)
#2 /ichukdata1/html/project/labring/core/FileLoader.php(115): AccessCommon::addAccessLog('/login.html')
#3 /ichukdata1/html/project/labring/core/FileLoader.php(43): FileLoader->load('/ichukdata1/htm...', 'login.html', '/login.html', 'Login')
#4 /ichukdata1/html/project/labring/index_admin.php(36): FileLoader->loadfile()
#5 {main}
[2017-02-20 17:12:53][error] errCode:42000
errMsg:SQLSTATE[42000]: Syntax error or access violation: 1064 You have an error in your SQL syntax; check the manual that corresponds to your MySQL server version for the right syntax to use near 'status=1' at line 1
trace:
#0 /ichukdata1/html/project/labring/core/util/DBAgent.php(102): PDOStatement->execute(Array)
#1 /ichukdata1/html/project/labring/core/service/ProductServ.php(48): DBAgent->query('update #__produ...', Array)
#2 /ichukdata1/html/project/labring/core/module/pc/goods/Detail.php(13): ProductServ->updateSee('921c2dc40d0b979...')
#3 /ichukdata1/html/project/labring/core/FileLoader.php(116): Detail->action()
#4 /ichukdata1/html/project/labring/core/FileLoader.php(58): FileLoader->load('/ichukdata1/htm...', 'goods.detail.ht...', '/goods/detail.h...', 'Detail', false)
#5 /ichukdata1/html/project/labring/index.php(36): FileLoader->loadfile()
#6 {main}
[2017-02-20 17:13:03][error] errCode:42000
errMsg:SQLSTATE[42000]: Syntax error or access violation: 1064 You have an error in your SQL syntax; check the manual that corresponds to your MySQL server version for the right syntax to use near 'status=1' at line 1
trace:
#0 /ichukdata1/html/project/labring/core/util/DBAgent.php(102): PDOStatement->execute(Array)
#1 /ichukdata1/html/project/labring/core/service/ProductServ.php(48): DBAgent->query('update #__produ...', Array)
#2 /ichukdata1/html/project/labring/core/module/pc/goods/Detail.php(13): ProductServ->updateSee('921c2dc40d0b979...')
#3 /ichukdata1/html/project/labring/core/FileLoader.php(116): Detail->action()
#4 /ichukdata1/html/project/labring/core/FileLoader.php(58): FileLoader->load('/ichukdata1/htm...', 'goods.detail.ht...', '/goods/detail.h...', 'Detail', false)
#5 /ichukdata1/html/project/labring/index.php(36): FileLoader->loadfile()
#6 {main}
[2017-02-20 17:13:42][error] errCode:42000
errMsg:SQLSTATE[42000]: Syntax error or access violation: 1064 You have an error in your SQL syntax; check the manual that corresponds to your MySQL server version for the right syntax to use near 'status=1' at line 1
trace:
#0 /ichukdata1/html/project/labring/core/util/DBAgent.php(102): PDOStatement->execute(Array)
#1 /ichukdata1/html/project/labring/core/service/ProductServ.php(48): DBAgent->query('update #__produ...', Array)
#2 /ichukdata1/html/project/labring/core/module/pc/goods/Detail.php(13): ProductServ->updateSee('109a0ca3bc27f3e...')
#3 /ichukdata1/html/project/labring/core/FileLoader.php(116): Detail->action()
#4 /ichukdata1/html/project/labring/core/FileLoader.php(58): FileLoader->load('/ichukdata1/htm...', 'goods.detail.ht...', '/goods/detail.h...', 'Detail', false)
#5 /ichukdata1/html/project/labring/index.php(36): FileLoader->loadfile()
#6 {main}
[2017-02-20 17:13:45][error] errCode:42S22
errMsg:SQLSTATE[42S22]: Column not found: 1054 Unknown column '109a0ca3bc27f3e96597370d5c8cf03d' in 'where clause'
trace:
#0 /ichukdata1/html/project/labring/core/util/DBAgent.php(56): PDOStatement->execute(Array)
#1 /ichukdata1/html/project/labring/core/module/pc/_api/service/GetProductBroServ.php(11): DBAgent->queryRecords('select property...', Array)
#2 /ichukdata1/html/project/labring/core/FileLoader.php(116): GetProductBroServ->action()
#3 /ichukdata1/html/project/labring/core/FileLoader.php(58): FileLoader->load('/ichukdata1/htm...', 'service.GetProd...', '/service/GetPro...', 'GetProductBroSe...', true)
#4 /ichukdata1/html/project/labring/index.php(36): FileLoader->loadfile()
#5 {main}
[2017-02-20 17:13:52][error] errCode:42000
errMsg:SQLSTATE[42000]: Syntax error or access violation: 1064 You have an error in your SQL syntax; check the manual that corresponds to your MySQL server version for the right syntax to use near 'status=1' at line 1
trace:
#0 /ichukdata1/html/project/labring/core/util/DBAgent.php(102): PDOStatement->execute(Array)
#1 /ichukdata1/html/project/labring/core/service/ProductServ.php(48): DBAgent->query('update #__produ...', Array)
#2 /ichukdata1/html/project/labring/core/module/pc/goods/Detail.php(13): ProductServ->updateSee('109a0ca3bc27f3e...')
#3 /ichukdata1/html/project/labring/core/FileLoader.php(116): Detail->action()
#4 /ichukdata1/html/project/labring/core/FileLoader.php(58): FileLoader->load('/ichukdata1/htm...', 'goods.detail.ht...', '/goods/detail.h...', 'Detail', false)
#5 /ichukdata1/html/project/labring/index.php(36): FileLoader->loadfile()
#6 {main}
[2017-02-20 17:14:30][error] errCode:42000
errMsg:SQLSTATE[42000]: Syntax error or access violation: 1064 You have an error in your SQL syntax; check the manual that corresponds to your MySQL server version for the right syntax to use near 'status=1' at line 1
trace:
#0 /ichukdata1/html/project/labring/core/util/DBAgent.php(102): PDOStatement->execute(Array)
#1 /ichukdata1/html/project/labring/core/service/ProductServ.php(48): DBAgent->query('update #__produ...', Array)
#2 /ichukdata1/html/project/labring/core/module/pc/goods/Detail.php(13): ProductServ->updateSee('109a0ca3bc27f3e...')
#3 /ichukdata1/html/project/labring/core/FileLoader.php(116): Detail->action()
#4 /ichukdata1/html/project/labring/core/FileLoader.php(58): FileLoader->load('/ichukdata1/htm...', 'goods.detail.ht...', '/goods/detail.h...', 'Detail', false)
#5 /ichukdata1/html/project/labring/index.php(36): FileLoader->loadfile()
#6 {main}
[2017-02-20 17:14:32][error] errCode:42S22
errMsg:SQLSTATE[42S22]: Column not found: 1054 Unknown column '109a0ca3bc27f3e96597370d5c8cf03d' in 'where clause'
trace:
#0 /ichukdata1/html/project/labring/core/util/DBAgent.php(56): PDOStatement->execute(Array)
#1 /ichukdata1/html/project/labring/core/module/pc/_api/service/GetProductBroServ.php(11): DBAgent->queryRecords('select property...', Array)
#2 /ichukdata1/html/project/labring/core/FileLoader.php(116): GetProductBroServ->action()
#3 /ichukdata1/html/project/labring/core/FileLoader.php(58): FileLoader->load('/ichukdata1/htm...', 'service.GetProd...', '/service/GetPro...', 'GetProductBroSe...', true)
#4 /ichukdata1/html/project/labring/index.php(36): FileLoader->loadfile()
#5 {main}
[2017-02-20 17:21:54][error] errCode:42000
errMsg:SQLSTATE[42000]: Syntax error or access violation: 1064 You have an error in your SQL syntax; check the manual that corresponds to your MySQL server version for the right syntax to use near 'status=1' at line 1
trace:
#0 /ichukdata1/html/project/labring/core/util/DBAgent.php(102): PDOStatement->execute(Array)
#1 /ichukdata1/html/project/labring/core/service/ProductServ.php(48): DBAgent->query('update #__produ...', Array)
#2 /ichukdata1/html/project/labring/core/module/pc/goods/Detail.php(13): ProductServ->updateSee('7f5d04d189dfb63...')
#3 /ichukdata1/html/project/labring/core/FileLoader.php(116): Detail->action()
#4 /ichukdata1/html/project/labring/core/FileLoader.php(58): FileLoader->load('/ichukdata1/htm...', 'goods.detail.ht...', '/goods/detail.h...', 'Detail', false)
#5 /ichukdata1/html/project/labring/index.php(36): FileLoader->loadfile()
#6 {main}
[2017-02-20 17:21:59][error] errCode:42000
errMsg:SQLSTATE[42000]: Syntax error or access violation: 1064 You have an error in your SQL syntax; check the manual that corresponds to your MySQL server version for the right syntax to use near 'status=1' at line 1
trace:
#0 /ichukdata1/html/project/labring/core/util/DBAgent.php(102): PDOStatement->execute(Array)
#1 /ichukdata1/html/project/labring/core/service/ProductServ.php(48): DBAgent->query('update #__produ...', Array)
#2 /ichukdata1/html/project/labring/core/module/pc/goods/Detail.php(13): ProductServ->updateSee('7f5d04d189dfb63...')
#3 /ichukdata1/html/project/labring/core/FileLoader.php(116): Detail->action()
#4 /ichukdata1/html/project/labring/core/FileLoader.php(58): FileLoader->load('/ichukdata1/htm...', 'goods.detail.ht...', '/goods/detail.h...', 'Detail', false)
#5 /ichukdata1/html/project/labring/index.php(36): FileLoader->loadfile()
#6 {main}
[2017-02-20 17:24:21][error] errCode:42000
errMsg:SQLSTATE[42000]: Syntax error or access violation: 1064 You have an error in your SQL syntax; check the manual that corresponds to your MySQL server version for the right syntax to use near 'status=1' at line 1
trace:
#0 /ichukdata1/html/project/labring/core/util/DBAgent.php(102): PDOStatement->execute(Array)
#1 /ichukdata1/html/project/labring/core/service/ProductServ.php(48): DBAgent->query('update #__produ...', Array)
#2 /ichukdata1/html/project/labring/core/module/pc/goods/Detail.php(13): ProductServ->updateSee('7f5d04d189dfb63...')
#3 /ichukdata1/html/project/labring/core/FileLoader.php(116): Detail->action()
#4 /ichukdata1/html/project/labring/core/FileLoader.php(58): FileLoader->load('/ichukdata1/htm...', 'goods.detail.ht...', '/goods/detail.h...', 'Detail', false)
#5 /ichukdata1/html/project/labring/index.php(36): FileLoader->loadfile()
#6 {main}
[2017-02-20 17:24:24][error] errCode:42S22
errMsg:SQLSTATE[42S22]: Column not found: 1054 Unknown column '7f5d04d189dfb634e6a85bb9d9adf21e' in 'where clause'
trace:
#0 /ichukdata1/html/project/labring/core/util/DBAgent.php(56): PDOStatement->execute(Array)
#1 /ichukdata1/html/project/labring/core/module/pc/_api/service/GetProductBroServ.php(11): DBAgent->queryRecords('select property...', Array)
#2 /ichukdata1/html/project/labring/core/FileLoader.php(116): GetProductBroServ->action()
#3 /ichukdata1/html/project/labring/core/FileLoader.php(58): FileLoader->load('/ichukdata1/htm...', 'service.GetProd...', '/service/GetPro...', 'GetProductBroSe...', true)
#4 /ichukdata1/html/project/labring/index.php(36): FileLoader->loadfile()
#5 {main}
[2017-02-20 19:55:44][error] errCode:42000
errMsg:SQLSTATE[42000]: Syntax error or access violation: 1064 You have an error in your SQL syntax; check the manual that corresponds to your MySQL server version for the right syntax to use near 'status=1' at line 1
trace:
#0 /ichukdata1/html/project/labring/core/util/DBAgent.php(102): PDOStatement->execute(Array)
#1 /ichukdata1/html/project/labring/core/service/ProductServ.php(48): DBAgent->query('update #__produ...', Array)
#2 /ichukdata1/html/project/labring/core/module/pc/goods/Detail.php(13): ProductServ->updateSee('5ef059938ba799a...')
#3 /ichukdata1/html/project/labring/core/FileLoader.php(116): Detail->action()
#4 /ichukdata1/html/project/labring/core/FileLoader.php(58): FileLoader->load('/ichukdata1/htm...', 'goods.detail.ht...', '/goods/detail.h...', 'Detail', false)
#5 /ichukdata1/html/project/labring/index.php(36): FileLoader->loadfile()
#6 {main}
[2017-02-20 22:49:52][error] errCode:42000
errMsg:SQLSTATE[42000]: Syntax error or access violation: 1064 You have an error in your SQL syntax; check the manual that corresponds to your MySQL server version for the right syntax to use near 'status=1' at line 1
trace:
#0 /ichukdata1/html/project/labring/core/util/DBAgent.php(102): PDOStatement->execute(Array)
#1 /ichukdata1/html/project/labring/core/service/ProductServ.php(48): DBAgent->query('update #__produ...', Array)
#2 /ichukdata1/html/project/labring/core/module/pc/goods/Detail.php(13): ProductServ->updateSee('39461a19e9eddfb...')
#3 /ichukdata1/html/project/labring/core/FileLoader.php(116): Detail->action()
#4 /ichukdata1/html/project/labring/core/FileLoader.php(58): FileLoader->load('/ichukdata1/htm...', 'goods.detail.ht...', '/goods/detail.h...', 'Detail', false)
#5 /ichukdata1/html/project/labring/index.php(36): FileLoader->loadfile()
#6 {main}
[2017-02-20 22:50:08][error] errCode:42000
errMsg:SQLSTATE[42000]: Syntax error or access violation: 1064 You have an error in your SQL syntax; check the manual that corresponds to your MySQL server version for the right syntax to use near 'status=1' at line 1
trace:
#0 /ichukdata1/html/project/labring/core/util/DBAgent.php(102): PDOStatement->execute(Array)
#1 /ichukdata1/html/project/labring/core/service/ProductServ.php(48): DBAgent->query('update #__produ...', Array)
#2 /ichukdata1/html/project/labring/core/module/pc/goods/Detail.php(13): ProductServ->updateSee('bac9162b47c56fc...')
#3 /ichukdata1/html/project/labring/core/FileLoader.php(116): Detail->action()
#4 /ichukdata1/html/project/labring/core/FileLoader.php(58): FileLoader->load('/ichukdata1/htm...', 'goods.detail.ht...', '/goods/detail.h...', 'Detail', false)
#5 /ichukdata1/html/project/labring/index.php(36): FileLoader->loadfile()
#6 {main}
