[2017-01-21 04:56:53][error] errCode:42S02
errMsg:SQLSTATE[42S02]: Base table or view not found: 1146 Table 'labring.labring_company_regist' doesn't exist
trace:
#0 /ichukdata1/html/project/labring/core/util/DBAgent.php(79): PDOStatement->execute(Array)
#1 /ichukdata1/html/project/labring/core/util/DBAgent.php(196): DBAgent->querySingleRecord('select * from l...', Array)
#2 /ichukdata1/html/project/labring/core/service/LabDetailServ.php(62): DBAgent->getSingleRecordFromTable('company_regist', '*', Array, Array, true)
#3 /ichukdata1/html/project/labring/core/module/pc/lab/Detail.php(27): LabDetailServ->getBelongInstitude('3')
#4 /ichukdata1/html/project/labring/core/FileLoader.php(116): Detail->action()
#5 /ichukdata1/html/project/labring/core/FileLoader.php(58): FileLoader->load('/ichukdata1/htm...', 'lab.detail.html', '/lab/detail.htm...', 'Detail', false)
#6 /ichukdata1/html/project/labring/index.php(36): FileLoader->loadfile()
#7 {main}
[2017-01-21 13:43:36][error] errCode:22001
errMsg:SQLSTATE[22001]: String data, right truncated: 1406 Data too long for column 'from_url' at row 1
trace:
#0 /ichukdata1/html/project/labring/core/util/DBAgent.php(102): PDOStatement->execute(Array)
#1 /ichukdata1/html/project/labring/core/util/AccessCommon.php(17): DBAgent->query('insert into #__...', Array)
#2 /ichukdata1/html/project/labring/core/FileLoader.php(115): AccessCommon::addAccessLog('/login.html')
#3 /ichukdata1/html/project/labring/core/FileLoader.php(43): FileLoader->load('/ichukdata1/htm...', 'login.html', '/login.html', 'Login')
#4 /ichukdata1/html/project/labring/index_admin.php(36): FileLoader->loadfile()
#5 {main}
[2017-01-21 19:24:13][error] errCode:42000
errMsg:SQLSTATE[42000]: Syntax error or access violation: 1064 You have an error in your SQL syntax; check the manual that corresponds to your MySQL server version for the right syntax to use near 'status=1' at line 1
trace:
#0 /ichukdata1/html/project/labring/core/util/DBAgent.php(102): PDOStatement->execute(Array)
#1 /ichukdata1/html/project/labring/core/service/ProductServ.php(48): DBAgent->query('update #__produ...', Array)
#2 /ichukdata1/html/project/labring/core/module/pc/goods/Detail.php(13): ProductServ->updateSee('278')
#3 /ichukdata1/html/project/labring/core/FileLoader.php(116): Detail->action()
#4 /ichukdata1/html/project/labring/core/FileLoader.php(58): FileLoader->load('/ichukdata1/htm...', 'goods.detail.ht...', '/goods/detail.h...', 'Detail', false)
#5 /ichukdata1/html/project/labring/index.php(36): FileLoader->loadfile()
#6 {main}
[2017-01-21 23:28:57][error] errCode:23000
errMsg:SQLSTATE[23000]: Integrity constraint violation: 1048 Column 'total_fund' cannot be null
trace:
#0 /ichukdata1/html/project/labring/core/util/DBAgent.php(102): PDOStatement->execute(Array)
#1 /ichukdata1/html/project/labring/core/util/DBAgent.php(272): DBAgent->query('insert into lab...', Array)
#2 /ichukdata1/html/project/labring/core/service/CollegeServ.php(101): DBAgent->insertRecord('college_member_...', Array, Array)
#3 /ichukdata1/html/project/labring/core/module/manager/_api/service/OperateFundServ.php(59): CollegeServ->updateResearchFund('5', '1', '2', NULL)
#4 /ichukdata1/html/project/labring/core/FileLoader.php(116): OperateFundServ->action()
#5 /ichukdata1/html/project/labring/core/FileLoader.php(58): FileLoader->load('/ichukdata1/htm...', 'service.Operate...', '/service/Operat...', 'OperateFundServ', true)
#6 /ichukdata1/html/project/labring/index_admin.php(36): FileLoader->loadfile()
#7 {main}
[2017-01-21 23:29:50][error] errCode:HY093
errMsg:SQLSTATE[HY093]: Invalid parameter number: number of bound variables does not match number of tokens
trace:
#0 /ichukdata1/html/project/labring/core/util/DBAgent.php(102): PDOStatement->execute(Array)
#1 /ichukdata1/html/project/labring/core/util/DBAgent.php(272): DBAgent->query('insert into lab...', Array)
#2 /ichukdata1/html/project/labring/core/service/MessageServ.php(95): DBAgent->insertRecord('message', Array, Array)
#3 /ichukdata1/html/project/labring/core/module/manager/_api/service/OperateFundServ.php(68): MessageServ->sendMessage('5', '???????????????...', '???????????????...', 0)
#4 /ichukdata1/html/project/labring/core/FileLoader.php(116): OperateFundServ->action()
#5 /ichukdata1/html/project/labring/core/FileLoader.php(58): FileLoader->load('/ichukdata1/htm...', 'service.Operate...', '/service/Operat...', 'OperateFundServ', true)
#6 /ichukdata1/html/project/labring/index_admin.php(36): FileLoader->loadfile()
#7 {main}
[2017-01-21 23:32:19][error] errCode:HY093
errMsg:SQLSTATE[HY093]: Invalid parameter number: number of bound variables does not match number of tokens
trace:
#0 /ichukdata1/html/project/labring/core/util/DBAgent.php(102): PDOStatement->execute(Array)
#1 /ichukdata1/html/project/labring/core/util/DBAgent.php(272): DBAgent->query('insert into lab...', Array)
#2 /ichukdata1/html/project/labring/core/service/MessageServ.php(95): DBAgent->insertRecord('message', Array, Array)
#3 /ichukdata1/html/project/labring/core/module/manager/_api/service/OperateFundServ.php(68): MessageServ->sendMessage('5', '???????????????...', '???????????????...', 0)
#4 /ichukdata1/html/project/labring/core/FileLoader.php(116): OperateFundServ->action()
#5 /ichukdata1/html/project/labring/core/FileLoader.php(58): FileLoader->load('/ichukdata1/htm...', 'service.Operate...', '/service/Operat...', 'OperateFundServ', true)
#6 /ichukdata1/html/project/labring/index_admin.php(36): FileLoader->loadfile()
#7 {main}
[2017-01-21 23:43:23][error] errCode:42000
errMsg:SQLSTATE[42000]: Syntax error or access violation: 1064 You have an error in your SQL syntax; check the manual that corresponds to your MySQL server version for the right syntax to use near 'status=1' at line 1
trace:
#0 /ichukdata1/html/project/labring/core/util/DBAgent.php(102): PDOStatement->execute(Array)
#1 /ichukdata1/html/project/labring/core/service/ProductServ.php(48): DBAgent->query('update #__produ...', Array)
#2 /ichukdata1/html/project/labring/core/module/pc/goods/Detail.php(13): ProductServ->updateSee('b73ce398c39f506...')
#3 /ichukdata1/html/project/labring/core/FileLoader.php(116): Detail->action()
#4 /ichukdata1/html/project/labring/core/FileLoader.php(58): FileLoader->load('/ichukdata1/htm...', 'goods.detail.ht...', '/goods/detail.h...', 'Detail', false)
#5 /ichukdata1/html/project/labring/index.php(36): FileLoader->loadfile()
#6 {main}
[2017-01-21 23:43:36][error] errCode:42000
errMsg:SQLSTATE[42000]: Syntax error or access violation: 1064 You have an error in your SQL syntax; check the manual that corresponds to your MySQL server version for the right syntax to use near 'status=1' at line 1
trace:
#0 /ichukdata1/html/project/labring/core/util/DBAgent.php(102): PDOStatement->execute(Array)
#1 /ichukdata1/html/project/labring/core/service/ProductServ.php(48): DBAgent->query('update #__produ...', Array)
#2 /ichukdata1/html/project/labring/core/module/pc/goods/Detail.php(13): ProductServ->updateSee('b73ce398c39f506...')
#3 /ichukdata1/html/project/labring/core/FileLoader.php(116): Detail->action()
#4 /ichukdata1/html/project/labring/core/FileLoader.php(58): FileLoader->load('/ichukdata1/htm...', 'goods.detail.ht...', '/goods/detail.h...', 'Detail', false)
#5 /ichukdata1/html/project/labring/index.php(36): FileLoader->loadfile()
#6 {main}
[2017-01-21 23:43:37][error] errCode:42S22
errMsg:SQLSTATE[42S22]: Column not found: 1054 Unknown column 'b73ce398c39f506af761d2277d853a92' in 'where clause'
trace:
#0 /ichukdata1/html/project/labring/core/util/DBAgent.php(56): PDOStatement->execute(Array)
#1 /ichukdata1/html/project/labring/core/module/pc/_api/service/GetProductBroServ.php(11): DBAgent->queryRecords('select property...', Array)
#2 /ichukdata1/html/project/labring/core/FileLoader.php(116): GetProductBroServ->action()
#3 /ichukdata1/html/project/labring/core/FileLoader.php(58): FileLoader->load('/ichukdata1/htm...', 'service.GetProd...', '/service/GetPro...', 'GetProductBroSe...', true)
#4 /ichukdata1/html/project/labring/index.php(36): FileLoader->loadfile()
#5 {main}
[2017-01-21 23:43:51][error] errCode:42000
errMsg:SQLSTATE[42000]: Syntax error or access violation: 1064 You have an error in your SQL syntax; check the manual that corresponds to your MySQL server version for the right syntax to use near 'status=1' at line 1
trace:
#0 /ichukdata1/html/project/labring/core/util/DBAgent.php(102): PDOStatement->execute(Array)
#1 /ichukdata1/html/project/labring/core/service/ProductServ.php(48): DBAgent->query('update #__produ...', Array)
#2 /ichukdata1/html/project/labring/core/module/pc/goods/Detail.php(13): ProductServ->updateSee('c81e728d9d4c2f6...')
#3 /ichukdata1/html/project/labring/core/FileLoader.php(116): Detail->action()
#4 /ichukdata1/html/project/labring/core/FileLoader.php(58): FileLoader->load('/ichukdata1/htm...', 'goods.detail.ht...', '/goods/detail.h...', 'Detail', false)
#5 /ichukdata1/html/project/labring/index.php(36): FileLoader->loadfile()
#6 {main}
[2017-01-21 23:43:51][error] errCode:42S22
errMsg:SQLSTATE[42S22]: Column not found: 1054 Unknown column 'c81e728d9d4c2f636f067f89cc14862c' in 'where clause'
trace:
#0 /ichukdata1/html/project/labring/core/util/DBAgent.php(56): PDOStatement->execute(Array)
#1 /ichukdata1/html/project/labring/core/module/pc/_api/service/GetProductBroServ.php(11): DBAgent->queryRecords('select property...', Array)
#2 /ichukdata1/html/project/labring/core/FileLoader.php(116): GetProductBroServ->action()
#3 /ichukdata1/html/project/labring/core/FileLoader.php(58): FileLoader->load('/ichukdata1/htm...', 'service.GetProd...', '/service/GetPro...', 'GetProductBroSe...', true)
#4 /ichukdata1/html/project/labring/index.php(36): FileLoader->loadfile()
#5 {main}
[2017-01-21 23:46:44][error] errCode:42000
errMsg:SQLSTATE[42000]: Syntax error or access violation: 1064 You have an error in your SQL syntax; check the manual that corresponds to your MySQL server version for the right syntax to use near 'status=1' at line 1
trace:
#0 /ichukdata1/html/project/labring/core/util/DBAgent.php(102): PDOStatement->execute(Array)
#1 /ichukdata1/html/project/labring/core/service/ProductServ.php(48): DBAgent->query('update #__produ...', Array)
#2 /ichukdata1/html/project/labring/core/module/pc/goods/Detail.php(13): ProductServ->updateSee('c81e728d9d4c2f6...')
#3 /ichukdata1/html/project/labring/core/FileLoader.php(116): Detail->action()
#4 /ichukdata1/html/project/labring/core/FileLoader.php(58): FileLoader->load('/ichukdata1/htm...', 'goods.detail.ht...', '/goods/detail.h...', 'Detail', false)
#5 /ichukdata1/html/project/labring/index.php(36): FileLoader->loadfile()
#6 {main}
[2017-01-21 23:51:00][error] errCode:42000
errMsg:SQLSTATE[42000]: Syntax error or access violation: 1064 You have an error in your SQL syntax; check the manual that corresponds to your MySQL server version for the right syntax to use near 'status=1' at line 1
trace:
#0 /ichukdata1/html/project/labring/core/util/DBAgent.php(102): PDOStatement->execute(Array)
#1 /ichukdata1/html/project/labring/core/service/ProductServ.php(48): DBAgent->query('update #__produ...', Array)
#2 /ichukdata1/html/project/labring/core/module/pc/goods/Detail.php(13): ProductServ->updateSee('c81e728d9d4c2f6...')
#3 /ichukdata1/html/project/labring/core/FileLoader.php(116): Detail->action()
#4 /ichukdata1/html/project/labring/core/FileLoader.php(58): FileLoader->load('/ichukdata1/htm...', 'goods.detail.ht...', '/goods/detail.h...', 'Detail', false)
#5 /ichukdata1/html/project/labring/index.php(36): FileLoader->loadfile()
#6 {main}
[2017-01-21 23:51:03][error] errCode:42000
errMsg:SQLSTATE[42000]: Syntax error or access violation: 1064 You have an error in your SQL syntax; check the manual that corresponds to your MySQL server version for the right syntax to use near 'status=1' at line 1
trace:
#0 /ichukdata1/html/project/labring/core/util/DBAgent.php(102): PDOStatement->execute(Array)
#1 /ichukdata1/html/project/labring/core/service/ProductServ.php(48): DBAgent->query('update #__produ...', Array)
#2 /ichukdata1/html/project/labring/core/module/pc/goods/Detail.php(13): ProductServ->updateSee('c81e728d9d4c2f6...')
#3 /ichukdata1/html/project/labring/core/FileLoader.php(116): Detail->action()
#4 /ichukdata1/html/project/labring/core/FileLoader.php(58): FileLoader->load('/ichukdata1/htm...', 'goods.detail.ht...', '/goods/detail.h...', 'Detail', false)
#5 /ichukdata1/html/project/labring/index.php(36): FileLoader->loadfile()
#6 {main}
[2017-01-21 23:51:12][error] errCode:42000
errMsg:SQLSTATE[42000]: Syntax error or access violation: 1064 You have an error in your SQL syntax; check the manual that corresponds to your MySQL server version for the right syntax to use near 'status=1' at line 1
trace:
#0 /ichukdata1/html/project/labring/core/util/DBAgent.php(102): PDOStatement->execute(Array)
#1 /ichukdata1/html/project/labring/core/service/ProductServ.php(48): DBAgent->query('update #__produ...', Array)
#2 /ichukdata1/html/project/labring/core/module/pc/goods/Detail.php(13): ProductServ->updateSee('c81e728d9d4c2f6...')
#3 /ichukdata1/html/project/labring/core/FileLoader.php(116): Detail->action()
#4 /ichukdata1/html/project/labring/core/FileLoader.php(58): FileLoader->load('/ichukdata1/htm...', 'goods.detail.ht...', '/goods/detail.h...', 'Detail', false)
#5 /ichukdata1/html/project/labring/index.php(36): FileLoader->loadfile()
#6 {main}
[2017-01-21 23:51:14][error] errCode:42S22
errMsg:SQLSTATE[42S22]: Column not found: 1054 Unknown column 'c81e728d9d4c2f636f067f89cc14862c' in 'where clause'
trace:
#0 /ichukdata1/html/project/labring/core/util/DBAgent.php(56): PDOStatement->execute(Array)
#1 /ichukdata1/html/project/labring/core/module/pc/_api/service/GetProductBroServ.php(11): DBAgent->queryRecords('select property...', Array)
#2 /ichukdata1/html/project/labring/core/FileLoader.php(116): GetProductBroServ->action()
#3 /ichukdata1/html/project/labring/core/FileLoader.php(58): FileLoader->load('/ichukdata1/htm...', 'service.GetProd...', '/service/GetPro...', 'GetProductBroSe...', true)
#4 /ichukdata1/html/project/labring/index.php(36): FileLoader->loadfile()
#5 {main}
[2017-01-21 23:52:42][error] errCode:42000
errMsg:SQLSTATE[42000]: Syntax error or access violation: 1064 You have an error in your SQL syntax; check the manual that corresponds to your MySQL server version for the right syntax to use near 'status=1' at line 1
trace:
#0 /ichukdata1/html/project/labring/core/util/DBAgent.php(102): PDOStatement->execute(Array)
#1 /ichukdata1/html/project/labring/core/service/ProductServ.php(48): DBAgent->query('update #__produ...', Array)
#2 /ichukdata1/html/project/labring/core/module/pc/goods/Detail.php(13): ProductServ->updateSee('c81e728d9d4c2f6...')
#3 /ichukdata1/html/project/labring/core/FileLoader.php(116): Detail->action()
#4 /ichukdata1/html/project/labring/core/FileLoader.php(58): FileLoader->load('/ichukdata1/htm...', 'goods.detail.ht...', '/goods/detail.h...', 'Detail', false)
#5 /ichukdata1/html/project/labring/index.php(36): FileLoader->loadfile()
#6 {main}
[2017-01-21 23:52:46][error] errCode:42S22
errMsg:SQLSTATE[42S22]: Column not found: 1054 Unknown column 'c81e728d9d4c2f636f067f89cc14862c' in 'where clause'
trace:
#0 /ichukdata1/html/project/labring/core/util/DBAgent.php(56): PDOStatement->execute(Array)
#1 /ichukdata1/html/project/labring/core/module/pc/_api/service/GetProductBroServ.php(11): DBAgent->queryRecords('select property...', Array)
#2 /ichukdata1/html/project/labring/core/FileLoader.php(116): GetProductBroServ->action()
#3 /ichukdata1/html/project/labring/core/FileLoader.php(58): FileLoader->load('/ichukdata1/htm...', 'service.GetProd...', '/service/GetPro...', 'GetProductBroSe...', true)
#4 /ichukdata1/html/project/labring/index.php(36): FileLoader->loadfile()
#5 {main}
[2017-01-21 23:56:50][error] errCode:42000
errMsg:SQLSTATE[42000]: Syntax error or access violation: 1064 You have an error in your SQL syntax; check the manual that corresponds to your MySQL server version for the right syntax to use near 'status=1' at line 1
trace:
#0 /ichukdata1/html/project/labring/core/util/DBAgent.php(102): PDOStatement->execute(Array)
#1 /ichukdata1/html/project/labring/core/service/ProductServ.php(48): DBAgent->query('update #__produ...', Array)
#2 /ichukdata1/html/project/labring/core/module/pc/goods/Detail.php(13): ProductServ->updateSee('c81e728d9d4c2f6...')
#3 /ichukdata1/html/project/labring/core/FileLoader.php(116): Detail->action()
#4 /ichukdata1/html/project/labring/core/FileLoader.php(58): FileLoader->load('/ichukdata1/htm...', 'goods.detail.ht...', '/goods/detail.h...', 'Detail', false)
#5 /ichukdata1/html/project/labring/index.php(36): FileLoader->loadfile()
#6 {main}
[2017-01-21 23:57:51][error] errCode:42000
errMsg:SQLSTATE[42000]: Syntax error or access violation: 1064 You have an error in your SQL syntax; check the manual that corresponds to your MySQL server version for the right syntax to use near 'status=1' at line 1
trace:
#0 /ichukdata1/html/project/labring/core/util/DBAgent.php(102): PDOStatement->execute(Array)
#1 /ichukdata1/html/project/labring/core/service/ProductServ.php(48): DBAgent->query('update #__produ...', Array)
#2 /ichukdata1/html/project/labring/core/module/pc/goods/Detail.php(13): ProductServ->updateSee('c81e728d9d4c2f6...')
#3 /ichukdata1/html/project/labring/core/FileLoader.php(116): Detail->action()
#4 /ichukdata1/html/project/labring/core/FileLoader.php(58): FileLoader->load('/ichukdata1/htm...', 'goods.detail.ht...', '/goods/detail.h...', 'Detail', false)
#5 /ichukdata1/html/project/labring/index.php(36): FileLoader->loadfile()
#6 {main}
[2017-01-21 23:57:57][error] errCode:42000
errMsg:SQLSTATE[42000]: Syntax error or access violation: 1064 You have an error in your SQL syntax; check the manual that corresponds to your MySQL server version for the right syntax to use near 'status=1' at line 1
trace:
#0 /ichukdata1/html/project/labring/core/util/DBAgent.php(102): PDOStatement->execute(Array)
#1 /ichukdata1/html/project/labring/core/service/ProductServ.php(48): DBAgent->query('update #__produ...', Array)
#2 /ichukdata1/html/project/labring/core/module/pc/goods/Detail.php(13): ProductServ->updateSee('c81e728d9d4c2f6...')
#3 /ichukdata1/html/project/labring/core/FileLoader.php(116): Detail->action()
#4 /ichukdata1/html/project/labring/core/FileLoader.php(58): FileLoader->load('/ichukdata1/htm...', 'goods.detail.ht...', '/goods/detail.h...', 'Detail', false)
#5 /ichukdata1/html/project/labring/index.php(36): FileLoader->loadfile()
#6 {main}
[2017-01-21 23:58:24][error] errCode:42000
errMsg:SQLSTATE[42000]: Syntax error or access violation: 1064 You have an error in your SQL syntax; check the manual that corresponds to your MySQL server version for the right syntax to use near 'status=1' at line 1
trace:
#0 /ichukdata1/html/project/labring/core/util/DBAgent.php(102): PDOStatement->execute(Array)
#1 /ichukdata1/html/project/labring/core/service/ProductServ.php(48): DBAgent->query('update #__produ...', Array)
#2 /ichukdata1/html/project/labring/core/module/pc/goods/Detail.php(13): ProductServ->updateSee('c81e728d9d4c2f6...')
#3 /ichukdata1/html/project/labring/core/FileLoader.php(116): Detail->action()
#4 /ichukdata1/html/project/labring/core/FileLoader.php(58): FileLoader->load('/ichukdata1/htm...', 'goods.detail.ht...', '/goods/detail.h...', 'Detail', false)
#5 /ichukdata1/html/project/labring/index.php(36): FileLoader->loadfile()
#6 {main}
[2017-01-21 23:58:32][error] errCode:42000
errMsg:SQLSTATE[42000]: Syntax error or access violation: 1064 You have an error in your SQL syntax; check the manual that corresponds to your MySQL server version for the right syntax to use near 'status=1' at line 1
trace:
#0 /ichukdata1/html/project/labring/core/util/DBAgent.php(102): PDOStatement->execute(Array)
#1 /ichukdata1/html/project/labring/core/service/ProductServ.php(48): DBAgent->query('update #__produ...', Array)
#2 /ichukdata1/html/project/labring/core/module/pc/goods/Detail.php(13): ProductServ->updateSee('c81e728d9d4c2f6...')
#3 /ichukdata1/html/project/labring/core/FileLoader.php(116): Detail->action()
#4 /ichukdata1/html/project/labring/core/FileLoader.php(58): FileLoader->load('/ichukdata1/htm...', 'goods.detail.ht...', '/goods/detail.h...', 'Detail', false)
#5 /ichukdata1/html/project/labring/index.php(36): FileLoader->loadfile()
#6 {main}
[2017-01-21 23:58:34][error] errCode:42S22
errMsg:SQLSTATE[42S22]: Column not found: 1054 Unknown column 'c81e728d9d4c2f636f067f89cc14862c' in 'where clause'
trace:
#0 /ichukdata1/html/project/labring/core/util/DBAgent.php(56): PDOStatement->execute(Array)
#1 /ichukdata1/html/project/labring/core/module/pc/_api/service/GetProductBroServ.php(11): DBAgent->queryRecords('select property...', Array)
#2 /ichukdata1/html/project/labring/core/FileLoader.php(116): GetProductBroServ->action()
#3 /ichukdata1/html/project/labring/core/FileLoader.php(58): FileLoader->load('/ichukdata1/htm...', 'service.GetProd...', '/service/GetPro...', 'GetProductBroSe...', true)
#4 /ichukdata1/html/project/labring/index.php(36): FileLoader->loadfile()
#5 {main}
