[2017-01-26 00:07:47][error] errCode:42000
errMsg:SQLSTATE[42000]: Syntax error or access violation: 1064 You have an error in your SQL syntax; check the manual that corresponds to your MySQL server version for the right syntax to use near 'status=1' at line 1
trace:
#0 /ichukdata1/html/project/labring/core/util/DBAgent.php(102): PDOStatement->execute(Array)
#1 /ichukdata1/html/project/labring/core/service/ProductServ.php(48): DBAgent->query('update #__produ...', Array)
#2 /ichukdata1/html/project/labring/core/module/pc/goods/Detail.php(13): ProductServ->updateSee('06eb61b839a0cef...')
#3 /ichukdata1/html/project/labring/core/FileLoader.php(116): Detail->action()
#4 /ichukdata1/html/project/labring/core/FileLoader.php(58): FileLoader->load('/ichukdata1/htm...', 'goods.detail.ht...', '/goods/detail.h...', 'Detail', false)
#5 /ichukdata1/html/project/labring/index.php(36): FileLoader->loadfile()
#6 {main}
[2017-01-26 00:07:49][error] errCode:42S22
errMsg:SQLSTATE[42S22]: Column not found: 1054 Unknown column '06eb61b839a0cefee4967c67ccb099dc' in 'where clause'
trace:
#0 /ichukdata1/html/project/labring/core/util/DBAgent.php(56): PDOStatement->execute(Array)
#1 /ichukdata1/html/project/labring/core/module/pc/_api/service/GetProductBroServ.php(11): DBAgent->queryRecords('select property...', Array)
#2 /ichukdata1/html/project/labring/core/FileLoader.php(116): GetProductBroServ->action()
#3 /ichukdata1/html/project/labring/core/FileLoader.php(58): FileLoader->load('/ichukdata1/htm...', 'service.GetProd...', '/service/GetPro...', 'GetProductBroSe...', true)
#4 /ichukdata1/html/project/labring/index.php(36): FileLoader->loadfile()
#5 {main}
[2017-01-26 03:07:33][error] errCode:42000
errMsg:SQLSTATE[42000]: Syntax error or access violation: 1064 You have an error in your SQL syntax; check the manual that corresponds to your MySQL server version for the right syntax to use near 'status=1' at line 1
trace:
#0 /ichukdata1/html/project/labring/core/util/DBAgent.php(102): PDOStatement->execute(Array)
#1 /ichukdata1/html/project/labring/core/service/ProductServ.php(48): DBAgent->query('update #__produ...', Array)
#2 /ichukdata1/html/project/labring/core/module/pc/goods/Detail.php(13): ProductServ->updateSee('120')
#3 /ichukdata1/html/project/labring/core/FileLoader.php(116): Detail->action()
#4 /ichukdata1/html/project/labring/core/FileLoader.php(58): FileLoader->load('/ichukdata1/htm...', 'goods.detail.ht...', '/goods/detail.h...', 'Detail', false)
#5 /ichukdata1/html/project/labring/index.php(36): FileLoader->loadfile()
#6 {main}
[2017-01-26 13:25:50][error] errCode:42000
errMsg:SQLSTATE[42000]: Syntax error or access violation: 1064 You have an error in your SQL syntax; check the manual that corresponds to your MySQL server version for the right syntax to use near 'status=1' at line 1
trace:
#0 /ichukdata1/html/project/labring/core/util/DBAgent.php(102): PDOStatement->execute(Array)
#1 /ichukdata1/html/project/labring/core/service/ProductServ.php(48): DBAgent->query('update #__produ...', Array)
#2 /ichukdata1/html/project/labring/core/module/pc/goods/Detail.php(13): ProductServ->updateSee('79')
#3 /ichukdata1/html/project/labring/core/FileLoader.php(116): Detail->action()
#4 /ichukdata1/html/project/labring/core/FileLoader.php(58): FileLoader->load('/ichukdata1/htm...', 'goods.detail.ht...', '/goods/detail.h...', 'Detail', false)
#5 /ichukdata1/html/project/labring/index.php(36): FileLoader->loadfile()
#6 {main}
[2017-01-26 17:46:37][error] errCode:42000
errMsg:SQLSTATE[42000]: Syntax error or access violation: 1064 You have an error in your SQL syntax; check the manual that corresponds to your MySQL server version for the right syntax to use near 'status=1' at line 1
trace:
#0 /ichukdata1/html/project/labring/core/util/DBAgent.php(102): PDOStatement->execute(Array)
#1 /ichukdata1/html/project/labring/core/service/ProductServ.php(48): DBAgent->query('update #__produ...', Array)
#2 /ichukdata1/html/project/labring/core/module/pc/goods/Detail.php(13): ProductServ->updateSee('79')
#3 /ichukdata1/html/project/labring/core/FileLoader.php(116): Detail->action()
#4 /ichukdata1/html/project/labring/core/FileLoader.php(58): FileLoader->load('/ichukdata1/htm...', 'goods.detail.ht...', '/goods/detail.h...', 'Detail', false)
#5 /ichukdata1/html/project/labring/index.php(36): FileLoader->loadfile()
#6 {main}
