[2017-01-01 00:48:47][error] errCode:42000
errMsg:SQLSTATE[42000]: Syntax error or access violation: 1064 You have an error in your SQL syntax; check the manual that corresponds to your MySQL server version for the right syntax to use near 'and status=1' at line 1
trace:
#0 /ichukdata1/html/project/labring/core/util/DBAgent.php(56): PDOStatement->execute(Array)
#1 /ichukdata1/html/project/labring/core/service/ProductServ.php(416): DBAgent->queryRecords('select * from l...', Array)
#2 /ichukdata1/html/project/labring/core/module/pc/goods/ProductList.php(79): ProductServ->GetProperty('67')
#3 /ichukdata1/html/project/labring/core/FileLoader.php(115): ProductList->action()
#4 /ichukdata1/html/project/labring/core/FileLoader.php(58): FileLoader->load('/ichukdata1/htm...', 'goods.productLi...', '/goods/productL...', 'ProductList', false)
#5 /ichukdata1/html/project/labring/index.php(36): FileLoader->loadfile()
#6 {main}
[2017-01-01 01:15:42][error] errCode:42000
errMsg:SQLSTATE[42000]: Syntax error or access violation: 1064 You have an error in your SQL syntax; check the manual that corresponds to your MySQL server version for the right syntax to use near 'and status=1' at line 1
trace:
#0 /ichukdata1/html/project/labring/core/util/DBAgent.php(56): PDOStatement->execute(Array)
#1 /ichukdata1/html/project/labring/core/service/ProductServ.php(416): DBAgent->queryRecords('select * from l...', Array)
#2 /ichukdata1/html/project/labring/core/module/pc/goods/ProductList.php(79): ProductServ->GetProperty('48')
#3 /ichukdata1/html/project/labring/core/FileLoader.php(115): ProductList->action()
#4 /ichukdata1/html/project/labring/core/FileLoader.php(58): FileLoader->load('/ichukdata1/htm...', 'goods.productLi...', '/goods/productL...', 'ProductList', false)
#5 /ichukdata1/html/project/labring/index.php(36): FileLoader->loadfile()
#6 {main}
[2017-01-01 01:42:35][error] errCode:42000
errMsg:SQLSTATE[42000]: Syntax error or access violation: 1064 You have an error in your SQL syntax; check the manual that corresponds to your MySQL server version for the right syntax to use near 'and status=1' at line 1
trace:
#0 /ichukdata1/html/project/labring/core/util/DBAgent.php(56): PDOStatement->execute(Array)
#1 /ichukdata1/html/project/labring/core/service/ProductServ.php(416): DBAgent->queryRecords('select * from l...', Array)
#2 /ichukdata1/html/project/labring/core/module/pc/goods/ProductList.php(79): ProductServ->GetProperty('9')
#3 /ichukdata1/html/project/labring/core/FileLoader.php(115): ProductList->action()
#4 /ichukdata1/html/project/labring/core/FileLoader.php(58): FileLoader->load('/ichukdata1/htm...', 'goods.productLi...', '/goods/productL...', 'ProductList', false)
#5 /ichukdata1/html/project/labring/index.php(36): FileLoader->loadfile()
#6 {main}
[2017-01-01 02:36:23][error] errCode:42000
errMsg:SQLSTATE[42000]: Syntax error or access violation: 1064 You have an error in your SQL syntax; check the manual that corresponds to your MySQL server version for the right syntax to use near 'and status=1' at line 1
trace:
#0 /ichukdata1/html/project/labring/core/util/DBAgent.php(56): PDOStatement->execute(Array)
#1 /ichukdata1/html/project/labring/core/service/ProductServ.php(416): DBAgent->queryRecords('select * from l...', Array)
#2 /ichukdata1/html/project/labring/core/module/pc/goods/ProductList.php(79): ProductServ->GetProperty('1')
#3 /ichukdata1/html/project/labring/core/FileLoader.php(115): ProductList->action()
#4 /ichukdata1/html/project/labring/core/FileLoader.php(58): FileLoader->load('/ichukdata1/htm...', 'goods.productLi...', '/goods/productL...', 'ProductList', false)
#5 /ichukdata1/html/project/labring/index.php(36): FileLoader->loadfile()
#6 {main}
[2017-01-01 04:17:35][error] errCode:42000
errMsg:SQLSTATE[42000]: Syntax error or access violation: 1064 You have an error in your SQL syntax; check the manual that corresponds to your MySQL server version for the right syntax to use near 'and status=1' at line 1
trace:
#0 /ichukdata1/html/project/labring/core/util/DBAgent.php(56): PDOStatement->execute(Array)
#1 /ichukdata1/html/project/labring/core/service/ProductServ.php(416): DBAgent->queryRecords('select * from l...', Array)
#2 /ichukdata1/html/project/labring/core/module/pc/goods/ProductList.php(79): ProductServ->GetProperty('43')
#3 /ichukdata1/html/project/labring/core/FileLoader.php(115): ProductList->action()
#4 /ichukdata1/html/project/labring/core/FileLoader.php(58): FileLoader->load('/ichukdata1/htm...', 'goods.productLi...', '/goods/productL...', 'ProductList', false)
#5 /ichukdata1/html/project/labring/index.php(36): FileLoader->loadfile()
#6 {main}
[2017-01-01 10:00:01][error] errCode:42000
errMsg:SQLSTATE[42000]: Syntax error or access violation: 1064 You have an error in your SQL syntax; check the manual that corresponds to your MySQL server version for the right syntax to use near 'and status=1' at line 1
trace:
#0 /ichukdata1/html/project/labring/core/util/DBAgent.php(56): PDOStatement->execute(Array)
#1 /ichukdata1/html/project/labring/core/service/ProductServ.php(416): DBAgent->queryRecords('select * from l...', Array)
#2 /ichukdata1/html/project/labring/core/module/pc/goods/ProductList.php(79): ProductServ->GetProperty('18')
#3 /ichukdata1/html/project/labring/core/FileLoader.php(115): ProductList->action()
#4 /ichukdata1/html/project/labring/core/FileLoader.php(58): FileLoader->load('/ichukdata1/htm...', 'goods.productLi...', '/goods/productL...', 'ProductList', false)
#5 /ichukdata1/html/project/labring/index.php(36): FileLoader->loadfile()
#6 {main}
[2017-01-01 18:45:20][error] errCode:42000
errMsg:SQLSTATE[42000]: Syntax error or access violation: 1064 You have an error in your SQL syntax; check the manual that corresponds to your MySQL server version for the right syntax to use near 'and status=1 order by time desc' at line 1
trace:
#0 /ichukdata1/html/project/labring/core/util/DBAgent.php(56): PDOStatement->execute(Array)
#1 /ichukdata1/html/project/labring/core/service/VideoServ.php(20): DBAgent->queryRecords('select * from l...', Array)
#2 /ichukdata1/html/project/labring/core/module/manager/media/Video.php(10): VideoServ->GetvideoByid('')
#3 /ichukdata1/html/project/labring/core/FileLoader.php(115): Video->action()
#4 /ichukdata1/html/project/labring/core/FileLoader.php(58): FileLoader->load('/ichukdata1/htm...', 'media.video.htm...', '/media/video.ht...', 'Video', false)
#5 /ichukdata1/html/project/labring/index_admin.php(36): FileLoader->loadfile()
#6 {main}
[2017-01-01 18:45:22][error] errCode:42000
errMsg:SQLSTATE[42000]: Syntax error or access violation: 1064 You have an error in your SQL syntax; check the manual that corresponds to your MySQL server version for the right syntax to use near 'and status=1 order by time desc' at line 1
trace:
#0 /ichukdata1/html/project/labring/core/util/DBAgent.php(56): PDOStatement->execute(Array)
#1 /ichukdata1/html/project/labring/core/service/VideoServ.php(20): DBAgent->queryRecords('select * from l...', Array)
#2 /ichukdata1/html/project/labring/core/module/manager/media/Video.php(10): VideoServ->GetvideoByid('')
#3 /ichukdata1/html/project/labring/core/FileLoader.php(115): Video->action()
#4 /ichukdata1/html/project/labring/core/FileLoader.php(58): FileLoader->load('/ichukdata1/htm...', 'media.video.htm...', '/media/video.ht...', 'Video', false)
#5 /ichukdata1/html/project/labring/index_admin.php(36): FileLoader->loadfile()
#6 {main}
[2017-01-01 18:45:58][error] errCode:42000
errMsg:SQLSTATE[42000]: Syntax error or access violation: 1064 You have an error in your SQL syntax; check the manual that corresponds to your MySQL server version for the right syntax to use near 'and status=1 order by time desc' at line 1
trace:
#0 /ichukdata1/html/project/labring/core/util/DBAgent.php(56): PDOStatement->execute(Array)
#1 /ichukdata1/html/project/labring/core/service/VideoServ.php(20): DBAgent->queryRecords('select * from l...', Array)
#2 /ichukdata1/html/project/labring/core/module/manager/media/Video.php(10): VideoServ->GetvideoByid('')
#3 /ichukdata1/html/project/labring/core/FileLoader.php(115): Video->action()
#4 /ichukdata1/html/project/labring/core/FileLoader.php(58): FileLoader->load('/ichukdata1/htm...', 'media.video.htm...', '/media/video.ht...', 'Video', false)
#5 /ichukdata1/html/project/labring/index_admin.php(36): FileLoader->loadfile()
#6 {main}
[2017-01-01 18:46:07][error] errCode:42000
errMsg:SQLSTATE[42000]: Syntax error or access violation: 1064 You have an error in your SQL syntax; check the manual that corresponds to your MySQL server version for the right syntax to use near 'and status=1 order by time desc' at line 1
trace:
#0 /ichukdata1/html/project/labring/core/util/DBAgent.php(56): PDOStatement->execute(Array)
#1 /ichukdata1/html/project/labring/core/service/VideoServ.php(20): DBAgent->queryRecords('select * from l...', Array)
#2 /ichukdata1/html/project/labring/core/module/manager/media/Video.php(10): VideoServ->GetvideoByid('')
#3 /ichukdata1/html/project/labring/core/FileLoader.php(115): Video->action()
#4 /ichukdata1/html/project/labring/core/FileLoader.php(58): FileLoader->load('/ichukdata1/htm...', 'media.video.htm...', '/media/video.ht...', 'Video', false)
#5 /ichukdata1/html/project/labring/index_admin.php(36): FileLoader->loadfile()
#6 {main}
[2017-01-01 18:46:40][error] errCode:42000
errMsg:SQLSTATE[42000]: Syntax error or access violation: 1064 You have an error in your SQL syntax; check the manual that corresponds to your MySQL server version for the right syntax to use near 'and status=1 order by time desc' at line 1
trace:
#0 /ichukdata1/html/project/labring/core/util/DBAgent.php(56): PDOStatement->execute(Array)
#1 /ichukdata1/html/project/labring/core/service/VideoServ.php(20): DBAgent->queryRecords('select * from l...', Array)
#2 /ichukdata1/html/project/labring/core/module/manager/media/Video.php(10): VideoServ->GetvideoByid('')
#3 /ichukdata1/html/project/labring/core/FileLoader.php(115): Video->action()
#4 /ichukdata1/html/project/labring/core/FileLoader.php(58): FileLoader->load('/ichukdata1/htm...', 'media.video.htm...', '/media/video.ht...', 'Video', false)
#5 /ichukdata1/html/project/labring/index_admin.php(36): FileLoader->loadfile()
#6 {main}
[2017-01-01 18:47:11][error] errCode:42000
errMsg:SQLSTATE[42000]: Syntax error or access violation: 1064 You have an error in your SQL syntax; check the manual that corresponds to your MySQL server version for the right syntax to use near 'and status=1 order by time desc' at line 1
trace:
#0 /ichukdata1/html/project/labring/core/util/DBAgent.php(56): PDOStatement->execute(Array)
#1 /ichukdata1/html/project/labring/core/service/VideoServ.php(20): DBAgent->queryRecords('select * from l...', Array)
#2 /ichukdata1/html/project/labring/core/module/manager/media/Video.php(10): VideoServ->GetvideoByid('')
#3 /ichukdata1/html/project/labring/core/FileLoader.php(115): Video->action()
#4 /ichukdata1/html/project/labring/core/FileLoader.php(58): FileLoader->load('/ichukdata1/htm...', 'media.video.htm...', '/media/video.ht...', 'Video', false)
#5 /ichukdata1/html/project/labring/index_admin.php(36): FileLoader->loadfile()
#6 {main}
